#
# A fatal error has been detected by the Java Runtime Environment:
#
#  EXCEPTION_ACCESS_VIOLATION (0xc0000005) at pc=0x00007ffe4ae47570, pid=14036, tid=10432
#
# JRE version: Java(TM) SE Runtime Environment (20.0+36) (build 20+36-2344)
# Java VM: Java HotSpot(TM) 64-Bit Server VM (20+36-2344, mixed mode, sharing, tiered, compressed oops, compressed class ptrs, g1 gc, windows-amd64)
# Problematic frame:
# V  [jvm.dll+0x247570]
#
# No core dump will be written. Minidumps are not enabled by default on client versions of Windows
#
# If you would like to submit a bug report, please visit:
#   https://bugreport.java.com/bugreport/crash.jsp
#

---------------  S U M M A R Y ------------

Command Line: -javaagent:C:\Program Files\JetBrains\IntelliJ IDEA Community Edition 2023.2\lib\idea_rt.jar=59861:C:\Program Files\JetBrains\IntelliJ IDEA Community Edition 2023.2\bin -Dfile.encoding=UTF-8 -Dsun.stdout.encoding=UTF-8 -Dsun.stderr.encoding=UTF-8 com.medicareplus.MediCarePlus.MediCarePlusApplication

Host: Intel(R) Core(TM) i5-9300H CPU @ 2.40GHz, 8 cores, 15G,  Windows 10 , 64 bit Build 19041 (10.0.19041.3155)
Time: Tue Aug 15 13:16:02 2023 Sri Lanka Standard Time elapsed time: 2.148935 seconds (0d 0h 0m 2s)

---------------  T H R E A D  ---------------

Current thread (0x0000015b5e06b260):  JavaThread "main" [_thread_in_vm, id=10432, stack(0x0000005b18400000,0x0000005b18500000)]

Stack: [0x0000005b18400000,0x0000005b18500000],  sp=0x0000005b184fa3f0,  free space=1000k
Native frames: (J=compiled Java code, j=interpreted, Vv=VM code, C=native code)
V  [jvm.dll+0x247570]
V  [jvm.dll+0x2473d4]
V  [jvm.dll+0x1aad11]
C  0x0000015b6d776f78

Java frames: (J=compiled Java code, j=interpreted, Vv=VM code)
v  ~RuntimeStub::counter_overflow Runtime1 stub 0x0000015b6d776f78
J 3138 c1 org.springframework.core.annotation.TypeMappedAnnotations.get(Ljava/lang/Class;Ljava/util/function/Predicate;Lorg/springframework/core/annotation/MergedAnnotationSelector;)Lorg/springframework/core/annotation/MergedAnnotation; (52 bytes) @ 0x0000015b6674446c [0x0000015b66743f80+0x00000000000004ec]
J 3155 c1 org.springframework.core.annotation.TypeMappedAnnotations.get(Ljava/lang/Class;)Lorg/springframework/core/annotation/MergedAnnotation; (8 bytes) @ 0x0000015b6674c0b4 [0x0000015b6674c020+0x0000000000000094]
j  org.springframework.beans.factory.annotation.AutowiredAnnotationBeanPostProcessor.findAutowiredAnnotation(Ljava/lang/reflect/AccessibleObject;)Lorg/springframework/core/annotation/MergedAnnotation;+38
j  org.springframework.beans.factory.annotation.AutowiredAnnotationBeanPostProcessor.lambda$buildAutowiringMetadata$2(Ljava/lang/Class;Ljava/util/List;Ljava/lang/reflect/Method;)V+19
j  org.springframework.beans.factory.annotation.AutowiredAnnotationBeanPostProcessor$$Lambda$490+0x00000008012c5920.doWith(Ljava/lang/reflect/Method;)V+13
j  org.springframework.util.ReflectionUtils.doWithLocalMethods(Ljava/lang/Class;Lorg/springframework/util/ReflectionUtils$MethodCallback;)V+31
j  org.springframework.beans.factory.annotation.AutowiredAnnotationBeanPostProcessor.buildAutowiringMetadata(Ljava/lang/Class;)Lorg/springframework/beans/factory/annotation/InjectionMetadata;+56
j  org.springframework.beans.factory.annotation.AutowiredAnnotationBeanPostProcessor.findAutowiringMetadata(Ljava/lang/String;Ljava/lang/Class;Lorg/springframework/beans/PropertyValues;)Lorg/springframework/beans/factory/annotation/InjectionMetadata;+88
j  org.springframework.beans.factory.annotation.AutowiredAnnotationBeanPostProcessor.findInjectionMetadata(Ljava/lang/String;Ljava/lang/Class;Lorg/springframework/beans/factory/support/RootBeanDefinition;)Lorg/springframework/beans/factory/annotation/InjectionMetadata;+4
j  org.springframework.beans.factory.annotation.AutowiredAnnotationBeanPostProcessor.postProcessMergedBeanDefinition(Lorg/springframework/beans/factory/support/RootBeanDefinition;Ljava/lang/Class;Ljava/lang/String;)V+4
j  org.springframework.beans.factory.support.AbstractAutowireCapableBeanFactory.applyMergedBeanDefinitionPostProcessors(Lorg/springframework/beans/factory/support/RootBeanDefinition;Ljava/lang/Class;Ljava/lang/String;)V+41
j  org.springframework.beans.factory.support.AbstractAutowireCapableBeanFactory.doCreateBean(Ljava/lang/String;Lorg/springframework/beans/factory/support/RootBeanDefinition;[Ljava/lang/Object;)Ljava/lang/Object;+91
j  org.springframework.beans.factory.support.AbstractAutowireCapableBeanFactory.createBean(Ljava/lang/String;Lorg/springframework/beans/factory/support/RootBeanDefinition;[Ljava/lang/Object;)Ljava/lang/Object;+153
j  org.springframework.beans.factory.support.AbstractBeanFactory.lambda$doGetBean$0(Ljava/lang/String;Lorg/springframework/beans/factory/support/RootBeanDefinition;[Ljava/lang/Object;)Ljava/lang/Object;+4
j  org.springframework.beans.factory.support.AbstractBeanFactory$$Lambda$275+0x00000008011ade30.getObject()Ljava/lang/Object;+16
j  org.springframework.beans.factory.support.DefaultSingletonBeanRegistry.getSingleton(Ljava/lang/String;Lorg/springframework/beans/factory/ObjectFactory;)Ljava/lang/Object;+114
J 2385 c1 org.springframework.beans.factory.support.AbstractBeanFactory.doGetBean(Ljava/lang/String;Ljava/lang/Class;[Ljava/lang/Object;Z)Ljava/lang/Object; (714 bytes) @ 0x0000015b6659a444 [0x0000015b66598220+0x0000000000002224]
j  org.springframework.beans.factory.support.AbstractBeanFactory.getBean(Ljava/lang/String;)Ljava/lang/Object;+5
j  org.springframework.beans.factory.config.DependencyDescriptor.resolveCandidate(Ljava/lang/String;Ljava/lang/Class;Lorg/springframework/beans/factory/BeanFactory;)Ljava/lang/Object;+2
j  org.springframework.beans.factory.support.DefaultListableBeanFactory.doResolveDependency(Lorg/springframework/beans/factory/config/DependencyDescriptor;Ljava/lang/String;Ljava/util/Set;Lorg/springframework/beans/TypeConverter;)Ljava/lang/Object;+444
j  org.springframework.beans.factory.support.DefaultListableBeanFactory.resolveDependency(Lorg/springframework/beans/factory/config/DependencyDescriptor;Ljava/lang/String;Ljava/util/Set;Lorg/springframework/beans/TypeConverter;)Ljava/lang/Object;+107
j  org.springframework.beans.factory.support.ConstructorResolver.resolveAutowiredArgument(Lorg/springframework/beans/factory/config/DependencyDescriptor;Ljava/lang/String;Ljava/util/Set;Lorg/springframework/beans/TypeConverter;Z)Ljava/lang/Object;+62
j  org.springframework.beans.factory.support.ConstructorResolver.createArgumentArray(Ljava/lang/String;Lorg/springframework/beans/factory/support/RootBeanDefinition;Lorg/springframework/beans/factory/config/ConstructorArgumentValues;Lorg/springframework/beans/BeanWrapper;[Ljava/lang/Class;[Ljava/lang/String;Ljava/lang/reflect/Executable;ZZ)Lorg/springframework/beans/factory/support/ConstructorResolver$ArgumentsHolder;+400
j  org.springframework.beans.factory.support.ConstructorResolver.instantiateUsingFactoryMethod(Ljava/lang/String;Lorg/springframework/beans/factory/support/RootBeanDefinition;[Ljava/lang/Object;)Lorg/springframework/beans/BeanWrapper;+754
j  org.springframework.beans.factory.support.AbstractAutowireCapableBeanFactory.instantiateUsingFactoryMethod(Ljava/lang/String;Lorg/springframework/beans/factory/support/RootBeanDefinition;[Ljava/lang/Object;)Lorg/springframework/beans/BeanWrapper;+11
j  org.springframework.beans.factory.support.AbstractAutowireCapableBeanFactory.createBeanInstance(Ljava/lang/String;Lorg/springframework/beans/factory/support/RootBeanDefinition;[Ljava/lang/Object;)Lorg/springframework/beans/BeanWrapper;+89
j  org.springframework.beans.factory.support.AbstractAutowireCapableBeanFactory.doCreateBean(Ljava/lang/String;Lorg/springframework/beans/factory/support/RootBeanDefinition;[Ljava/lang/Object;)Ljava/lang/Object;+34
j  org.springframework.beans.factory.support.AbstractAutowireCapableBeanFactory.createBean(Ljava/lang/String;Lorg/springframework/beans/factory/support/RootBeanDefinition;[Ljava/lang/Object;)Ljava/lang/Object;+153
j  org.springframework.beans.factory.support.AbstractBeanFactory.lambda$doGetBean$0(Ljava/lang/String;Lorg/springframework/beans/factory/support/RootBeanDefinition;[Ljava/lang/Object;)Ljava/lang/Object;+4
j  org.springframework.beans.factory.support.AbstractBeanFactory$$Lambda$275+0x00000008011ade30.getObject()Ljava/lang/Object;+16
j  org.springframework.beans.factory.support.DefaultSingletonBeanRegistry.getSingleton(Ljava/lang/String;Lorg/springframework/beans/factory/ObjectFactory;)Ljava/lang/Object;+114
J 2385 c1 org.springframework.beans.factory.support.AbstractBeanFactory.doGetBean(Ljava/lang/String;Ljava/lang/Class;[Ljava/lang/Object;Z)Ljava/lang/Object; (714 bytes) @ 0x0000015b6659a444 [0x0000015b66598220+0x0000000000002224]
J 2309 c1 org.springframework.beans.factory.support.AbstractBeanFactory.getBean(Ljava/lang/String;Ljava/lang/Class;)Ljava/lang/Object; (9 bytes) @ 0x0000015b6656242c [0x0000015b66562320+0x000000000000010c]
j  org.springframework.aop.framework.autoproxy.BeanFactoryAdvisorRetrievalHelper.findAdvisorBeans()Ljava/util/List;+130
j  org.springframework.aop.framework.autoproxy.AbstractAdvisorAutoProxyCreator.findCandidateAdvisors()Ljava/util/List;+21
j  org.springframework.aop.aspectj.annotation.AnnotationAwareAspectJAutoProxyCreator.findCandidateAdvisors()Ljava/util/List;+1
j  org.springframework.aop.aspectj.autoproxy.AspectJAwareAdvisorAutoProxyCreator.shouldSkip(Ljava/lang/Class;Ljava/lang/String;)Z+1
j  org.springframework.aop.framework.autoproxy.AbstractAutoProxyCreator.postProcessBeforeInstantiation(Ljava/lang/Class;Ljava/lang/String;)Ljava/lang/Object;+53
j  org.springframework.beans.factory.support.AbstractAutowireCapableBeanFactory.applyBeanPostProcessorsBeforeInstantiation(Ljava/lang/Class;Ljava/lang/String;)Ljava/lang/Object;+37
j  org.springframework.beans.factory.support.AbstractAutowireCapableBeanFactory.resolveBeforeInstantiation(Ljava/lang/String;Lorg/springframework/beans/factory/support/RootBeanDefinition;)Ljava/lang/Object;+50
j  org.springframework.beans.factory.support.AbstractAutowireCapableBeanFactory.createBean(Ljava/lang/String;Lorg/springframework/beans/factory/support/RootBeanDefinition;[Ljava/lang/Object;)Ljava/lang/Object;+111
j  org.springframework.beans.factory.support.AbstractBeanFactory.lambda$doGetBean$0(Ljava/lang/String;Lorg/springframework/beans/factory/support/RootBeanDefinition;[Ljava/lang/Object;)Ljava/lang/Object;+4
j  org.springframework.beans.factory.support.AbstractBeanFactory$$Lambda$275+0x00000008011ade30.getObject()Ljava/lang/Object;+16
j  org.springframework.beans.factory.support.DefaultSingletonBeanRegistry.getSingleton(Ljava/lang/String;Lorg/springframework/beans/factory/ObjectFactory;)Ljava/lang/Object;+114
J 2385 c1 org.springframework.beans.factory.support.AbstractBeanFactory.doGetBean(Ljava/lang/String;Ljava/lang/Class;[Ljava/lang/Object;Z)Ljava/lang/Object; (714 bytes) @ 0x0000015b6659a444 [0x0000015b66598220+0x0000000000002224]
J 2309 c1 org.springframework.beans.factory.support.AbstractBeanFactory.getBean(Ljava/lang/String;Ljava/lang/Class;)Ljava/lang/Object; (9 bytes) @ 0x0000015b6656242c [0x0000015b66562320+0x000000000000010c]
j  org.springframework.context.support.PostProcessorRegistrationDelegate.registerBeanPostProcessors(Lorg/springframework/beans/factory/config/ConfigurableListableBeanFactory;Lorg/springframework/context/support/AbstractApplicationContext;)V+369
j  org.springframework.context.support.AbstractApplicationContext.registerBeanPostProcessors(Lorg/springframework/beans/factory/config/ConfigurableListableBeanFactory;)V+2
j  org.springframework.context.support.AbstractApplicationContext.refresh()V+58
j  org.springframework.boot.web.servlet.context.ServletWebServerApplicationContext.refresh()V+1
j  org.springframework.boot.SpringApplication.refresh(Lorg/springframework/context/ConfigurableApplicationContext;)V+1
j  org.springframework.boot.SpringApplication.refreshContext(Lorg/springframework/context/ConfigurableApplicationContext;)V+16
j  org.springframework.boot.SpringApplication.run([Ljava/lang/String;)Lorg/springframework/context/ConfigurableApplicationContext;+101
j  org.springframework.boot.SpringApplication.run([Ljava/lang/Class;[Ljava/lang/String;)Lorg/springframework/context/ConfigurableApplicationContext;+9
j  org.springframework.boot.SpringApplication.run(Ljava/lang/Class;[Ljava/lang/String;)Lorg/springframework/context/ConfigurableApplicationContext;+9
j  com.medicareplus.MediCarePlus.MediCarePlusApplication.main([Ljava/lang/String;)V+3
v  ~StubRoutines::call_stub 0x0000015b6d65100d

siginfo: EXCEPTION_ACCESS_VIOLATION (0xc0000005), reading address 0xffffffffffffffff


Registers:
RAX=0x0008015b00533270, RBX=0x0000005b184fa4d0, RCX=0x0000005b184fa4b0, RDX=0x0000000000000000
RSP=0x0000005b184fa3f0, RBP=0x0000015b5e06b260, RSI=0x0000005b184fa4b0, RDI=0x0000005b184fa4b0
R8 =0x00000000ffffffff, R9 =0x00000000ffffffff, R10=0x0000015b66120000, R11=0x0000015b6674c040
R12=0x0000000000000000, R13=0x0000005b184fd090, R14=0x00000000ffffffff, R15=0x0000000000000000
RIP=0x00007ffe4ae47570, EFLAGS=0x0000000000010206


Register to memory mapping:

RIP=0x00007ffe4ae47570 jvm.dll
RAX=0x0008015b00533270 is an unknown value
RBX=0x0000005b184fa4d0 is pointing into the stack for thread: 0x0000015b5e06b260
RCX=0x0000005b184fa4b0 is pointing into the stack for thread: 0x0000015b5e06b260
RDX=0x0 is NULL
RSP=0x0000005b184fa3f0 is pointing into the stack for thread: 0x0000015b5e06b260
RBP=0x0000015b5e06b260 is a thread
RSI=0x0000005b184fa4b0 is pointing into the stack for thread: 0x0000015b5e06b260
RDI=0x0000005b184fa4b0 is pointing into the stack for thread: 0x0000015b5e06b260
R8 =0x00000000ffffffff is an unknown value
R9 =0x00000000ffffffff is an unknown value
R10=0x0000015b66120000 points into unknown readable memory: 0x0000000000000007 | 07 00 00 00 00 00 00 00
R11=0x0000015b6674c040 is at entry_point+32 in (nmethod*)0x0000015b6674be90
Compiled method (c1)    2165 3155       3       org.springframework.core.annotation.TypeMappedAnnotations::get (8 bytes)
 total in heap  [0x0000015b6674be90,0x0000015b6674c1d8] = 840
 relocation     [0x0000015b6674bfd8,0x0000015b6674c018] = 64
 main code      [0x0000015b6674c020,0x0000015b6674c128] = 264
 stub code      [0x0000015b6674c128,0x0000015b6674c168] = 64
 oops           [0x0000015b6674c168,0x0000015b6674c170] = 8
 metadata       [0x0000015b6674c170,0x0000015b6674c178] = 8
 scopes data    [0x0000015b6674c178,0x0000015b6674c190] = 24
 scopes pcs     [0x0000015b6674c190,0x0000015b6674c1d0] = 64
 dependencies   [0x0000015b6674c1d0,0x0000015b6674c1d8] = 8
R12=0x0 is NULL
R13=0x0000005b184fd090 is pointing into the stack for thread: 0x0000015b5e06b260
R14=0x00000000ffffffff is an unknown value
R15=0x0 is NULL


Top of Stack: (sp=0x0000005b184fa3f0)
0x0000005b184fa3f0:   0000005b184fa5c0 00007ffe4adadf18
0x0000005b184fa400:   0000005b184fa518 00007ffe4b3463c5
0x0000005b184fa410:   0000000000000003 00007ffe4ae473d4
0x0000005b184fa420:   0000005b184fa4d0 0000000801032150
0x0000005b184fa430:   0000005b184fa5c0 00007ffe4adadd7b
0x0000005b184fa440:   0000005b184fa4e0 0000005b184fa4e0
0x0000005b184fa450:   0000000000000003 0000015b66743d90
0x0000005b184fa460:   0000015b5e06b260 00007ffe4adaad11
0x0000005b184fa470:   0008015b00533270 0000005b184fa570
0x0000005b184fa480:   ffffffffffffffff 0000015b66480610
0x0000005b184fa490:   0000005b00000003 0000015b66743d90
0x0000005b184fa4a0:   0000015b5e06b260 00007ffe4b28c473
0x0000005b184fa4b0:   0008015b00533270 0000015b5e06b260
0x0000005b184fa4c0:   0008015b00533270 0000015b00533270
0x0000005b184fa4d0:   0000015b00533270 0000015b5e06b260
0x0000005b184fa4e0:   0000005b184fcb00 0000015b6d776f78
0x0000005b184fa4f0:   0000015b6d776e10 0000000000000000
0x0000005b184fa500:   0000010000000000 0000005b184fcf90
0x0000005b184fa510:   0000005b184fcb00 0000005b184fcfa0
0x0000005b184fa520:   0000015b6674446c 0000015b66743d90
0x0000005b184fa530:   0000000000000000 0000010000000000
0x0000005b184fa540:   0000005b184fd0e8 0000005b184fcfa0
0x0000005b184fa550:   0000015b7e6b1f60 00007ffeb8cc5492
0x0000005b184fa560:   0000005b184fced0 0000000702d10a00
0x0000005b184fa570:   0000000000000c9b 0000000000000003
0x0000005b184fa580:   0000015b5e066be0 00007ffe4ae58238
0x0000005b184fa590:   0000015b7d5c0bb0 0000000000000000
0x0000005b184fa5a0:   0000015b7d5c0bb0 0000015b7e6b1f60
0x0000005b184fa5b0:   d2da76b300000003 0000005b184fced0
0x0000005b184fa5c0:   66dadb7700000100 894de35b00000003
0x0000005b184fa5d0:   b3b386ecf44b6900 9971e3a4b513958a
0x0000005b184fa5e0:   0000010000000003 0000005b184fced0 

Instructions: (pc=0x00007ffe4ae47570)
0x00007ffe4ae47470:   89 44 24 20 e8 17 09 00 00 8d 47 01 b9 04 00 00
0x00007ffe4ae47480:   00 3a c1 0f b6 d8 8b 05 54 f1 95 00 0f 4f d9 83
0x00007ffe4ae47490:   c0 fe 83 f8 01 76 18 48 8b 0e 0f be d3 e8 2e 60
0x00007ffe4ae474a0:   42 00 84 c0 0f b6 db ba 01 00 00 00 0f 45 da 48
0x00007ffe4ae474b0:   8b 0e e8 f9 56 42 00 3a c3 7c 85 48 8b 16 45 8b
0x00007ffe4ae474c0:   c6 44 0f be cb 44 88 7c 24 20 48 8b 42 08 48 8b
0x00007ffe4ae474d0:   48 08 48 8b 49 18 e8 d5 13 18 00 48 8b d8 48 85
0x00007ffe4ae474e0:   c0 0f 84 59 ff ff ff 48 8b 10 48 8b c8 ff 92 a0
0x00007ffe4ae474f0:   00 00 00 3b c7 4c 0f 45 fb 49 8b c7 e9 41 ff ff
0x00007ffe4ae47500:   ff cc cc cc cc cc cc cc cc cc cc cc cc cc cc cc
0x00007ffe4ae47510:   48 83 ec 28 83 3d c5 f0 95 00 02 48 8b d1 74 2a
0x00007ffe4ae47520:   80 3d 36 92 96 00 00 74 21 48 8b 0d 80 ec 95 00
0x00007ffe4ae47530:   48 85 c9 74 15 80 79 10 03 75 0f e8 40 94 24 00
0x00007ffe4ae47540:   84 c0 0f 95 c0 48 83 c4 28 c3 32 c0 48 83 c4 28
0x00007ffe4ae47550:   c3 cc cc cc cc cc cc cc cc cc cc cc cc cc cc cc
0x00007ffe4ae47560:   48 89 5c 24 08 57 48 83 ec 20 48 8b 01 48 8b f9
0x00007ffe4ae47570:   48 8b 58 18 48 85 db 74 12 48 8d 4b 08 e8 4e 6f
0x00007ffe4ae47580:   19 00 48 8d 4b 0c e8 45 6f 19 00 48 8b 07 48 8b
0x00007ffe4ae47590:   58 10 48 85 db 74 18 48 8d 8b cc 00 00 00 e8 2d
0x00007ffe4ae475a0:   6f 19 00 48 8d 8b d0 00 00 00 e8 21 6f 19 00 48
0x00007ffe4ae475b0:   8b 5c 24 30 48 83 c4 20 5f c3 cc cc cc cc cc cc
0x00007ffe4ae475c0:   48 89 5c 24 08 48 89 6c 24 10 48 89 74 24 18 48
0x00007ffe4ae475d0:   89 7c 24 20 41 56 48 83 ec 20 8b 2d 28 ab 8f 00
0x00007ffe4ae475e0:   32 db 44 0f b6 35 de d5 8f 00 48 8b 3d 1f d0 8f
0x00007ffe4ae475f0:   00 8b 35 e9 ef 95 00 85 ed 0f 84 b2 00 00 00 48
0x00007ffe4ae47600:   85 ff 0f 84 a9 00 00 00 0f b6 0d 4e 91 96 00 85
0x00007ffe4ae47610:   ed 74 26 48 85 ff 74 21 85 ed 74 19 48 85 ff 74
0x00007ffe4ae47620:   14 45 84 f6 74 0a 48 8d 47 ff 48 83 f8 02 76 09
0x00007ffe4ae47630:   83 fe 01 74 04 84 c9 74 2a 84 c9 74 2a 85 ed 74
0x00007ffe4ae47640:   70 48 85 ff 74 21 85 ed 74 19 48 85 ff 74 14 45
0x00007ffe4ae47650:   84 f6 74 0a 48 8d 47 ff 48 83 f8 02 76 09 83 fe
0x00007ffe4ae47660:   01 74 04 b3 04 eb 4a 85 ed 74 46 48 85 ff 74 41 


Stack slot to memory mapping:
stack at sp + 0 slots: 0x0000005b184fa5c0 is pointing into the stack for thread: 0x0000015b5e06b260
stack at sp + 1 slots: 0x00007ffe4adadf18 jvm.dll
stack at sp + 2 slots: 0x0000005b184fa518 is pointing into the stack for thread: 0x0000015b5e06b260
stack at sp + 3 slots: 0x00007ffe4b3463c5 jvm.dll
stack at sp + 4 slots: 0x0000000000000003 is an unknown value
stack at sp + 5 slots: 0x00007ffe4ae473d4 jvm.dll
stack at sp + 6 slots: 0x0000005b184fa4d0 is pointing into the stack for thread: 0x0000015b5e06b260
stack at sp + 7 slots: 0x0000000801032150 is a pointer to class: 
org.springframework.core.annotation.TypeMappedAnnotations {0x0000000801032158}
 - instance size:     6
 - klass size:        86
 - access:            final synchronized 
 - state:             fully_initialized
 - name:              'org/springframework/core/annotation/TypeMappedAnnotations'
 - super:             'java/lang/Object'
 - sub:               
 - arrays:            NULL
 - methods:           Array<T>(0x0000015b005328f0)
 - method ordering:   Array<T>(0x0000000800b07020)
 - default_methods:   Array<T>(0x0000015b00534220)
 - default vtable indices:   Array<T>(0x0000015b00534230)
 - local interfaces:  Array<T>(0x0000015b005327c8)
 - trans. interfaces: Array<T>(0x0000015b00534208)
 - constants:         constant pool [289] {0x0000015b00531db0} for 'org/springframework/core/annotation/TypeMappedAnnotations' cache=0x0000015b00534710
 - class loader data:  loader data: 0x0000015b7d79b360 for instance a 'jdk/internal/loader/ClassLoaders$AppClassLoader'{0x0000000702d10a00}
 - source file:       'TypeMappedAnnotations.java'
 - class annotations:       Array<T>(0x0000000000000000)
 - class type annotations:  Array<T>(0x0000000000000000)
 - field annotations:       Array<T>(0x0000015b005327e8)
 - field type annotations:  Array<T>(0x0000000000000000)
 - inner classes:     Array<T>(0x0000015b00534190)
 - nest members:     Array<T>(0x0000015b005341d8)
 - permitted subclasses:     Array<T>(0x000000080060e4c8)
 - java mirror:       a 'java/lang/Class'{0x0000000702b9ca58} = 'org/springframework/core/annotation/TypeMappedAnnotations'
 - vtable length      6  (start addr: 0x0000000801032310)
 - itable length      23 (start addr: 0x0000000801032340)
 - ---- static fields (1 words):
 - static final 'NONE' 'Lorg/springframework/core/annotation/MergedAnnotations;' @112 
 - ---- non-static fields (8 words):
 - private final 'source' 'Ljava/lang/Object;' @12 
 - private final 'element' 'Ljava/lang/reflect/AnnotatedElement;' @16 
 - private final 'searchStrategy' 'Lorg/springframework/core/annotation/MergedAnnotations$SearchStrategy;' @20 
 - private final 'searchEnclosingClass' 'Ljava/util/function/Predicate;' @24 
 - private final 'annotations' '[Ljava/lang/annotation/Annotation;' @28 
 - private final 'repeatableContainers' 'Lorg/springframework/core/annotation/RepeatableContainers;' @32 
 - private final 'annotationFilter' 'Lorg/springframework/core/annotation/AnnotationFilter;' @36 
 - private volatile 'aggregates' 'Ljava/util/List;' @40 
 - non-static oop maps: 12-40 

--------------------------------------------------------------------------------
Decoding CodeBlob, name: counter_overflow Runtime1 stub, at  [0x0000015b6d776e80, 0x0000015b6d777080]  512 bytes
[MachCode]
  0x0000015b6d776e80: 5548 8bec | 4881 ec80 | 0000 0048 | 8944 2478 | 4889 4c24 | 7048 8954 | 2468 4889 | 5c24 6048 
  0x0000015b6d776ea0: 896c 2450 | 4889 7424 | 4848 897c | 2440 4c89 | 4424 384c | 894c 2430 | 4c89 5424 | 284c 895c 
  0x0000015b6d776ec0: 2420 4c89 | 6424 184c | 896c 2410 | 4c89 7424 | 084c 893c | 2448 81ec | 1004 0000 | c5fb 1144 
  0x0000015b6d776ee0: 2428 c5fb | 114c 2430 | c5fb 1154 | 2438 c5fb | 115c 2440 | c5fb 1164 | 2448 c5fb | 116c 2450 
  0x0000015b6d776f00: c5fb 1174 | 2458 c5fb | 117c 2460 | c57b 1144 | 2468 c57b | 114c 2470 | c57b 1154 | 2478 c57b 
  0x0000015b6d776f20: 119c 2480 | 0000 00c5 | 7b11 a424 | 8800 0000 | c57b 11ac | 2490 0000 | 00c5 7b11 | b424 9800 
  0x0000015b6d776f40: 0000 c57b | 11bc 24a0 | 0000 008b | 4510 488b | 5d18 488b | d04c 8bc3 | 498b cfc5 | f877 4989 
  0x0000015b6d776f60: afd0 0200 | 0049 89a7 | c002 0000 | 48b8 90ab | da4a fe7f | 0000 ffd0 | 49c7 87c0 | 0200 0000 
  0x0000015b6d776f80: 0000 0049 | c787 d002 | 0000 0000 | 0000 49c7 | 87c8 0200 | 0000 0000 | 00c5 f877 | 4983 7f08 
  0x0000015b6d776fa0: 000f 8409 | 0000 0049 | 8b47 08e9 | d0a1 f6ff | c5fb 1044 | 2428 c5fb | 104c 2430 | c5fb 1054 
  0x0000015b6d776fc0: 2438 c5fb | 105c 2440 | c5fb 1064 | 2448 c5fb | 106c 2450 | c5fb 1074 | 2458 c5fb | 107c 2460 
  0x0000015b6d776fe0: c57b 1044 | 2468 c57b | 104c 2470 | c57b 1054 | 2478 c57b | 109c 2480 | 0000 00c5 | 7b10 a424 
  0x0000015b6d777000: 8800 0000 | c57b 10ac | 2490 0000 | 00c5 7b10 | b424 9800 | 0000 c57b | 10bc 24a0 | 0000 0048 
  0x0000015b6d777020: 81c4 1004 | 0000 4c8b | 3c24 4c8b | 7424 084c | 8b6c 2410 | 4c8b 6424 | 184c 8b5c | 2420 4c8b 
  0x0000015b6d777040: 5424 284c | 8b4c 2430 | 4c8b 4424 | 3848 8b7c | 2440 488b | 7424 4848 | 8b6c 2450 | 488b 5c24 
  0x0000015b6d777060: 6048 8b54 | 2468 488b | 4c24 7048 | 8b44 2478 | 4881 c480 | 0000 00c9 | c30f 1f80 | 0000 0000 
[/MachCode]
--------------------------------------------------------------------------------


Compiled method (c1)    2180 3138       3       org.springframework.core.annotation.TypeMappedAnnotations::get (52 bytes)
 total in heap  [0x0000015b66743d90,0x0000015b66744798] = 2568
 relocation     [0x0000015b66743ed8,0x0000015b66743f80] = 168
 main code      [0x0000015b66743f80,0x0000015b66744580] = 1536
 stub code      [0x0000015b66744580,0x0000015b667445e8] = 104
 oops           [0x0000015b667445e8,0x0000015b667445f0] = 8
 metadata       [0x0000015b667445f0,0x0000015b66744608] = 24
 scopes data    [0x0000015b66744608,0x0000015b667446b0] = 168
 scopes pcs     [0x0000015b667446b0,0x0000015b66744780] = 208
 dependencies   [0x0000015b66744780,0x0000015b66744788] = 8
 nul chk table  [0x0000015b66744788,0x0000015b66744798] = 16

[Constant Pool (empty)]

[MachCode]
[Entry Point]
  # {method} {0x0000015b00533278} 'get' '(Ljava/lang/Class;Ljava/util/function/Predicate;Lorg/springframework/core/annotation/MergedAnnotationSelector;)Lorg/springframework/core/annotation/MergedAnnotation;' in 'org/springframework/core/annotation/TypeMappedAnnotations'
  # this:     rdx:rdx   = 'org/springframework/core/annotation/TypeMappedAnnotations'
  # parm0:    r8:r8     = 'java/lang/Class'
  # parm1:    r9:r9     = 'java/util/function/Predicate'
  # parm2:    rdi:rdi   = 'org/springframework/core/annotation/MergedAnnotationSelector'
  #           [sp+0xb0]  (sp of caller)
  0x0000015b66743f80: 448b 5208 | 49bb 0000 | 0000 0800 | 0000 4d03 | d34c 3bd0 

  0x0000015b66743f94: ;   {runtime_call ic_miss_stub}
  0x0000015b66743f94: 0f85 66fe | f606 660f | 1f44 0000 
[Verified Entry Point]
  0x0000015b66743fa0: 8984 2400 | 80ff ff55 | 4881 eca0 | 0000 0090 | 4181 7f20 | 0300 0000 

  0x0000015b66743fb8: ;   {runtime_call StubRoutines (2)}
  0x0000015b66743fb8: 7405 e8c1 | 5cf5 0648 | 8954 2468 | 4c89 4424 

  0x0000015b66743fc8: ;   {metadata(method data for {method} {0x0000015b00533278} 'get' '(Ljava/lang/Class;Ljava/util/function/Predicate;Lorg/springframework/core/annotation/MergedAnnotationSelector;)Lorg/springframework/core/annotation/MergedAnnotation;' in 'org/springframework/core/annotation/TypeMappedAnnotations')}
  0x0000015b66743fc8: 7048 be88 | 442e 015b | 0100 008b | 9ecc 0000 | 0083 c302 | 899e cc00 | 0000 81e3 | fe07 0000 
  0x0000015b66743fe8: 83fb 000f | 845f 0400 | 0048 89bc | 2480 0000 | 004c 894c | 2478 8b72 | 2448 c1e6 | 0348 3b06 
  0x0000015b66744008: ;   {metadata(method data for {method} {0x0000015b00533278} 'get' '(Ljava/lang/Class;Ljava/util/function/Predicate;Lorg/springframework/core/annotation/MergedAnnotationSelector;)Lorg/springframework/core/annotation/MergedAnnotation;' in 'org/springframework/core/annotation/TypeMappedAnnotations')}
  0x0000015b66744008: 488b de48 | b888 442e | 015b 0100 | 008b 5b08 | 49ba 0000 | 0000 0800 | 0000 4903 | da48 3b98 
  0x0000015b66744028: 2001 0000 | 750d 4883 | 8028 0100 | 0001 e960 | 0000 0048 | 3b98 3001 | 0000 750d | 4883 8038 
  0x0000015b66744048: 0100 0001 | e94a 0000 | 0048 83b8 | 2001 0000 | 0075 1748 | 8998 2001 | 0000 48c7 | 8028 0100 
  0x0000015b66744068: 0001 0000 | 00e9 2900 | 0000 4883 | b830 0100 | 0000 7517 | 4889 9830 | 0100 0048 | c780 3801 
  0x0000015b66744088: 0000 0100 | 0000 e908 | 0000 0048 | 8380 1001 | 0000 0149 | 8bd8 4c8b | c348 8bd6 | 9048 b828 
  0x0000015b667440a8: 1403 0108 

  0x0000015b667440ac: ;   {virtual_call}
  0x0000015b667440ac: 0000 00e8 

  0x0000015b667440b0: ; ImmutableOopMap {[104]=Oop [112]=Oop [120]=Oop [128]=Oop }
                      ;*invokeinterface matches {reexecute=0 rethrow=0 return_oop=0}
                      ; - org.springframework.core.annotation.TypeMappedAnnotations::get@5 (line 152)
  0x0000015b667440b0: 6ccf f606 

  0x0000015b667440b4: ;   {metadata(method data for {method} {0x0000015b00533278} 'get' '(Ljava/lang/Class;Ljava/util/function/Predicate;Lorg/springframework/core/annotation/MergedAnnotationSelector;)Lorg/springframework/core/annotation/MergedAnnotation;' in 'org/springframework/core/annotation/TypeMappedAnnotations')}
  0x0000015b667440b4: 83f8 0048 | ba88 442e | 015b 0100 | 0048 be58 | 0100 0000 | 0000 000f | 850a 0000 | 0048 be48 
  0x0000015b667440d4: 0100 0000 | 0000 0048 | 8b3c 3248 | 8d7f 0148 | 893c 320f | 85cf 0200 | 004c 8b9c | 2480 0000 
  0x0000015b667440f4: 0048 8b5c | 2478 4c8b | 4424 7048 | 8b54 2468 

  0x0000015b66744104: ;   {metadata('org/springframework/core/annotation/TypeMappedAnnotations$MergedAnnotationFinder')}
  0x0000015b66744104: 4c8b ea48 | bad0 2b03 | 0108 0000 | 0049 8b87 | f800 0000 | 488d 7820 | 493b bf08 | 0100 000f 
  0x0000015b66744124: 874d 0300 | 0049 89bf | f800 0000 | 48c7 0001 | 0000 0048 | 8bca 49ba | 0000 0000 | 0800 0000 
  0x0000015b66744144: 492b ca89 | 4808 4833 | c989 480c | 4833 c948 | 8948 1048 | 8948 184c 

  0x0000015b6674415c: ;   {metadata(method data for {method} {0x0000015b00533278} 'get' '(Ljava/lang/Class;Ljava/util/function/Predicate;Lorg/springframework/core/annotation/MergedAnnotationSelector;)Lorg/springframework/core/annotation/MergedAnnotation;' in 'org/springframework/core/annotation/TypeMappedAnnotations')}
  0x0000015b6674415c: 8bc8 48bf | 8844 2e01 | 5b01 0000 | 4883 8778 | 0100 0001 | 498b c84d | 8bc5 4c8b | c948 8bfb 
  0x0000015b6674417c: 498b f348 | 8bd0 4889 | 8424 8800 | 0000 0f1f 

  0x0000015b6674418c: ;   {optimized virtual_call}
  0x0000015b6674418c: 4400 00e8 

  0x0000015b66744190: ; ImmutableOopMap {[104]=Oop [112]=Oop [136]=Oop }
                      ;*invokespecial <init> {reexecute=0 rethrow=0 return_oop=0}
                      ; - org.springframework.core.annotation.TypeMappedAnnotations::get@27 (line 155)
  0x0000015b66744190: 4cdf feff | 488b 5424 

  0x0000015b66744198: ;   {metadata(method data for {method} {0x0000015b00533278} 'get' '(Ljava/lang/Class;Ljava/util/function/Predicate;Lorg/springframework/core/annotation/MergedAnnotationSelector;)Lorg/springframework/core/annotation/MergedAnnotation;' in 'org/springframework/core/annotation/TypeMappedAnnotations')}
  0x0000015b66744198: 6849 b888 | 442e 015b | 0100 0049 | 8380 8801 | 0000 014c | 8b44 2470 | 4c8b 8c24 | 8800 0000 
  0x0000015b667441b8: 488b 5424 

  0x0000015b667441bc: ;   {optimized virtual_call}
  0x0000015b667441bc: 6866 90e8 

  0x0000015b667441c0: ; ImmutableOopMap {}
                      ;*invokevirtual scan {reexecute=0 rethrow=0 return_oop=0}
                      ; - org.springframework.core.annotation.TypeMappedAnnotations::get@30 (line 155)
  0x0000015b667441c0: bc5b f9ff | 4883 f800 

  0x0000015b667441c8: ;   {metadata(method data for {method} {0x0000015b00533278} 'get' '(Ljava/lang/Class;Ljava/util/function/Predicate;Lorg/springframework/core/annotation/MergedAnnotationSelector;)Lorg/springframework/core/annotation/MergedAnnotation;' in 'org/springframework/core/annotation/TypeMappedAnnotations')}
  0x0000015b667441c8: 7516 48bf | 8844 2e01 | 5b01 0000 | 808f b901 | 0000 01e9 | e800 0000 

  0x0000015b667441e0: ;   {metadata('org/springframework/core/annotation/MergedAnnotation')}
  0x0000015b667441e0: 48bb 282e | 0301 0800 | 0000 8b78 | 0849 ba00 | 0000 0008 | 0000 0049 | 03fa 483b | 5f20 0f84 
  0x0000015b66744200: 1b00 0000 | 483b fb0f | 8412 0000 

  0x0000015b6674420c: ;   {runtime_call slow_subtype_check Runtime1 stub}
  0x0000015b6674420c: 0057 53e8 | ec00 0307 | 5f5f 83ff | 000f 848d 

  0x0000015b6674421c: ;   {metadata(method data for {method} {0x0000015b00533278} 'get' '(Ljava/lang/Class;Ljava/util/function/Predicate;Lorg/springframework/core/annotation/MergedAnnotationSelector;)Lorg/springframework/core/annotation/MergedAnnotation;' in 'org/springframework/core/annotation/TypeMappedAnnotations')}
  0x0000015b6674421c: 0000 0048 | bf88 442e | 015b 0100 | 008b 5808 | 49ba 0000 | 0000 0800 | 0000 4903 | da48 3b9f 
  0x0000015b6674423c: d001 0000 | 750d 4883 | 87d8 0100 | 0001 e979 | 0000 0048 | 3b9f e001 | 0000 750d | 4883 87e8 
  0x0000015b6674425c: 0100 0001 | e963 0000 | 0048 83bf | d001 0000 | 0075 1748 | 899f d001 | 0000 48c7 | 87d8 0100 
  0x0000015b6674427c: 0001 0000 | 00e9 4200 | 0000 4883 | bfe0 0100 | 0000 7517 | 4889 9fe0 | 0100 0048 | c787 e801 
  0x0000015b6674429c: 0000 0100 | 0000 e921 | 0000 00e9 | 1c00 0000 

  0x0000015b667442ac: ;   {metadata(method data for {method} {0x0000015b00533278} 'get' '(Ljava/lang/Class;Ljava/util/function/Predicate;Lorg/springframework/core/annotation/MergedAnnotationSelector;)Lorg/springframework/core/annotation/MergedAnnotation;' in 'org/springframework/core/annotation/TypeMappedAnnotations')}
  0x0000015b667442ac: 48bf 8844 | 2e01 5b01 | 0000 4883 | afc0 0100 | 0001 e9c0 | 0100 00e9 | 0000 0000 | 4883 f800 
  0x0000015b667442cc: ;   {metadata(method data for {method} {0x0000015b00533278} 'get' '(Ljava/lang/Class;Ljava/util/function/Predicate;Lorg/springframework/core/annotation/MergedAnnotationSelector;)Lorg/springframework/core/annotation/MergedAnnotation;' in 'org/springframework/core/annotation/TypeMappedAnnotations')}
  0x0000015b667442cc: 48be 8844 | 2e01 5b01 | 0000 48bf | f801 0000 | 0000 0000 | 0f84 0a00 | 0000 48bf | 0802 0000 
  0x0000015b667442ec: 0000 0000 | 488b 1c3e | 488d 5b01 | 4889 1c3e | 0f84 2600 

  0x0000015b66744300: ;   {metadata(method data for {method} {0x0000015b00533278} 'get' '(Ljava/lang/Class;Ljava/util/function/Predicate;Lorg/springframework/core/annotation/MergedAnnotationSelector;)Lorg/springframework/core/annotation/MergedAnnotation;' in 'org/springframework/core/annotation/TypeMappedAnnotations')}
  0x0000015b66744300: 0000 48be | 8844 2e01 | 5b01 0000 | ff86 1802 | 0000 4881 | c4a0 0000 

  0x0000015b66744318: ;   {poll_return}
  0x0000015b66744318: 005d 493b | a778 0300 | 000f 8765 | 0100 00c3 

  0x0000015b66744328: ;   {metadata(method data for {method} {0x0000015b00533278} 'get' '(Ljava/lang/Class;Ljava/util/function/Predicate;Lorg/springframework/core/annotation/MergedAnnotationSelector;)Lorg/springframework/core/annotation/MergedAnnotation;' in 'org/springframework/core/annotation/TypeMappedAnnotations')}
  0x0000015b66744328: 48b8 8844 | 2e01 5b01 | 0000 4883 | 8030 0200 

  0x0000015b66744338: ;   {metadata(method data for {method} {0x0000015b0053dea0} 'missing' '()Lorg/springframework/core/annotation/MergedAnnotation;' in 'org/springframework/core/annotation/MergedAnnotation')}
  0x0000015b66744338: 0001 48b8 | 387c f500 | 5b01 0000 | 8bb0 cc00 | 0000 83c6 | 0289 b0cc | 0000 0081 | e6fe ff1f 
  0x0000015b66744358: 0083 fe00 | 0f84 4001 

  0x0000015b66744360: ;   {metadata(method data for {method} {0x0000015b0053dea0} 'missing' '()Lorg/springframework/core/annotation/MergedAnnotation;' in 'org/springframework/core/annotation/MergedAnnotation')}
  0x0000015b66744360: 0000 48b8 | 387c f500 | 5b01 0000 | 4883 8010 | 0100 0001 

  0x0000015b66744374: ;   {metadata(method data for {method} {0x0000015b00541d88} 'getInstance' '()Lorg/springframework/core/annotation/MergedAnnotation;' in 'org/springframework/core/annotation/MissingMergedAnnotation')}
  0x0000015b66744374: 48b8 c03e | f500 5b01 | 0000 8bb0 | cc00 0000 | 83c6 0289 | b0cc 0000 | 0081 e6fe | ff1f 0083 
  0x0000015b66744394: fe00 0f84 | 2701 0000 

  0x0000015b6674439c: ;   {oop(a 'org/springframework/core/annotation/MissingMergedAnnotation'{0x0000000702bb0240})}
  0x0000015b6674439c: 48b8 4002 | bb02 0700 | 0000 4881 | c4a0 0000 

  0x0000015b667443ac: ;   {poll_return}
  0x0000015b667443ac: 005d 493b | a778 0300 | 000f 8729 | 0100 00c3 

  0x0000015b667443bc: ;   {metadata(method data for {method} {0x0000015b00533278} 'get' '(Ljava/lang/Class;Ljava/util/function/Predicate;Lorg/springframework/core/annotation/MergedAnnotationSelector;)Lorg/springframework/core/annotation/MergedAnnotation;' in 'org/springframework/core/annotation/TypeMappedAnnotations')}
  0x0000015b667443bc: 48b8 8844 | 2e01 5b01 | 0000 4883 | 8068 0100 

  0x0000015b667443cc: ;   {metadata(method data for {method} {0x0000015b0053dea0} 'missing' '()Lorg/springframework/core/annotation/MergedAnnotation;' in 'org/springframework/core/annotation/MergedAnnotation')}
  0x0000015b667443cc: 0001 48b8 | 387c f500 | 5b01 0000 | 8bb0 cc00 | 0000 83c6 | 0289 b0cc | 0000 0081 | e6fe ff1f 
  0x0000015b667443ec: 0083 fe00 | 0f84 0401 

  0x0000015b667443f4: ;   {metadata(method data for {method} {0x0000015b0053dea0} 'missing' '()Lorg/springframework/core/annotation/MergedAnnotation;' in 'org/springframework/core/annotation/MergedAnnotation')}
  0x0000015b667443f4: 0000 48b8 | 387c f500 | 5b01 0000 | 4883 8010 | 0100 0001 

  0x0000015b66744408: ;   {metadata(method data for {method} {0x0000015b00541d88} 'getInstance' '()Lorg/springframework/core/annotation/MergedAnnotation;' in 'org/springframework/core/annotation/MissingMergedAnnotation')}
  0x0000015b66744408: 48b8 c03e | f500 5b01 | 0000 8bb0 | cc00 0000 | 83c6 0289 | b0cc 0000 | 0081 e6fe | ff1f 0083 
  0x0000015b66744428: fe00 0f84 | eb00 0000 

  0x0000015b66744430: ;   {oop(a 'org/springframework/core/annotation/MissingMergedAnnotation'{0x0000000702bb0240})}
  0x0000015b66744430: 48b8 4002 | bb02 0700 | 0000 4881 | c4a0 0000 

  0x0000015b66744440: ;   {poll_return}
  0x0000015b66744440: 005d 493b | a778 0300 | 000f 87ed | 0000 00c3 
[error occurred during error reporting (printing code blobs if possible), id 0xc0000005, EXCEPTION_ACCESS_VIOLATION (0xc0000005) at pc=0x00007ffe4b295f0f]

---------------  P R O C E S S  ---------------

Threads class SMR info:
_java_thread_list=0x0000015b7e8dedb0, length=14, elements={
0x0000015b5e06b260, 0x0000015b7d5ab0c0, 0x0000015b7d5b3ee0, 0x0000015b7d5b5cb0,
0x0000015b7d5b67f0, 0x0000015b7d5bc260, 0x0000015b7d5bcba0, 0x0000015b7d5c1320,
0x0000015b7d5d00e0, 0x0000015b7d57a160, 0x0000015b7d87f350, 0x0000015b7d927c80,
0x0000015b7d9281d0, 0x0000015b7e84a4f0
}

Java Threads: ( => current thread )
=>0x0000015b5e06b260 JavaThread "main" [_thread_in_vm, id=10432, stack(0x0000005b18400000,0x0000005b18500000)]
  0x0000015b7d5ab0c0 JavaThread "Reference Handler" daemon [_thread_blocked, id=18780, stack(0x0000005b18b00000,0x0000005b18c00000)]
  0x0000015b7d5b3ee0 JavaThread "Finalizer" daemon [_thread_blocked, id=8244, stack(0x0000005b18c00000,0x0000005b18d00000)]
  0x0000015b7d5b5cb0 JavaThread "Signal Dispatcher" daemon [_thread_blocked, id=16156, stack(0x0000005b18d00000,0x0000005b18e00000)]
  0x0000015b7d5b67f0 JavaThread "Attach Listener" daemon [_thread_blocked, id=18772, stack(0x0000005b18e00000,0x0000005b18f00000)]
  0x0000015b7d5bc260 JavaThread "Service Thread" daemon [_thread_blocked, id=15548, stack(0x0000005b18f00000,0x0000005b19000000)]
  0x0000015b7d5bcba0 JavaThread "Monitor Deflation Thread" daemon [_thread_blocked, id=8216, stack(0x0000005b19000000,0x0000005b19100000)]
  0x0000015b7d5c1320 JavaThread "C2 CompilerThread0" daemon [_thread_blocked, id=18284, stack(0x0000005b19100000,0x0000005b19200000)]
  0x0000015b7d5d00e0 JavaThread "C1 CompilerThread0" daemon [_thread_blocked, id=10084, stack(0x0000005b19200000,0x0000005b19300000)]
  0x0000015b7d57a160 JavaThread "Common-Cleaner" daemon [_thread_blocked, id=9344, stack(0x0000005b19300000,0x0000005b19400000)]
  0x0000015b7d87f350 JavaThread "C2 CompilerThread1" daemon [_thread_blocked, id=16592, stack(0x0000005b19400000,0x0000005b19500000)]
  0x0000015b7d927c80 JavaThread "Monitor Ctrl-Break" daemon [_thread_in_native, id=12952, stack(0x0000005b19500000,0x0000005b19600000)]
  0x0000015b7d9281d0 JavaThread "Notification Thread" daemon [_thread_blocked, id=8300, stack(0x0000005b19600000,0x0000005b19700000)]
  0x0000015b7e84a4f0 JavaThread "C2 CompilerThread2" daemon [_thread_blocked, id=132, stack(0x0000005b19d00000,0x0000005b19e00000)]

Other Threads:
  0x0000015b7d58e6b0 VMThread "VM Thread" [stack: 0x0000005b18a00000,0x0000005b18b00000] [id=15060]
  0x0000015b7d928720 WatcherThread "VM Periodic Task Thread" [stack: 0x0000005b19700000,0x0000005b19800000] [id=15800]
  0x0000015b5e0d64f0 WorkerThread "GC Thread#0" [stack: 0x0000005b18500000,0x0000005b18600000] [id=17184]
  0x0000015b7e024ef0 WorkerThread "GC Thread#1" [stack: 0x0000005b19800000,0x0000005b19900000] [id=14980]
  0x0000015b7e4dbe10 WorkerThread "GC Thread#2" [stack: 0x0000005b19900000,0x0000005b19a00000] [id=12944]
  0x0000015b7e562700 WorkerThread "GC Thread#3" [stack: 0x0000005b19a00000,0x0000005b19b00000] [id=9848]
  0x0000015b7e562430 WorkerThread "GC Thread#4" [stack: 0x0000005b19b00000,0x0000005b19c00000] [id=12992]
  0x0000015b7e561bc0 WorkerThread "GC Thread#5" [stack: 0x0000005b19c00000,0x0000005b19d00000] [id=17948]
  0x0000015b7e560db0 WorkerThread "GC Thread#6" [stack: 0x0000005b19e00000,0x0000005b19f00000] [id=10120]
  0x0000015b7e561080 WorkerThread "GC Thread#7" [stack: 0x0000005b19f00000,0x0000005b1a000000] [id=11036]
  0x0000015b5e0e9220 ConcurrentGCThread "G1 Main Marker" [stack: 0x0000005b18600000,0x0000005b18700000] [id=13184]
  0x0000015b5e0ea300 WorkerThread "G1 Conc#0" [stack: 0x0000005b18700000,0x0000005b18800000] [id=19368]
  0x0000015b7e5618f0 WorkerThread "G1 Conc#1" [stack: 0x0000005b1a000000,0x0000005b1a100000] [id=13340]
  0x0000015b5e12e690 ConcurrentGCThread "G1 Refine#0" [stack: 0x0000005b18800000,0x0000005b18900000] [id=15092]
  0x0000015b7d44e2a0 ConcurrentGCThread "G1 Service" [stack: 0x0000005b18900000,0x0000005b18a00000] [id=16772]

Threads with active compile tasks:

VM state: not at safepoint (normal execution)

VM Mutex/Monitor currently owned by a thread: None

Heap address: 0x0000000702a00000, size: 4054 MB, Compressed Oops mode: Zero based, Oop shift amount: 3

CDS archive(s) mapped at: [0x0000000800000000-0x0000000800c60000-0x0000000800c60000), size 12976128, SharedBaseAddress: 0x0000000800000000, ArchiveRelocationMode: 0.
Compressed class space mapped at: 0x0000000801000000-0x0000000841000000, reserved size: 1073741824
Narrow klass base: 0x0000000800000000, Narrow klass shift: 0, Narrow klass range: 0x100000000

GC Precious Log:
 CardTable entry size: 512
 Card Set container configuration: InlinePtr #cards 4 size 8 Array Of Cards #cards 16 size 48 Howl #buckets 8 coarsen threshold 3686 Howl Bitmap #cards 512 size 80 coarsen threshold 460 Card regions per heap region 1 cards per card region 4096
 CPUs: 8 total, 8 available
 Memory: 16211M
 Large Page Support: Disabled
 NUMA Support: Disabled
 Compressed Oops: Enabled (Zero based)
 Heap Region Size: 2M
 Heap Min Capacity: 8M
 Heap Initial Capacity: 254M
 Heap Max Capacity: 4054M
 Pre-touch: Disabled
 Parallel Workers: 8
 Concurrent Workers: 2
 Concurrent Refinement Workers: 8
 Periodic GC: Disabled

Heap:
 garbage-first heap   total 55296K, used 18963K [0x0000000702a00000, 0x0000000800000000)
  region size 2048K, 7 young (14336K), 3 survivors (6144K)
 Metaspace       used 22038K, committed 22400K, reserved 1114112K
  class space    used 2707K, committed 2880K, reserved 1048576K

Heap Regions: E=young(eden), S=young(survivor), O=old, HS=humongous(starts), HC=humongous(continues), CS=collection set, F=free, OA=open archive, CA=closed archive, TAMS=top-at-mark-start, PB=parsable bottom
|   0|0x0000000702a00000, 0x0000000702c00000, 0x0000000702c00000|100%| O|  |TAMS 0x0000000702a00000| PB 0x0000000702a00000| Untracked 
|   1|0x0000000702c00000, 0x0000000702e00000, 0x0000000702e00000|100%| O|  |TAMS 0x0000000702c00000| PB 0x0000000702c00000| Untracked 
|   2|0x0000000702e00000, 0x0000000703000000, 0x0000000703000000|100%| O|  |TAMS 0x0000000702e00000| PB 0x0000000702e00000| Untracked 
|   3|0x0000000703000000, 0x000000070309e400, 0x0000000703200000| 30%| O|  |TAMS 0x0000000703000000| PB 0x0000000703000000| Complete 
|   4|0x0000000703200000, 0x0000000703200000, 0x0000000703400000|  0%| F|  |TAMS 0x0000000703200000| PB 0x0000000703200000| Untracked 
|   5|0x0000000703400000, 0x0000000703400000, 0x0000000703600000|  0%| F|  |TAMS 0x0000000703400000| PB 0x0000000703400000| Untracked 
|   6|0x0000000703600000, 0x0000000703600000, 0x0000000703800000|  0%| F|  |TAMS 0x0000000703600000| PB 0x0000000703600000| Untracked 
|   7|0x0000000703800000, 0x0000000703800000, 0x0000000703a00000|  0%| F|  |TAMS 0x0000000703800000| PB 0x0000000703800000| Untracked 
|   8|0x0000000703a00000, 0x0000000703a00000, 0x0000000703c00000|  0%| F|  |TAMS 0x0000000703a00000| PB 0x0000000703a00000| Untracked 
|   9|0x0000000703c00000, 0x0000000703c00000, 0x0000000703e00000|  0%| F|  |TAMS 0x0000000703c00000| PB 0x0000000703c00000| Untracked 
|  10|0x0000000703e00000, 0x0000000703e00000, 0x0000000704000000|  0%| F|  |TAMS 0x0000000703e00000| PB 0x0000000703e00000| Untracked 
|  11|0x0000000704000000, 0x0000000704000000, 0x0000000704200000|  0%| F|  |TAMS 0x0000000704000000| PB 0x0000000704000000| Untracked 
|  12|0x0000000704200000, 0x0000000704200000, 0x0000000704400000|  0%| F|  |TAMS 0x0000000704200000| PB 0x0000000704200000| Untracked 
|  13|0x0000000704400000, 0x0000000704400000, 0x0000000704600000|  0%| F|  |TAMS 0x0000000704400000| PB 0x0000000704400000| Untracked 
|  14|0x0000000704600000, 0x0000000704600000, 0x0000000704800000|  0%| F|  |TAMS 0x0000000704600000| PB 0x0000000704600000| Untracked 
|  15|0x0000000704800000, 0x0000000704800000, 0x0000000704a00000|  0%| F|  |TAMS 0x0000000704800000| PB 0x0000000704800000| Untracked 
|  16|0x0000000704a00000, 0x0000000704a00000, 0x0000000704c00000|  0%| F|  |TAMS 0x0000000704a00000| PB 0x0000000704a00000| Untracked 
|  17|0x0000000704c00000, 0x0000000704c00000, 0x0000000704e00000|  0%| F|  |TAMS 0x0000000704c00000| PB 0x0000000704c00000| Untracked 
|  18|0x0000000704e00000, 0x0000000704e00000, 0x0000000705000000|  0%| F|  |TAMS 0x0000000704e00000| PB 0x0000000704e00000| Untracked 
|  19|0x0000000705000000, 0x0000000705000000, 0x0000000705200000|  0%| F|  |TAMS 0x0000000705000000| PB 0x0000000705000000| Untracked 
|  20|0x0000000705200000, 0x0000000705300800, 0x0000000705400000| 50%| E|  |TAMS 0x0000000705200000| PB 0x0000000705200000| Complete 
|  21|0x0000000705400000, 0x0000000705600000, 0x0000000705600000|100%| E|CS|TAMS 0x0000000705400000| PB 0x0000000705400000| Complete 
|  22|0x0000000705600000, 0x0000000705800000, 0x0000000705800000|100%| E|CS|TAMS 0x0000000705600000| PB 0x0000000705600000| Complete 
|  98|0x000000070ee00000, 0x000000070efe6858, 0x000000070f000000| 95%| S|CS|TAMS 0x000000070ee00000| PB 0x000000070ee00000| Complete 
|  99|0x000000070f000000, 0x000000070f200000, 0x000000070f200000|100%| S|CS|TAMS 0x000000070f000000| PB 0x000000070f000000| Complete 
| 100|0x000000070f200000, 0x000000070f400000, 0x000000070f400000|100%| S|CS|TAMS 0x000000070f200000| PB 0x000000070f200000| Complete 
| 126|0x0000000712600000, 0x0000000712800000, 0x0000000712800000|100%| E|CS|TAMS 0x0000000712600000| PB 0x0000000712600000| Complete 

Card table byte_map: [0x0000015b75c40000,0x0000015b76430000] _byte_map_base: 0x0000015b7242b000

Marking Bits: (CMBitMap*) 0x0000015b5e0d8a50
 Bits: [0x0000015b76c20000, 0x0000015b7ab78000)

Polling page: 0x0000015b5d830000

Metaspace:

Usage:
  Non-class:     18.88 MB used.
      Class:      2.64 MB used.
       Both:     21.52 MB used.

Virtual space:
  Non-class space:       64.00 MB reserved,      19.06 MB ( 30%) committed,  1 nodes.
      Class space:        1.00 GB reserved,       2.81 MB ( <1%) committed,  1 nodes.
             Both:        1.06 GB reserved,      21.88 MB (  2%) committed. 

Chunk freelists:
   Non-Class:  656.00 KB
       Class:  1.17 MB
        Both:  1.81 MB

MaxMetaspaceSize: unlimited
CompressedClassSpaceSize: 1.00 GB
Initial GC threshold: 21.00 MB
Current GC threshold: 35.25 MB
CDS: on
MetaspaceReclaimPolicy: balanced
 - commit_granule_bytes: 65536.
 - commit_granule_words: 8192.
 - virtual_space_node_default_size: 8388608.
 - enlarge_chunks_in_place: 1.
 - new_chunks_are_fully_committed: 0.
 - uncommit_free_chunks: 1.
 - use_allocation_guard: 0.


Internal statistics:

num_allocs_failed_limit: 3.
num_arena_births: 428.
num_arena_deaths: 0.
num_vsnodes_births: 2.
num_vsnodes_deaths: 0.
num_space_committed: 350.
num_space_uncommitted: 0.
num_chunks_returned_to_freelist: 3.
num_chunks_taken_from_freelist: 1201.
num_chunk_merges: 3.
num_chunk_splits: 826.
num_chunks_enlarged: 602.
num_inconsistent_stats: 0.

CodeHeap 'non-profiled nmethods': size=120000Kb used=1470Kb max_used=1470Kb free=118529Kb
 bounds [0x0000015b6dbf0000, 0x0000015b6de60000, 0x0000015b75120000]
CodeHeap 'profiled nmethods': size=120000Kb used=6480Kb max_used=6480Kb free=113519Kb
 bounds [0x0000015b66120000, 0x0000015b66780000, 0x0000015b6d650000]
CodeHeap 'non-nmethods': size=5760Kb used=1484Kb max_used=1604Kb free=4275Kb
 bounds [0x0000015b6d650000, 0x0000015b6d8c0000, 0x0000015b6dbf0000]
 total_blobs=3738 nmethods=3227 adapters=420
 compilation: enabled
              stopped_count=0, restarted_count=0
 full_count=0

Compilation events (20 events):
Event: 2.128 Thread 0x0000015b7d5d00e0 3218       3       sun.reflect.generics.repository.GenericDeclRepository::getTypeParameters (27 bytes)
Event: 2.128 Thread 0x0000015b7d5d00e0 nmethod 3218 0x0000015b66770590 code [0x0000015b66770740, 0x0000015b66770b08]
Event: 2.128 Thread 0x0000015b7d5d00e0 3219       3       java.lang.Class::getTypeParameters (19 bytes)
Event: 2.129 Thread 0x0000015b7d5d00e0 nmethod 3219 0x0000015b66770c10 code [0x0000015b66770de0, 0x0000015b667713b0]
Event: 2.132 Thread 0x0000015b7d5d00e0 3220       3       java.lang.reflect.ReflectAccess::getRoot (5 bytes)
Event: 2.132 Thread 0x0000015b7d5d00e0 nmethod 3220 0x0000015b66771510 code [0x0000015b667716a0, 0x0000015b66771870]
Event: 2.132 Thread 0x0000015b7d5d00e0 3221       3       java.lang.invoke.MethodHandleNatives::refKindIsGetter (32 bytes)
Event: 2.132 Thread 0x0000015b7d5d00e0 nmethod 3221 0x0000015b66771910 code [0x0000015b66771aa0, 0x0000015b66771bf8]
Event: 2.132 Thread 0x0000015b7d5d00e0 3222       3       jdk.internal.reflect.MagicAccessorImpl::<init> (5 bytes)
Event: 2.132 Thread 0x0000015b7d5d00e0 nmethod 3222 0x0000015b66771c90 code [0x0000015b66771e20, 0x0000015b66771f88]
Event: 2.134 Thread 0x0000015b7d5d00e0 3223   !   3       java.lang.reflect.Field::declaredAnnotations (82 bytes)
Event: 2.134 Thread 0x0000015b7d5d00e0 nmethod 3223 0x0000015b66772090 code [0x0000015b66772280, 0x0000015b667727d8]
Event: 2.134 Thread 0x0000015b7d5d00e0 3224       3       org.springframework.util.ConcurrentReferenceHashMap::getReference (18 bytes)
Event: 2.135 Thread 0x0000015b7d5d00e0 nmethod 3224 0x0000015b66772a90 code [0x0000015b66772c40, 0x0000015b66772e90]
Event: 2.135 Thread 0x0000015b7d5d00e0 3225       3       org.springframework.util.ConcurrentReferenceHashMap::get (37 bytes)
Event: 2.136 Thread 0x0000015b7d5d00e0 nmethod 3225 0x0000015b66773010 code [0x0000015b667731e0, 0x0000015b667735e8]
Event: 2.136 Thread 0x0000015b7d5d00e0 3226       3       java.lang.ref.WeakReference::<init> (6 bytes)
Event: 2.136 Thread 0x0000015b7d5d00e0 nmethod 3226 0x0000015b66773790 code [0x0000015b66773940, 0x0000015b66773c60]
Event: 2.142 Thread 0x0000015b7d5d00e0 3227       3       org.springframework.core.annotation.MergedAnnotations::from (8 bytes)
Event: 2.142 Thread 0x0000015b7d5d00e0 nmethod 3227 0x0000015b66773d90 code [0x0000015b66773f40, 0x0000015b66774190]

GC Heap History (6 events):
Event: 0.656 GC heap before
{Heap before GC invocations=0 (full 0):
 garbage-first heap   total 260096K, used 20480K [0x0000000702a00000, 0x0000000800000000)
  region size 2048K, 11 young (22528K), 0 survivors (0K)
 Metaspace       used 6117K, committed 6336K, reserved 1114112K
  class space    used 704K, committed 832K, reserved 1048576K
}
Event: 0.660 GC heap after
{Heap after GC invocations=1 (full 0):
 garbage-first heap   total 260096K, used 7234K [0x0000000702a00000, 0x0000000800000000)
  region size 2048K, 2 young (4096K), 2 survivors (4096K)
 Metaspace       used 6117K, committed 6336K, reserved 1114112K
  class space    used 704K, committed 832K, reserved 1048576K
}
Event: 1.065 GC heap before
{Heap before GC invocations=1 (full 0):
 garbage-first heap   total 260096K, used 29762K [0x0000000702a00000, 0x0000000800000000)
  region size 2048K, 14 young (28672K), 2 survivors (4096K)
 Metaspace       used 12519K, committed 12800K, reserved 1114112K
  class space    used 1480K, committed 1600K, reserved 1048576K
}
Event: 1.070 GC heap after
{Heap after GC invocations=2 (full 0):
 garbage-first heap   total 260096K, used 9061K [0x0000000702a00000, 0x0000000800000000)
  region size 2048K, 2 young (4096K), 2 survivors (4096K)
 Metaspace       used 12519K, committed 12800K, reserved 1114112K
  class space    used 1480K, committed 1600K, reserved 1048576K
}
Event: 1.986 GC heap before
{Heap before GC invocations=2 (full 0):
 garbage-first heap   total 260096K, used 54117K [0x0000000702a00000, 0x0000000800000000)
  region size 2048K, 26 young (53248K), 2 survivors (4096K)
 Metaspace       used 21177K, committed 21504K, reserved 1114112K
  class space    used 2567K, committed 2688K, reserved 1048576K
}
Event: 1.993 GC heap after
{Heap after GC invocations=3 (full 0):
 garbage-first heap   total 260096K, used 12819K [0x0000000702a00000, 0x0000000800000000)
  region size 2048K, 3 young (6144K), 3 survivors (6144K)
 Metaspace       used 21177K, committed 21504K, reserved 1114112K
  class space    used 2567K, committed 2688K, reserved 1048576K
}

Dll operation events (10 events):
Event: 0.009 Loaded shared library C:\Program Files\Java\jdk-20\bin\java.dll
Event: 0.022 Loaded shared library C:\Program Files\Java\jdk-20\bin\jsvml.dll
Event: 0.129 Loaded shared library C:\Program Files\Java\jdk-20\bin\zip.dll
Event: 0.131 Loaded shared library C:\Program Files\Java\jdk-20\bin\instrument.dll
Event: 0.135 Loaded shared library C:\Program Files\Java\jdk-20\bin\net.dll
Event: 0.136 Loaded shared library C:\Program Files\Java\jdk-20\bin\nio.dll
Event: 0.140 Loaded shared library C:\Program Files\Java\jdk-20\bin\zip.dll
Event: 0.219 Loaded shared library C:\Program Files\JetBrains\IntelliJ IDEA Community Edition 2023.2\bin\breakgen64.dll
Event: 0.238 Loaded shared library C:\Program Files\Java\jdk-20\bin\extnet.dll
Event: 0.265 Loaded shared library C:\Program Files\Java\jdk-20\bin\jimage.dll

Deoptimization events (20 events):
Event: 2.068 Thread 0x0000015b5e06b260 Uncommon trap: trap_request=0xffffff45 fr.pc=0x0000015b6dcef98c relative=0x00000000000004ac
Event: 2.069 Thread 0x0000015b5e06b260 Uncommon trap: reason=unstable_if action=reinterpret pc=0x0000015b6dcef98c method=org.springframework.beans.factory.support.DefaultSingletonBeanRegistry.getSingleton(Ljava/lang/String;Z)Ljava/lang/Object; @ 20 c2
Event: 2.069 Thread 0x0000015b5e06b260 DEOPT PACKING pc=0x0000015b6dcef98c sp=0x0000005b184fd8f0
Event: 2.069 Thread 0x0000015b5e06b260 DEOPT UNPACKING pc=0x0000015b6d6b9d22 sp=0x0000005b184fd888 mode 2
Event: 2.119 Thread 0x0000015b5e06b260 Uncommon trap: trap_request=0xffffffde fr.pc=0x0000015b6dd45844 relative=0x0000000000000f64
Event: 2.119 Thread 0x0000015b5e06b260 Uncommon trap: reason=class_check action=maybe_recompile pc=0x0000015b6dd45844 method=org.springframework.beans.factory.support.AbstractBeanFactory.getBeanPostProcessorCache()Lorg/springframework/beans/factory/support/AbstractBeanFactory$BeanPostProcessor
Event: 2.119 Thread 0x0000015b5e06b260 DEOPT PACKING pc=0x0000015b6dd45844 sp=0x0000005b184fe750
Event: 2.119 Thread 0x0000015b5e06b260 DEOPT UNPACKING pc=0x0000015b6d6b9d22 sp=0x0000005b184fe710 mode 2
Event: 2.134 Thread 0x0000015b5e06b260 Uncommon trap: trap_request=0xffffff45 fr.pc=0x0000015b6dcd8f80 relative=0x0000000000000520
Event: 2.134 Thread 0x0000015b5e06b260 Uncommon trap: reason=unstable_if action=reinterpret pc=0x0000015b6dcd8f80 method=org.springframework.util.ConcurrentReferenceHashMap$Segment.findInChain(Lorg/springframework/util/ConcurrentReferenceHashMap$Reference;Ljava/lang/Object;I)Lorg/springframewo
Event: 2.134 Thread 0x0000015b5e06b260 DEOPT PACKING pc=0x0000015b6dcd8f80 sp=0x0000005b184fcc90
Event: 2.134 Thread 0x0000015b5e06b260 DEOPT UNPACKING pc=0x0000015b6d6b9d22 sp=0x0000005b184fcab8 mode 2
Event: 2.134 Thread 0x0000015b5e06b260 Uncommon trap: trap_request=0xffffff45 fr.pc=0x0000015b6dd4186c relative=0x000000000000024c
Event: 2.134 Thread 0x0000015b5e06b260 Uncommon trap: reason=unstable_if action=reinterpret pc=0x0000015b6dd4186c method=org.springframework.util.ConcurrentReferenceHashMap$Segment.findInChain(Lorg/springframework/util/ConcurrentReferenceHashMap$Reference;Ljava/lang/Object;I)Lorg/springframewo
Event: 2.134 Thread 0x0000015b5e06b260 DEOPT PACKING pc=0x0000015b6dd4186c sp=0x0000005b184fca20
Event: 2.134 Thread 0x0000015b5e06b260 DEOPT UNPACKING pc=0x0000015b6d6b9d22 sp=0x0000005b184fc9c8 mode 2
Event: 2.134 Thread 0x0000015b5e06b260 Uncommon trap: trap_request=0xffffff45 fr.pc=0x0000015b6dcdce00 relative=0x00000000000004c0
Event: 2.134 Thread 0x0000015b5e06b260 Uncommon trap: reason=unstable_if action=reinterpret pc=0x0000015b6dcdce00 method=org.springframework.util.ConcurrentReferenceHashMap$Segment.findInChain(Lorg/springframework/util/ConcurrentReferenceHashMap$Reference;Ljava/lang/Object;I)Lorg/springframewo
Event: 2.134 Thread 0x0000015b5e06b260 DEOPT PACKING pc=0x0000015b6dcdce00 sp=0x0000005b184fcc00
Event: 2.134 Thread 0x0000015b5e06b260 DEOPT UNPACKING pc=0x0000015b6d6b9d22 sp=0x0000005b184fcab8 mode 2

Classes loaded (20 events):
Event: 2.066 Loading class javax/naming/NameNotFoundException
Event: 2.066 Loading class javax/naming/NameNotFoundException done
Event: 2.092 Loading class sun/invoke/util/ValueConversions$1
Event: 2.092 Loading class sun/invoke/util/ValueConversions$1 done
Event: 2.092 Loading class java/lang/invoke/BoundMethodHandle$Species_LI
Event: 2.092 Loading class java/lang/invoke/BoundMethodHandle$Species_LI done
Event: 2.111 Loading class java/lang/Class$EnclosingMethodInfo
Event: 2.111 Loading class java/lang/Class$EnclosingMethodInfo done
Event: 2.112 Loading class java/lang/reflect/AnnotatedType
Event: 2.112 Loading class java/lang/reflect/AnnotatedType done
Event: 2.138 Loading class java/io/ObjectInputStream
Event: 2.139 Loading class java/io/ObjectInput
Event: 2.139 Loading class java/io/ObjectInput done
Event: 2.139 Loading class java/io/ObjectStreamConstants
Event: 2.139 Loading class java/io/ObjectStreamConstants done
Event: 2.139 Loading class java/io/ObjectInputStream done
Event: 2.139 Loading class java/io/ObjectOutputStream
Event: 2.139 Loading class java/io/ObjectOutput
Event: 2.139 Loading class java/io/ObjectOutput done
Event: 2.139 Loading class java/io/ObjectOutputStream done

Classes unloaded (0 events):
No events

Classes redefined (0 events):
No events

Internal exceptions (20 events):
Event: 1.942 Thread 0x0000015b5e06b260 Exception <a 'java/lang/NoSuchMethodError'{0x000000070f6e0338}: 'int java.lang.invoke.DirectMethodHandle$Holder.invokeStaticInit(java.lang.Object, double, double)'> (0x000000070f6e0338) 
thrown [s\open\src\hotspot\share\interpreter\linkResolver.cpp, line 773]
Event: 1.942 Thread 0x0000015b5e06b260 Exception <a 'java/lang/NoSuchMethodError'{0x000000070f6e46a0}: 'int java.lang.invoke.DirectMethodHandle$Holder.invokeStatic(java.lang.Object, long)'> (0x000000070f6e46a0) 
thrown [s\open\src\hotspot\share\interpreter\linkResolver.cpp, line 773]
Event: 1.946 Thread 0x0000015b5e06b260 Exception <a 'java/lang/NoSuchMethodError'{0x000000070f706910}: 'int java.lang.invoke.DirectMethodHandle$Holder.invokeSpecial(java.lang.Object, java.lang.Object, int)'> (0x000000070f706910) 
thrown [s\open\src\hotspot\share\interpreter\linkResolver.cpp, line 773]
Event: 1.946 Thread 0x0000015b5e06b260 Exception <a 'java/lang/NoSuchMethodError'{0x000000070f70dd60}: 'int java.lang.invoke.Invokers$Holder.linkToTargetMethod(java.lang.Object, java.lang.Object)'> (0x000000070f70dd60) 
thrown [s\open\src\hotspot\share\interpreter\linkResolver.cpp, line 773]
Event: 1.958 Thread 0x0000015b5e06b260 Exception <a 'java/lang/NoSuchMethodError'{0x000000070f78d7c8}: 'java.lang.Object java.lang.invoke.Invokers$Holder.invoke_MT(java.lang.Object, java.lang.Object, java.lang.Object, java.lang.Object, java.lang.Object, java.lang.Object, java.lang.Object, java.lang.Object, java.lang.Object, java.lang.Object)'> (0x000000070f78d7c8) 
thrown [s\open\src\hotspot\share\interpreter\linkResolver.cpp, line 773]
Event: 1.962 Thread 0x0000015b5e06b260 Exception <a 'java/lang/NoSuchMethodError'{0x000000070f7c7a30}: 'java.lang.Object java.lang.invoke.DirectMethodHandle$Holder.invokeSpecial(java.lang.Object, java.lang.Object, int, java.lang.Object, java.lang.Object)'> (0x000000070f7c7a30) 
thrown [s\open\src\hotspot\share\interpreter\linkResolver.cpp, line 773]
Event: 1.962 Thread 0x0000015b5e06b260 Exception <a 'java/lang/NoSuchMethodError'{0x000000070f7cb460}: 'java.lang.Object java.lang.invoke.DelegatingMethodHandle$Holder.delegate(java.lang.Object, int, java.lang.Object, java.lang.Object)'> (0x000000070f7cb460) 
thrown [s\open\src\hotspot\share\interpreter\linkResolver.cpp, line 773]
Event: 1.963 Thread 0x0000015b5e06b260 Exception <a 'java/lang/NoSuchMethodError'{0x000000070f7da788}: 'int java.lang.invoke.Invokers$Holder.linkToTargetMethod(java.lang.Object, java.lang.Object, java.lang.Object)'> (0x000000070f7da788) 
thrown [s\open\src\hotspot\share\interpreter\linkResolver.cpp, line 773]
Event: 2.007 Thread 0x0000015b5e06b260 Exception <a 'java/lang/NoSuchMethodError'{0x000000071264d4a0}: 'void java.lang.invoke.Invokers$Holder.invokeExact_MT(java.lang.Object, java.lang.Object, java.lang.Object)'> (0x000000071264d4a0) 
thrown [s\open\src\hotspot\share\interpreter\linkResolver.cpp, line 773]
Event: 2.020 Thread 0x0000015b5e06b260 Exception <a 'java/lang/NoClassDefFoundError'{0x00000007126bc5b0}: org/flywaydb/core/Flyway> (0x00000007126bc5b0) 
thrown [s\open\src\hotspot\share\classfile\systemDictionary.cpp, line 294]
Event: 2.020 Thread 0x0000015b5e06b260 Exception <a 'java/lang/NoClassDefFoundError'{0x00000007126bd650}: liquibase/integration/spring/SpringLiquibase> (0x00000007126bd650) 
thrown [s\open\src\hotspot\share\classfile\systemDictionary.cpp, line 294]
Event: 2.053 Thread 0x0000015b5e06b260 Exception <a 'java/lang/NoClassDefFoundError'{0x0000000705788db8}: org/jooq/DSLContext> (0x0000000705788db8) 
thrown [s\open\src\hotspot\share\classfile\systemDictionary.cpp, line 294]
Event: 2.054 Thread 0x0000015b5e06b260 Exception <a 'java/lang/NoClassDefFoundError'{0x0000000705794e08}: org/springframework/batch/core/repository/JobRepository> (0x0000000705794e08) 
thrown [s\open\src\hotspot\share\classfile\systemDictionary.cpp, line 294]
Event: 2.054 Thread 0x0000015b5e06b260 Exception <a 'java/lang/NoClassDefFoundError'{0x0000000705795c60}: org/quartz/Scheduler> (0x0000000705795c60) 
thrown [s\open\src\hotspot\share\classfile\systemDictionary.cpp, line 294]
Event: 2.054 Thread 0x0000015b5e06b260 Exception <a 'java/lang/NoClassDefFoundError'{0x0000000705796e60}: org/springframework/session/jdbc/JdbcIndexedSessionRepository> (0x0000000705796e60) 
thrown [s\open\src\hotspot\share\classfile\systemDictionary.cpp, line 294]
Event: 2.086 Thread 0x0000015b5e06b260 Exception <a 'java/lang/NoSuchMethodError'{0x0000000705489e38}: 'void java.lang.invoke.DirectMethodHandle$Holder.invokeSpecial(java.lang.Object, java.lang.Object, java.lang.Object, java.lang.Object, java.lang.Object, java.lang.Object)'> (0x0000000705489e38) 
thrown [s\open\src\hotspot\share\interpreter\linkResolver.cpp, line 773]
Event: 2.091 Thread 0x0000015b5e06b260 Exception <a 'java/lang/NoSuchMethodError'{0x00000007054ca410}: 'void java.lang.invoke.DirectMethodHandle$Holder.invokeVirtual(java.lang.Object, java.lang.Object, int)'> (0x00000007054ca410) 
thrown [s\open\src\hotspot\share\interpreter\linkResolver.cpp, line 773]
Event: 2.092 Thread 0x0000015b5e06b260 Exception <a 'java/lang/NoSuchMethodError'{0x00000007054ce348}: 'int java.lang.invoke.DirectMethodHandle$Holder.invokeSpecial(java.lang.Object, java.lang.Object, java.lang.Object, int)'> (0x00000007054ce348) 
thrown [s\open\src\hotspot\share\interpreter\linkResolver.cpp, line 773]
Event: 2.093 Thread 0x0000015b5e06b260 Exception <a 'java/lang/NoSuchMethodError'{0x00000007054e0080}: 'java.lang.Object java.lang.invoke.DirectMethodHandle$Holder.invokeStatic(java.lang.Object, java.lang.Object, java.lang.Object, java.lang.Object, int)'> (0x00000007054e0080) 
thrown [s\open\src\hotspot\share\interpreter\linkResolver.cpp, line 773]
Event: 2.094 Thread 0x0000015b5e06b260 Exception <a 'java/lang/NoSuchMethodError'{0x00000007054ea790}: 'void java.lang.invoke.DelegatingMethodHandle$Holder.reinvoke_L(java.lang.Object, java.lang.Object, int)'> (0x00000007054ea790) 
thrown [s\open\src\hotspot\share\interpreter\linkResolver.cpp, line 773]

VM Operations (20 events):
Event: 1.751 Executing VM operation: HandshakeAllThreads
Event: 1.751 Executing VM operation: HandshakeAllThreads done
Event: 1.757 Executing VM operation: HandshakeAllThreads
Event: 1.757 Executing VM operation: HandshakeAllThreads done
Event: 1.758 Executing VM operation: HandshakeAllThreads
Event: 1.758 Executing VM operation: HandshakeAllThreads done
Event: 1.813 Executing VM operation: HandshakeAllThreads
Event: 1.813 Executing VM operation: HandshakeAllThreads done
Event: 1.898 Executing VM operation: ICBufferFull
Event: 1.899 Executing VM operation: ICBufferFull done
Event: 1.929 Executing VM operation: HandshakeAllThreads
Event: 1.929 Executing VM operation: HandshakeAllThreads done
Event: 1.949 Executing VM operation: HandshakeAllThreads
Event: 1.949 Executing VM operation: HandshakeAllThreads done
Event: 1.986 Executing VM operation: CollectForMetadataAllocation
Event: 1.993 Executing VM operation: CollectForMetadataAllocation done
Event: 2.001 Executing VM operation: G1PauseRemark
Event: 2.003 Executing VM operation: G1PauseRemark done
Event: 2.004 Executing VM operation: G1PauseCleanup
Event: 2.005 Executing VM operation: G1PauseCleanup done

Events (18 events):
Event: 0.022 Thread 0x0000015b5e06b260 Thread added: 0x0000015b5e06b260
Event: 0.039 Thread 0x0000015b7d5ab0c0 Thread added: 0x0000015b7d5ab0c0
Event: 0.040 Thread 0x0000015b7d5b3ee0 Thread added: 0x0000015b7d5b3ee0
Event: 0.040 Thread 0x0000015b7d5b5cb0 Thread added: 0x0000015b7d5b5cb0
Event: 0.040 Thread 0x0000015b7d5b67f0 Thread added: 0x0000015b7d5b67f0
Event: 0.040 Thread 0x0000015b7d5bc260 Thread added: 0x0000015b7d5bc260
Event: 0.040 Thread 0x0000015b7d5bcba0 Thread added: 0x0000015b7d5bcba0
Event: 0.040 Thread 0x0000015b7d5c1320 Thread added: 0x0000015b7d5c1320
Event: 0.041 Thread 0x0000015b7d5d00e0 Thread added: 0x0000015b7d5d00e0
Event: 0.106 Thread 0x0000015b7d57a160 Thread added: 0x0000015b7d57a160
Event: 0.167 Thread 0x0000015b7d87f350 Thread added: 0x0000015b7d87f350
Event: 0.220 Thread 0x0000015b7d927c80 Thread added: 0x0000015b7d927c80
Event: 0.220 Thread 0x0000015b7d9281d0 Thread added: 0x0000015b7d9281d0
Event: 0.848 Thread 0x0000015b7e625030 Thread added: 0x0000015b7e625030
Event: 1.185 Thread 0x0000015b7e625030 Thread exited: 0x0000015b7e625030
Event: 1.265 Thread 0x0000015b7e7a42d0 Thread added: 0x0000015b7e7a42d0
Event: 1.284 Thread 0x0000015b7e7a42d0 Thread exited: 0x0000015b7e7a42d0
Event: 1.424 Thread 0x0000015b7e84a4f0 Thread added: 0x0000015b7e84a4f0


Dynamic libraries:
0x00007ff792090000 - 0x00007ff7920a0000 	C:\Program Files\Java\jdk-20\bin\java.exe
0x00007ffeb8c70000 - 0x00007ffeb8e68000 	C:\Windows\SYSTEM32\ntdll.dll
0x00007ffeb6d40000 - 0x00007ffeb6dff000 	C:\Windows\System32\KERNEL32.DLL
0x00007ffeb6710000 - 0x00007ffeb6a06000 	C:\Windows\System32\KERNELBASE.dll
0x00007ffeb64f0000 - 0x00007ffeb65f0000 	C:\Windows\System32\ucrtbase.dll
0x00007ffe814b0000 - 0x00007ffe814cb000 	C:\Program Files\Java\jdk-20\bin\VCRUNTIME140.dll
0x00007ffe82940000 - 0x00007ffe82959000 	C:\Program Files\Java\jdk-20\bin\jli.dll
0x00007ffeb7610000 - 0x00007ffeb76bf000 	C:\Windows\System32\ADVAPI32.dll
0x00007ffeb8690000 - 0x00007ffeb872e000 	C:\Windows\System32\msvcrt.dll
0x00007ffeb8b90000 - 0x00007ffeb8c2c000 	C:\Windows\System32\sechost.dll
0x00007ffeb6e00000 - 0x00007ffeb6f26000 	C:\Windows\System32\RPCRT4.dll
0x00007ffeb7860000 - 0x00007ffeb79fd000 	C:\Windows\System32\USER32.dll
0x00007ffe99fe0000 - 0x00007ffe9a27a000 	C:\Windows\WinSxS\amd64_microsoft.windows.common-controls_6595b64144ccf1df_6.0.19041.1110_none_60b5254171f9507e\COMCTL32.dll
0x00007ffeb6c50000 - 0x00007ffeb6c72000 	C:\Windows\System32\win32u.dll
0x00007ffeb8a10000 - 0x00007ffeb8a3c000 	C:\Windows\System32\GDI32.dll
0x00007ffeb65f0000 - 0x00007ffeb6705000 	C:\Windows\System32\gdi32full.dll
0x00007ffeb6450000 - 0x00007ffeb64ed000 	C:\Windows\System32\msvcp_win.dll
0x00007ffeab950000 - 0x00007ffeab95a000 	C:\Windows\SYSTEM32\VERSION.dll
0x00007ffeb74b0000 - 0x00007ffeb74e0000 	C:\Windows\System32\IMM32.DLL
0x00007ffe95480000 - 0x00007ffe9548c000 	C:\Program Files\Java\jdk-20\bin\vcruntime140_1.dll
0x00007ffe5ec70000 - 0x00007ffe5ecfe000 	C:\Program Files\Java\jdk-20\bin\msvcp140.dll
0x00007ffe4ac00000 - 0x00007ffe4b897000 	C:\Program Files\Java\jdk-20\bin\server\jvm.dll
0x00007ffeae1c0000 - 0x00007ffeae1c9000 	C:\Windows\SYSTEM32\WSOCK32.dll
0x00007ffea36c0000 - 0x00007ffea36e7000 	C:\Windows\SYSTEM32\WINMM.dll
0x00007ffeb8b20000 - 0x00007ffeb8b8b000 	C:\Windows\System32\WS2_32.dll
0x00007ffeb4b80000 - 0x00007ffeb4b92000 	C:\Windows\SYSTEM32\kernel.appcore.dll
0x00007ffe937a0000 - 0x00007ffe937aa000 	C:\Program Files\Java\jdk-20\bin\jimage.dll
0x00007ffeb40e0000 - 0x00007ffeb42c4000 	C:\Windows\SYSTEM32\DBGHELP.DLL
0x00007ffea22a0000 - 0x00007ffea22d4000 	C:\Windows\SYSTEM32\dbgcore.DLL
0x00007ffeb6350000 - 0x00007ffeb63d2000 	C:\Windows\System32\bcryptPrimitives.dll
0x00007ffe9ef70000 - 0x00007ffe9ef7e000 	C:\Program Files\Java\jdk-20\bin\instrument.dll
0x00007ffe7c860000 - 0x00007ffe7c886000 	C:\Program Files\Java\jdk-20\bin\java.dll
0x00007ffe5e150000 - 0x00007ffe5e227000 	C:\Program Files\Java\jdk-20\bin\jsvml.dll
0x00007ffeb7a00000 - 0x00007ffeb8144000 	C:\Windows\System32\SHELL32.dll
0x00007ffeb43d0000 - 0x00007ffeb4b63000 	C:\Windows\SYSTEM32\windows.storage.dll
0x00007ffeb6fe0000 - 0x00007ffeb7334000 	C:\Windows\System32\combase.dll
0x00007ffeb5d90000 - 0x00007ffeb5dbe000 	C:\Windows\SYSTEM32\Wldp.dll
0x00007ffeb77b0000 - 0x00007ffeb785d000 	C:\Windows\System32\SHCORE.dll
0x00007ffeb6ce0000 - 0x00007ffeb6d35000 	C:\Windows\System32\shlwapi.dll
0x00007ffeb6280000 - 0x00007ffeb62a5000 	C:\Windows\SYSTEM32\profapi.dll
0x00007ffe818b0000 - 0x00007ffe818c8000 	C:\Program Files\Java\jdk-20\bin\zip.dll
0x00007ffe83390000 - 0x00007ffe833a3000 	C:\Program Files\Java\jdk-20\bin\net.dll
0x00007ffead5f0000 - 0x00007ffead6fa000 	C:\Windows\SYSTEM32\WINHTTP.dll
0x00007ffeb5af0000 - 0x00007ffeb5b5a000 	C:\Windows\system32\mswsock.dll
0x00007ffe83110000 - 0x00007ffe83126000 	C:\Program Files\Java\jdk-20\bin\nio.dll
0x00007ffe9ef50000 - 0x00007ffe9ef6a000 	C:\Program Files\JetBrains\IntelliJ IDEA Community Edition 2023.2\bin\breakgen64.dll
0x00007ffe91c60000 - 0x00007ffe91c67000 	C:\Program Files\Java\jdk-20\bin\extnet.dll

dbghelp: loaded successfully - version: 4.0.5 - missing functions: none
symbol engine: initialized successfully - sym options: 0x614 - pdb path: .;C:\Program Files\Java\jdk-20\bin;C:\Windows\SYSTEM32;C:\Windows\WinSxS\amd64_microsoft.windows.common-controls_6595b64144ccf1df_6.0.19041.1110_none_60b5254171f9507e;C:\Program Files\Java\jdk-20\bin\server;C:\Program Files\JetBrains\IntelliJ IDEA Community Edition 2023.2\bin

VM Arguments:
jvm_args: -javaagent:C:\Program Files\JetBrains\IntelliJ IDEA Community Edition 2023.2\lib\idea_rt.jar=59861:C:\Program Files\JetBrains\IntelliJ IDEA Community Edition 2023.2\bin -Dfile.encoding=UTF-8 -Dsun.stdout.encoding=UTF-8 -Dsun.stderr.encoding=UTF-8 
java_command: com.medicareplus.MediCarePlus.MediCarePlusApplication
java_class_path (initial): F:\projects\Medi care\hcpbackend\MediCarePlus\target\classes;C:\Users\kbath\.m2\repository\org\springframework\boot\spring-boot-starter-web\3.1.1\spring-boot-starter-web-3.1.1.jar;C:\Users\kbath\.m2\repository\org\springframework\boot\spring-boot-starter\3.1.1\spring-boot-starter-3.1.1.jar;C:\Users\kbath\.m2\repository\org\springframework\boot\spring-boot\3.1.1\spring-boot-3.1.1.jar;C:\Users\kbath\.m2\repository\org\springframework\boot\spring-boot-autoconfigure\3.1.1\spring-boot-autoconfigure-3.1.1.jar;C:\Users\kbath\.m2\repository\org\springframework\boot\spring-boot-starter-logging\3.1.1\spring-boot-starter-logging-3.1.1.jar;C:\Users\kbath\.m2\repository\ch\qos\logback\logback-classic\1.4.8\logback-classic-1.4.8.jar;C:\Users\kbath\.m2\repository\ch\qos\logback\logback-core\1.4.8\logback-core-1.4.8.jar;C:\Users\kbath\.m2\repository\org\apache\logging\log4j\log4j-to-slf4j\2.20.0\log4j-to-slf4j-2.20.0.jar;C:\Users\kbath\.m2\repository\org\apache\logging\log4j\log4j-api\2.20.0\log4j-api-2.20.0.jar;C:\Users\kbath\.m2\repository\org\slf4j\jul-to-slf4j\2.0.7\jul-to-slf4j-2.0.7.jar;C:\Users\kbath\.m2\repository\jakarta\annotation\jakarta.annotation-api\2.1.1\jakarta.annotation-api-2.1.1.jar;C:\Users\kbath\.m2\repository\org\yaml\snakeyaml\1.33\snakeyaml-1.33.jar;C:\Users\kbath\.m2\repository\org\springframework\boot\spring-boot-starter-json\3.1.1\spring-boot-starter-json-3.1.1.jar;C:\Users\kbath\.m2\repository\com\fasterxml\jackson\core\jackson-databind\2.15.2\jackson-databind-2.15.2.jar;C:\Users\kbath\.m2\repository\com\fasterxml\jackson\core\jackson-annotations\2.15.2\jackson-annotations-2.15.2.jar;C:\Users\kbath\.m2\repository\com\fasterxml\jackson\core\jackson-core\2.15.2\jackson-core-2.15.2.jar;C:\Users\kbath\.m2\repository\com\fasterxml\jackson\datatype\jackson-datatype-jdk8\2.15.2\jackson-datatype-jdk8-2.15.2.jar;C:\Users\kbath\.m2\repository\com\fasterxml\jackson\datatype\jackson-datatype-jsr310\2.15.2\jackson-datatype-jsr310-2.15.2.jar;C:\Users\kbath\.m2\repository\com\fasterxml\jackson\module\jackson-module-parameter-names\2.15.2\jackson-module-parameter-names-2.15.2.jar;C:\Users\kbath\.m2\repository\org\springframework\boot\spring-boot-starter-tomcat\3.1.1\spring-boot-starter-tomcat-3.1.1.jar;C:\Users\kbath\.m2\repository\org\apache\tomcat\embed\tomcat-embed-core\10.1.10\tomcat-embed-core-10.1.10.jar;C:\Users\kbath\.m2\repository\org\apache\tomcat\embed\tomcat-embed-el\10.1.10\tomcat-embed-el-10.1.10.jar;C:\Users\kbath\.m2\repository\org\apache\tomcat\embed\tomcat-embed-websocket\10.1.10\tomcat-embed-websocket-10.1.10.jar;C:\Users\kbath\.m2\repository\org\springframework\spring-web\6.0.10\spring-web-6.0.10.jar;C:\Users\kbath\.m2\repository\org\springframework\spring-beans\6.0.10\spring-beans-6.0.10.jar;C:\Users\kbath\.m2\repository\io\micrometer\micrometer-observation\1.11.1\micrometer-observation-1.11.1.jar;C:\Users\kbath\.m2\repository\io\micrometer\micrometer-commons\1.11.1\micrometer-commons-1.11.1.jar;C:\Users\kbath\.m2\repository\org\springframework\spring-webmvc\6.0.10\spring-webmvc-6.0.10.jar;C:\Users\kbath\.m2\repository\org\springframework\spring-aop\6.0.10\spring-aop-6.0.10.jar;C:\Users\kbath\.m2\repository\org\springframework\spring-context\6.0.10\spring-context-6.0.10.jar;C:\Users\kbath\.m2\repository\org\springframework\spring-expression\6.0.10\spring-expression-6.0.10.jar;C:\Users\kbath\.m2\repository\org\slf4j\slf4j-api\2.0.7\slf4j-api-2.0.7.jar;C:\Users\kbath\.m2\repository\jakarta\xml\bind\jakarta.xml.bind-api\4.0.0\jakarta.xml.bind-api-4.0.0.jar;C:\Users\kbath\.m2\repository\jakarta\activation\jakarta.activation-api\2.1.2\jakarta.activation-api-2.1.2.jar;C:\Users\kbath\.m2\repository\net\bytebuddy\byte-buddy\1.14.5\byte-buddy-1.14.5.jar;C:\Users\kbath\.m2\repository\org\springframework\spring-core\6.0.10\spring-core-6.0.10.jar;C:\Users\kbath\.m2\repository\org\springframework\spring-jcl\6.0.10\spring-jcl-6.0.10.jar;C:\Users\kbath\.m2\repository\org\springframework\boot\spring-boot-starter-data-jpa\3.1.1\spring-boot-starter-data-jpa-3.1.1.jar;C:\Users\kbath\.m2\repository\org\springframework\boot\spring-boot-starter-aop\3.1.1\spring-boot-starter-aop-3.1.1.jar;C:\Users\kbath\.m2\repository\org\aspectj\aspectjweaver\1.9.19\aspectjweaver-1.9.19.jar;C:\Users\kbath\.m2\repository\org\springframework\boot\spring-boot-starter-jdbc\3.1.1\spring-boot-starter-jdbc-3.1.1.jar;C:\Users\kbath\.m2\repository\com\zaxxer\HikariCP\5.0.1\HikariCP-5.0.1.jar;C:\Users\kbath\.m2\repository\org\springframework\spring-jdbc\6.0.10\spring-jdbc-6.0.10.jar;C:\Users\kbath\.m2\repository\org\hibernate\orm\hibernate-core\6.2.5.Final\hibernate-core-6.2.5.Final.jar;C:\Users\kbath\.m2\repository\jakarta\persistence\jakarta.persistence-api\3.1.0\jakarta.persistence-api-3.1.0.jar;C:\Users\kbath\.m2\repository\jakarta\transaction\jakarta.transaction-api\2.0.1\jakarta.transaction-api-2.0.1.jar;C:\Users\kbath\.m2\repository\org\jboss\logging\jboss-logging\3.5.1.Final\jboss-logging-3.5.1.Final.jar;C:\Users\kbath\.m2\repository\org\hibernate\common\hibernate-commons-annotations\6.0.6.Final\hibernate-commons-annotations-6.0.6.Final.jar;C:\Users\kbath\.m2\repository\io\smallrye\jandex\3.0.5\jandex-3.0.5.jar;C:\Users\kbath\.m2\repository\com\fasterxml\classmate\1.5.1\classmate-1.5.1.jar;C:\Users\kbath\.m2\repository\org\glassfish\jaxb\jaxb-runtime\4.0.3\jaxb-runtime-4.0.3.jar;C:\Users\kbath\.m2\repository\org\glassfish\jaxb\jaxb-core\4.0.3\jaxb-core-4.0.3.jar;C:\Users\kbath\.m2\repository\org\eclipse\angus\angus-activation\2.0.1\angus-activation-2.0.1.jar;C:\Users\kbath\.m2\repository\org\glassfish\jaxb\txw2\4.0.3\txw2-4.0.3.jar;C:\Users\kbath\.m2\repository\com\sun\istack\istack-commons-runtime\4.1.2\istack-commons-runtime-4.1.2.jar;C:\Users\kbath\.m2\repository\jakarta\inject\jakarta.inject-api\2.0.1\jakarta.inject-api-2.0.1.jar;C:\Users\kbath\.m2\repository\org\antlr\antlr4-runtime\4.10.1\antlr4-runtime-4.10.1.jar;C:\Users\kbath\.m2\repository\org\springframework\data\spring-data-jpa\3.1.1\spring-data-jpa-3.1.1.jar;C:\Users\kbath\.m2\repository\org\springframework\data\spring-data-commons\3.1.1\spring-data-commons-3.1.1.jar;C:\Users\kbath\.m2\repository\org\springframework\spring-orm\6.0.10\spring-orm-6.0.10.jar;C:\Users\kbath\.m2\repository\org\springframework\spring-tx\6.0.10\spring-tx-6.0.10.jar;C:\Users\kbath\.m2\repository\org\springframework\spring-aspects\6.0.10\spring-aspects-6.0.10.jar;C:\Users\kbath\.m2\repository\com\mysql\mysql-connector-j\8.0.33\mysql-connector-j-8.0.33.jar;C:\Users\kbath\.m2\repository\org\projectlombok\lombok\1.18.28\lombok-1.18.28.jar;C:\Users\kbath\.m2\repository\org\modelmapper\modelmapper\3.1.1\modelmapper-3.1.1.jar;C:\Users\kbath\.m2\repository\org\jetbrains\annotations\24.0.1\annotations-24.0.1.jar
Launcher Type: SUN_STANDARD

[Global flags]
     intx CICompilerCount                          = 4                                         {product} {ergonomic}
     uint ConcGCThreads                            = 2                                         {product} {ergonomic}
     uint G1ConcRefinementThreads                  = 8                                         {product} {ergonomic}
   size_t G1HeapRegionSize                         = 2097152                                   {product} {ergonomic}
    uintx GCDrainStackTargetSize                   = 64                                        {product} {ergonomic}
   size_t InitialHeapSize                          = 266338304                                 {product} {ergonomic}
   size_t MarkStackSize                            = 4194304                                   {product} {ergonomic}
   size_t MaxHeapSize                              = 4250927104                                {product} {ergonomic}
   size_t MaxNewSize                               = 2550136832                                {product} {ergonomic}
   size_t MinHeapDeltaBytes                        = 2097152                                   {product} {ergonomic}
   size_t MinHeapSize                              = 8388608                                   {product} {ergonomic}
    uintx NonNMethodCodeHeapSize                   = 5839372                                {pd product} {ergonomic}
    uintx NonProfiledCodeHeapSize                  = 122909434                              {pd product} {ergonomic}
    uintx ProfiledCodeHeapSize                     = 122909434                              {pd product} {ergonomic}
    uintx ReservedCodeCacheSize                    = 251658240                              {pd product} {ergonomic}
     bool SegmentedCodeCache                       = true                                      {product} {ergonomic}
   size_t SoftMaxHeapSize                          = 4250927104                             {manageable} {ergonomic}
     bool UseCompressedClassPointers               = true                           {product lp64_product} {ergonomic}
     bool UseCompressedOops                        = true                           {product lp64_product} {ergonomic}
     bool UseG1GC                                  = true                                      {product} {ergonomic}
     bool UseLargePagesIndividualAllocation        = false                                  {pd product} {ergonomic}

Logging:
Log output configuration:
 #0: stdout all=warning uptime,level,tags foldmultilines=false
 #1: stderr all=off uptime,level,tags foldmultilines=false

Environment Variables:
PATH=C:\Program Files\Common Files\Oracle\Java\javapath;C:\Windows\system32;C:\Windows;C:\Windows\System32\Wbem;C:\Windows\System32\WindowsPowerShell\v1.0\;C:\Windows\System32\OpenSSH\;C:\Program Files\Git\cmd;C:\Program Files\nodejs\;C:\Users\kbath\AppData\Local\Programs\Python\Python311\Scripts\;C:\Users\kbath\AppData\Local\Programs\Python\Python311\;C:\Program Files\MySQL\MySQL Shell 8.0\bin\;C:\Users\kbath\AppData\Local\Microsoft\WindowsApps;C:\Users\kbath\AppData\Local\Programs\Microsoft VS Code\bin;C:\Users\kbath\AppData\Local\GitHubDesktop\bin;C:\Program Files\JetBrains\IntelliJ IDEA Community Edition 2023.2\bin;;C:\Users\kbath\AppData\Roaming\npm
USERNAME=kbath
OS=Windows_NT
PROCESSOR_IDENTIFIER=Intel64 Family 6 Model 158 Stepping 10, GenuineIntel
TMP=C:\Users\kbath\AppData\Local\Temp
TEMP=C:\Users\kbath\AppData\Local\Temp




---------------  S Y S T E M  ---------------

OS:
 Windows 10 , 64 bit Build 19041 (10.0.19041.3155)
OS uptime: 1 days 15:17 hours

CPU: total 8 (initial active 8) (4 cores per cpu, 2 threads per core) family 6 model 158 stepping 10 microcode 0xf0, cx8, cmov, fxsr, ht, mmx, 3dnowpref, sse, sse2, sse3, ssse3, sse4.1, sse4.2, popcnt, lzcnt, tsc, tscinvbit, avx, avx2, aes, erms, clmul, bmi1, bmi2, adx, fma, vzeroupper, clflush, clflushopt, rdtscp, f16c

Memory: 4k page, system-wide physical 16211M (6570M free)
TotalPageFile size 18643M (AvailPageFile size 5211M)
current process WorkingSet (physical memory assigned to process): 126M, peak: 170M
current process commit charge ("private bytes"): 201M, peak: 409M

vm_info: Java HotSpot(TM) 64-Bit Server VM (20+36-2344) for windows-amd64 JRE (20+36-2344), built on 2023-02-10T19:30:15Z by "mach5one" with MS VC++ 17.1 (VS2022)

END.
