#
# A fatal error has been detected by the Java Runtime Environment:
#
#  EXCEPTION_ACCESS_VIOLATION (0xc0000005) at pc=0x00007ffc3002e7a2, pid=6288, tid=10276
#
# JRE version: Java(TM) SE Runtime Environment (17.0.8+9) (build 17.0.8+9-LTS-211)
# Java VM: Java HotSpot(TM) 64-Bit Server VM (17.0.8+9-LTS-211, mixed mode, sharing, tiered, compressed oops, compressed class ptrs, g1 gc, windows-amd64)
# Problematic frame:
# V  [jvm.dll+0x22e7a2]
#
# No core dump will be written. Minidumps are not enabled by default on client versions of Windows
#
# If you would like to submit a bug report, please visit:
#   https://bugreport.java.com/bugreport/crash.jsp
#

---------------  S U M M A R Y ------------

Command Line: -Dmaven.multiModuleProjectDirectory=F:\projects\Medi care\hcpbackend\MediCarePlus -Djansi.passthrough=true -Dmaven.home=C:\Users\kbath\.m2\wrapper\dists\apache-maven-3.9.3-bin\54p6kc7m0ap3os8bc4ge28ia2\apache-maven-3.9.3 -Dclassworlds.conf=C:\Users\kbath\.m2\wrapper\dists\apache-maven-3.9.3-bin\54p6kc7m0ap3os8bc4ge28ia2\apache-maven-3.9.3\bin\m2.conf -Dmaven.ext.class.path=C:\Program Files\JetBrains\IntelliJ IDEA Community Edition 2023.2\plugins\maven\lib\maven-event-listener.jar -javaagent:C:\Program Files\JetBrains\IntelliJ IDEA Community Edition 2023.2\lib\idea_rt.jar=51701:C:\Program Files\JetBrains\IntelliJ IDEA Community Edition 2023.2\bin -Dfile.encoding=UTF-8 org.codehaus.classworlds.Launcher -Didea.version=2023.2.2

Host: Intel(R) Core(TM) i5-9300H CPU @ 2.40GHz, 8 cores, 15G,  Windows 10 , 64 bit Build 19041 (10.0.19041.3393)
Time: Wed Oct  4 01:17:48 2023 Sri Lanka Standard Time elapsed time: 1.547477 seconds (0d 0h 0m 1s)

---------------  T H R E A D  ---------------

Current thread (0x0000019395a151d0):  JavaThread "Sweeper thread" daemon [_thread_in_vm, id=10276, stack(0x00000020d4a00000,0x00000020d4b00000)]

Stack: [0x00000020d4a00000,0x00000020d4b00000],  sp=0x00000020d4aff1a0,  free space=1020k
Native frames: (J=compiled Java code, j=interpreted, Vv=VM code, C=native code)
V  [jvm.dll+0x22e7a2]
V  [jvm.dll+0x22e52b]
V  [jvm.dll+0x744cf8]
V  [jvm.dll+0x7450d6]
V  [jvm.dll+0x74573c]
V  [jvm.dll+0x78e7bc]
V  [jvm.dll+0x788bba]
V  [jvm.dll+0x676b35]
C  [ucrtbase.dll+0x21bb2]
C  [KERNEL32.DLL+0x17344]
C  [ntdll.dll+0x526b1]


siginfo: EXCEPTION_ACCESS_VIOLATION (0xc0000005), reading address 0x0000000000000800


Register to memory mapping:

RIP=0x00007ffc3002e7a2 jvm.dll
RAX=0x0000000000000800 is an unknown value
RBX=0x0000000000000800 is an unknown value
RCX=0x0 is NULL
RDX=0x0 is NULL
RSP=0x00000020d4aff1a0 is pointing into the stack for thread: 0x0000019395a151d0
RBP=0x00000020d4aff249 is pointing into the stack for thread: 0x0000019395a151d0
RSI=0x0 is NULL
RDI=0x0 is NULL
R8 =0x00000020d4aff201 is pointing into the stack for thread: 0x0000019395a151d0
R9 =0x0000000000000048 is an unknown value
R10=0x00007ffc2fe00000 jvm.dll
R11=0x00000193801be6c0 is at entry_point+0 in (nmethod*)0x00000193801be410
R12=0x0 is NULL
R13=0x0000019395a03ab0 points into unknown readable memory: 0x0000000000000002 | 02 00 00 00 00 00 00 00
R14=0x00000193801be410 is at entry_point+-688 in (nmethod*)0x00000193801be410
R15=0x00000193801be400 points into unknown readable memory: 0x000000000000002b | 2b 00 00 00 00 00 00 00


Registers:
RAX=0x0000000000000800, RBX=0x0000000000000800, RCX=0x0000000000000000, RDX=0x0000000000000000
RSP=0x00000020d4aff1a0, RBP=0x00000020d4aff249, RSI=0x0000000000000000, RDI=0x0000000000000000
R8 =0x00000020d4aff201, R9 =0x0000000000000048, R10=0x00007ffc2fe00000, R11=0x00000193801be6c0
R12=0x0000000000000000, R13=0x0000019395a03ab0, R14=0x00000193801be410, R15=0x00000193801be400
RIP=0x00007ffc3002e7a2, EFLAGS=0x0000000000010206

Top of Stack: (sp=0x00000020d4aff1a0)
0x00000020d4aff1a0:   0000000000000000 00000020d4aff249
0x00000020d4aff1b0:   0000000000000000 0000000000000000
0x00000020d4aff1c0:   0000019395a20df0 0000019395a211c8
0x00000020d4aff1d0:   0000000000000000 00000193801be686
0x00000020d4aff1e0:   00000193801be6b8 00000193801be410
0x00000020d4aff1f0:   00000193801bf3d5 00000000000001ce
0x00000020d4aff200:   00000193801be682 00007ffc8da20000
0x00000020d4aff210:   00000193801be6c0 00000193801be6c0
0x00000020d4aff220:   00000193801bf340 00000193801be6c0
0x00000020d4aff230:   00000193801bf340 00000193801bf438
0x00000020d4aff240:   00007ffc306de0f0 00000020d4aff1d0
0x00000020d4aff250:   000000200000000c 0000000000000000
0x00000020d4aff260:   0000002000000000 00007ffc8d9dfcb4
0x00000020d4aff270:   00000193801be410 0000000000000001
0x00000020d4aff280:   0000000000000000 0000000000000000
0x00000020d4aff290:   00000193801be410 0000000000000000 

Instructions: (pc=0x00007ffc3002e7a2)
0x00007ffc3002e6a2:   75 07 48 8d 4d 87 e8 93 94 49 00 45 32 ff 48 8d
0x00007ffc3002e6b2:   1d 39 fa 6a 00 b9 00 f0 00 00 0f 1f 40 00 48 8b
0x00007ffc3002e6c2:   45 8f 48 83 c0 02 48 89 45 8f 48 3b 45 97 0f 84
0x00007ffc3002e6d2:   76 03 00 00 66 89 75 bf 0f b7 00 66 23 c1 66 3b
0x00007ffc3002e6e2:   c1 75 09 48 8d 4d 87 e8 82 8e 49 00 48 8b 45 8f
0x00007ffc3002e6f2:   0f b7 10 48 8b 45 87 81 e2 ff 03 00 00 48 03 55
0x00007ffc3002e702:   a7 48 89 55 a7 48 85 c0 74 09 48 3b d0 0f 83 37
0x00007ffc3002e712:   03 00 00 48 8b 45 8f 0f b7 08 c1 e9 0c 83 e9 02
0x00007ffc3002e722:   0f 84 c4 01 00 00 83 e9 01 0f 84 7d 01 00 00 83
0x00007ffc3002e732:   e9 01 0f 84 c5 00 00 00 83 e9 01 0f 84 b4 00 00
0x00007ffc3002e742:   00 83 f9 07 b9 00 f0 00 00 0f 85 6f ff ff ff 45
0x00007ffc3002e752:   84 ff 0f 84 66 ff ff ff 49 8b 06 49 8b ce 45 32
0x00007ffc3002e762:   ff ff 90 20 02 00 00 84 c0 0f 85 d2 02 00 00 48
0x00007ffc3002e772:   8d 45 87 c7 45 07 0c 00 00 00 48 8d 4d f7 48 89
0x00007ffc3002e782:   45 ff 48 89 5d f7 e8 33 a7 49 00 48 8d 4d f7 e8
0x00007ffc3002e792:   aa 95 49 00 48 8b d8 48 85 c0 0f 84 a1 02 00 00
0x00007ffc3002e7a2:   48 8b 10 48 8b c8 ff 52 10 84 c0 0f 84 90 02 00
0x00007ffc3002e7b2:   00 48 8b 43 08 48 8b 48 08 48 8b 49 18 48 8b 89
0x00007ffc3002e7c2:   98 00 00 00 e8 05 5b fc ff 84 c0 0f 85 70 02 00
0x00007ffc3002e7d2:   00 48 8d 4d f7 e8 44 95 49 00 48 89 30 83 7d 0f
0x00007ffc3002e7e2:   00 0f 84 5a 02 00 00 48 8d 4d f7 e8 ae 91 49 00
0x00007ffc3002e7f2:   e9 b9 fe ff ff 41 b7 01 e9 b8 fe ff ff 49 8b 1e
0x00007ffc3002e802:   48 8d 4d 87 e8 c5 9b 49 00 48 8b d0 49 8b ce ff
0x00007ffc3002e812:   93 08 02 00 00 48 8b c8 48 8b f0 48 8b 10 ff 12
0x00007ffc3002e822:   48 8b c8 e8 b6 3a fd ff 48 8b f8 48 85 c0 0f 84
0x00007ffc3002e832:   0b 02 00 00 48 8b 10 48 8b c8 ff 52 58 33 db 84
0x00007ffc3002e842:   c0 48 0f 45 df 48 85 db 0f 84 f1 01 00 00 45 84
0x00007ffc3002e852:   e4 75 31 48 8b 03 48 8b cb ff 90 c0 00 00 00 84
0x00007ffc3002e862:   c0 74 21 48 8b 03 48 8b cb ff 90 20 02 00 00 84
0x00007ffc3002e872:   c0 75 11 48 8b 43 70 48 8b 40 48 48 3b c3 0f 84
0x00007ffc3002e882:   bb 01 00 00 49 8b 06 49 8b ce ff 90 20 02 00 00
0x00007ffc3002e892:   84 c0 48 8b ce 0f 94 c2 e8 71 f0 ff ff 84 c0 74 


Stack slot to memory mapping:
stack at sp + 0 slots: 0x0 is NULL
stack at sp + 1 slots: 0x00000020d4aff249 is pointing into the stack for thread: 0x0000019395a151d0
stack at sp + 2 slots: 0x0 is NULL
stack at sp + 3 slots: 0x0 is NULL
stack at sp + 4 slots: 0x0000019395a20df0 points into unknown readable memory: 0x0000019395a20e10 | 10 0e a2 95 93 01 00 00
stack at sp + 5 slots: 0x0000019395a211c8 points into unknown readable memory: 0x8800070056032b35 | 35 2b 03 56 00 07 00 88
stack at sp + 6 slots: 0x0 is NULL
stack at sp + 7 slots: 0x00000193801be686 is at entry_point+-58 in (nmethod*)0x00000193801be410


---------------  P R O C E S S  ---------------

Threads class SMR info:
_java_thread_list=0x00000193db385e30, length=15, elements={
0x00000193f2c59990, 0x00000193955a8630, 0x00000193959f7680, 0x0000019395a03b70,
0x0000019395a04430, 0x0000019395a04cf0, 0x0000019395a056a0, 0x0000019395a11940,
0x0000019395a123e0, 0x0000019395a151d0, 0x0000019395b2d070, 0x0000019395c0a590,
0x0000019395c0aa60, 0x00000193db1f05a0, 0x00000193db454bc0
}

Java Threads: ( => current thread )
  0x00000193f2c59990 JavaThread "main" [_thread_in_vm, id=5520, stack(0x00000020d3b00000,0x00000020d3c00000)]
  0x00000193955a8630 JavaThread "Reference Handler" daemon [_thread_blocked, id=4504, stack(0x00000020d4200000,0x00000020d4300000)]
  0x00000193959f7680 JavaThread "Finalizer" daemon [_thread_blocked, id=6212, stack(0x00000020d4300000,0x00000020d4400000)]
  0x0000019395a03b70 JavaThread "Signal Dispatcher" daemon [_thread_blocked, id=10956, stack(0x00000020d4400000,0x00000020d4500000)]
  0x0000019395a04430 JavaThread "Attach Listener" daemon [_thread_blocked, id=5196, stack(0x00000020d4500000,0x00000020d4600000)]
  0x0000019395a04cf0 JavaThread "Service Thread" daemon [_thread_blocked, id=10700, stack(0x00000020d4600000,0x00000020d4700000)]
  0x0000019395a056a0 JavaThread "Monitor Deflation Thread" daemon [_thread_blocked, id=13028, stack(0x00000020d4700000,0x00000020d4800000)]
  0x0000019395a11940 JavaThread "C2 CompilerThread0" daemon [_thread_blocked, id=4420, stack(0x00000020d4800000,0x00000020d4900000)]
  0x0000019395a123e0 JavaThread "C1 CompilerThread0" daemon [_thread_blocked, id=2028, stack(0x00000020d4900000,0x00000020d4a00000)]
=>0x0000019395a151d0 JavaThread "Sweeper thread" daemon [_thread_in_vm, id=10276, stack(0x00000020d4a00000,0x00000020d4b00000)]
  0x0000019395b2d070 JavaThread "Common-Cleaner" daemon [_thread_blocked, id=3056, stack(0x00000020d4b00000,0x00000020d4c00000)]
  0x0000019395c0a590 JavaThread "Monitor Ctrl-Break" daemon [_thread_in_native, id=12676, stack(0x00000020d4c00000,0x00000020d4d00000)]
  0x0000019395c0aa60 JavaThread "Notification Thread" daemon [_thread_blocked, id=11580, stack(0x00000020d4d00000,0x00000020d4e00000)]
  0x00000193db1f05a0 JavaThread "C2 CompilerThread1" daemon [_thread_blocked, id=12876, stack(0x00000020d4f00000,0x00000020d5000000)]
  0x00000193db454bc0 JavaThread "C2 CompilerThread2" daemon [_thread_blocked, id=600, stack(0x00000020d5000000,0x00000020d5100000)]

Other Threads:
  0x00000193955a7a60 VMThread "VM Thread" [stack: 0x00000020d4100000,0x00000020d4200000] [id=7100]
  0x00000193f2ce2650 WatcherThread [stack: 0x00000020d4e00000,0x00000020d4f00000] [id=4396]
  0x00000193f2cc2b00 GCTaskThread "GC Thread#0" [stack: 0x00000020d3c00000,0x00000020d3d00000] [id=4612]
  0x0000019395cff820 GCTaskThread "GC Thread#1" [stack: 0x00000020d5100000,0x00000020d5200000] [id=3340]
  0x0000019395a46b80 GCTaskThread "GC Thread#2" [stack: 0x00000020d5200000,0x00000020d5300000] [id=2212]
  0x0000019395a46e30 GCTaskThread "GC Thread#3" [stack: 0x00000020d5300000,0x00000020d5400000] [id=3620]
  0x00000193db4587a0 GCTaskThread "GC Thread#4" [stack: 0x00000020d5400000,0x00000020d5500000] [id=12208]
  0x00000193db2051d0 GCTaskThread "GC Thread#5" [stack: 0x00000020d5500000,0x00000020d5600000] [id=3144]
  0x00000193db946a80 GCTaskThread "GC Thread#6" [stack: 0x00000020d5600000,0x00000020d5700000] [id=10896]
  0x00000193db946d30 GCTaskThread "GC Thread#7" [stack: 0x00000020d5700000,0x00000020d5800000] [id=1840]
  0x00000193f2cd47a0 ConcurrentGCThread "G1 Main Marker" [stack: 0x00000020d3d00000,0x00000020d3e00000] [id=10188]
  0x00000193f2cd61c0 ConcurrentGCThread "G1 Conc#0" [stack: 0x00000020d3e00000,0x00000020d3f00000] [id=1400]
  0x00000193954766a0 ConcurrentGCThread "G1 Refine#0" [stack: 0x00000020d3f00000,0x00000020d4000000] [id=1636]
  0x00000193954770c0 ConcurrentGCThread "G1 Service" [stack: 0x00000020d4000000,0x00000020d4100000] [id=6092]

Threads with active compile tasks:

VM state: not at safepoint (normal execution)

VM Mutex/Monitor currently owned by a thread:  ([mutex/lock_event])
[0x00000193f2c56150] CompiledIC_lock - owner thread: 0x0000019395a151d0

Heap address: 0x0000000702a00000, size: 4054 MB, Compressed Oops mode: Zero based, Oop shift amount: 3

CDS archive(s) mapped at: [0x0000019396000000-0x0000019396bd0000-0x0000019396bd0000), size 12386304, SharedBaseAddress: 0x0000019396000000, ArchiveRelocationMode: 1.
Compressed class space mapped at: 0x0000019397000000-0x00000193d7000000, reserved size: 1073741824
Narrow klass base: 0x0000019396000000, Narrow klass shift: 0, Narrow klass range: 0x100000000

GC Precious Log:
 CPUs: 8 total, 8 available
 Memory: 16211M
 Large Page Support: Disabled
 NUMA Support: Disabled
 Compressed Oops: Enabled (Zero based)
 Heap Region Size: 2M
 Heap Min Capacity: 8M
 Heap Initial Capacity: 254M
 Heap Max Capacity: 4054M
 Pre-touch: Disabled
 Parallel Workers: 8
 Concurrent Workers: 2
 Concurrent Refinement Workers: 8
 Periodic GC: Disabled

Heap:
 garbage-first heap   total 260096K, used 44387K [0x0000000702a00000, 0x0000000800000000)
  region size 2048K, 21 young (43008K), 1 survivors (2048K)
 Metaspace       used 15133K, committed 15296K, reserved 1114112K
  class space    used 1815K, committed 1920K, reserved 1048576K

Heap Regions: E=young(eden), S=young(survivor), O=old, HS=humongous(starts), HC=humongous(continues), CS=collection set, F=free, OA=open archive, CA=closed archive, TAMS=top-at-mark-start (previous, next)
|   0|0x0000000702a00000, 0x0000000702c00000, 0x0000000702c00000|100%| O|  |TAMS 0x0000000702a00000, 0x0000000702a00000| Untracked 
|   1|0x0000000702c00000, 0x0000000702d8dc00, 0x0000000702e00000| 77%| O|  |TAMS 0x0000000702c00000, 0x0000000702c00000| Untracked 
|   2|0x0000000702e00000, 0x0000000702e00000, 0x0000000703000000|  0%| F|  |TAMS 0x0000000702e00000, 0x0000000702e00000| Untracked 
|   3|0x0000000703000000, 0x0000000703000000, 0x0000000703200000|  0%| F|  |TAMS 0x0000000703000000, 0x0000000703000000| Untracked 
|   4|0x0000000703200000, 0x0000000703200000, 0x0000000703400000|  0%| F|  |TAMS 0x0000000703200000, 0x0000000703200000| Untracked 
|   5|0x0000000703400000, 0x0000000703400000, 0x0000000703600000|  0%| F|  |TAMS 0x0000000703400000, 0x0000000703400000| Untracked 
|   6|0x0000000703600000, 0x0000000703600000, 0x0000000703800000|  0%| F|  |TAMS 0x0000000703600000, 0x0000000703600000| Untracked 
|   7|0x0000000703800000, 0x0000000703800000, 0x0000000703a00000|  0%| F|  |TAMS 0x0000000703800000, 0x0000000703800000| Untracked 
|   8|0x0000000703a00000, 0x0000000703a00000, 0x0000000703c00000|  0%| F|  |TAMS 0x0000000703a00000, 0x0000000703a00000| Untracked 
|   9|0x0000000703c00000, 0x0000000703c00000, 0x0000000703e00000|  0%| F|  |TAMS 0x0000000703c00000, 0x0000000703c00000| Untracked 
|  10|0x0000000703e00000, 0x0000000703e00000, 0x0000000704000000|  0%| F|  |TAMS 0x0000000703e00000, 0x0000000703e00000| Untracked 
|  11|0x0000000704000000, 0x0000000704000000, 0x0000000704200000|  0%| F|  |TAMS 0x0000000704000000, 0x0000000704000000| Untracked 
|  12|0x0000000704200000, 0x0000000704200000, 0x0000000704400000|  0%| F|  |TAMS 0x0000000704200000, 0x0000000704200000| Untracked 
|  13|0x0000000704400000, 0x0000000704400000, 0x0000000704600000|  0%| F|  |TAMS 0x0000000704400000, 0x0000000704400000| Untracked 
|  14|0x0000000704600000, 0x0000000704600000, 0x0000000704800000|  0%| F|  |TAMS 0x0000000704600000, 0x0000000704600000| Untracked 
|  15|0x0000000704800000, 0x0000000704800000, 0x0000000704a00000|  0%| F|  |TAMS 0x0000000704800000, 0x0000000704800000| Untracked 
|  16|0x0000000704a00000, 0x0000000704a00000, 0x0000000704c00000|  0%| F|  |TAMS 0x0000000704a00000, 0x0000000704a00000| Untracked 
|  17|0x0000000704c00000, 0x0000000704c00000, 0x0000000704e00000|  0%| F|  |TAMS 0x0000000704c00000, 0x0000000704c00000| Untracked 
|  18|0x0000000704e00000, 0x0000000704e00000, 0x0000000705000000|  0%| F|  |TAMS 0x0000000704e00000, 0x0000000704e00000| Untracked 
|  19|0x0000000705000000, 0x0000000705000000, 0x0000000705200000|  0%| F|  |TAMS 0x0000000705000000, 0x0000000705000000| Untracked 
|  20|0x0000000705200000, 0x0000000705200000, 0x0000000705400000|  0%| F|  |TAMS 0x0000000705200000, 0x0000000705200000| Untracked 
|  21|0x0000000705400000, 0x0000000705400000, 0x0000000705600000|  0%| F|  |TAMS 0x0000000705400000, 0x0000000705400000| Untracked 
|  22|0x0000000705600000, 0x0000000705600000, 0x0000000705800000|  0%| F|  |TAMS 0x0000000705600000, 0x0000000705600000| Untracked 
|  23|0x0000000705800000, 0x0000000705800000, 0x0000000705a00000|  0%| F|  |TAMS 0x0000000705800000, 0x0000000705800000| Untracked 
|  24|0x0000000705a00000, 0x0000000705a00000, 0x0000000705c00000|  0%| F|  |TAMS 0x0000000705a00000, 0x0000000705a00000| Untracked 
|  25|0x0000000705c00000, 0x0000000705c00000, 0x0000000705e00000|  0%| F|  |TAMS 0x0000000705c00000, 0x0000000705c00000| Untracked 
|  26|0x0000000705e00000, 0x0000000705e00000, 0x0000000706000000|  0%| F|  |TAMS 0x0000000705e00000, 0x0000000705e00000| Untracked 
|  27|0x0000000706000000, 0x0000000706000000, 0x0000000706200000|  0%| F|  |TAMS 0x0000000706000000, 0x0000000706000000| Untracked 
|  28|0x0000000706200000, 0x0000000706200000, 0x0000000706400000|  0%| F|  |TAMS 0x0000000706200000, 0x0000000706200000| Untracked 
|  29|0x0000000706400000, 0x0000000706400000, 0x0000000706600000|  0%| F|  |TAMS 0x0000000706400000, 0x0000000706400000| Untracked 
|  30|0x0000000706600000, 0x0000000706600000, 0x0000000706800000|  0%| F|  |TAMS 0x0000000706600000, 0x0000000706600000| Untracked 
|  31|0x0000000706800000, 0x0000000706800000, 0x0000000706a00000|  0%| F|  |TAMS 0x0000000706800000, 0x0000000706800000| Untracked 
|  32|0x0000000706a00000, 0x0000000706a00000, 0x0000000706c00000|  0%| F|  |TAMS 0x0000000706a00000, 0x0000000706a00000| Untracked 
|  33|0x0000000706c00000, 0x0000000706c00000, 0x0000000706e00000|  0%| F|  |TAMS 0x0000000706c00000, 0x0000000706c00000| Untracked 
|  34|0x0000000706e00000, 0x0000000706e00000, 0x0000000707000000|  0%| F|  |TAMS 0x0000000706e00000, 0x0000000706e00000| Untracked 
|  35|0x0000000707000000, 0x0000000707000000, 0x0000000707200000|  0%| F|  |TAMS 0x0000000707000000, 0x0000000707000000| Untracked 
|  36|0x0000000707200000, 0x0000000707200000, 0x0000000707400000|  0%| F|  |TAMS 0x0000000707200000, 0x0000000707200000| Untracked 
|  37|0x0000000707400000, 0x0000000707400000, 0x0000000707600000|  0%| F|  |TAMS 0x0000000707400000, 0x0000000707400000| Untracked 
|  38|0x0000000707600000, 0x0000000707600000, 0x0000000707800000|  0%| F|  |TAMS 0x0000000707600000, 0x0000000707600000| Untracked 
|  39|0x0000000707800000, 0x0000000707800000, 0x0000000707a00000|  0%| F|  |TAMS 0x0000000707800000, 0x0000000707800000| Untracked 
|  40|0x0000000707a00000, 0x0000000707a00000, 0x0000000707c00000|  0%| F|  |TAMS 0x0000000707a00000, 0x0000000707a00000| Untracked 
|  41|0x0000000707c00000, 0x0000000707c00000, 0x0000000707e00000|  0%| F|  |TAMS 0x0000000707c00000, 0x0000000707c00000| Untracked 
|  42|0x0000000707e00000, 0x0000000707e00000, 0x0000000708000000|  0%| F|  |TAMS 0x0000000707e00000, 0x0000000707e00000| Untracked 
|  43|0x0000000708000000, 0x0000000708000000, 0x0000000708200000|  0%| F|  |TAMS 0x0000000708000000, 0x0000000708000000| Untracked 
|  44|0x0000000708200000, 0x0000000708200000, 0x0000000708400000|  0%| F|  |TAMS 0x0000000708200000, 0x0000000708200000| Untracked 
|  45|0x0000000708400000, 0x0000000708400000, 0x0000000708600000|  0%| F|  |TAMS 0x0000000708400000, 0x0000000708400000| Untracked 
|  46|0x0000000708600000, 0x0000000708600000, 0x0000000708800000|  0%| F|  |TAMS 0x0000000708600000, 0x0000000708600000| Untracked 
|  47|0x0000000708800000, 0x0000000708800000, 0x0000000708a00000|  0%| F|  |TAMS 0x0000000708800000, 0x0000000708800000| Untracked 
|  48|0x0000000708a00000, 0x0000000708a00000, 0x0000000708c00000|  0%| F|  |TAMS 0x0000000708a00000, 0x0000000708a00000| Untracked 
|  49|0x0000000708c00000, 0x0000000708c00000, 0x0000000708e00000|  0%| F|  |TAMS 0x0000000708c00000, 0x0000000708c00000| Untracked 
|  50|0x0000000708e00000, 0x0000000708e00000, 0x0000000709000000|  0%| F|  |TAMS 0x0000000708e00000, 0x0000000708e00000| Untracked 
|  51|0x0000000709000000, 0x0000000709000000, 0x0000000709200000|  0%| F|  |TAMS 0x0000000709000000, 0x0000000709000000| Untracked 
|  52|0x0000000709200000, 0x0000000709200000, 0x0000000709400000|  0%| F|  |TAMS 0x0000000709200000, 0x0000000709200000| Untracked 
|  53|0x0000000709400000, 0x0000000709400000, 0x0000000709600000|  0%| F|  |TAMS 0x0000000709400000, 0x0000000709400000| Untracked 
|  54|0x0000000709600000, 0x0000000709600000, 0x0000000709800000|  0%| F|  |TAMS 0x0000000709600000, 0x0000000709600000| Untracked 
|  55|0x0000000709800000, 0x0000000709800000, 0x0000000709a00000|  0%| F|  |TAMS 0x0000000709800000, 0x0000000709800000| Untracked 
|  56|0x0000000709a00000, 0x0000000709a00000, 0x0000000709c00000|  0%| F|  |TAMS 0x0000000709a00000, 0x0000000709a00000| Untracked 
|  57|0x0000000709c00000, 0x0000000709c00000, 0x0000000709e00000|  0%| F|  |TAMS 0x0000000709c00000, 0x0000000709c00000| Untracked 
|  58|0x0000000709e00000, 0x0000000709e00000, 0x000000070a000000|  0%| F|  |TAMS 0x0000000709e00000, 0x0000000709e00000| Untracked 
|  59|0x000000070a000000, 0x000000070a000000, 0x000000070a200000|  0%| F|  |TAMS 0x000000070a000000, 0x000000070a000000| Untracked 
|  60|0x000000070a200000, 0x000000070a200000, 0x000000070a400000|  0%| F|  |TAMS 0x000000070a200000, 0x000000070a200000| Untracked 
|  61|0x000000070a400000, 0x000000070a400000, 0x000000070a600000|  0%| F|  |TAMS 0x000000070a400000, 0x000000070a400000| Untracked 
|  62|0x000000070a600000, 0x000000070a600000, 0x000000070a800000|  0%| F|  |TAMS 0x000000070a600000, 0x000000070a600000| Untracked 
|  63|0x000000070a800000, 0x000000070a800000, 0x000000070aa00000|  0%| F|  |TAMS 0x000000070a800000, 0x000000070a800000| Untracked 
|  64|0x000000070aa00000, 0x000000070aa00000, 0x000000070ac00000|  0%| F|  |TAMS 0x000000070aa00000, 0x000000070aa00000| Untracked 
|  65|0x000000070ac00000, 0x000000070ac00000, 0x000000070ae00000|  0%| F|  |TAMS 0x000000070ac00000, 0x000000070ac00000| Untracked 
|  66|0x000000070ae00000, 0x000000070ae00000, 0x000000070b000000|  0%| F|  |TAMS 0x000000070ae00000, 0x000000070ae00000| Untracked 
|  67|0x000000070b000000, 0x000000070b000000, 0x000000070b200000|  0%| F|  |TAMS 0x000000070b000000, 0x000000070b000000| Untracked 
|  68|0x000000070b200000, 0x000000070b200000, 0x000000070b400000|  0%| F|  |TAMS 0x000000070b200000, 0x000000070b200000| Untracked 
|  69|0x000000070b400000, 0x000000070b400000, 0x000000070b600000|  0%| F|  |TAMS 0x000000070b400000, 0x000000070b400000| Untracked 
|  70|0x000000070b600000, 0x000000070b600000, 0x000000070b800000|  0%| F|  |TAMS 0x000000070b600000, 0x000000070b600000| Untracked 
|  71|0x000000070b800000, 0x000000070b800000, 0x000000070ba00000|  0%| F|  |TAMS 0x000000070b800000, 0x000000070b800000| Untracked 
|  72|0x000000070ba00000, 0x000000070ba00000, 0x000000070bc00000|  0%| F|  |TAMS 0x000000070ba00000, 0x000000070ba00000| Untracked 
|  73|0x000000070bc00000, 0x000000070bc00000, 0x000000070be00000|  0%| F|  |TAMS 0x000000070bc00000, 0x000000070bc00000| Untracked 
|  74|0x000000070be00000, 0x000000070be00000, 0x000000070c000000|  0%| F|  |TAMS 0x000000070be00000, 0x000000070be00000| Untracked 
|  75|0x000000070c000000, 0x000000070c000000, 0x000000070c200000|  0%| F|  |TAMS 0x000000070c000000, 0x000000070c000000| Untracked 
|  76|0x000000070c200000, 0x000000070c200000, 0x000000070c400000|  0%| F|  |TAMS 0x000000070c200000, 0x000000070c200000| Untracked 
|  77|0x000000070c400000, 0x000000070c400000, 0x000000070c600000|  0%| F|  |TAMS 0x000000070c400000, 0x000000070c400000| Untracked 
|  78|0x000000070c600000, 0x000000070c600000, 0x000000070c800000|  0%| F|  |TAMS 0x000000070c600000, 0x000000070c600000| Untracked 
|  79|0x000000070c800000, 0x000000070c800000, 0x000000070ca00000|  0%| F|  |TAMS 0x000000070c800000, 0x000000070c800000| Untracked 
|  80|0x000000070ca00000, 0x000000070ca00000, 0x000000070cc00000|  0%| F|  |TAMS 0x000000070ca00000, 0x000000070ca00000| Untracked 
|  81|0x000000070cc00000, 0x000000070cc00000, 0x000000070ce00000|  0%| F|  |TAMS 0x000000070cc00000, 0x000000070cc00000| Untracked 
|  82|0x000000070ce00000, 0x000000070ce00000, 0x000000070d000000|  0%| F|  |TAMS 0x000000070ce00000, 0x000000070ce00000| Untracked 
|  83|0x000000070d000000, 0x000000070d000000, 0x000000070d200000|  0%| F|  |TAMS 0x000000070d000000, 0x000000070d000000| Untracked 
|  84|0x000000070d200000, 0x000000070d200000, 0x000000070d400000|  0%| F|  |TAMS 0x000000070d200000, 0x000000070d200000| Untracked 
|  85|0x000000070d400000, 0x000000070d400000, 0x000000070d600000|  0%| F|  |TAMS 0x000000070d400000, 0x000000070d400000| Untracked 
|  86|0x000000070d600000, 0x000000070d600000, 0x000000070d800000|  0%| F|  |TAMS 0x000000070d600000, 0x000000070d600000| Untracked 
|  87|0x000000070d800000, 0x000000070d800000, 0x000000070da00000|  0%| F|  |TAMS 0x000000070d800000, 0x000000070d800000| Untracked 
|  88|0x000000070da00000, 0x000000070da00000, 0x000000070dc00000|  0%| F|  |TAMS 0x000000070da00000, 0x000000070da00000| Untracked 
|  89|0x000000070dc00000, 0x000000070dc00000, 0x000000070de00000|  0%| F|  |TAMS 0x000000070dc00000, 0x000000070dc00000| Untracked 
|  90|0x000000070de00000, 0x000000070de00000, 0x000000070e000000|  0%| F|  |TAMS 0x000000070de00000, 0x000000070de00000| Untracked 
|  91|0x000000070e000000, 0x000000070e000000, 0x000000070e200000|  0%| F|  |TAMS 0x000000070e000000, 0x000000070e000000| Untracked 
|  92|0x000000070e200000, 0x000000070e200000, 0x000000070e400000|  0%| F|  |TAMS 0x000000070e200000, 0x000000070e200000| Untracked 
|  93|0x000000070e400000, 0x000000070e400000, 0x000000070e600000|  0%| F|  |TAMS 0x000000070e400000, 0x000000070e400000| Untracked 
|  94|0x000000070e600000, 0x000000070e600000, 0x000000070e800000|  0%| F|  |TAMS 0x000000070e600000, 0x000000070e600000| Untracked 
|  95|0x000000070e800000, 0x000000070e800000, 0x000000070ea00000|  0%| F|  |TAMS 0x000000070e800000, 0x000000070e800000| Untracked 
|  96|0x000000070ea00000, 0x000000070ea00000, 0x000000070ec00000|  0%| F|  |TAMS 0x000000070ea00000, 0x000000070ea00000| Untracked 
|  97|0x000000070ec00000, 0x000000070ec00000, 0x000000070ee00000|  0%| F|  |TAMS 0x000000070ec00000, 0x000000070ec00000| Untracked 
|  98|0x000000070ee00000, 0x000000070ee00000, 0x000000070f000000|  0%| F|  |TAMS 0x000000070ee00000, 0x000000070ee00000| Untracked 
|  99|0x000000070f000000, 0x000000070f000000, 0x000000070f200000|  0%| F|  |TAMS 0x000000070f000000, 0x000000070f000000| Untracked 
| 100|0x000000070f200000, 0x000000070f200000, 0x000000070f400000|  0%| F|  |TAMS 0x000000070f200000, 0x000000070f200000| Untracked 
| 101|0x000000070f400000, 0x000000070f400000, 0x000000070f600000|  0%| F|  |TAMS 0x000000070f400000, 0x000000070f400000| Untracked 
| 102|0x000000070f600000, 0x000000070f600000, 0x000000070f800000|  0%| F|  |TAMS 0x000000070f600000, 0x000000070f600000| Untracked 
| 103|0x000000070f800000, 0x000000070f800000, 0x000000070fa00000|  0%| F|  |TAMS 0x000000070f800000, 0x000000070f800000| Untracked 
| 104|0x000000070fa00000, 0x000000070fa00000, 0x000000070fc00000|  0%| F|  |TAMS 0x000000070fa00000, 0x000000070fa00000| Untracked 
| 105|0x000000070fc00000, 0x000000070fc00000, 0x000000070fe00000|  0%| F|  |TAMS 0x000000070fc00000, 0x000000070fc00000| Untracked 
| 106|0x000000070fe00000, 0x0000000710000000, 0x0000000710000000|100%| E|  |TAMS 0x000000070fe00000, 0x000000070fe00000| Complete 
| 107|0x0000000710000000, 0x0000000710200000, 0x0000000710200000|100%| E|CS|TAMS 0x0000000710000000, 0x0000000710000000| Complete 
| 108|0x0000000710200000, 0x0000000710400000, 0x0000000710400000|100%| E|CS|TAMS 0x0000000710200000, 0x0000000710200000| Complete 
| 109|0x0000000710400000, 0x00000007105cb2d0, 0x0000000710600000| 89%| S|CS|TAMS 0x0000000710400000, 0x0000000710400000| Complete 
| 110|0x0000000710600000, 0x0000000710800000, 0x0000000710800000|100%| E|CS|TAMS 0x0000000710600000, 0x0000000710600000| Complete 
| 111|0x0000000710800000, 0x0000000710a00000, 0x0000000710a00000|100%| E|CS|TAMS 0x0000000710800000, 0x0000000710800000| Complete 
| 112|0x0000000710a00000, 0x0000000710c00000, 0x0000000710c00000|100%| E|CS|TAMS 0x0000000710a00000, 0x0000000710a00000| Complete 
| 113|0x0000000710c00000, 0x0000000710e00000, 0x0000000710e00000|100%| E|CS|TAMS 0x0000000710c00000, 0x0000000710c00000| Complete 
| 114|0x0000000710e00000, 0x0000000711000000, 0x0000000711000000|100%| E|CS|TAMS 0x0000000710e00000, 0x0000000710e00000| Complete 
| 115|0x0000000711000000, 0x0000000711200000, 0x0000000711200000|100%| E|CS|TAMS 0x0000000711000000, 0x0000000711000000| Complete 
| 116|0x0000000711200000, 0x0000000711400000, 0x0000000711400000|100%| E|CS|TAMS 0x0000000711200000, 0x0000000711200000| Complete 
| 117|0x0000000711400000, 0x0000000711600000, 0x0000000711600000|100%| E|CS|TAMS 0x0000000711400000, 0x0000000711400000| Complete 
| 118|0x0000000711600000, 0x0000000711800000, 0x0000000711800000|100%| E|CS|TAMS 0x0000000711600000, 0x0000000711600000| Complete 
| 119|0x0000000711800000, 0x0000000711a00000, 0x0000000711a00000|100%| E|CS|TAMS 0x0000000711800000, 0x0000000711800000| Complete 
| 120|0x0000000711a00000, 0x0000000711c00000, 0x0000000711c00000|100%| E|CS|TAMS 0x0000000711a00000, 0x0000000711a00000| Complete 
| 121|0x0000000711c00000, 0x0000000711e00000, 0x0000000711e00000|100%| E|CS|TAMS 0x0000000711c00000, 0x0000000711c00000| Complete 
| 122|0x0000000711e00000, 0x0000000712000000, 0x0000000712000000|100%| E|CS|TAMS 0x0000000711e00000, 0x0000000711e00000| Complete 
| 123|0x0000000712000000, 0x0000000712200000, 0x0000000712200000|100%| E|CS|TAMS 0x0000000712000000, 0x0000000712000000| Complete 
| 124|0x0000000712200000, 0x0000000712400000, 0x0000000712400000|100%| E|CS|TAMS 0x0000000712200000, 0x0000000712200000| Complete 
| 125|0x0000000712400000, 0x0000000712600000, 0x0000000712600000|100%| E|CS|TAMS 0x0000000712400000, 0x0000000712400000| Complete 
| 126|0x0000000712600000, 0x0000000712800000, 0x0000000712800000|100%| E|CS|TAMS 0x0000000712600000, 0x0000000712600000| Complete 

Card table byte_map: [0x00000193fb020000,0x00000193fb810000] _byte_map_base: 0x00000193f780b000

Marking Bits (Prev, Next): (CMBitMap*) 0x00000193f2cc4120, (CMBitMap*) 0x00000193f2cc4160
 Prev Bits: [0x00000193fc000000, 0x00000193fff58000)
 Next Bits: [0x000001938f000000, 0x0000019392f58000)

Polling page: 0x00000193f2430000

Metaspace:

Usage:
  Non-class:     13.01 MB used.
      Class:      1.77 MB used.
       Both:     14.78 MB used.

Virtual space:
  Non-class space:       64.00 MB reserved,      13.06 MB ( 20%) committed,  1 nodes.
      Class space:        1.00 GB reserved,       1.88 MB ( <1%) committed,  1 nodes.
             Both:        1.06 GB reserved,      14.94 MB (  1%) committed. 

Chunk freelists:
   Non-Class:  2.50 MB
       Class:  14.01 MB
        Both:  16.51 MB

MaxMetaspaceSize: unlimited
CompressedClassSpaceSize: 1.00 GB
Initial GC threshold: 21.00 MB
Current GC threshold: 21.00 MB
CDS: on
MetaspaceReclaimPolicy: balanced
 - commit_granule_bytes: 65536.
 - commit_granule_words: 8192.
 - virtual_space_node_default_size: 8388608.
 - enlarge_chunks_in_place: 1.
 - new_chunks_are_fully_committed: 0.
 - uncommit_free_chunks: 1.
 - use_allocation_guard: 0.
 - handle_deallocations: 1.


Internal statistics:

num_allocs_failed_limit: 0.
num_arena_births: 82.
num_arena_deaths: 0.
num_vsnodes_births: 2.
num_vsnodes_deaths: 0.
num_space_committed: 239.
num_space_uncommitted: 0.
num_chunks_returned_to_freelist: 0.
num_chunks_taken_from_freelist: 603.
num_chunk_merges: 0.
num_chunk_splits: 410.
num_chunks_enlarged: 325.
num_purges: 0.
num_inconsistent_stats: 0.

CodeHeap 'non-profiled nmethods': size=120000Kb used=1406Kb max_used=1406Kb free=118593Kb
 bounds [0x0000019387ad0000, 0x0000019387d40000, 0x000001938f000000]
CodeHeap 'profiled nmethods': size=120000Kb used=6023Kb max_used=6023Kb free=113976Kb
 bounds [0x0000019380000000, 0x00000193805f0000, 0x0000019387530000]
CodeHeap 'non-nmethods': size=5760Kb used=1184Kb max_used=1245Kb free=4575Kb
 bounds [0x0000019387530000, 0x00000193877a0000, 0x0000019387ad0000]
 total_blobs=3474 nmethods=2996 adapters=390
 compilation: enabled
              stopped_count=0, restarted_count=0
 full_count=0

Compilation events (20 events):
Event: 1.536 Thread 0x0000019395a123e0 2985       1       org.eclipse.aether.repository.LocalArtifactResult::isAvailable (5 bytes)
Event: 1.536 Thread 0x0000019395a123e0 nmethod 2985 0x0000019387c2bc10 code [0x0000019387c2bda0, 0x0000019387c2be78]
Event: 1.536 Thread 0x0000019395a123e0 2986       3       java.io.BufferedReader::readLine (7 bytes)
Event: 1.536 Thread 0x0000019395a123e0 nmethod 2986 0x00000193805d5810 code [0x00000193805d59c0, 0x00000193805d5b28]
Event: 1.536 Thread 0x0000019395a11940 2987       4       org.apache.maven.model.io.xpp3.MavenXpp3ReaderEx::interpolatedTrimmed (16 bytes)
Event: 1.537 Thread 0x0000019395a123e0 2988   !   3       org.apache.maven.model.ModelBase::clone (397 bytes)
Event: 1.538 Thread 0x00000193db1f05a0 nmethod 2942 0x0000019387c2bf10 code [0x0000019387c2c0c0, 0x0000019387c2c5c8]
Event: 1.539 Thread 0x0000019395a123e0 nmethod 2988 0x00000193805d5c10 code [0x00000193805d61a0, 0x00000193805d93a8]
Event: 1.539 Thread 0x0000019395a123e0 2989       3       org.apache.maven.model.merge.MavenModelMerger::mergePlugin_Executions (235 bytes)
Event: 1.539 Thread 0x00000193db454bc0 nmethod 2943 0x0000019387c2c910 code [0x0000019387c2cb00, 0x0000019387c2e0e8]
Event: 1.540 Thread 0x0000019395a123e0 nmethod 2989 0x00000193805da990 code [0x00000193805dadc0, 0x00000193805dd3b8]
Event: 1.540 Thread 0x0000019395a123e0 2990       3       org.apache.maven.model.PluginContainer::setLocation (126 bytes)
Event: 1.541 Thread 0x0000019395a123e0 nmethod 2990 0x00000193805dde90 code [0x00000193805de120, 0x00000193805df188]
Event: 1.541 Thread 0x0000019395a123e0 2994       3       org.apache.maven.model.building.DefaultModelBuildingRequest::getSystemProperties (23 bytes)
Event: 1.541 Thread 0x0000019395a123e0 nmethod 2994 0x00000193805df510 code [0x00000193805df6c0, 0x00000193805df9a8]
Event: 1.541 Thread 0x0000019395a123e0 2991       3       java.util.HashSet::<init> (40 bytes)
Event: 1.541 Thread 0x0000019395a123e0 nmethod 2991 0x00000193805dfa90 code [0x00000193805dfca0, 0x00000193805e02a8]
Event: 1.541 Thread 0x0000019395a123e0 2996       3       org.eclipse.aether.internal.impl.DefaultRepositorySystem::invalidSession (32 bytes)
Event: 1.542 Thread 0x0000019395a123e0 nmethod 2996 0x00000193805e0490 code [0x00000193805e06e0, 0x00000193805e0e48]
Event: 1.542 Thread 0x0000019395a123e0 2992       3       org.apache.maven.model.inheritance.DefaultInheritanceAssembler$InheritanceModelMerger::mergePlugin (71 bytes)

GC Heap History (4 events):
Event: 0.471 GC heap before
{Heap before GC invocations=0 (full 0):
 garbage-first heap   total 260096K, used 22528K [0x0000000702a00000, 0x0000000800000000)
  region size 2048K, 11 young (22528K), 0 survivors (0K)
 Metaspace       used 5687K, committed 5888K, reserved 1114112K
  class space    used 678K, committed 768K, reserved 1048576K
}
Event: 0.474 GC heap after
{Heap after GC invocations=1 (full 0):
 garbage-first heap   total 260096K, used 3901K [0x0000000702a00000, 0x0000000800000000)
  region size 2048K, 2 young (4096K), 2 survivors (4096K)
 Metaspace       used 5687K, committed 5888K, reserved 1114112K
  class space    used 678K, committed 768K, reserved 1048576K
}
Event: 0.857 GC heap before
{Heap before GC invocations=1 (full 0):
 garbage-first heap   total 260096K, used 34621K [0x0000000702a00000, 0x0000000800000000)
  region size 2048K, 17 young (34816K), 2 survivors (4096K)
 Metaspace       used 9471K, committed 9600K, reserved 1114112K
  class space    used 1150K, committed 1216K, reserved 1048576K
}
Event: 0.860 GC heap after
{Heap after GC invocations=2 (full 0):
 garbage-first heap   total 260096K, used 5475K [0x0000000702a00000, 0x0000000800000000)
  region size 2048K, 1 young (2048K), 1 survivors (2048K)
 Metaspace       used 9471K, committed 9600K, reserved 1114112K
  class space    used 1150K, committed 1216K, reserved 1048576K
}

Deoptimization events (20 events):
Event: 1.433 Thread 0x00000193f2c59990 Uncommon trap: trap_request=0xffffff45 fr.pc=0x0000019387b95edc relative=0x00000000000001dc
Event: 1.433 Thread 0x00000193f2c59990 Uncommon trap: reason=unstable_if action=reinterpret pc=0x0000019387b95edc method=java.lang.String.indexOf(Ljava/lang/String;)I @ 10 c2
Event: 1.433 Thread 0x00000193f2c59990 DEOPT PACKING pc=0x0000019387b95edc sp=0x00000020d3bfdd40
Event: 1.433 Thread 0x00000193f2c59990 DEOPT UNPACKING pc=0x00000193875823a3 sp=0x00000020d3bfdcd0 mode 2
Event: 1.501 Thread 0x00000193f2c59990 Uncommon trap: trap_request=0xffffff45 fr.pc=0x0000019387ae227c relative=0x000000000000017c
Event: 1.501 Thread 0x00000193f2c59990 Uncommon trap: reason=unstable_if action=reinterpret pc=0x0000019387ae227c method=java.lang.String.indexOf(II)I @ 4 c2
Event: 1.501 Thread 0x00000193f2c59990 DEOPT PACKING pc=0x0000019387ae227c sp=0x00000020d3bfdc60
Event: 1.501 Thread 0x00000193f2c59990 DEOPT UNPACKING pc=0x00000193875823a3 sp=0x00000020d3bfdb90 mode 2
Event: 1.501 Thread 0x00000193f2c59990 Uncommon trap: trap_request=0xffffff45 fr.pc=0x0000019387b04824 relative=0x0000000000000504
Event: 1.501 Thread 0x00000193f2c59990 Uncommon trap: reason=unstable_if action=reinterpret pc=0x0000019387b04824 method=java.lang.String.substring(II)Ljava/lang/String; @ 31 c2
Event: 1.501 Thread 0x00000193f2c59990 DEOPT PACKING pc=0x0000019387b04824 sp=0x00000020d3bfdc00
Event: 1.501 Thread 0x00000193f2c59990 DEOPT UNPACKING pc=0x00000193875823a3 sp=0x00000020d3bfdbd0 mode 2
Event: 1.506 Thread 0x00000193f2c59990 Uncommon trap: trap_request=0xffffff45 fr.pc=0x0000019387c11a6c relative=0x0000000000000c2c
Event: 1.506 Thread 0x00000193f2c59990 Uncommon trap: reason=unstable_if action=reinterpret pc=0x0000019387c11a6c method=org.codehaus.plexus.util.xml.pull.MXParser.nextImpl()I @ 973 c2
Event: 1.506 Thread 0x00000193f2c59990 DEOPT PACKING pc=0x0000019387c11a6c sp=0x00000020d3bfdcd0
Event: 1.506 Thread 0x00000193f2c59990 DEOPT UNPACKING pc=0x00000193875823a3 sp=0x00000020d3bfdc48 mode 2
Event: 1.506 Thread 0x00000193f2c59990 Uncommon trap: trap_request=0xffffff45 fr.pc=0x0000019387be0750 relative=0x0000000000000050
Event: 1.506 Thread 0x00000193f2c59990 Uncommon trap: reason=unstable_if action=reinterpret pc=0x0000019387be0750 method=org.codehaus.plexus.util.xml.pull.MXParser.isValidCodePoint(I)Z @ 3 c2
Event: 1.506 Thread 0x00000193f2c59990 DEOPT PACKING pc=0x0000019387be0750 sp=0x00000020d3bfdb50
Event: 1.506 Thread 0x00000193f2c59990 DEOPT UNPACKING pc=0x00000193875823a3 sp=0x00000020d3bfdae0 mode 2

Classes unloaded (0 events):
No events

Classes redefined (0 events):
No events

Internal exceptions (20 events):
Event: 0.194 Thread 0x00000193f2c59990 Exception <a 'java/lang/NoSuchMethodError'{0x0000000712078040}: 'void java.lang.invoke.DirectMethodHandle$Holder.invokeStatic(java.lang.Object, java.lang.Object, java.lang.Object)'> (0x0000000712078040) 
thrown [s\open\src\hotspot\share\interpreter\linkResolver.cpp, line 759]
Event: 0.203 Thread 0x00000193f2c59990 Exception <a 'java/lang/NoSuchMethodError'{0x00000007120d4cd8}: 'int java.lang.invoke.DirectMethodHandle$Holder.invokeStatic(java.lang.Object, java.lang.Object, int)'> (0x00000007120d4cd8) 
thrown [s\open\src\hotspot\share\interpreter\linkResolver.cpp, line 759]
Event: 0.241 Thread 0x00000193f2c59990 Exception <a 'java/lang/NoSuchMethodError'{0x0000000711e53128}: 'java.lang.Object java.lang.invoke.DirectMethodHandle$Holder.invokeSpecialIFC(java.lang.Object, java.lang.Object, java.lang.Object, java.lang.Object)'> (0x0000000711e53128) 
thrown [s\open\src\hotspot\share\interpreter\linkResolver.cpp, line 759]
Event: 0.347 Thread 0x00000193f2c59990 Exception <a 'java/lang/NoSuchMethodError'{0x000000071182c798}: 'void java.lang.invoke.DirectMethodHandle$Holder.invokeSpecial(java.lang.Object, java.lang.Object, java.lang.Object)'> (0x000000071182c798) 
thrown [s\open\src\hotspot\share\interpreter\linkResolver.cpp, line 759]
Event: 0.369 Thread 0x00000193f2c59990 Exception <a 'java/lang/NoSuchMethodError'{0x0000000711992780}: 'java.lang.Object java.lang.invoke.DirectMethodHandle$Holder.invokeInterface(java.lang.Object, java.lang.Object)'> (0x0000000711992780) 
thrown [s\open\src\hotspot\share\interpreter\linkResolver.cpp, line 759]
Event: 0.380 Thread 0x00000193f2c59990 Exception <a 'java/lang/NoSuchMethodError'{0x00000007116401f8}: 'java.lang.Object java.lang.invoke.Invokers$Holder.invokeExact_MT(java.lang.Object, java.lang.Object, java.lang.Object, java.lang.Object, java.lang.Object, java.lang.Object)'> (0x00000007116401f8) 
thrown [s\open\src\hotspot\share\interpreter\linkResolver.cpp, line 759]
Event: 0.382 Thread 0x00000193f2c59990 Exception <a 'java/lang/NoSuchMethodError'{0x0000000711651638}: 'int java.lang.invoke.DirectMethodHandle$Holder.invokeSpecialIFC(java.lang.Object, java.lang.Object, java.lang.Object, java.lang.Object, java.lang.Object)'> (0x0000000711651638) 
thrown [s\open\src\hotspot\share\interpreter\linkResolver.cpp, line 759]
Event: 0.413 Thread 0x00000193f2c59990 Exception <a 'java/lang/NoSuchMethodError'{0x00000007114083d0}: 'java.lang.Object java.lang.invoke.DirectMethodHandle$Holder.newInvokeSpecial(java.lang.Object, java.lang.Object, java.lang.Object, java.lang.Object, java.lang.Object)'> (0x00000007114083d0) 
thrown [s\open\src\hotspot\share\interpreter\linkResolver.cpp, line 759]
Event: 0.432 Thread 0x00000193f2c59990 Exception <a 'java/lang/NoSuchMethodError'{0x0000000711512250}: 'int java.lang.invoke.DirectMethodHandle$Holder.invokeStaticInit(java.lang.Object, java.lang.Object)'> (0x0000000711512250) 
thrown [s\open\src\hotspot\share\interpreter\linkResolver.cpp, line 759]
Event: 0.438 Thread 0x00000193f2c59990 Exception <a 'java/lang/NoClassDefFoundError'{0x000000071154c650}: javax/enterprise/inject/Typed> (0x000000071154c650) 
thrown [s\open\src\hotspot\share\classfile\systemDictionary.cpp, line 245]
Event: 0.948 Thread 0x00000193f2c59990 Exception <a 'java/lang/NoSuchMethodError'{0x0000000712377370}: 'void java.lang.invoke.DirectMethodHandle$Holder.invokeStaticInit(java.lang.Object, java.lang.Object, java.lang.Object)'> (0x0000000712377370) 
thrown [s\open\src\hotspot\share\interpreter\linkResolver.cpp, line 759]
Event: 0.953 Thread 0x00000193f2c59990 Exception <a 'java/lang/ExceptionInInitializerError'{0x00000007123a3870}> (0x00000007123a3870) 
thrown [s\open\src\hotspot\share\oops\instanceKlass.cpp, line 1216]
Event: 0.974 Thread 0x00000193f2c59990 Implicit null exception at 0x0000019387b62f2f to 0x0000019387b63094
Event: 0.976 Thread 0x00000193f2c59990 Exception <a 'java/lang/NoSuchMethodError'{0x00000007120b9650}: 'java.lang.Object java.lang.invoke.Invokers$Holder.invokeExact_MT(java.lang.Object, int, java.lang.Object)'> (0x00000007120b9650) 
thrown [s\open\src\hotspot\share\interpreter\linkResolver.cpp, line 759]
Event: 0.985 Thread 0x00000193f2c59990 Exception <a 'java/lang/NoSuchMethodError'{0x000000071212aeb8}: 'int java.lang.invoke.DirectMethodHandle$Holder.invokeSpecial(java.lang.Object, java.lang.Object, java.lang.Object, java.lang.Object)'> (0x000000071212aeb8) 
thrown [s\open\src\hotspot\share\interpreter\linkResolver.cpp, line 759]
Event: 1.182 Thread 0x00000193f2c59990 Exception <a 'java/lang/NoClassDefFoundError'{0x00000007116718b8}: com/google/inject/servlet/ServletModuleTargetVisitor> (0x00000007116718b8) 
thrown [s\open\src\hotspot\share\classfile\systemDictionary.cpp, line 245]
Event: 1.223 Thread 0x00000193f2c59990 Exception <a 'java/lang/NoSuchMethodError'{0x00000007114f35e0}: 'void java.lang.invoke.DirectMethodHandle$Holder.invokeVirtual(java.lang.Object, java.lang.Object)'> (0x00000007114f35e0) 
thrown [s\open\src\hotspot\share\interpreter\linkResolver.cpp, line 759]
Event: 1.238 Thread 0x00000193f2c59990 Exception <a 'java/lang/NoSuchMethodError'{0x000000071157c068}: 'java.lang.Object java.lang.invoke.DirectMethodHandle$Holder.invokeStaticInit(java.lang.Object, int, int, int, int)'> (0x000000071157c068) 
thrown [s\open\src\hotspot\share\interpreter\linkResolver.cpp, line 759]
Event: 1.324 Thread 0x00000193f2c59990 Implicit null exception at 0x0000019387b35672 to 0x0000019387b35ccc
Event: 1.324 Thread 0x00000193f2c59990 Implicit null exception at 0x0000019387b0d9f2 to 0x0000019387b0e06c

VM Operations (20 events):
Event: 1.155 Executing VM operation: ICBufferFull
Event: 1.155 Executing VM operation: ICBufferFull done
Event: 1.168 Executing VM operation: HandshakeAllThreads
Event: 1.168 Executing VM operation: HandshakeAllThreads done
Event: 1.229 Executing VM operation: HandshakeAllThreads
Event: 1.229 Executing VM operation: HandshakeAllThreads done
Event: 1.250 Executing VM operation: HandshakeAllThreads
Event: 1.250 Executing VM operation: HandshakeAllThreads done
Event: 1.305 Executing VM operation: HandshakeAllThreads
Event: 1.305 Executing VM operation: HandshakeAllThreads done
Event: 1.306 Executing VM operation: HandshakeAllThreads
Event: 1.306 Executing VM operation: HandshakeAllThreads done
Event: 1.339 Executing VM operation: HandshakeAllThreads
Event: 1.339 Executing VM operation: HandshakeAllThreads done
Event: 1.340 Executing VM operation: HandshakeAllThreads
Event: 1.340 Executing VM operation: HandshakeAllThreads done
Event: 1.384 Executing VM operation: ICBufferFull
Event: 1.384 Executing VM operation: ICBufferFull done
Event: 1.539 Executing VM operation: HandshakeAllThreads
Event: 1.539 Executing VM operation: HandshakeAllThreads done

Events (20 events):
Event: 1.346 loading class sun/nio/ch/FileLockImpl
Event: 1.346 loading class sun/nio/ch/FileLockImpl done
Event: 1.346 loading class sun/nio/ch/FileLockTable
Event: 1.346 loading class sun/nio/ch/FileLockTable done
Event: 1.346 loading class sun/nio/ch/FileKey
Event: 1.346 loading class sun/nio/ch/FileKey done
Event: 1.346 loading class sun/nio/ch/FileLockTable$FileLockReference
Event: 1.346 loading class sun/nio/ch/FileLockTable$FileLockReference done
Event: 1.346 loading class java/nio/channels/spi/AbstractInterruptibleChannel$1
Event: 1.346 loading class sun/nio/ch/Interruptible
Event: 1.346 loading class sun/nio/ch/Interruptible done
Event: 1.346 loading class java/nio/channels/spi/AbstractInterruptibleChannel$1 done
Event: 1.347 loading class java/util/AbstractMap$2
Event: 1.347 loading class java/util/AbstractMap$2 done
Event: 1.347 loading class java/util/AbstractMap$2$1
Event: 1.347 loading class java/util/AbstractMap$2$1 done
Event: 1.383 loading class java/lang/Short$ShortCache
Event: 1.383 loading class java/lang/Short$ShortCache done
Event: 1.384 loading class java/lang/Byte$ByteCache
Event: 1.384 loading class java/lang/Byte$ByteCache done


Dynamic libraries:
0x00007ff6a26b0000 - 0x00007ff6a26c0000 	C:\Program Files\Java\jdk-17\bin\java.exe
0x00007ffc8d9b0000 - 0x00007ffc8dba8000 	C:\Windows\SYSTEM32\ntdll.dll
0x00007ffc8c430000 - 0x00007ffc8c4ed000 	C:\Windows\System32\KERNEL32.DLL
0x00007ffc8b0e0000 - 0x00007ffc8b3d6000 	C:\Windows\System32\KERNELBASE.dll
0x00007ffc884a0000 - 0x00007ffc88531000 	C:\Windows\SYSTEM32\apphelp.dll
0x00007ffc8b820000 - 0x00007ffc8b920000 	C:\Windows\System32\ucrtbase.dll
0x00007ffc5edc0000 - 0x00007ffc5eddb000 	C:\Program Files\Java\jdk-17\bin\VCRUNTIME140.dll
0x00007ffc5e460000 - 0x00007ffc5e479000 	C:\Program Files\Java\jdk-17\bin\jli.dll
0x00007ffc8cc60000 - 0x00007ffc8cd0e000 	C:\Windows\System32\ADVAPI32.dll
0x00007ffc8cd10000 - 0x00007ffc8cdae000 	C:\Windows\System32\msvcrt.dll
0x00007ffc8c850000 - 0x00007ffc8c8ec000 	C:\Windows\System32\sechost.dll
0x00007ffc8bc30000 - 0x00007ffc8bd56000 	C:\Windows\System32\RPCRT4.dll
0x00007ffc8ba70000 - 0x00007ffc8bc0e000 	C:\Windows\System32\USER32.dll
0x00007ffc8b9e0000 - 0x00007ffc8ba02000 	C:\Windows\System32\win32u.dll
0x00007ffc704f0000 - 0x00007ffc7078a000 	C:\Windows\WinSxS\amd64_microsoft.windows.common-controls_6595b64144ccf1df_6.0.19041.1110_none_60b5254171f9507e\COMCTL32.dll
0x00007ffc8caa0000 - 0x00007ffc8cacc000 	C:\Windows\System32\GDI32.dll
0x00007ffc8b4f0000 - 0x00007ffc8b60a000 	C:\Windows\System32\gdi32full.dll
0x00007ffc8b450000 - 0x00007ffc8b4ed000 	C:\Windows\System32\msvcp_win.dll
0x00007ffc7faa0000 - 0x00007ffc7faaa000 	C:\Windows\SYSTEM32\VERSION.dll
0x00007ffc8cf90000 - 0x00007ffc8cfc0000 	C:\Windows\System32\IMM32.DLL
0x00007ffc606e0000 - 0x00007ffc606ec000 	C:\Program Files\Java\jdk-17\bin\vcruntime140_1.dll
0x00007ffc372b0000 - 0x00007ffc3733e000 	C:\Program Files\Java\jdk-17\bin\msvcp140.dll
0x00007ffc2fe00000 - 0x00007ffc309de000 	C:\Program Files\Java\jdk-17\bin\server\jvm.dll
0x00007ffc8bc10000 - 0x00007ffc8bc18000 	C:\Windows\System32\PSAPI.DLL
0x00007ffc81290000 - 0x00007ffc81299000 	C:\Windows\SYSTEM32\WSOCK32.dll
0x00007ffc7c2d0000 - 0x00007ffc7c2f7000 	C:\Windows\SYSTEM32\WINMM.dll
0x00007ffc8cad0000 - 0x00007ffc8cb3b000 	C:\Windows\System32\WS2_32.dll
0x00007ffc898b0000 - 0x00007ffc898c2000 	C:\Windows\SYSTEM32\kernel.appcore.dll
0x00007ffc5efb0000 - 0x00007ffc5efba000 	C:\Program Files\Java\jdk-17\bin\jimage.dll
0x00007ffc88c80000 - 0x00007ffc88e64000 	C:\Windows\SYSTEM32\DBGHELP.DLL
0x00007ffc7a820000 - 0x00007ffc7a854000 	C:\Windows\SYSTEM32\dbgcore.DLL
0x00007ffc8b950000 - 0x00007ffc8b9d2000 	C:\Windows\System32\bcryptPrimitives.dll
0x00007ffc81e10000 - 0x00007ffc81e1e000 	C:\Program Files\Java\jdk-17\bin\instrument.dll
0x00007ffc5e430000 - 0x00007ffc5e455000 	C:\Program Files\Java\jdk-17\bin\java.dll
0x00007ffc371d0000 - 0x00007ffc372a7000 	C:\Program Files\Java\jdk-17\bin\jsvml.dll
0x00007ffc8d220000 - 0x00007ffc8d965000 	C:\Windows\System32\SHELL32.dll
0x00007ffc89100000 - 0x00007ffc8989b000 	C:\Windows\SYSTEM32\windows.storage.dll
0x00007ffc8c4f0000 - 0x00007ffc8c844000 	C:\Windows\System32\combase.dll
0x00007ffc8aad0000 - 0x00007ffc8aafe000 	C:\Windows\SYSTEM32\Wldp.dll
0x00007ffc8bd60000 - 0x00007ffc8be0d000 	C:\Windows\System32\SHCORE.dll
0x00007ffc8ba10000 - 0x00007ffc8ba65000 	C:\Windows\System32\shlwapi.dll
0x00007ffc8afc0000 - 0x00007ffc8afe5000 	C:\Windows\SYSTEM32\profapi.dll
0x00007ffc5e350000 - 0x00007ffc5e368000 	C:\Program Files\Java\jdk-17\bin\zip.dll
0x00007ffc5e410000 - 0x00007ffc5e429000 	C:\Program Files\Java\jdk-17\bin\net.dll
0x00007ffc81fb0000 - 0x00007ffc820ba000 	C:\Windows\SYSTEM32\WINHTTP.dll
0x00007ffc8a830000 - 0x00007ffc8a89a000 	C:\Windows\system32\mswsock.dll
0x00007ffc5e370000 - 0x00007ffc5e386000 	C:\Program Files\Java\jdk-17\bin\nio.dll
0x00007ffc57db0000 - 0x00007ffc57dca000 	C:\Program Files\JetBrains\IntelliJ IDEA Community Edition 2023.2\bin\breakgen64.dll
0x0000000069ac0000 - 0x0000000069ae4000 	C:\Users\kbath\AppData\Local\Temp\jansi-2.4.0-17bdd4698630c711-jansi.dll
0x00007ffc5e330000 - 0x00007ffc5e340000 	C:\Program Files\Java\jdk-17\bin\verify.dll

dbghelp: loaded successfully - version: 4.0.5 - missing functions: none
symbol engine: initialized successfully - sym options: 0x614 - pdb path: .;C:\Program Files\Java\jdk-17\bin;C:\Windows\SYSTEM32;C:\Windows\WinSxS\amd64_microsoft.windows.common-controls_6595b64144ccf1df_6.0.19041.1110_none_60b5254171f9507e;C:\Program Files\Java\jdk-17\bin\server;C:\Program Files\JetBrains\IntelliJ IDEA Community Edition 2023.2\bin;C:\Users\kbath\AppData\Local\Temp

VM Arguments:
jvm_args: -Dmaven.multiModuleProjectDirectory=F:\projects\Medi care\hcpbackend\MediCarePlus -Djansi.passthrough=true -Dmaven.home=C:\Users\kbath\.m2\wrapper\dists\apache-maven-3.9.3-bin\54p6kc7m0ap3os8bc4ge28ia2\apache-maven-3.9.3 -Dclassworlds.conf=C:\Users\kbath\.m2\wrapper\dists\apache-maven-3.9.3-bin\54p6kc7m0ap3os8bc4ge28ia2\apache-maven-3.9.3\bin\m2.conf -Dmaven.ext.class.path=C:\Program Files\JetBrains\IntelliJ IDEA Community Edition 2023.2\plugins\maven\lib\maven-event-listener.jar -javaagent:C:\Program Files\JetBrains\IntelliJ IDEA Community Edition 2023.2\lib\idea_rt.jar=51701:C:\Program Files\JetBrains\IntelliJ IDEA Community Edition 2023.2\bin -Dfile.encoding=UTF-8 
java_command: org.codehaus.classworlds.Launcher -Didea.version=2023.2.2
java_class_path (initial): C:\Users\kbath\.m2\wrapper\dists\apache-maven-3.9.3-bin\54p6kc7m0ap3os8bc4ge28ia2\apache-maven-3.9.3\boot\plexus-classworlds-2.7.0.jar;C:\Users\kbath\.m2\wrapper\dists\apache-maven-3.9.3-bin\54p6kc7m0ap3os8bc4ge28ia2\apache-maven-3.9.3\boot\plexus-classworlds.license
Launcher Type: SUN_STANDARD

[Global flags]
     intx CICompilerCount                          = 4                                         {product} {ergonomic}
     uint ConcGCThreads                            = 2                                         {product} {ergonomic}
     uint G1ConcRefinementThreads                  = 8                                         {product} {ergonomic}
   size_t G1HeapRegionSize                         = 2097152                                   {product} {ergonomic}
    uintx GCDrainStackTargetSize                   = 64                                        {product} {ergonomic}
   size_t InitialHeapSize                          = 266338304                                 {product} {ergonomic}
   size_t MarkStackSize                            = 4194304                                   {product} {ergonomic}
   size_t MaxHeapSize                              = 4250927104                                {product} {ergonomic}
   size_t MaxNewSize                               = 2550136832                                {product} {ergonomic}
   size_t MinHeapDeltaBytes                        = 2097152                                   {product} {ergonomic}
   size_t MinHeapSize                              = 8388608                                   {product} {ergonomic}
    uintx NonNMethodCodeHeapSize                   = 5839372                                {pd product} {ergonomic}
    uintx NonProfiledCodeHeapSize                  = 122909434                              {pd product} {ergonomic}
    uintx ProfiledCodeHeapSize                     = 122909434                              {pd product} {ergonomic}
    uintx ReservedCodeCacheSize                    = 251658240                              {pd product} {ergonomic}
     bool SegmentedCodeCache                       = true                                      {product} {ergonomic}
   size_t SoftMaxHeapSize                          = 4250927104                             {manageable} {ergonomic}
     bool UseCompressedClassPointers               = true                           {product lp64_product} {ergonomic}
     bool UseCompressedOops                        = true                           {product lp64_product} {ergonomic}
     bool UseG1GC                                  = true                                      {product} {ergonomic}
     bool UseLargePagesIndividualAllocation        = false                                  {pd product} {ergonomic}

Logging:
Log output configuration:
 #0: stdout all=warning uptime,level,tags
 #1: stderr all=off uptime,level,tags

Environment Variables:
JAVA_HOME=C:\Program Files\Java\jdk-17
PATH=C:\Program Files\Common Files\Oracle\Java\javapath;C:\Program Files (x86)\VMware\VMware Workstation\bin\;C:\Python311\Scripts\;C:\Python311\;C:\Windows\system32;C:\Windows;C:\Windows\System32\Wbem;C:\Windows\System32\WindowsPowerShell\v1.0\;C:\Windows\System32\OpenSSH\;C:\Program Files\nodejs\;C:\ProgramData\chocolatey\bin;C:\Program Files\Amazon\AWSCLIV2\;C:\Program Files\Git\cmd;C:\Program Files\Java\jdk-17\bin;C:\Users\kbath\.console-ninja\.bin;C:\Program Files\MySQL\MySQL Shell 8.0\bin\;C:\Users\kbath\AppData\Local\Microsoft\WindowsApps;C:\Users\kbath\AppData\Local\GitHubDesktop\bin;C:\Users\kbath\AppData\Local\Programs\Microsoft VS Code\bin;C:\Users\kbath\AppData\Roaming\npm;C:\Program Files\JetBrains\IntelliJ IDEA Community Edition 2023.2\bin;;C:\Program Files\Java\jdk-17\bin;
USERNAME=kbath
OS=Windows_NT
PROCESSOR_IDENTIFIER=Intel64 Family 6 Model 158 Stepping 10, GenuineIntel



---------------  S Y S T E M  ---------------

OS:
 Windows 10 , 64 bit Build 19041 (10.0.19041.3393)
OS uptime: 0 days 0:12 hours

CPU: total 8 (initial active 8) (4 cores per cpu, 2 threads per core) family 6 model 158 stepping 10 microcode 0xf0, cx8, cmov, fxsr, ht, mmx, 3dnowpref, sse, sse2, sse3, ssse3, sse4.1, sse4.2, popcnt, lzcnt, tsc, tscinvbit, avx, avx2, aes, erms, clmul, bmi1, bmi2, adx, fma, vzeroupper, clflush, clflushopt

Memory: 4k page, system-wide physical 16211M (8727M free)
TotalPageFile size 32595M (AvailPageFile size 23231M)
current process WorkingSet (physical memory assigned to process): 127M, peak: 128M
current process commit charge ("private bytes"): 386M, peak: 386M

vm_info: Java HotSpot(TM) 64-Bit Server VM (17.0.8+9-LTS-211) for windows-amd64 JRE (17.0.8+9-LTS-211), built on Jun 14 2023 10:34:31 by "mach5one" with MS VC++ 17.1 (VS2022)

END.
