#
# A fatal error has been detected by the Java Runtime Environment:
#
#  EXCEPTION_ACCESS_VIOLATION (0xc0000005) at pc=0x000001b7624c66ab, pid=8208, tid=16472
#
# JRE version: Java(TM) SE Runtime Environment (20.0+36) (build 20+36-2344)
# Java VM: Java HotSpot(TM) 64-Bit Server VM (20+36-2344, mixed mode, sharing, tiered, compressed oops, compressed class ptrs, g1 gc, windows-amd64)
# Problematic frame:
# v  ~BufferBlob::I2C/C2I adapters 0x000001b7624c66ab
#
# No core dump will be written. Minidumps are not enabled by default on client versions of Windows
#
# If you would like to submit a bug report, please visit:
#   https://bugreport.java.com/bugreport/crash.jsp
#

---------------  S U M M A R Y ------------

Command Line: -javaagent:C:\Program Files\JetBrains\IntelliJ IDEA Community Edition 2023.2\lib\idea_rt.jar=59295:C:\Program Files\JetBrains\IntelliJ IDEA Community Edition 2023.2\bin -Dfile.encoding=UTF-8 -Dsun.stdout.encoding=UTF-8 -Dsun.stderr.encoding=UTF-8 com.medicareplus.MediCarePlus.MediCarePlusApplication

Host: Intel(R) Core(TM) i5-9300H CPU @ 2.40GHz, 8 cores, 15G,  Windows 10 , 64 bit Build 19041 (10.0.19041.3155)
Time: Tue Aug 15 12:58:44 2023 Sri Lanka Standard Time elapsed time: 6.027675 seconds (0d 0h 0m 6s)

---------------  T H R E A D  ---------------

Current thread (0x000001b752ea5bd0):  JavaThread "main" [_thread_in_Java, id=16472, stack(0x0000002216a00000,0x0000002216b00000)]

Stack: [0x0000002216a00000,0x0000002216b00000],  sp=0x0000002216afb5a8,  free space=1005k
Native frames: (J=compiled Java code, j=interpreted, Vv=VM code, C=native code)
C  0x000001b7624c66ab


siginfo: EXCEPTION_ACCESS_VIOLATION (0xc0000005), reading address 0xffffffffffffffff


Registers:
RAX=0x000000070523a660, RBX=0x000001b772d36ac0, RCX=0x0000000000001a66, RDX=0x000000070392ffa8
RSP=0x0000002216afb5a8, RBP=0x0000002216afba10, RSI=0x000000070523a660, RDI=0x000000070381e908
R8 =0x0000000703bcb770, R9 =0x00000007037c8ae0, R10=0xbe0819083a0016b6, R11=0x0000000702b6d860
R12=0x0000000000000000, R13=0x000000070523a630, R14=0x00000007037c7a30, R15=0x000001b752ea5bd0
RIP=0x000001b7624c66ab, EFLAGS=0x0000000000010206


Register to memory mapping:

RIP=0x000001b7624c66ab is at code_begin+171 in 
[CodeBlob (0x000001b7624c6590)]
Framesize: 0
BufferBlob (0x000001b7624c6590) used for I2C/C2I adapters
RAX=0x000000070523a660 is an oop: org.springframework.core.annotation.TypeMappedAnnotations$MergedAnnotationFinder 
{0x000000070523a660} - klass: 'org/springframework/core/annotation/TypeMappedAnnotations$MergedAnnotationFinder'
 - ---- fields (total size 4 words):
 - private final 'requiredType' 'Ljava/lang/Object;' @12  a 'java/lang/Class'{0x000000070392ffa8} = 'org/springframework/transaction/annotation/Transactional' (0xe0725ff5)
 - private final 'predicate' 'Ljava/util/function/Predicate;' @16  NULL (0x00000000)
 - private final 'selector' 'Lorg/springframework/core/annotation/MergedAnnotationSelector;' @20  a 'org/springframework/core/annotation/MergedAnnotationSelectors$FirstDirectlyDeclared'{0x0000000702b6d860} (0xe056db0c)
 - private 'result' 'Lorg/springframework/core/annotation/MergedAnnotation;' @24  NULL (0x00000000)
 - final synthetic 'this$0' 'Lorg/springframework/core/annotation/TypeMappedAnnotations;' @28  a 'org/springframework/core/annotation/TypeMappedAnnotations'{0x000000070523a630} (0xe0a474c6)
RBX=0x000001b772d36ac0 is pointing into metadata
RCX=0x0000000000001a66 is an unknown value
RDX=0x000000070392ffa8 is an oop: java.lang.Class 
{0x000000070392ffa8} - klass: 'java/lang/Class'
 - ---- fields (total size 14 words):
 - private volatile transient 'classRedefinedCount' 'I' @12  0 (0x00000000)
 - abstract internal 'klass' 'J' @16  34379534456 (0x00000008012e1078)
 - abstract internal 'array_klass' 'J' @24  0 (0x0000000000000000)
 - abstract internal 'oop_size' 'I' @32  14 (0x0000000e)
 - abstract internal 'static_oop_field_count' 'I' @36  0 (0x00000000)
 - private volatile transient 'cachedConstructor' 'Ljava/lang/reflect/Constructor;' @40  NULL (0x00000000)
 - private transient 'name' 'Ljava/lang/String;' @44  "org.springframework.transaction.annotation.Transactional"{0x0000000703930018} (0xe0726003)
 - private transient 'module' 'Ljava/lang/Module;' @48  a 'java/lang/Module'{0x0000000702c896f0} (0xe05912de)
 - private final 'classLoader' 'Ljava/lang/ClassLoader;' @52  a 'jdk/internal/loader/ClassLoaders$AppClassLoader'{0x0000000702c7be00} (0xe058f7c0)
 - private transient 'classData' 'Ljava/lang/Object;' @56  NULL (0x00000000)
 - private transient 'packageName' 'Ljava/lang/String;' @60  "org.springframework.transaction.annotation"{0x00000007032c94f8} (0xe065929f)
 - private final 'componentType' 'Ljava/lang/Class;' @64  NULL (0x00000000)
 - private volatile transient 'reflectionData' 'Ljava/lang/ref/SoftReference;' @68  NULL (0x00000000)
 - private volatile transient 'genericInfo' 'Lsun/reflect/generics/repository/ClassRepository;' @72  NULL (0x00000000)
 - private volatile transient 'enumConstants' '[Ljava/lang/Object;' @76  NULL (0x00000000)
 - private volatile transient 'enumConstantDirectory' 'Ljava/util/Map;' @80  NULL (0x00000000)
 - private volatile transient 'annotationData' 'Ljava/lang/Class$AnnotationData;' @84  NULL (0x00000000)
 - private volatile transient 'annotationType' 'Lsun/reflect/annotation/AnnotationType;' @88  NULL (0x00000000)
 - transient 'classValueMap' 'Ljava/lang/ClassValue$ClassValueMap;' @92  NULL (0x00000000)
 - abstract internal 'protection_domain' 'Ljava/lang/Object;' @96  a 'java/security/ProtectionDomain'{0x00000007032d3750} (0xe065a6ea)
 - abstract internal 'signers_name' 'Ljava/lang/Object;' @100  NULL (0x00000000)
 - abstract internal 'source_file' 'Ljava/lang/Object;' @104  NULL (0x00000000)
 - signature: Lorg/springframework/transaction/annotation/Transactional;
 - ---- static fields (0):
RSP=0x0000002216afb5a8 is pointing into the stack for thread: 0x000001b752ea5bd0
RBP=0x0000002216afba10 is pointing into the stack for thread: 0x000001b752ea5bd0
RSI=0x000000070523a660 is an oop: org.springframework.core.annotation.TypeMappedAnnotations$MergedAnnotationFinder 
{0x000000070523a660} - klass: 'org/springframework/core/annotation/TypeMappedAnnotations$MergedAnnotationFinder'
 - ---- fields (total size 4 words):
 - private final 'requiredType' 'Ljava/lang/Object;' @12  a 'java/lang/Class'{0x000000070392ffa8} = 'org/springframework/transaction/annotation/Transactional' (0xe0725ff5)
 - private final 'predicate' 'Ljava/util/function/Predicate;' @16  NULL (0x00000000)
 - private final 'selector' 'Lorg/springframework/core/annotation/MergedAnnotationSelector;' @20  a 'org/springframework/core/annotation/MergedAnnotationSelectors$FirstDirectlyDeclared'{0x0000000702b6d860} (0xe056db0c)
 - private 'result' 'Lorg/springframework/core/annotation/MergedAnnotation;' @24  NULL (0x00000000)
 - final synthetic 'this$0' 'Lorg/springframework/core/annotation/TypeMappedAnnotations;' @28  a 'org/springframework/core/annotation/TypeMappedAnnotations'{0x000000070523a630} (0xe0a474c6)
RDI=0x000000070381e908 is an oop: org.springframework.core.annotation.MergedAnnotations$Search$$Lambda$45/0x0000000801031d28 
{0x000000070381e908} - klass: 'org/springframework/core/annotation/MergedAnnotations$Search$$Lambda$45+0x0000000801031d28'
 - ---- fields (total size 2 words):
R8 =0x0000000703bcb770 is an oop: java.lang.Class 
{0x0000000703bcb770} - klass: 'java/lang/Class'
 - ---- fields (total size 14 words):
 - private volatile transient 'classRedefinedCount' 'I' @12  0 (0x00000000)
 - abstract internal 'klass' 'J' @16  34380424360 (0x00000008013ba4a8)
 - abstract internal 'array_klass' 'J' @24  0 (0x0000000000000000)
 - abstract internal 'oop_size' 'I' @32  14 (0x0000000e)
 - abstract internal 'static_oop_field_count' 'I' @36  0 (0x00000000)
 - private volatile transient 'cachedConstructor' 'Ljava/lang/reflect/Constructor;' @40  NULL (0x00000000)
 - private transient 'name' 'Ljava/lang/String;' @44  "org.hibernate.SessionFactory"{0x0000000703bcb7e0} (0xe07796fc)
 - private transient 'module' 'Ljava/lang/Module;' @48  a 'java/lang/Module'{0x0000000702c896f0} (0xe05912de)
 - private final 'classLoader' 'Ljava/lang/ClassLoader;' @52  a 'jdk/internal/loader/ClassLoaders$AppClassLoader'{0x0000000702c7be00} (0xe058f7c0)
 - private transient 'classData' 'Ljava/lang/Object;' @56  NULL (0x00000000)
 - private transient 'packageName' 'Ljava/lang/String;' @60  "org.hibernate"{0x00000007033cc2a8} (0xe0679855)
 - private final 'componentType' 'Ljava/lang/Class;' @64  NULL (0x00000000)
 - private volatile transient 'reflectionData' 'Ljava/lang/ref/SoftReference;' @68  a 'java/lang/ref/SoftReference'{0x0000000705484168} (0xe0a9082d)
 - private volatile transient 'genericInfo' 'Lsun/reflect/generics/repository/ClassRepository;' @72  NULL (0x00000000)
 - private volatile transient 'enumConstants' '[Ljava/lang/Object;' @76  NULL (0x00000000)
 - private volatile transient 'enumConstantDirectory' 'Ljava/util/Map;' @80  NULL (0x00000000)
 - private volatile transient 'annotationData' 'Ljava/lang/Class$AnnotationData;' @84  a 'java/lang/Class$AnnotationData'{0x00000007052310a0} (0xe0a46214)
 - private volatile transient 'annotationType' 'Lsun/reflect/annotation/AnnotationType;' @88  NULL (0x00000000)
 - transient 'classValueMap' 'Ljava/lang/ClassValue$ClassValueMap;' @92  NULL (0x00000000)
 - abstract internal 'protection_domain' 'Ljava/lang/Object;' @96  a 'java/security/ProtectionDomain'{0x00000007033883f0} (0xe067107e)
 - abstract internal 'signers_name' 'Ljava/lang/Object;' @100  NULL (0x00000000)
 - abstract internal 'source_file' 'Ljava/lang/Object;' @104  NULL (0x00000000)
 - signature: Lorg/hibernate/SessionFactory;
 - ---- static fields (0):
R9 =0x00000007037c8ae0 is an oop: org.springframework.core.annotation.MergedAnnotations$SearchStrategy 
{0x00000007037c8ae0} - klass: 'org/springframework/core/annotation/MergedAnnotations$SearchStrategy'
 - ---- fields (total size 3 words):
 - private final 'ordinal' 'I' @12  3 (0x00000003)
 - private final 'name' 'Ljava/lang/String;' @16  "TYPE_HIERARCHY"{0x00000007037c8af8} (0xe06f915f)
R10=0xbe0819083a0016b6 is an unknown value
R11=0x0000000702b6d860 is an oop: org.springframework.core.annotation.MergedAnnotationSelectors$FirstDirectlyDeclared 
{0x0000000702b6d860} - klass: 'org/springframework/core/annotation/MergedAnnotationSelectors$FirstDirectlyDeclared'
 - ---- fields (total size 2 words):
R12=0x0 is NULL
R13=0x000000070523a630 is an oop: org.springframework.core.annotation.TypeMappedAnnotations 
{0x000000070523a630} - klass: 'org/springframework/core/annotation/TypeMappedAnnotations'
 - ---- fields (total size 6 words):
 - private final 'source' 'Ljava/lang/Object;' @12  a 'java/lang/Class'{0x0000000703bcb770} = 'org/hibernate/SessionFactory' (0xe07796ee)
 - private final 'element' 'Ljava/lang/reflect/AnnotatedElement;' @16  a 'java/lang/Class'{0x0000000703bcb770} = 'org/hibernate/SessionFactory' (0xe07796ee)
 - private final 'searchStrategy' 'Lorg/springframework/core/annotation/MergedAnnotations$SearchStrategy;' @20  a 'org/springframework/core/annotation/MergedAnnotations$SearchStrategy'{0x00000007037c8ae0} (0xe06f915c)
 - private final 'searchEnclosingClass' 'Ljava/util/function/Predicate;' @24  a 'org/springframework/core/annotation/MergedAnnotations$Search$$Lambda$45+0x0000000801031d28'{0x000000070381e908} (0xe0703d21)
 - private final 'annotations' '[Ljava/lang/annotation/Annotation;' @28  NULL (0x00000000)
 - private final 'repeatableContainers' 'Lorg/springframework/core/annotation/RepeatableContainers;' @32  a 'org/springframework/core/annotation/RepeatableContainers$NoRepeatableContainers'{0x000000070381e928} (0xe0703d25)
 - private final 'annotationFilter' 'Lorg/springframework/core/annotation/AnnotationFilter;' @36  a 'org/springframework/core/annotation/PackagesAnnotationFilter'{0x00000007037c7a18} (0xe06f8f43)
 - private volatile 'aggregates' 'Ljava/util/List;' @40  NULL (0x00000000)
R14=0x00000007037c7a30 is an oop: [Ljava.lang.String; 
{0x00000007037c7a30} - klass: 'java/lang/String'[]
 - length: 2
R15=0x000001b752ea5bd0 is a thread


Top of Stack: (sp=0x0000002216afb5a8)
0x0000002216afb5a8:   000001b75b831ad4 0000002216afba10
0x0000002216afb5b8:   000001b75b576bf2 000000070523a660
0x0000002216afb5c8:   000001b700000002 000000070523a5f0
0x0000002216afb5d8:   0000000700000002 0000000703bcb770
0x0000002216afb5e8:   000001b700000031 0000002216afba10
0x0000002216afb5f8:   000001b75b82eec4 0000002216afba10
0x0000002216afb608:   000001b75b82eec4 00000008000071a8
0x0000002216afb618:   00007ffe49fab59c 00007ffe4a4a70c0
0x0000002216afb628:   000001b752ea5bd0 0000002216afba10
0x0000002216afb638:   000001b75b45e39c 0000002216afb9b0
0x0000002216afb648:   000000000000000c 000001b752ea6520
0x0000002216afb658:   0000000703bcb770 00000007037c8ae0
0x0000002216afb668:   000000070523a630 000000070392ffa8
0x0000002216afb678:   0000000000000000 0000000702b6d860
0x0000002216afb688:   000000070523a660 0000000702b6d860
0x0000002216afb698:   000000070523a5f0 0000002216afba10
0x0000002216afb6a8:   000001b75b619a64 0000002216afba10
0x0000002216afb6b8:   000001b75b63a7cc 000000070300ac00
0x0000002216afb6c8:   0000000000000000 0000000000000000
0x0000002216afb6d8:   000000070523a610 0000002216afba10
0x0000002216afb6e8:   000001b75b2de831 000000070523a610
0x0000002216afb6f8:   0000002216afb770 00000008000071a8
0x0000002216afb708:   000001b762a4c786 0000000000000000
0x0000002216afb718:   00000007035559f0 000000070392ffa8
0x0000002216afb728:   0000000000000000 000000070323afe8
0x0000002216afb738:   0000000702b6d2f8 0000002216afba10
0x0000002216afb748:   000001b75b63b95c 0000002216afba10
0x0000002216afb758:   000001b75b7dbdfc 000000070523458c
0x0000002216afb768:   00007ffe49d17eb7 0000002216afba10
0x0000002216afb778:   00000007039888f8 0000000703988930
0x0000002216afb788:   000001b75b6243b4 0000002216afba10
0x0000002216afb798:   000001b75b63b284 0000000000000002 

Instructions: (pc=0x000001b7624c66ab)
0x000001b7624c65ab:   62 b7 01 00 00 e8 69 4c 62 b7 01 00 00 f0 65 4c
0x000001b7624c65bb:   62 b7 01 00 00 00 66 4c 62 b7 01 00 00 00 00 00
0x000001b7624c65cb:   00 00 00 00 00 b0 2b 4a 4a fe 7f 00 00 58 04 00
0x000001b7624c65db:   00 60 00 00 00 ff ff ff ff 58 04 00 00 00 00 00
0x000001b7624c65eb:   00 00 00 00 00 4e 32 10 32 3a 32 3d 31 15 30 ce
0x000001b7624c65fb:   32 8a 30 00 00 4c 8b dc 58 48 83 e4 f0 50 49 8b
0x000001b7624c660b:   c3 4c 8b 5b 40 48 8b 50 28 4c 8b 40 20 4c 8b 48
0x000001b7624c661b:   18 48 8b 78 10 48 8b 70 08 49 89 9f 10 03 00 00
0x000001b7624c662b:   48 8b c3 41 ff e3 8b 5a 08 49 ba 00 00 00 00 08
0x000001b7624c663b:   00 00 00 49 03 da 48 3b 58 08 48 8b 18 0f 84 05
0x000001b7624c664b:   00 00 00 e9 ad d7 02 00 48 83 7b 48 00 0f 84 5c
0x000001b7624c665b:   03 00 00 e9 9d d7 02 00 44 8b 53 28 41 f6 c2 08
0x000001b7624c666b:   0f 84 2c 00 00 00 4c 8b 53 08 4d 8b 52 08 4d 8b
0x000001b7624c667b:   52 18 41 80 ba 23 01 00 00 05 0f 84 12 00 00 00
0x000001b7624c668b:   4d 3b ba 30 01 00 00 0f 84 05 00 00 00 e9 63 6b
0x000001b7624c669b:   fe ff 48 83 fb 00 0f 84 11 02 00 00 4c 8b 53 08
0x000001b7624c66ab:   4d 8b 52 08 4d 8b 52 18 4d 8b 92 98 00 00 00 41
0x000001b7624c66bb:   83 7a 24 00 0f 8f f8 01 00 00 4d 8b 12 49 83 fa
0x000001b7624c66cb:   00 0f 84 dc 01 00 00 4d 8b 12 41 80 7f 40 00 0f
0x000001b7624c66db:   84 ce 01 00 00 49 83 fa 00 0f 84 c4 01 00 00 4d
0x000001b7624c66eb:   8b 5f 28 49 83 fb 00 0f 84 14 00 00 00 49 83 eb
0x000001b7624c66fb:   08 4d 89 5f 28 4d 03 5f 38 4d 89 13 e9 a2 01 00
0x000001b7624c670b:   00 48 81 ec d0 00 00 00 48 89 04 24 48 89 4c 24
0x000001b7624c671b:   08 48 89 54 24 10 48 89 74 24 18 48 89 7c 24 20
0x000001b7624c672b:   4c 89 44 24 28 4c 89 4c 24 30 4c 89 54 24 38 4c
0x000001b7624c673b:   89 5c 24 40 c5 fb 11 44 24 50 c5 fb 11 4c 24 58
0x000001b7624c674b:   c5 fb 11 54 24 60 c5 fb 11 5c 24 68 c5 fb 11 64
0x000001b7624c675b:   24 70 c5 fb 11 6c 24 78 c5 fb 11 b4 24 80 00 00
0x000001b7624c676b:   00 c5 fb 11 bc 24 88 00 00 00 c5 7b 11 84 24 90
0x000001b7624c677b:   00 00 00 c5 7b 11 8c 24 98 00 00 00 c5 7b 11 94
0x000001b7624c678b:   24 a0 00 00 00 c5 7b 11 9c 24 a8 00 00 00 c5 7b
0x000001b7624c679b:   11 a4 24 b0 00 00 00 c5 7b 11 ac 24 b8 00 00 00 


Stack slot to memory mapping:
stack at sp + 0 slots: 0x000001b75b831ad4 is at entry_point+372 in (nmethod*)0x000001b75b831790
Compiled method (c1)    6066 5001       3       org.springframework.core.annotation.TypeMappedAnnotations::scan (66 bytes)
 total in heap  [0x000001b75b831790,0x000001b75b831e40] = 1712
 relocation     [0x000001b75b8318d8,0x000001b75b831950] = 120
 main code      [0x000001b75b831960,0x000001b75b831d00] = 928
 stub code      [0x000001b75b831d00,0x000001b75b831d68] = 104
 oops           [0x000001b75b831d68,0x000001b75b831d70] = 8
 metadata       [0x000001b75b831d70,0x000001b75b831d78] = 8
 scopes data    [0x000001b75b831d78,0x000001b75b831db8] = 64
 scopes pcs     [0x000001b75b831db8,0x000001b75b831e28] = 112
 dependencies   [0x000001b75b831e28,0x000001b75b831e30] = 8
 nul chk table  [0x000001b75b831e30,0x000001b75b831e40] = 16
stack at sp + 1 slots: 0x0000002216afba10 is pointing into the stack for thread: 0x000001b752ea5bd0
stack at sp + 2 slots: 0x000001b75b576bf2 is at entry_point+818 in (nmethod*)0x000001b75b576710
Compiled method (c1)    6067 3111       3       org.springframework.core.annotation.TypeMappedAnnotations$MergedAnnotationFinder::<init> (37 bytes)
 total in heap  [0x000001b75b576710,0x000001b75b576d40] = 1584
 relocation     [0x000001b75b576858,0x000001b75b5768b0] = 88
 main code      [0x000001b75b5768c0,0x000001b75b576c38] = 888
 stub code      [0x000001b75b576c38,0x000001b75b576c70] = 56
 oops           [0x000001b75b576c70,0x000001b75b576c78] = 8
 metadata       [0x000001b75b576c78,0x000001b75b576c98] = 32
 scopes data    [0x000001b75b576c98,0x000001b75b576ce8] = 80
 scopes pcs     [0x000001b75b576ce8,0x000001b75b576d38] = 80
 dependencies   [0x000001b75b576d38,0x000001b75b576d40] = 8
stack at sp + 3 slots: 0x000000070523a660 is an oop: org.springframework.core.annotation.TypeMappedAnnotations$MergedAnnotationFinder 
{0x000000070523a660} - klass: 'org/springframework/core/annotation/TypeMappedAnnotations$MergedAnnotationFinder'
 - ---- fields (total size 4 words):
 - private final 'requiredType' 'Ljava/lang/Object;' @12  a 'java/lang/Class'{0x000000070392ffa8} = 'org/springframework/transaction/annotation/Transactional' (0xe0725ff5)
 - private final 'predicate' 'Ljava/util/function/Predicate;' @16  NULL (0x00000000)
 - private final 'selector' 'Lorg/springframework/core/annotation/MergedAnnotationSelector;' @20  a 'org/springframework/core/annotation/MergedAnnotationSelectors$FirstDirectlyDeclared'{0x0000000702b6d860} (0xe056db0c)
 - private 'result' 'Lorg/springframework/core/annotation/MergedAnnotation;' @24  NULL (0x00000000)
 - final synthetic 'this$0' 'Lorg/springframework/core/annotation/TypeMappedAnnotations;' @28  a 'org/springframework/core/annotation/TypeMappedAnnotations'{0x000000070523a630} (0xe0a474c6)
stack at sp + 4 slots: 0x000001b700000002 is an unknown value
stack at sp + 5 slots: 0x000000070523a5f0 is an oop: org.springframework.core.annotation.TypeMappedAnnotations$MergedAnnotationFinder 
{0x000000070523a5f0} - klass: 'org/springframework/core/annotation/TypeMappedAnnotations$MergedAnnotationFinder'
 - ---- fields (total size 4 words):
 - private final 'requiredType' 'Ljava/lang/Object;' @12  a 'java/lang/Class'{0x000000070323afe8} = 'jakarta/transaction/Transactional' (0xe06475fd)
 - private final 'predicate' 'Ljava/util/function/Predicate;' @16  NULL (0x00000000)
 - private final 'selector' 'Lorg/springframework/core/annotation/MergedAnnotationSelector;' @20  a 'org/springframework/core/annotation/MergedAnnotationSelectors$FirstDirectlyDeclared'{0x0000000702b6d860} (0xe056db0c)
 - private 'result' 'Lorg/springframework/core/annotation/MergedAnnotation;' @24  NULL (0x00000000)
 - final synthetic 'this$0' 'Lorg/springframework/core/annotation/TypeMappedAnnotations;' @28  a 'org/springframework/core/annotation/TypeMappedAnnotations'{0x000000070523a5c0} (0xe0a474b8)
stack at sp + 6 slots: 0x0000000700000002 is an unknown value
stack at sp + 7 slots: 0x0000000703bcb770 is an oop: java.lang.Class 
{0x0000000703bcb770} - klass: 'java/lang/Class'
 - ---- fields (total size 14 words):
 - private volatile transient 'classRedefinedCount' 'I' @12  0 (0x00000000)
 - abstract internal 'klass' 'J' @16  34380424360 (0x00000008013ba4a8)
 - abstract internal 'array_klass' 'J' @24  0 (0x0000000000000000)
 - abstract internal 'oop_size' 'I' @32  14 (0x0000000e)
 - abstract internal 'static_oop_field_count' 'I' @36  0 (0x00000000)
 - private volatile transient 'cachedConstructor' 'Ljava/lang/reflect/Constructor;' @40  NULL (0x00000000)
 - private transient 'name' 'Ljava/lang/String;' @44  "org.hibernate.SessionFactory"{0x0000000703bcb7e0} (0xe07796fc)
 - private transient 'module' 'Ljava/lang/Module;' @48  a 'java/lang/Module'{0x0000000702c896f0} (0xe05912de)
 - private final 'classLoader' 'Ljava/lang/ClassLoader;' @52  a 'jdk/internal/loader/ClassLoaders$AppClassLoader'{0x0000000702c7be00} (0xe058f7c0)
 - private transient 'classData' 'Ljava/lang/Object;' @56  NULL (0x00000000)
 - private transient 'packageName' 'Ljava/lang/String;' @60  "org.hibernate"{0x00000007033cc2a8} (0xe0679855)
 - private final 'componentType' 'Ljava/lang/Class;' @64  NULL (0x00000000)
 - private volatile transient 'reflectionData' 'Ljava/lang/ref/SoftReference;' @68  a 'java/lang/ref/SoftReference'{0x0000000705484168} (0xe0a9082d)
 - private volatile transient 'genericInfo' 'Lsun/reflect/generics/repository/ClassRepository;' @72  NULL (0x00000000)
 - private volatile transient 'enumConstants' '[Ljava/lang/Object;' @76  NULL (0x00000000)
 - private volatile transient 'enumConstantDirectory' 'Ljava/util/Map;' @80  NULL (0x00000000)
 - private volatile transient 'annotationData' 'Ljava/lang/Class$AnnotationData;' @84  a 'java/lang/Class$AnnotationData'{0x00000007052310a0} (0xe0a46214)
 - private volatile transient 'annotationType' 'Lsun/reflect/annotation/AnnotationType;' @88  NULL (0x00000000)
 - transient 'classValueMap' 'Ljava/lang/ClassValue$ClassValueMap;' @92  NULL (0x00000000)
 - abstract internal 'protection_domain' 'Ljava/lang/Object;' @96  a 'java/security/ProtectionDomain'{0x00000007033883f0} (0xe067107e)
 - abstract internal 'signers_name' 'Ljava/lang/Object;' @100  NULL (0x00000000)
 - abstract internal 'source_file' 'Ljava/lang/Object;' @104  NULL (0x00000000)
 - signature: Lorg/hibernate/SessionFactory;
 - ---- static fields (0):

--------------------------------------------------------------------------------
Decoding CodeBlob, name: I2C/C2I adapters, at  [0x000001b7624c6600, 0x000001b7624c69e8]  1000 bytes
[MachCode]
  0x000001b7624c6600: 4c8b dc58 | 4883 e4f0 | 5049 8bc3 | 4c8b 5b40 | 488b 5028 | 4c8b 4020 | 4c8b 4818 | 488b 7810 
  0x000001b7624c6620: 488b 7008 | 4989 9f10 | 0300 0048 | 8bc3 41ff | e38b 5a08 | 49ba 0000 | 0000 0800 | 0000 4903 
  0x000001b7624c6640: da48 3b58 | 0848 8b18 | 0f84 0500 | 0000 e9ad | d702 0048 | 837b 4800 | 0f84 5c03 | 0000 e99d 
  0x000001b7624c6660: d702 0044 | 8b53 2841 | f6c2 080f | 842c 0000 | 004c 8b53 | 084d 8b52 | 084d 8b52 | 1841 80ba 
  0x000001b7624c6680: 2301 0000 | 050f 8412 | 0000 004d | 3bba 3001 | 0000 0f84 | 0500 0000 | e963 6bfe | ff48 83fb 
  0x000001b7624c66a0: 000f 8411 | 0200 004c | 8b53 084d | 8b52 084d | 8b52 184d | 8b92 9800 | 0000 4183 | 7a24 000f 
  0x000001b7624c66c0: 8ff8 0100 | 004d 8b12 | 4983 fa00 | 0f84 dc01 | 0000 4d8b | 1241 807f | 4000 0f84 | ce01 0000 
  0x000001b7624c66e0: 4983 fa00 | 0f84 c401 | 0000 4d8b | 5f28 4983 | fb00 0f84 | 1400 0000 | 4983 eb08 | 4d89 5f28 
  0x000001b7624c6700: 4d03 5f38 | 4d89 13e9 | a201 0000 | 4881 ecd0 | 0000 0048 | 8904 2448 | 894c 2408 | 4889 5424 
  0x000001b7624c6720: 1048 8974 | 2418 4889 | 7c24 204c | 8944 2428 | 4c89 4c24 | 304c 8954 | 2438 4c89 | 5c24 40c5 
  0x000001b7624c6740: fb11 4424 | 50c5 fb11 | 4c24 58c5 | fb11 5424 | 60c5 fb11 | 5c24 68c5 | fb11 6424 | 70c5 fb11 
  0x000001b7624c6760: 6c24 78c5 | fb11 b424 | 8000 0000 | c5fb 11bc | 2488 0000 | 00c5 7b11 | 8424 9000 | 0000 c57b 
  0x000001b7624c6780: 118c 2498 | 0000 00c5 | 7b11 9424 | a000 0000 | c57b 119c | 24a8 0000 | 00c5 7b11 | a424 b000 
  0x000001b7624c67a0: 0000 c57b | 11ac 24b8 | 0000 00c5 | 7b11 b424 | c000 0000 | c57b 11bc | 24c8 0000 | 0049 8bd7 
  0x000001b7624c67c0: 498b ca48 | 83ec 2040 | f6c4 0f0f | 8419 0000 | 0048 83ec | 0848 b800 | 3de6 49fe | 7f00 00ff 
  0x000001b7624c67e0: d048 83c4 | 08e9 0c00 | 0000 48b8 | 003d e649 | fe7f 0000 | ffd0 4883 | c420 c57b | 10bc 24c8 
  0x000001b7624c6800: 0000 00c5 | 7b10 b424 | c000 0000 | c57b 10ac | 24b8 0000 | 00c5 7b10 | a424 b000 | 0000 c57b 
  0x000001b7624c6820: 109c 24a8 | 0000 00c5 | 7b10 9424 | a000 0000 | c57b 108c | 2498 0000 | 00c5 7b10 | 8424 9000 
  0x000001b7624c6840: 0000 c5fb | 10bc 2488 | 0000 00c5 | fb10 b424 | 8000 0000 | c5fb 106c | 2478 c5fb | 1064 2470 
  0x000001b7624c6860: c5fb 105c | 2468 c5fb | 1054 2460 | c5fb 104c | 2458 c5fb | 1044 2450 | 4c8b 5c24 | 404c 8b54 
  0x000001b7624c6880: 2438 4c8b | 4c24 304c | 8b44 2428 | 488b 7c24 | 2048 8b74 | 2418 488b | 5424 1048 | 8b4c 2408 
  0x000001b7624c68a0: 488b 0424 | 4881 c4d0 | 0000 00c5 | f877 4983 | fa00 0f85 | 0500 0000 | e943 69fe | ff48 837b 
  0x000001b7624c68c0: 4800 0f84 | f200 0000 | 4c8b ec48 | 8b04 2448 | 83e4 f09c | 4883 ec08 | 4881 ec80 | 0000 0048 
  0x000001b7624c68e0: 8944 2478 | 4889 4c24 | 7048 8954 | 2468 4889 | 5c24 6048 | 896c 2450 | 4889 7424 | 4848 897c 
  0x000001b7624c6900: 2440 4c89 | 4424 384c | 894c 2430 | 4c89 5424 | 284c 895c | 2420 4c89 | 6424 184c | 896c 2410 
  0x000001b7624c6920: 4c89 7424 | 084c 893c | 2448 81ec | 800a 0000 | 480f ae04 | 24c5 f877 | 4883 ec20 | 488b cb48 
  0x000001b7624c6940: 8bd0 48b8 | 4012 264a | fe7f 0000 | ffd0 4883 | c420 c5f8 | 7748 0fae | 0c24 4881 | c480 0a00 
  0x000001b7624c6960: 004c 8b3c | 244c 8b74 | 2408 4c8b | 6c24 104c | 8b64 2418 | 4c8b 5c24 | 204c 8b54 | 2428 4c8b 
  0x000001b7624c6980: 4c24 304c | 8b44 2438 | 488b 7c24 | 4048 8b74 | 2448 488b | 6c24 5048 | 8b5c 2460 | 488b 5424 
  0x000001b7624c69a0: 6848 8b4c | 2470 488b | 4424 7848 | 81c4 8000 | 0000 4883 | c408 9d49 | 8be5 4c8d | 6c24 0858 
  0x000001b7624c69c0: 4883 ec30 | 5048 8954 | 2428 4c89 | 4424 204c | 894c 2418 | 4889 7c24 | 1048 8974 | 2408 488b 
  0x000001b7624c69e0: 4b38 ffe1 | f4f4 f4f4 
[/MachCode]
--------------------------------------------------------------------------------


---------------  P R O C E S S  ---------------

Threads class SMR info:
_java_thread_list=0x000001b77993a6c0, length=19, elements={
0x000001b752ea5bd0, 0x000001b7723f7ba0, 0x000001b772401160, 0x000001b772408aa0,
0x000001b772409540, 0x000001b772408000, 0x000001b772406020, 0x000001b77241db00,
0x000001b7724464d0, 0x000001b772407560, 0x000001b776a032e0, 0x000001b772407ab0,
0x000001b772408ff0, 0x000001b777469630, 0x000001b77746e5e0, 0x000001b77746cb50,
0x000001b77746d5f0, 0x000001b77746bb60, 0x000001b77746eb30
}

Java Threads: ( => current thread )
=>0x000001b752ea5bd0 JavaThread "main" [_thread_in_Java, id=16472, stack(0x0000002216a00000,0x0000002216b00000)]
  0x000001b7723f7ba0 JavaThread "Reference Handler" daemon [_thread_blocked, id=18768, stack(0x0000002217100000,0x0000002217200000)]
  0x000001b772401160 JavaThread "Finalizer" daemon [_thread_blocked, id=7980, stack(0x0000002217200000,0x0000002217300000)]
  0x000001b772408aa0 JavaThread "Signal Dispatcher" daemon [_thread_blocked, id=16164, stack(0x0000002217300000,0x0000002217400000)]
  0x000001b772409540 JavaThread "Attach Listener" daemon [_thread_blocked, id=14452, stack(0x0000002217400000,0x0000002217500000)]
  0x000001b772408000 JavaThread "Service Thread" daemon [_thread_blocked, id=12068, stack(0x0000002217500000,0x0000002217600000)]
  0x000001b772406020 JavaThread "Monitor Deflation Thread" daemon [_thread_blocked, id=17276, stack(0x0000002217600000,0x0000002217700000)]
  0x000001b77241db00 JavaThread "C2 CompilerThread0" daemon [_thread_blocked, id=16268, stack(0x0000002217700000,0x0000002217800000)]
  0x000001b7724464d0 JavaThread "C1 CompilerThread0" daemon [_thread_blocked, id=10848, stack(0x0000002217800000,0x0000002217900000)]
  0x000001b772407560 JavaThread "Common-Cleaner" daemon [_thread_blocked, id=15884, stack(0x0000002217900000,0x0000002217a00000)]
  0x000001b776a032e0 JavaThread "C2 CompilerThread1" daemon [_thread_blocked, id=16628, stack(0x0000002217a00000,0x0000002217b00000)]
  0x000001b772407ab0 JavaThread "Monitor Ctrl-Break" daemon [_thread_in_native, id=1496, stack(0x0000002217b00000,0x0000002217c00000)]
  0x000001b772408ff0 JavaThread "Notification Thread" daemon [_thread_blocked, id=5372, stack(0x0000002217c00000,0x0000002217d00000)]
  0x000001b777469630 JavaThread "Catalina-utility-1" [_thread_blocked, id=13096, stack(0x0000002218700000,0x0000002218800000)]
  0x000001b77746e5e0 JavaThread "Catalina-utility-2" [_thread_blocked, id=10220, stack(0x0000002218800000,0x0000002218900000)]
  0x000001b77746cb50 JavaThread "container-0" [_thread_blocked, id=2016, stack(0x0000002218900000,0x0000002218a00000)]
  0x000001b77746d5f0 JavaThread "mysql-cj-abandoned-connection-cleanup" daemon [_thread_blocked, id=16584, stack(0x0000002218a00000,0x0000002218b00000)]
  0x000001b77746bb60 JavaThread "HikariPool-1 housekeeper" daemon [_thread_blocked, id=5784, stack(0x0000002218c00000,0x0000002218d00000)]
  0x000001b77746eb30 JavaThread "HikariPool-1 connection adder" daemon [_thread_blocked, id=10764, stack(0x0000002218d00000,0x0000002218e00000)]

Other Threads:
  0x000001b7723deac0 VMThread "VM Thread" [stack: 0x0000002217000000,0x0000002217100000] [id=9792]
  0x000001b776c59780 WatcherThread "VM Periodic Task Thread" [stack: 0x0000002217d00000,0x0000002217e00000] [id=13996]
  0x000001b752f13f00 WorkerThread "GC Thread#0" [stack: 0x0000002216b00000,0x0000002216c00000] [id=13664]
  0x000001b777487a30 WorkerThread "GC Thread#1" [stack: 0x0000002217e00000,0x0000002217f00000] [id=16840]
  0x000001b776f6fd80 WorkerThread "GC Thread#2" [stack: 0x0000002217f00000,0x0000002218000000] [id=11768]
  0x000001b7774a5ac0 WorkerThread "GC Thread#3" [stack: 0x0000002218000000,0x0000002218100000] [id=8284]
  0x000001b7774a4f80 WorkerThread "GC Thread#4" [stack: 0x0000002218100000,0x0000002218200000] [id=10092]
  0x000001b7774a6330 WorkerThread "GC Thread#5" [stack: 0x0000002218200000,0x0000002218300000] [id=10672]
  0x000001b7774a6600 WorkerThread "GC Thread#6" [stack: 0x0000002218300000,0x0000002218400000] [id=16484]
  0x000001b7774a5520 WorkerThread "GC Thread#7" [stack: 0x0000002218500000,0x0000002218600000] [id=1576]
  0x000001b752f274c0 ConcurrentGCThread "G1 Main Marker" [stack: 0x0000002216c00000,0x0000002216d00000] [id=15752]
  0x000001b752f28db0 WorkerThread "G1 Conc#0" [stack: 0x0000002216d00000,0x0000002216e00000] [id=9912]
  0x000001b7774a4cb0 WorkerThread "G1 Conc#1" [stack: 0x0000002218600000,0x0000002218700000] [id=19220]
  0x000001b752f6e1a0 ConcurrentGCThread "G1 Refine#0" [stack: 0x0000002216e00000,0x0000002216f00000] [id=13748]
  0x000001b752f6eb50 ConcurrentGCThread "G1 Service" [stack: 0x0000002216f00000,0x0000002217000000] [id=8972]

Threads with active compile tasks:

VM state: not at safepoint (normal execution)

VM Mutex/Monitor currently owned by a thread: None

Heap address: 0x0000000702a00000, size: 4054 MB, Compressed Oops mode: Zero based, Oop shift amount: 3

CDS archive(s) mapped at: [0x0000000800000000-0x0000000800c60000-0x0000000800c60000), size 12976128, SharedBaseAddress: 0x0000000800000000, ArchiveRelocationMode: 0.
Compressed class space mapped at: 0x0000000801000000-0x0000000841000000, reserved size: 1073741824
Narrow klass base: 0x0000000800000000, Narrow klass shift: 0, Narrow klass range: 0x100000000

GC Precious Log:
 CardTable entry size: 512
 Card Set container configuration: InlinePtr #cards 4 size 8 Array Of Cards #cards 16 size 48 Howl #buckets 8 coarsen threshold 3686 Howl Bitmap #cards 512 size 80 coarsen threshold 460 Card regions per heap region 1 cards per card region 4096
 CPUs: 8 total, 8 available
 Memory: 16211M
 Large Page Support: Disabled
 NUMA Support: Disabled
 Compressed Oops: Enabled (Zero based)
 Heap Region Size: 2M
 Heap Min Capacity: 8M
 Heap Initial Capacity: 254M
 Heap Max Capacity: 4054M
 Pre-touch: Disabled
 Parallel Workers: 8
 Concurrent Workers: 2
 Concurrent Refinement Workers: 8
 Periodic GC: Disabled

Heap:
 garbage-first heap   total 55296K, used 34111K [0x0000000702a00000, 0x0000000800000000)
  region size 2048K, 8 young (16384K), 1 survivors (2048K)
 Metaspace       used 55153K, committed 55680K, reserved 1114112K
  class space    used 7274K, committed 7488K, reserved 1048576K

Heap Regions: E=young(eden), S=young(survivor), O=old, HS=humongous(starts), HC=humongous(continues), CS=collection set, F=free, OA=open archive, CA=closed archive, TAMS=top-at-mark-start, PB=parsable bottom
|   0|0x0000000702a00000, 0x0000000702c00000, 0x0000000702c00000|100%| O|  |TAMS 0x0000000702a00000| PB 0x0000000702a00000| Untracked 
|   1|0x0000000702c00000, 0x0000000702e00000, 0x0000000702e00000|100%| O|  |TAMS 0x0000000702c00000| PB 0x0000000702c00000| Untracked 
|   2|0x0000000702e00000, 0x0000000703000000, 0x0000000703000000|100%| O|  |TAMS 0x0000000702e00000| PB 0x0000000702e00000| Untracked 
|   3|0x0000000703000000, 0x0000000703200000, 0x0000000703200000|100%| O|  |TAMS 0x0000000703000000| PB 0x0000000703000000| Untracked 
|   4|0x0000000703200000, 0x0000000703400000, 0x0000000703400000|100%| O|  |TAMS 0x0000000703200000| PB 0x0000000703200000| Untracked 
|   5|0x0000000703400000, 0x0000000703600000, 0x0000000703600000|100%| O|  |TAMS 0x0000000703400000| PB 0x0000000703400000| Untracked 
|   6|0x0000000703600000, 0x0000000703800000, 0x0000000703800000|100%| O|  |TAMS 0x0000000703600000| PB 0x0000000703600000| Untracked 
|   7|0x0000000703800000, 0x0000000703a00000, 0x0000000703a00000|100%| O|  |TAMS 0x0000000703800000| PB 0x0000000703800000| Untracked 
|   8|0x0000000703a00000, 0x0000000703c00000, 0x0000000703c00000|100%| O|  |TAMS 0x0000000703a00000| PB 0x0000000703a00000| Untracked 
|   9|0x0000000703c00000, 0x0000000703e00000, 0x0000000703e00000|100%| O|  |TAMS 0x0000000703c00000| PB 0x0000000703c00000| Untracked 
|  10|0x0000000703e00000, 0x0000000703e23000, 0x0000000704000000|  6%| O|  |TAMS 0x0000000703e00000| PB 0x0000000703e00000| Untracked 
|  11|0x0000000704000000, 0x0000000704000000, 0x0000000704200000|  0%| F|  |TAMS 0x0000000704000000| PB 0x0000000704000000| Untracked 
|  12|0x0000000704200000, 0x0000000704200000, 0x0000000704400000|  0%| F|  |TAMS 0x0000000704200000| PB 0x0000000704200000| Untracked 
|  13|0x0000000704400000, 0x0000000704400000, 0x0000000704600000|  0%| F|  |TAMS 0x0000000704400000| PB 0x0000000704400000| Untracked 
|  14|0x0000000704600000, 0x0000000704600000, 0x0000000704800000|  0%| F|  |TAMS 0x0000000704600000| PB 0x0000000704600000| Untracked 
|  15|0x0000000704800000, 0x000000070492cd20, 0x0000000704a00000| 58%| S|CS|TAMS 0x0000000704800000| PB 0x0000000704800000| Complete 
|  16|0x0000000704a00000, 0x0000000704a00000, 0x0000000704c00000|  0%| F|  |TAMS 0x0000000704a00000| PB 0x0000000704a00000| Untracked 
|  17|0x0000000704c00000, 0x0000000704c00000, 0x0000000704e00000|  0%| F|  |TAMS 0x0000000704c00000| PB 0x0000000704c00000| Untracked 
|  18|0x0000000704e00000, 0x0000000704e00000, 0x0000000705000000|  0%| F|  |TAMS 0x0000000704e00000| PB 0x0000000704e00000| Untracked 
|  19|0x0000000705000000, 0x0000000705000000, 0x0000000705200000|  0%| F|  |TAMS 0x0000000705000000| PB 0x0000000705000000| Untracked 
|  20|0x0000000705200000, 0x0000000705271318, 0x0000000705400000| 22%| E|  |TAMS 0x0000000705200000| PB 0x0000000705200000| Complete 
|  21|0x0000000705400000, 0x0000000705600000, 0x0000000705600000|100%| E|CS|TAMS 0x0000000705400000| PB 0x0000000705400000| Complete 
|  22|0x0000000705600000, 0x0000000705800000, 0x0000000705800000|100%| E|CS|TAMS 0x0000000705600000| PB 0x0000000705600000| Complete 
|  98|0x000000070ee00000, 0x000000070f000000, 0x000000070f000000|100%| E|CS|TAMS 0x000000070ee00000| PB 0x000000070ee00000| Complete 
|  99|0x000000070f000000, 0x000000070f200000, 0x000000070f200000|100%| E|CS|TAMS 0x000000070f000000| PB 0x000000070f000000| Complete 
| 100|0x000000070f200000, 0x000000070f400000, 0x000000070f400000|100%| E|CS|TAMS 0x000000070f200000| PB 0x000000070f200000| Complete 
| 126|0x0000000712600000, 0x0000000712800000, 0x0000000712800000|100%| E|CS|TAMS 0x0000000712600000| PB 0x0000000712600000| Complete 

Card table byte_map: [0x000001b76aa90000,0x000001b76b280000] _byte_map_base: 0x000001b76727b000

Marking Bits: (CMBitMap*) 0x000001b752f16460
 Bits: [0x000001b76ba70000, 0x000001b76f9c8000)

Polling page: 0x000001b750d50000

Metaspace:

Usage:
  Non-class:     46.76 MB used.
      Class:      7.10 MB used.
       Both:     53.86 MB used.

Virtual space:
  Non-class space:       64.00 MB reserved,      47.06 MB ( 74%) committed,  1 nodes.
      Class space:        1.00 GB reserved,       7.31 MB ( <1%) committed,  1 nodes.
             Both:        1.06 GB reserved,      54.38 MB (  5%) committed. 

Chunk freelists:
   Non-Class:  992.00 KB
       Class:  643.00 KB
        Both:  1.60 MB

MaxMetaspaceSize: unlimited
CompressedClassSpaceSize: 1.00 GB
Initial GC threshold: 21.00 MB
Current GC threshold: 59.19 MB
CDS: on
MetaspaceReclaimPolicy: balanced
 - commit_granule_bytes: 65536.
 - commit_granule_words: 8192.
 - virtual_space_node_default_size: 8388608.
 - enlarge_chunks_in_place: 1.
 - new_chunks_are_fully_committed: 0.
 - uncommit_free_chunks: 1.
 - use_allocation_guard: 0.


Internal statistics:

num_allocs_failed_limit: 6.
num_arena_births: 716.
num_arena_deaths: 0.
num_vsnodes_births: 2.
num_vsnodes_deaths: 0.
num_space_committed: 870.
num_space_uncommitted: 0.
num_chunks_returned_to_freelist: 6.
num_chunks_taken_from_freelist: 2560.
num_chunk_merges: 6.
num_chunk_splits: 1851.
num_chunks_enlarged: 1451.
num_inconsistent_stats: 0.

CodeHeap 'non-profiled nmethods': size=120000Kb used=2913Kb max_used=2913Kb free=117086Kb
 bounds [0x000001b762a30000, 0x000001b762d10000, 0x000001b769f60000]
CodeHeap 'profiled nmethods': size=120000Kb used=9029Kb max_used=9029Kb free=110970Kb
 bounds [0x000001b75af60000, 0x000001b75b840000, 0x000001b762490000]
CodeHeap 'non-nmethods': size=5760Kb used=1698Kb max_used=1742Kb free=4061Kb
 bounds [0x000001b762490000, 0x000001b762700000, 0x000001b762a30000]
 total_blobs=5277 nmethods=4597 adapters=588
 compilation: enabled
              stopped_count=0, restarted_count=0
 full_count=0

Compilation events (20 events):
Event: 6.018 Thread 0x000001b7724464d0 nmethod 4995 0x000001b762d05c90 code [0x000001b762d05e00, 0x000001b762d05ed0]
Event: 6.018 Thread 0x000001b776a032e0 nmethod 4986 0x000001b762d05f90 code [0x000001b762d06140, 0x000001b762d065e8]
Event: 6.019 Thread 0x000001b776a032e0 4996       4       java.util.LinkedHashMap::keySet (25 bytes)
Event: 6.019 Thread 0x000001b7724464d0 4997       3       org.springframework.core.MethodParameter::validateIndex (31 bytes)
Event: 6.020 Thread 0x000001b7724464d0 nmethod 4997 0x000001b75b830010 code [0x000001b75b830240, 0x000001b75b830c18]
Event: 6.020 Thread 0x000001b7724464d0 4998       3       org.springframework.core.MethodParameter$$Lambda$161/0x0000000801110c08::<init> (10 bytes)
Event: 6.020 Thread 0x000001b7724464d0 nmethod 4998 0x000001b75b830f90 code [0x000001b75b831120, 0x000001b75b831288]
Event: 6.020 Thread 0x000001b7724464d0 4999       3       java.util.Spliterators$ArraySpliterator::estimateSize (27 bytes)
Event: 6.020 Thread 0x000001b7724464d0 nmethod 4999 0x000001b75b831390 code [0x000001b75b831520, 0x000001b75b8316c0]
Event: 6.020 Thread 0x000001b7724464d0 5000       1       java.lang.reflect.Method::getMethodAccessor (5 bytes)
Event: 6.020 Thread 0x000001b7724464d0 nmethod 5000 0x000001b762d06810 code [0x000001b762d06980, 0x000001b762d06a50]
Event: 6.021 Thread 0x000001b7724464d0 5001       3       org.springframework.core.annotation.TypeMappedAnnotations::scan (66 bytes)
Event: 6.021 Thread 0x000001b7724464d0 nmethod 5001 0x000001b75b831790 code [0x000001b75b831960, 0x000001b75b831d68]
Event: 6.022 Thread 0x000001b776a032e0 nmethod 4996 0x000001b762d06b10 code [0x000001b762d06c80, 0x000001b762d06e70]
Event: 6.022 Thread 0x000001b7724464d0 5002       3       org.springframework.core.annotation.TypeMappedAnnotations$MergedAnnotationFinder::doWithAnnotations (10 bytes)
Event: 6.022 Thread 0x000001b7724464d0 nmethod 5002 0x000001b75b831e90 code [0x000001b75b832020, 0x000001b75b832158]
Event: 6.024 Thread 0x000001b77241db00 5003       4       java.lang.Class::getInterfaces (6 bytes)
Event: 6.024 Thread 0x000001b776a032e0 5004       4       org.springframework.core.annotation.TypeMappedAnnotations$MergedAnnotationFinder::<init> (37 bytes)
Event: 6.024 Thread 0x000001b7724464d0 5006       3       org.springframework.core.convert.support.GenericConversionService$Converters::addToClassHierarchy (34 bytes)
Event: 6.025 Thread 0x000001b7724464d0 nmethod 5006 0x000001b75b832210 code [0x000001b75b8323e0, 0x000001b75b8327e0]

GC Heap History (16 events):
Event: 0.949 GC heap before
{Heap before GC invocations=0 (full 0):
 garbage-first heap   total 260096K, used 20480K [0x0000000702a00000, 0x0000000800000000)
  region size 2048K, 11 young (22528K), 0 survivors (0K)
 Metaspace       used 6129K, committed 6336K, reserved 1114112K
  class space    used 704K, committed 832K, reserved 1048576K
}
Event: 0.953 GC heap after
{Heap after GC invocations=1 (full 0):
 garbage-first heap   total 260096K, used 6639K [0x0000000702a00000, 0x0000000800000000)
  region size 2048K, 2 young (4096K), 2 survivors (4096K)
 Metaspace       used 6129K, committed 6336K, reserved 1114112K
  class space    used 704K, committed 832K, reserved 1048576K
}
Event: 1.602 GC heap before
{Heap before GC invocations=1 (full 0):
 garbage-first heap   total 260096K, used 29167K [0x0000000702a00000, 0x0000000800000000)
  region size 2048K, 14 young (28672K), 2 survivors (4096K)
 Metaspace       used 12535K, committed 12736K, reserved 1114112K
  class space    used 1456K, committed 1536K, reserved 1048576K
}
Event: 1.608 GC heap after
{Heap after GC invocations=2 (full 0):
 garbage-first heap   total 260096K, used 9499K [0x0000000702a00000, 0x0000000800000000)
  region size 2048K, 2 young (4096K), 2 survivors (4096K)
 Metaspace       used 12535K, committed 12736K, reserved 1114112K
  class space    used 1456K, committed 1536K, reserved 1048576K
}
Event: 2.829 GC heap before
{Heap before GC invocations=2 (full 0):
 garbage-first heap   total 260096K, used 54555K [0x0000000702a00000, 0x0000000800000000)
  region size 2048K, 26 young (53248K), 2 survivors (4096K)
 Metaspace       used 21187K, committed 21504K, reserved 1114112K
  class space    used 2567K, committed 2688K, reserved 1048576K
}
Event: 2.835 GC heap after
{Heap after GC invocations=3 (full 0):
 garbage-first heap   total 260096K, used 13062K [0x0000000702a00000, 0x0000000800000000)
  region size 2048K, 3 young (6144K), 3 survivors (6144K)
 Metaspace       used 21187K, committed 21504K, reserved 1114112K
  class space    used 2567K, committed 2688K, reserved 1048576K
}
Event: 3.552 GC heap before
{Heap before GC invocations=4 (full 0):
 garbage-first heap   total 55296K, used 39686K [0x0000000702a00000, 0x0000000800000000)
  region size 2048K, 16 young (32768K), 3 survivors (6144K)
 Metaspace       used 26962K, committed 27456K, reserved 1114112K
  class space    used 3341K, committed 3520K, reserved 1048576K
}
Event: 3.564 GC heap after
{Heap after GC invocations=5 (full 0):
 garbage-first heap   total 55296K, used 16640K [0x0000000702a00000, 0x0000000800000000)
  region size 2048K, 2 young (4096K), 2 survivors (4096K)
 Metaspace       used 26962K, committed 27456K, reserved 1114112K
  class space    used 3341K, committed 3520K, reserved 1048576K
}
Event: 4.193 GC heap before
{Heap before GC invocations=5 (full 0):
 garbage-first heap   total 55296K, used 39168K [0x0000000702a00000, 0x0000000800000000)
  region size 2048K, 13 young (26624K), 2 survivors (4096K)
 Metaspace       used 32040K, committed 32576K, reserved 1114112K
  class space    used 4063K, committed 4288K, reserved 1048576K
}
Event: 4.199 GC heap after
{Heap after GC invocations=6 (full 0):
 garbage-first heap   total 55296K, used 17795K [0x0000000702a00000, 0x0000000800000000)
  region size 2048K, 1 young (2048K), 1 survivors (2048K)
 Metaspace       used 32040K, committed 32576K, reserved 1114112K
  class space    used 4063K, committed 4288K, reserved 1048576K
}
Event: 4.443 GC heap before
{Heap before GC invocations=6 (full 0):
 garbage-first heap   total 55296K, used 28035K [0x0000000702a00000, 0x0000000800000000)
  region size 2048K, 7 young (14336K), 1 survivors (2048K)
 Metaspace       used 35540K, committed 36096K, reserved 1114112K
  class space    used 4525K, committed 4800K, reserved 1048576K
}
Event: 4.445 GC heap after
{Heap after GC invocations=7 (full 0):
 garbage-first heap   total 55296K, used 18390K [0x0000000702a00000, 0x0000000800000000)
  region size 2048K, 2 young (4096K), 2 survivors (4096K)
 Metaspace       used 35540K, committed 36096K, reserved 1114112K
  class space    used 4525K, committed 4800K, reserved 1048576K
}
Event: 5.224 GC heap before
{Heap before GC invocations=8 (full 0):
 garbage-first heap   total 55296K, used 42966K [0x0000000702a00000, 0x0000000800000000)
  region size 2048K, 14 young (28672K), 2 survivors (4096K)
 Metaspace       used 45224K, committed 45760K, reserved 1114112K
  class space    used 5718K, committed 5952K, reserved 1048576K
}
Event: 5.229 GC heap after
{Heap after GC invocations=9 (full 0):
 garbage-first heap   total 55296K, used 20699K [0x0000000702a00000, 0x0000000800000000)
  region size 2048K, 2 young (4096K), 2 survivors (4096K)
 Metaspace       used 45224K, committed 45760K, reserved 1114112K
  class space    used 5718K, committed 5952K, reserved 1048576K
}
Event: 5.784 GC heap before
{Heap before GC invocations=9 (full 0):
 garbage-first heap   total 55296K, used 43227K [0x0000000702a00000, 0x0000000800000000)
  region size 2048K, 13 young (26624K), 2 survivors (4096K)
 Metaspace       used 52169K, committed 52672K, reserved 1114112K
  class space    used 6841K, committed 7104K, reserved 1048576K
}
Event: 5.787 GC heap after
{Heap after GC invocations=10 (full 0):
 garbage-first heap   total 55296K, used 21823K [0x0000000702a00000, 0x0000000800000000)
  region size 2048K, 1 young (2048K), 1 survivors (2048K)
 Metaspace       used 52169K, committed 52672K, reserved 1114112K
  class space    used 6841K, committed 7104K, reserved 1048576K
}

Dll operation events (14 events):
Event: 0.011 Loaded shared library C:\Program Files\Java\jdk-20\bin\java.dll
Event: 0.024 Loaded shared library C:\Program Files\Java\jdk-20\bin\jsvml.dll
Event: 0.164 Loaded shared library C:\Program Files\Java\jdk-20\bin\zip.dll
Event: 0.169 Loaded shared library C:\Program Files\Java\jdk-20\bin\instrument.dll
Event: 0.176 Loaded shared library C:\Program Files\Java\jdk-20\bin\net.dll
Event: 0.178 Loaded shared library C:\Program Files\Java\jdk-20\bin\nio.dll
Event: 0.182 Loaded shared library C:\Program Files\Java\jdk-20\bin\zip.dll
Event: 0.337 Loaded shared library C:\Program Files\JetBrains\IntelliJ IDEA Community Edition 2023.2\bin\breakgen64.dll
Event: 0.349 Loaded shared library C:\Program Files\Java\jdk-20\bin\extnet.dll
Event: 0.423 Loaded shared library C:\Program Files\Java\jdk-20\bin\jimage.dll
Event: 3.504 Loaded shared library C:\Program Files\Java\jdk-20\bin\sunmscapi.dll
Event: 3.514 Loaded shared library C:\Program Files\Java\jdk-20\bin\management.dll
Event: 3.517 Loaded shared library C:\Program Files\Java\jdk-20\bin\management_ext.dll
Event: 4.185 Loaded shared library C:\Program Files\Java\jdk-20\bin\verify.dll

Deoptimization events (20 events):
Event: 6.011 Thread 0x000001b752ea5bd0 Uncommon trap: trap_request=0xffffff45 fr.pc=0x000001b762c0f638 relative=0x0000000000002978
Event: 6.011 Thread 0x000001b752ea5bd0 Uncommon trap: reason=unstable_if action=reinterpret pc=0x000001b762c0f638 method=org.springframework.core.annotation.TypeMappedAnnotations.scan(Ljava/lang/Object;Lorg/springframework/core/annotation/AnnotationsProcessor;)Ljava/lang/Object; @ 4 c2
Event: 6.011 Thread 0x000001b752ea5bd0 DEOPT PACKING pc=0x000001b762c0f638 sp=0x0000002216afe040
Event: 6.011 Thread 0x000001b752ea5bd0 DEOPT UNPACKING pc=0x000001b7624f9d22 sp=0x0000002216afe000 mode 2
Event: 6.013 Thread 0x000001b752ea5bd0 Uncommon trap: trap_request=0xffffff45 fr.pc=0x000001b762c30efc relative=0x00000000000040dc
Event: 6.013 Thread 0x000001b752ea5bd0 Uncommon trap: reason=unstable_if action=reinterpret pc=0x000001b762c30efc method=org.springframework.core.annotation.TypeMappedAnnotations.scan(Ljava/lang/Object;Lorg/springframework/core/annotation/AnnotationsProcessor;)Ljava/lang/Object; @ 4 c2
Event: 6.013 Thread 0x000001b752ea5bd0 DEOPT PACKING pc=0x000001b762c30efc sp=0x0000002216afd4e0
Event: 6.013 Thread 0x000001b752ea5bd0 DEOPT UNPACKING pc=0x000001b7624f9d22 sp=0x0000002216afd548 mode 2
Event: 6.018 Thread 0x000001b752ea5bd0 Uncommon trap: trap_request=0xffffff45 fr.pc=0x000001b762bc0bc8 relative=0x0000000000000388
Event: 6.018 Thread 0x000001b752ea5bd0 Uncommon trap: reason=unstable_if action=reinterpret pc=0x000001b762bc0bc8 method=org.springframework.core.annotation.TypeMappedAnnotations$MergedAnnotationFinder.doWithAnnotations(Ljava/lang/Object;ILjava/lang/Object;[Ljava/lang/annotation/Annotation;)Lo
Event: 6.018 Thread 0x000001b752ea5bd0 DEOPT PACKING pc=0x000001b762bc0bc8 sp=0x0000002216afca10
Event: 6.018 Thread 0x000001b752ea5bd0 DEOPT UNPACKING pc=0x000001b7624f9d22 sp=0x0000002216afc958 mode 2
Event: 6.020 Thread 0x000001b752ea5bd0 Uncommon trap: trap_request=0xfffffff4 fr.pc=0x000001b762cb0758 relative=0x00000000000002d8
Event: 6.020 Thread 0x000001b752ea5bd0 Uncommon trap: reason=null_check action=make_not_entrant pc=0x000001b762cb0758 method=sun.invoke.util.VerifyType.isNullConversion(Ljava/lang/Class;Ljava/lang/Class;Z)Z @ 67 c2
Event: 6.021 Thread 0x000001b752ea5bd0 DEOPT PACKING pc=0x000001b762cb0758 sp=0x0000002216afb9e0
Event: 6.021 Thread 0x000001b752ea5bd0 DEOPT UNPACKING pc=0x000001b7624f9d22 sp=0x0000002216afb960 mode 2
Event: 6.025 Thread 0x000001b752ea5bd0 Uncommon trap: trap_request=0xffffff45 fr.pc=0x000001b762c41380 relative=0x0000000000003f60
Event: 6.025 Thread 0x000001b752ea5bd0 Uncommon trap: reason=unstable_if action=reinterpret pc=0x000001b762c41380 method=org.springframework.core.annotation.AnnotationsScanner.processClassInheritedAnnotations(Ljava/lang/Object;Ljava/lang/Class;Lorg/springframework/core/annotation/MergedAnnotat
Event: 6.025 Thread 0x000001b752ea5bd0 DEOPT PACKING pc=0x000001b762c41380 sp=0x0000002216afb4c0
Event: 6.025 Thread 0x000001b752ea5bd0 DEOPT UNPACKING pc=0x000001b7624f9d22 sp=0x0000002216afb338 mode 2

Classes loaded (20 events):
Event: 5.273 Loading class java/util/concurrent/CompletableFuture$Completion
Event: 5.273 Loading class java/util/concurrent/CompletableFuture$AsynchronousCompletionTask
Event: 5.273 Loading class java/util/concurrent/CompletableFuture$AsynchronousCompletionTask done
Event: 5.273 Loading class java/util/concurrent/CompletableFuture$Completion done
Event: 5.320 Loading class java/util/concurrent/CancellationException
Event: 5.320 Loading class java/util/concurrent/CancellationException done
Event: 5.557 Loading class java/util/ArrayList$ListItr
Event: 5.557 Loading class java/util/ArrayList$ListItr done
Event: 5.604 Loading class java/util/AbstractList$SubList
Event: 5.604 Loading class java/util/AbstractList$SubList done
Event: 5.693 Loading class java/lang/reflect/AnnotatedArrayType
Event: 5.693 Loading class java/lang/reflect/AnnotatedArrayType done
Event: 5.732 Loading class java/lang/foreign/ValueLayout
Event: 5.733 Loading class java/lang/foreign/MemoryLayout
Event: 5.733 Loading class java/lang/foreign/MemoryLayout done
Event: 5.733 Loading class java/lang/foreign/ValueLayout done
Event: 6.001 Loading class javax/naming/Reference
Event: 6.001 Loading class javax/naming/Reference done
Event: 6.023 Loading class java/lang/SafeVarargs
Event: 6.023 Loading class java/lang/SafeVarargs done

Classes unloaded (0 events):
No events

Classes redefined (0 events):
No events

Internal exceptions (20 events):
Event: 3.747 Thread 0x000001b752ea5bd0 Exception <a 'java/lang/NoSuchMethodError'{0x000000070ef68d80}: 'java.lang.Object java.lang.invoke.DirectMethodHandle$Holder.newInvokeSpecial(java.lang.Object, java.lang.Object, java.lang.Object, java.lang.Object, java.lang.Object, java.lang.Object, java.lang.Object, java.lang.Object, java.lang.Object, java.lang.Object, java.lang.Object)'> (0x000000070ef68d80) 
thrown [s\open\src\hotspot\share\interpreter\linkResolver.cpp, line 773]
Event: 3.843 Thread 0x000001b752ea5bd0 Exception <a 'java/lang/NoSuchMethodError'{0x000000070546c940}: 'void java.lang.invoke.DelegatingMethodHandle$Holder.reinvoke_L(java.lang.Object, java.lang.Object, java.lang.Object, java.lang.Object, int, java.lang.Object, java.lang.Object, java.lang.Object)'> (0x000000070546c940) 
thrown [s\open\src\hotspot\share\interpreter\linkResolver.cpp, line 773]
Event: 4.520 Thread 0x000001b752ea5bd0 Exception <a 'sun/nio/fs/WindowsException'{0x000000070f2bf6f0}> (0x000000070f2bf6f0) 
thrown [s\open\src\hotspot\share\prims\jni.cpp, line 519]
Event: 4.911 Thread 0x000001b752ea5bd0 Exception <a 'java/lang/NoSuchMethodError'{0x000000070545ca78}: 'java.lang.Object java.lang.invoke.DirectMethodHandle$Holder.invokeStaticInit(java.lang.Object, java.lang.Object, java.lang.Object, java.lang.Object)'> (0x000000070545ca78) 
thrown [s\open\src\hotspot\share\interpreter\linkResolver.cpp, line 773]
Event: 5.329 Thread 0x000001b752ea5bd0 Exception <a 'java/lang/IncompatibleClassChangeError'{0x000000070f38ce68}: Found class java.lang.Object, but interface was expected> (0x000000070f38ce68) 
thrown [s\open\src\hotspot\share\interpreter\linkResolver.cpp, line 840]
Event: 5.347 Thread 0x000001b752ea5bd0 Exception <a 'java/lang/NoSuchMethodError'{0x000000070f055d48}: 'java.lang.Object java.lang.invoke.DirectMethodHandle$Holder.invokeStatic(java.lang.Object, java.lang.Object, int, java.lang.Object)'> (0x000000070f055d48) 
thrown [s\open\src\hotspot\share\interpreter\linkResolver.cpp, line 773]
Event: 5.347 Thread 0x000001b752ea5bd0 Exception <a 'java/lang/NoSuchMethodError'{0x000000070f059540}: 'java.lang.Object java.lang.invoke.DirectMethodHandle$Holder.invokeStaticInit(java.lang.Object, java.lang.Object, int, java.lang.Object)'> (0x000000070f059540) 
thrown [s\open\src\hotspot\share\interpreter\linkResolver.cpp, line 773]
Event: 5.824 Thread 0x000001b752ea5bd0 Exception <a 'java/lang/NoSuchMethodError'{0x00000007127be738}: 'void java.lang.invoke.DirectMethodHandle$Holder.invokeInterface(java.lang.Object, java.lang.Object, int, java.lang.Object)'> (0x00000007127be738) 
thrown [s\open\src\hotspot\share\interpreter\linkResolver.cpp, line 773]
Event: 5.827 Thread 0x000001b752ea5bd0 Exception <a 'java/lang/NoSuchMethodError'{0x00000007127e64a8}: 'java.lang.Object java.lang.invoke.DirectMethodHandle$Holder.newInvokeSpecial(java.lang.Object, java.lang.Object, int, java.lang.Object)'> (0x00000007127e64a8) 
thrown [s\open\src\hotspot\share\interpreter\linkResolver.cpp, line 773]
Event: 5.827 Thread 0x000001b752ea5bd0 Exception <a 'java/lang/NoSuchMethodError'{0x00000007127e9e08}: 'java.lang.Object java.lang.invoke.Invokers$Holder.linkToTargetMethod(java.lang.Object, int, java.lang.Object, java.lang.Object)'> (0x00000007127e9e08) 
thrown [s\open\src\hotspot\share\interpreter\linkResolver.cpp, line 773]
Event: 5.840 Thread 0x000001b752ea5bd0 Exception <a 'java/lang/IncompatibleClassChangeError'{0x000000070f2911f0}: Found class java.lang.Object, but interface was expected> (0x000000070f2911f0) 
thrown [s\open\src\hotspot\share\interpreter\linkResolver.cpp, line 840]
Event: 5.860 Thread 0x000001b752ea5bd0 Exception <a 'java/lang/NoSuchMethodError'{0x000000070f3bd9a0}: 'int java.lang.invoke.DirectMethodHandle$Holder.invokeStatic(java.lang.Object, int, java.lang.Object)'> (0x000000070f3bd9a0) 
thrown [s\open\src\hotspot\share\interpreter\linkResolver.cpp, line 773]
Event: 5.861 Thread 0x000001b752ea5bd0 Exception <a 'java/lang/NoSuchMethodError'{0x000000070f3d9de0}: 'java.lang.Object java.lang.invoke.DirectMethodHandle$Holder.newInvokeSpecial(java.lang.Object, java.lang.Object, java.lang.Object, java.lang.Object, java.lang.Object, int)'> (0x000000070f3d9de0) 
thrown [s\open\src\hotspot\share\interpreter\linkResolver.cpp, line 773]
Event: 5.862 Thread 0x000001b752ea5bd0 Exception <a 'java/lang/NoSuchMethodError'{0x000000070f3ddc30}: 'java.lang.Object java.lang.invoke.Invokers$Holder.linkToTargetMethod(java.lang.Object, java.lang.Object, java.lang.Object, java.lang.Object, int, java.lang.Object)'> (0x000000070f3ddc30) 
thrown [s\open\src\hotspot\share\interpreter\linkResolver.cpp, line 773]
Event: 5.893 Thread 0x000001b752ea5bd0 Exception <a 'java/lang/NoSuchMethodError'{0x000000070f167ac8}: 'java.lang.Object java.lang.invoke.DirectMethodHandle$Holder.newInvokeSpecial(java.lang.Object, java.lang.Object, java.lang.Object, java.lang.Object, java.lang.Object, java.lang.Object)'> (0x000000070f167ac8) 
thrown [s\open\src\hotspot\share\interpreter\linkResolver.cpp, line 773]
Event: 5.900 Thread 0x000001b752ea5bd0 Exception <a 'java/lang/NoSuchMethodError'{0x000000070f1d0750}: 'java.lang.Object java.lang.invoke.DirectMethodHandle$Holder.newInvokeSpecial(java.lang.Object, java.lang.Object, java.lang.Object, java.lang.Object, java.lang.Object, java.lang.Object, java.lang.Object, int)'> (0x000000070f1d0750) 
thrown [s\open\src\hotspot\share\interpreter\linkResolver.cpp, line 773]
Event: 5.900 Thread 0x000001b752ea5bd0 Exception <a 'java/lang/NoSuchMethodError'{0x000000070f1d4cb0}: 'java.lang.Object java.lang.invoke.DirectMethodHandle$Holder.invokeSpecial(java.lang.Object, java.lang.Object, java.lang.Object, java.lang.Object, java.lang.Object, java.lang.Object, java.lang.Object, java.lang.Object, int)'> (0x000000070f1d4cb0) 
thrown [s\open\src\hotspot\share\interpreter\linkResolver.cpp, line 773]
Event: 5.915 Thread 0x000001b752ea5bd0 Exception <a 'java/lang/NoSuchMethodError'{0x000000070eeb28e0}: 'void java.lang.invoke.DirectMethodHandle$Holder.invokeInterface(java.lang.Object, java.lang.Object)'> (0x000000070eeb28e0) 
thrown [s\open\src\hotspot\share\interpreter\linkResolver.cpp, line 773]
Event: 6.004 Thread 0x000001b752ea5bd0 Exception <a 'java/lang/NoSuchMethodError'{0x00000007054d9098}: 'void java.lang.invoke.Invokers$Holder.invokeExact_MT(java.lang.Object, java.lang.Object, java.lang.Object, java.lang.Object)'> (0x00000007054d9098) 
thrown [s\open\src\hotspot\share\interpreter\linkResolver.cpp, line 773]
Event: 6.020 Thread 0x000001b752ea5bd0 Implicit null exception at 0x000001b762cb0551 to 0x000001b762cb0744

VM Operations (20 events):
Event: 4.443 Executing VM operation: CollectForMetadataAllocation
Event: 4.446 Executing VM operation: CollectForMetadataAllocation done
Event: 4.464 Executing VM operation: G1PauseRemark
Event: 4.466 Executing VM operation: G1PauseRemark done
Event: 4.470 Executing VM operation: G1PauseCleanup
Event: 4.470 Executing VM operation: G1PauseCleanup done
Event: 4.489 Executing VM operation: HandshakeAllThreads
Event: 4.489 Executing VM operation: HandshakeAllThreads done
Event: 4.525 Executing VM operation: HandshakeAllThreads
Event: 4.525 Executing VM operation: HandshakeAllThreads done
Event: 4.736 Executing VM operation: HandshakeAllThreads
Event: 4.736 Executing VM operation: HandshakeAllThreads done
Event: 5.121 Executing VM operation: ICBufferFull
Event: 5.121 Executing VM operation: ICBufferFull done
Event: 5.224 Executing VM operation: G1CollectForAllocation
Event: 5.229 Executing VM operation: G1CollectForAllocation done
Event: 5.557 Executing VM operation: HandshakeAllThreads
Event: 5.557 Executing VM operation: HandshakeAllThreads done
Event: 5.783 Executing VM operation: G1CollectForAllocation
Event: 5.787 Executing VM operation: G1CollectForAllocation done

Events (20 events):
Event: 4.465 Thread 0x000001b7723deac0 flushing nmethod 0x000001b762a80810
Event: 4.465 Thread 0x000001b7723deac0 flushing nmethod 0x000001b762a45b10
Event: 4.465 Thread 0x000001b7723deac0 flushing nmethod 0x000001b762a7b390
Event: 4.465 Thread 0x000001b7723deac0 flushing nmethod 0x000001b762a44710
Event: 4.465 Thread 0x000001b7723deac0 flushing nmethod 0x000001b762a6b510
Event: 4.465 Thread 0x000001b7723deac0 flushing nmethod 0x000001b762a42990
Event: 4.465 Thread 0x000001b7723deac0 flushing nmethod 0x000001b762a59310
Event: 4.465 Thread 0x000001b7723deac0 flushing nmethod 0x000001b762a58f90
Event: 4.465 Thread 0x000001b7723deac0 flushing nmethod 0x000001b762a58c90
Event: 4.465 Thread 0x000001b7723deac0 flushing nmethod 0x000001b762a55310
Event: 4.465 Thread 0x000001b7723deac0 flushing nmethod 0x000001b762a4a290
Event: 4.465 Thread 0x000001b7723deac0 flushing nmethod 0x000001b762a3ec90
Event: 4.465 Thread 0x000001b7723deac0 flushing nmethod 0x000001b762a48a90
Event: 4.465 Thread 0x000001b7723deac0 flushing nmethod 0x000001b762a48110
Event: 4.465 Thread 0x000001b7723deac0 flushing nmethod 0x000001b762a3b910
Event: 4.465 Thread 0x000001b7723deac0 flushing nmethod 0x000001b762a35690
Event: 4.465 Thread 0x000001b7723deac0 flushing nmethod 0x000001b762a31410
Event: 4.799 Thread 0x000001b77746bb60 Thread added: 0x000001b77746bb60
Event: 4.908 Thread 0x000001b77746eb30 Thread added: 0x000001b77746eb30
Event: 5.972 Thread 0x000001b777e10b80 Thread exited: 0x000001b777e10b80


Dynamic libraries:
0x00007ff792090000 - 0x00007ff7920a0000 	C:\Program Files\Java\jdk-20\bin\java.exe
0x00007ffeb8c70000 - 0x00007ffeb8e68000 	C:\Windows\SYSTEM32\ntdll.dll
0x00007ffeb6d40000 - 0x00007ffeb6dff000 	C:\Windows\System32\KERNEL32.DLL
0x00007ffeb6710000 - 0x00007ffeb6a06000 	C:\Windows\System32\KERNELBASE.dll
0x00007ffeb64f0000 - 0x00007ffeb65f0000 	C:\Windows\System32\ucrtbase.dll
0x00007ffe7c870000 - 0x00007ffe7c88b000 	C:\Program Files\Java\jdk-20\bin\VCRUNTIME140.dll
0x00007ffe814b0000 - 0x00007ffe814c9000 	C:\Program Files\Java\jdk-20\bin\jli.dll
0x00007ffeb7610000 - 0x00007ffeb76bf000 	C:\Windows\System32\ADVAPI32.dll
0x00007ffeb8690000 - 0x00007ffeb872e000 	C:\Windows\System32\msvcrt.dll
0x00007ffeb8b90000 - 0x00007ffeb8c2c000 	C:\Windows\System32\sechost.dll
0x00007ffeb6e00000 - 0x00007ffeb6f26000 	C:\Windows\System32\RPCRT4.dll
0x00007ffeb7860000 - 0x00007ffeb79fd000 	C:\Windows\System32\USER32.dll
0x00007ffe99fe0000 - 0x00007ffe9a27a000 	C:\Windows\WinSxS\amd64_microsoft.windows.common-controls_6595b64144ccf1df_6.0.19041.1110_none_60b5254171f9507e\COMCTL32.dll
0x00007ffeb6c50000 - 0x00007ffeb6c72000 	C:\Windows\System32\win32u.dll
0x00007ffeb8a10000 - 0x00007ffeb8a3c000 	C:\Windows\System32\GDI32.dll
0x00007ffeb65f0000 - 0x00007ffeb6705000 	C:\Windows\System32\gdi32full.dll
0x00007ffeb6450000 - 0x00007ffeb64ed000 	C:\Windows\System32\msvcp_win.dll
0x00007ffeab950000 - 0x00007ffeab95a000 	C:\Windows\SYSTEM32\VERSION.dll
0x00007ffeb74b0000 - 0x00007ffeb74e0000 	C:\Windows\System32\IMM32.DLL
0x00007ffe95480000 - 0x00007ffe9548c000 	C:\Program Files\Java\jdk-20\bin\vcruntime140_1.dll
0x00007ffe5e1a0000 - 0x00007ffe5e22e000 	C:\Program Files\Java\jdk-20\bin\msvcp140.dll
0x00007ffe49b40000 - 0x00007ffe4a7d7000 	C:\Program Files\Java\jdk-20\bin\server\jvm.dll
0x00007ffea36c0000 - 0x00007ffea36e7000 	C:\Windows\SYSTEM32\WINMM.dll
0x00007ffeae1c0000 - 0x00007ffeae1c9000 	C:\Windows\SYSTEM32\WSOCK32.dll
0x00007ffeb8b20000 - 0x00007ffeb8b8b000 	C:\Windows\System32\WS2_32.dll
0x00007ffeb4b80000 - 0x00007ffeb4b92000 	C:\Windows\SYSTEM32\kernel.appcore.dll
0x00007ffe937a0000 - 0x00007ffe937aa000 	C:\Program Files\Java\jdk-20\bin\jimage.dll
0x00007ffeb40e0000 - 0x00007ffeb42c4000 	C:\Windows\SYSTEM32\DBGHELP.DLL
0x00007ffea22a0000 - 0x00007ffea22d4000 	C:\Windows\SYSTEM32\dbgcore.DLL
0x00007ffeb6350000 - 0x00007ffeb63d2000 	C:\Windows\System32\bcryptPrimitives.dll
0x00007ffe8ef60000 - 0x00007ffe8ef6e000 	C:\Program Files\Java\jdk-20\bin\instrument.dll
0x00007ffe6fa90000 - 0x00007ffe6fab6000 	C:\Program Files\Java\jdk-20\bin\java.dll
0x00007ffe5d190000 - 0x00007ffe5d267000 	C:\Program Files\Java\jdk-20\bin\jsvml.dll
0x00007ffeb7a00000 - 0x00007ffeb8144000 	C:\Windows\System32\SHELL32.dll
0x00007ffeb43d0000 - 0x00007ffeb4b63000 	C:\Windows\SYSTEM32\windows.storage.dll
0x00007ffeb6fe0000 - 0x00007ffeb7334000 	C:\Windows\System32\combase.dll
0x00007ffeb5d90000 - 0x00007ffeb5dbe000 	C:\Windows\SYSTEM32\Wldp.dll
0x00007ffeb77b0000 - 0x00007ffeb785d000 	C:\Windows\System32\SHCORE.dll
0x00007ffeb6ce0000 - 0x00007ffeb6d35000 	C:\Windows\System32\shlwapi.dll
0x00007ffeb6280000 - 0x00007ffeb62a5000 	C:\Windows\SYSTEM32\profapi.dll
0x00007ffe7bb60000 - 0x00007ffe7bb78000 	C:\Program Files\Java\jdk-20\bin\zip.dll
0x00007ffe7c630000 - 0x00007ffe7c643000 	C:\Program Files\Java\jdk-20\bin\net.dll
0x00007ffead5f0000 - 0x00007ffead6fa000 	C:\Windows\SYSTEM32\WINHTTP.dll
0x00007ffeb5af0000 - 0x00007ffeb5b5a000 	C:\Windows\system32\mswsock.dll
0x00007ffe7beb0000 - 0x00007ffe7bec6000 	C:\Program Files\Java\jdk-20\bin\nio.dll
0x00007ffe7c730000 - 0x00007ffe7c74a000 	C:\Program Files\JetBrains\IntelliJ IDEA Community Edition 2023.2\bin\breakgen64.dll
0x00007ffe91c60000 - 0x00007ffe91c67000 	C:\Program Files\Java\jdk-20\bin\extnet.dll
0x00007ffeb5ce0000 - 0x00007ffeb5cf8000 	C:\Windows\SYSTEM32\CRYPTSP.dll
0x00007ffeb5390000 - 0x00007ffeb53c4000 	C:\Windows\system32\rsaenh.dll
0x00007ffeb6ac0000 - 0x00007ffeb6ae7000 	C:\Windows\System32\bcrypt.dll
0x00007ffeb6240000 - 0x00007ffeb626e000 	C:\Windows\SYSTEM32\USERENV.dll
0x00007ffeb5d00000 - 0x00007ffeb5d0c000 	C:\Windows\SYSTEM32\CRYPTBASE.dll
0x00007ffeb5790000 - 0x00007ffeb57cb000 	C:\Windows\SYSTEM32\IPHLPAPI.DLL
0x00007ffeb77a0000 - 0x00007ffeb77a8000 	C:\Windows\System32\NSI.dll
0x00007ffeaa090000 - 0x00007ffeaa0a7000 	C:\Windows\SYSTEM32\dhcpcsvc6.DLL
0x00007ffeaa1b0000 - 0x00007ffeaa1cd000 	C:\Windows\SYSTEM32\dhcpcsvc.DLL
0x00007ffeb57e0000 - 0x00007ffeb58aa000 	C:\Windows\SYSTEM32\DNSAPI.dll
0x00007ffe8c9a0000 - 0x00007ffe8c9ae000 	C:\Program Files\Java\jdk-20\bin\sunmscapi.dll
0x00007ffeb6af0000 - 0x00007ffeb6c4e000 	C:\Windows\System32\CRYPT32.dll
0x00007ffeb5e00000 - 0x00007ffeb5e28000 	C:\Windows\SYSTEM32\ncrypt.dll
0x00007ffeb5dc0000 - 0x00007ffeb5dfb000 	C:\Windows\SYSTEM32\NTASN1.dll
0x00007ffe8e600000 - 0x00007ffe8e60a000 	C:\Program Files\Java\jdk-20\bin\management.dll
0x00007ffe8d810000 - 0x00007ffe8d81b000 	C:\Program Files\Java\jdk-20\bin\management_ext.dll
0x00007ffeb88e0000 - 0x00007ffeb88e8000 	C:\Windows\System32\PSAPI.DLL
0x00007ffe8f1b0000 - 0x00007ffe8f1c0000 	C:\Program Files\Java\jdk-20\bin\verify.dll
0x00007ffeaa060000 - 0x00007ffeaa06a000 	C:\Windows\System32\rasadhlp.dll
0x00007ffea8510000 - 0x00007ffea8592000 	C:\Windows\System32\fwpuclnt.dll

dbghelp: loaded successfully - version: 4.0.5 - missing functions: none
symbol engine: initialized successfully - sym options: 0x614 - pdb path: .;C:\Program Files\Java\jdk-20\bin;C:\Windows\SYSTEM32;C:\Windows\WinSxS\amd64_microsoft.windows.common-controls_6595b64144ccf1df_6.0.19041.1110_none_60b5254171f9507e;C:\Program Files\Java\jdk-20\bin\server;C:\Program Files\JetBrains\IntelliJ IDEA Community Edition 2023.2\bin

VM Arguments:
jvm_args: -javaagent:C:\Program Files\JetBrains\IntelliJ IDEA Community Edition 2023.2\lib\idea_rt.jar=59295:C:\Program Files\JetBrains\IntelliJ IDEA Community Edition 2023.2\bin -Dfile.encoding=UTF-8 -Dsun.stdout.encoding=UTF-8 -Dsun.stderr.encoding=UTF-8 
java_command: com.medicareplus.MediCarePlus.MediCarePlusApplication
java_class_path (initial): F:\projects\Medi care\hcpbackend\MediCarePlus\target\classes;C:\Users\kbath\.m2\repository\org\springframework\boot\spring-boot-starter-web\3.1.1\spring-boot-starter-web-3.1.1.jar;C:\Users\kbath\.m2\repository\org\springframework\boot\spring-boot-starter\3.1.1\spring-boot-starter-3.1.1.jar;C:\Users\kbath\.m2\repository\org\springframework\boot\spring-boot\3.1.1\spring-boot-3.1.1.jar;C:\Users\kbath\.m2\repository\org\springframework\boot\spring-boot-autoconfigure\3.1.1\spring-boot-autoconfigure-3.1.1.jar;C:\Users\kbath\.m2\repository\org\springframework\boot\spring-boot-starter-logging\3.1.1\spring-boot-starter-logging-3.1.1.jar;C:\Users\kbath\.m2\repository\ch\qos\logback\logback-classic\1.4.8\logback-classic-1.4.8.jar;C:\Users\kbath\.m2\repository\ch\qos\logback\logback-core\1.4.8\logback-core-1.4.8.jar;C:\Users\kbath\.m2\repository\org\apache\logging\log4j\log4j-to-slf4j\2.20.0\log4j-to-slf4j-2.20.0.jar;C:\Users\kbath\.m2\repository\org\apache\logging\log4j\log4j-api\2.20.0\log4j-api-2.20.0.jar;C:\Users\kbath\.m2\repository\org\slf4j\jul-to-slf4j\2.0.7\jul-to-slf4j-2.0.7.jar;C:\Users\kbath\.m2\repository\jakarta\annotation\jakarta.annotation-api\2.1.1\jakarta.annotation-api-2.1.1.jar;C:\Users\kbath\.m2\repository\org\yaml\snakeyaml\1.33\snakeyaml-1.33.jar;C:\Users\kbath\.m2\repository\org\springframework\boot\spring-boot-starter-json\3.1.1\spring-boot-starter-json-3.1.1.jar;C:\Users\kbath\.m2\repository\com\fasterxml\jackson\core\jackson-databind\2.15.2\jackson-databind-2.15.2.jar;C:\Users\kbath\.m2\repository\com\fasterxml\jackson\core\jackson-annotations\2.15.2\jackson-annotations-2.15.2.jar;C:\Users\kbath\.m2\repository\com\fasterxml\jackson\core\jackson-core\2.15.2\jackson-core-2.15.2.jar;C:\Users\kbath\.m2\repository\com\fasterxml\jackson\datatype\jackson-datatype-jdk8\2.15.2\jackson-datatype-jdk8-2.15.2.jar;C:\Users\kbath\.m2\repository\com\fasterxml\jackson\datatype\jackson-datatype-jsr310\2.15.2\jackson-datatype-jsr310-2.15.2.jar;C:\Users\kbath\.m2\repository\com\fasterxml\jackson\module\jackson-module-parameter-names\2.15.2\jackson-module-parameter-names-2.15.2.jar;C:\Users\kbath\.m2\repository\org\springframework\boot\spring-boot-starter-tomcat\3.1.1\spring-boot-starter-tomcat-3.1.1.jar;C:\Users\kbath\.m2\repository\org\apache\tomcat\embed\tomcat-embed-core\10.1.10\tomcat-embed-core-10.1.10.jar;C:\Users\kbath\.m2\repository\org\apache\tomcat\embed\tomcat-embed-el\10.1.10\tomcat-embed-el-10.1.10.jar;C:\Users\kbath\.m2\repository\org\apache\tomcat\embed\tomcat-embed-websocket\10.1.10\tomcat-embed-websocket-10.1.10.jar;C:\Users\kbath\.m2\repository\org\springframework\spring-web\6.0.10\spring-web-6.0.10.jar;C:\Users\kbath\.m2\repository\org\springframework\spring-beans\6.0.10\spring-beans-6.0.10.jar;C:\Users\kbath\.m2\repository\io\micrometer\micrometer-observation\1.11.1\micrometer-observation-1.11.1.jar;C:\Users\kbath\.m2\repository\io\micrometer\micrometer-commons\1.11.1\micrometer-commons-1.11.1.jar;C:\Users\kbath\.m2\repository\org\springframework\spring-webmvc\6.0.10\spring-webmvc-6.0.10.jar;C:\Users\kbath\.m2\repository\org\springframework\spring-aop\6.0.10\spring-aop-6.0.10.jar;C:\Users\kbath\.m2\repository\org\springframework\spring-context\6.0.10\spring-context-6.0.10.jar;C:\Users\kbath\.m2\repository\org\springframework\spring-expression\6.0.10\spring-expression-6.0.10.jar;C:\Users\kbath\.m2\repository\org\slf4j\slf4j-api\2.0.7\slf4j-api-2.0.7.jar;C:\Users\kbath\.m2\repository\jakarta\xml\bind\jakarta.xml.bind-api\4.0.0\jakarta.xml.bind-api-4.0.0.jar;C:\Users\kbath\.m2\repository\jakarta\activation\jakarta.activation-api\2.1.2\jakarta.activation-api-2.1.2.jar;C:\Users\kbath\.m2\repository\net\bytebuddy\byte-buddy\1.14.5\byte-buddy-1.14.5.jar;C:\Users\kbath\.m2\repository\org\springframework\spring-core\6.0.10\spring-core-6.0.10.jar;C:\Users\kbath\.m2\repository\org\springframework\spring-jcl\6.0.10\spring-jcl-6.0.10.jar;C:\Users\kbath\.m2\repository\org\springframework\boot\spring-boot-starter-data-jpa\3.1.1\spring-boot-starter-data-jpa-3.1.1.jar;C:\Users\kbath\.m2\repository\org\springframework\boot\spring-boot-starter-aop\3.1.1\spring-boot-starter-aop-3.1.1.jar;C:\Users\kbath\.m2\repository\org\aspectj\aspectjweaver\1.9.19\aspectjweaver-1.9.19.jar;C:\Users\kbath\.m2\repository\org\springframework\boot\spring-boot-starter-jdbc\3.1.1\spring-boot-starter-jdbc-3.1.1.jar;C:\Users\kbath\.m2\repository\com\zaxxer\HikariCP\5.0.1\HikariCP-5.0.1.jar;C:\Users\kbath\.m2\repository\org\springframework\spring-jdbc\6.0.10\spring-jdbc-6.0.10.jar;C:\Users\kbath\.m2\repository\org\hibernate\orm\hibernate-core\6.2.5.Final\hibernate-core-6.2.5.Final.jar;C:\Users\kbath\.m2\repository\jakarta\persistence\jakarta.persistence-api\3.1.0\jakarta.persistence-api-3.1.0.jar;C:\Users\kbath\.m2\repository\jakarta\transaction\jakarta.transaction-api\2.0.1\jakarta.transaction-api-2.0.1.jar;C:\Users\kbath\.m2\repository\org\jboss\logging\jboss-logging\3.5.1.Final\jboss-logging-3.5.1.Final.jar;C:\Users\kbath\.m2\repository\org\hibernate\common\hibernate-commons-annotations\6.0.6.Final\hibernate-commons-annotations-6.0.6.Final.jar;C:\Users\kbath\.m2\repository\io\smallrye\jandex\3.0.5\jandex-3.0.5.jar;C:\Users\kbath\.m2\repository\com\fasterxml\classmate\1.5.1\classmate-1.5.1.jar;C:\Users\kbath\.m2\repository\org\glassfish\jaxb\jaxb-runtime\4.0.3\jaxb-runtime-4.0.3.jar;C:\Users\kbath\.m2\repository\org\glassfish\jaxb\jaxb-core\4.0.3\jaxb-core-4.0.3.jar;C:\Users\kbath\.m2\repository\org\eclipse\angus\angus-activation\2.0.1\angus-activation-2.0.1.jar;C:\Users\kbath\.m2\repository\org\glassfish\jaxb\txw2\4.0.3\txw2-4.0.3.jar;C:\Users\kbath\.m2\repository\com\sun\istack\istack-commons-runtime\4.1.2\istack-commons-runtime-4.1.2.jar;C:\Users\kbath\.m2\repository\jakarta\inject\jakarta.inject-api\2.0.1\jakarta.inject-api-2.0.1.jar;C:\Users\kbath\.m2\repository\org\antlr\antlr4-runtime\4.10.1\antlr4-runtime-4.10.1.jar;C:\Users\kbath\.m2\repository\org\springframework\data\spring-data-jpa\3.1.1\spring-data-jpa-3.1.1.jar;C:\Users\kbath\.m2\repository\org\springframework\data\spring-data-commons\3.1.1\spring-data-commons-3.1.1.jar;C:\Users\kbath\.m2\repository\org\springframework\spring-orm\6.0.10\spring-orm-6.0.10.jar;C:\Users\kbath\.m2\repository\org\springframework\spring-tx\6.0.10\spring-tx-6.0.10.jar;C:\Users\kbath\.m2\repository\org\springframework\spring-aspects\6.0.10\spring-aspects-6.0.10.jar;C:\Users\kbath\.m2\repository\com\mysql\mysql-connector-j\8.0.33\mysql-connector-j-8.0.33.jar;C:\Users\kbath\.m2\repository\org\projectlombok\lombok\1.18.28\lombok-1.18.28.jar;C:\Users\kbath\.m2\repository\org\modelmapper\modelmapper\3.1.1\modelmapper-3.1.1.jar;C:\Users\kbath\.m2\repository\org\jetbrains\annotations\24.0.1\annotations-24.0.1.jar
Launcher Type: SUN_STANDARD

[Global flags]
     intx CICompilerCount                          = 4                                         {product} {ergonomic}
     uint ConcGCThreads                            = 2                                         {product} {ergonomic}
     uint G1ConcRefinementThreads                  = 8                                         {product} {ergonomic}
   size_t G1HeapRegionSize                         = 2097152                                   {product} {ergonomic}
    uintx GCDrainStackTargetSize                   = 64                                        {product} {ergonomic}
   size_t InitialHeapSize                          = 266338304                                 {product} {ergonomic}
   size_t MarkStackSize                            = 4194304                                   {product} {ergonomic}
   size_t MaxHeapSize                              = 4250927104                                {product} {ergonomic}
   size_t MaxNewSize                               = 2550136832                                {product} {ergonomic}
   size_t MinHeapDeltaBytes                        = 2097152                                   {product} {ergonomic}
   size_t MinHeapSize                              = 8388608                                   {product} {ergonomic}
    uintx NonNMethodCodeHeapSize                   = 5839372                                {pd product} {ergonomic}
    uintx NonProfiledCodeHeapSize                  = 122909434                              {pd product} {ergonomic}
    uintx ProfiledCodeHeapSize                     = 122909434                              {pd product} {ergonomic}
    uintx ReservedCodeCacheSize                    = 251658240                              {pd product} {ergonomic}
     bool SegmentedCodeCache                       = true                                      {product} {ergonomic}
   size_t SoftMaxHeapSize                          = 4250927104                             {manageable} {ergonomic}
     bool UseCompressedClassPointers               = true                           {product lp64_product} {ergonomic}
     bool UseCompressedOops                        = true                           {product lp64_product} {ergonomic}
     bool UseG1GC                                  = true                                      {product} {ergonomic}
     bool UseLargePagesIndividualAllocation        = false                                  {pd product} {ergonomic}

Logging:
Log output configuration:
 #0: stdout all=warning uptime,level,tags foldmultilines=false
 #1: stderr all=off uptime,level,tags foldmultilines=false

Environment Variables:
PATH=C:\Program Files\Common Files\Oracle\Java\javapath;C:\Windows\system32;C:\Windows;C:\Windows\System32\Wbem;C:\Windows\System32\WindowsPowerShell\v1.0\;C:\Windows\System32\OpenSSH\;C:\Program Files\Git\cmd;C:\Program Files\nodejs\;C:\Users\kbath\AppData\Local\Programs\Python\Python311\Scripts\;C:\Users\kbath\AppData\Local\Programs\Python\Python311\;C:\Program Files\MySQL\MySQL Shell 8.0\bin\;C:\Users\kbath\AppData\Local\Microsoft\WindowsApps;C:\Users\kbath\AppData\Local\Programs\Microsoft VS Code\bin;C:\Users\kbath\AppData\Local\GitHubDesktop\bin;C:\Program Files\JetBrains\IntelliJ IDEA Community Edition 2023.2\bin;;C:\Users\kbath\AppData\Roaming\npm
USERNAME=kbath
OS=Windows_NT
PROCESSOR_IDENTIFIER=Intel64 Family 6 Model 158 Stepping 10, GenuineIntel
TMP=C:\Users\kbath\AppData\Local\Temp
TEMP=C:\Users\kbath\AppData\Local\Temp




---------------  S Y S T E M  ---------------

OS:
 Windows 10 , 64 bit Build 19041 (10.0.19041.3155)
OS uptime: 1 days 14:59 hours

CPU: total 8 (initial active 8) (4 cores per cpu, 2 threads per core) family 6 model 158 stepping 10 microcode 0xf0, cx8, cmov, fxsr, ht, mmx, 3dnowpref, sse, sse2, sse3, ssse3, sse4.1, sse4.2, popcnt, lzcnt, tsc, tscinvbit, avx, avx2, aes, erms, clmul, bmi1, bmi2, adx, fma, vzeroupper, clflush, clflushopt, rdtscp, f16c

Memory: 4k page, system-wide physical 16211M (6086M free)
TotalPageFile size 18643M (AvailPageFile size 5452M)
current process WorkingSet (physical memory assigned to process): 218M, peak: 223M
current process commit charge ("private bytes"): 254M, peak: 411M

vm_info: Java HotSpot(TM) 64-Bit Server VM (20+36-2344) for windows-amd64 JRE (20+36-2344), built on 2023-02-10T19:30:15Z by "mach5one" with MS VC++ 17.1 (VS2022)

END.
