#
# A fatal error has been detected by the Java Runtime Environment:
#
#  EXCEPTION_ACCESS_VIOLATION (0xc0000005) at pc=0x00007ffe292b0547, pid=12496, tid=15544
#
# JRE version: Java(TM) SE Runtime Environment (20.0+36) (build 20+36-2344)
# Java VM: Java HotSpot(TM) 64-Bit Server VM (20+36-2344, mixed mode, sharing, tiered, compressed oops, compressed class ptrs, g1 gc, windows-amd64)
# Problematic frame:
# V  [jvm.dll+0x260547]
#
# No core dump will be written. Minidumps are not enabled by default on client versions of Windows
#
# If you would like to submit a bug report, please visit:
#   https://bugreport.java.com/bugreport/crash.jsp
#

---------------  S U M M A R Y ------------

Command Line: -javaagent:C:\Program Files\JetBrains\IntelliJ IDEA Community Edition 2023.2\lib\idea_rt.jar=57593:C:\Program Files\JetBrains\IntelliJ IDEA Community Edition 2023.2\bin -Dfile.encoding=UTF-8 -Dsun.stdout.encoding=UTF-8 -Dsun.stderr.encoding=UTF-8 com.medicareplus.MediCarePlus.MediCarePlusApplication

Host: Intel(R) Core(TM) i5-9300H CPU @ 2.40GHz, 8 cores, 15G,  Windows 10 , 64 bit Build 19041 (10.0.19041.3155)
Time: Mon Aug 14 22:29:53 2023 Sri Lanka Standard Time elapsed time: 2.076847 seconds (0d 0h 0m 2s)

---------------  T H R E A D  ---------------

Current thread (0x000001abb82a9140):  WorkerThread "GC Thread#5" [stack: 0x000000605b200000,0x000000605b300000] [id=15544]

Stack: [0x000000605b200000,0x000000605b300000],  sp=0x000000605b2ff3d0,  free space=1020k
Native frames: (J=compiled Java code, j=interpreted, Vv=VM code, C=native code)
V  [jvm.dll+0x260547]
V  [jvm.dll+0x261a43]
V  [jvm.dll+0x691cdb]
V  [jvm.dll+0x6c6752]
V  [jvm.dll+0x35e313]
V  [jvm.dll+0x875777]
V  [jvm.dll+0x7f4906]
V  [jvm.dll+0x6ba5cb]
C  [ucrtbase.dll+0x21bb2]
C  [KERNEL32.DLL+0x17614]
C  [ntdll.dll+0x526b1]


siginfo: EXCEPTION_ACCESS_VIOLATION (0xc0000005), reading address 0xffffffffffffffff


Registers:
RAX=0xbb48ffa81578e900, RBX=0xbb48ffa81578e900, RCX=0x0000000000000000, RDX=0x0000000000000000
RSP=0x000000605b2ff3d0, RBP=0x000000605b2ff479, RSI=0x000001aba3537790, RDI=0x0000000000000000
R8 =0x000000605b2ff400, R9 =0x0000000000000000, R10=0x00007ffe29050000, R11=0x000000605b2ff2c0
R12=0x0000000000000000, R13=0x0000000000000000, R14=0x000001abb7dfb400, R15=0x000001abb7dfb4d0
RIP=0x00007ffe292b0547, EFLAGS=0x0000000000010286


Register to memory mapping:

RIP=0x00007ffe292b0547 jvm.dll
RAX=0xbb48ffa81578e900 is an unknown value
RBX=0xbb48ffa81578e900 is an unknown value
RCX=0x0 is NULL
RDX=0x0 is NULL
RSP=0x000000605b2ff3d0 points into unknown readable memory: 0x0000000000000000 | 00 00 00 00 00 00 00 00
RBP=0x000000605b2ff479 points into unknown readable memory: f4 2f 5b 60 00 00 00
RSI=0x000001aba3537790 is at entry_point+-592 in (nmethod*)0x000001aba3537790
Compiled method (c2)    2093  772   !   4       jdk.internal.loader.URLClassPath$JarLoader::getResource (65 bytes)
 total in heap  [0x000001aba3537790,0x000001aba35389f8] = 4712
 relocation     [0x000001aba35378d8,0x000001aba35379e0] = 264
 main code      [0x000001aba35379e0,0x000001aba35382d0] = 2288
 stub code      [0x000001aba35382d0,0x000001aba35383a8] = 216
 metadata       [0x000001aba35383a8,0x000001aba3538430] = 136
 scopes data    [0x000001aba3538430,0x000001aba3538670] = 576
 scopes pcs     [0x000001aba3538670,0x000001aba3538820] = 432
 dependencies   [0x000001aba3538820,0x000001aba3538838] = 24
 handler table  [0x000001aba3538838,0x000001aba35389e8] = 432
 nul chk table  [0x000001aba35389e8,0x000001aba35389f8] = 16
RDI=0x0 is NULL
R8 =0x000000605b2ff400 points into unknown readable memory: 0x0000000000000000 | 00 00 00 00 00 00 00 00
R9 =0x0 is NULL
R10=0x00007ffe29050000 jvm.dll
R11=0x000000605b2ff2c0 points into unknown readable memory: 0x000001abb7dfb4d0 | d0 b4 df b7 ab 01 00 00
R12=0x0 is NULL
R13=0x0 is NULL
R14=0x000001abb7dfb400 points into unknown readable memory: 0x0000000000000000 | 00 00 00 00 00 00 00 00
R15=0x000001abb7dfb4d0 points into unknown readable memory: 0x7573002f9d750002 | 02 00 75 9d 2f 00 73 75


Top of Stack: (sp=0x000000605b2ff3d0)
0x000000605b2ff3d0:   0000000000000000 00007ffe299b2fb0
0x000000605b2ff3e0:   000001aba3537790 0000000000000000
0x000000605b2ff3f0:   000001abb7bea940 000001abb7bead18
0x000000605b2ff400:   0000000000000000 000001aba3537960
0x000000605b2ff410:   000001aba35379e0 000001aba3537790
0x000000605b2ff420:   000001aba35382d7 000001aba353000b
0x000000605b2ff430:   000001aba353795c 000000605b2f0000
0x000000605b2ff440:   000001aba35379e0 000001aba35379e0
0x000000605b2ff450:   000001aba35382d0 000001aba35379e0
0x000000605b2ff460:   000001aba35382d0 000001aba35383a8
0x000000605b2ff470:   00007ffe299b2fb0 000000605b2ff400
0x000000605b2ff480:   000000600000000c 0000000000000000
0x000000605b2ff490:   000001aba3537790 000000605b2ff6b0
0x000000605b2ff4a0:   000001abb7bea930 000001abb7dfb4d0
0x000000605b2ff4b0:   0000000000000000 000001abb7bea940
0x000000605b2ff4c0:   000001abb7bead18 00000000000003d8
0x000000605b2ff4d0:   000001aba3537790 00007ffe292b1a43
0x000000605b2ff4e0:   000001abb7bea930 000001abb86046d0
0x000000605b2ff4f0:   0000000000000000 00000000000003d8
0x000000605b2ff500:   000000605a0fe690 0000000000000010
0x000000605b2ff510:   0000000000000010 0000000000000002
0x000000605b2ff520:   0000000000000000 0000000000000000
0x000000605b2ff530:   000000605b2ff6b0 00007ffe296e1cdb
0x000000605b2ff540:   000001aba3537790 000001aba3537790
0x000000605b2ff550:   000001abb7bead18 00000000000003d8
0x000000605b2ff560:   000001ab92207201 000000605a0fed01
0x000000605b2ff570:   000001abb7bead18 00007ffe293f51ce
0x000000605b2ff580:   000000605b2ff5b0 000000605a0fed01
0x000000605b2ff590:   000000605a0fe720 0000b00dcdd8fbd8
0x000000605b2ff5a0:   0000000000000010 00007ffe29716752
0x000000605b2ff5b0:   0000000000000000 0000000000000000
0x000000605b2ff5c0:   0000000000000009 00007ffe2984fa1e 

Instructions: (pc=0x00007ffe292b0547)
0x00007ffe292b0447:   4a 00 45 32 f6 48 8d 1d 5d 2b 70 00 ba 00 78 00
0x00007ffe292b0457:   00 b9 00 f8 00 00 0f 1f 00 48 8b 45 8f 48 83 c0
0x00007ffe292b0467:   02 48 89 45 8f 48 3b 45 97 0f 84 58 03 00 00 66
0x00007ffe292b0477:   89 7d bf 0f b7 00 66 23 c1 66 3b c2 75 09 48 8d
0x00007ffe292b0487:   4d 87 e8 52 91 4a 00 48 8b 45 8f 0f b7 10 48 8b
0x00007ffe292b0497:   45 87 81 e2 ff 01 00 00 48 03 55 a7 48 89 55 a7
0x00007ffe292b04a7:   48 85 c0 74 09 48 3b d0 0f 83 19 03 00 00 48 8b
0x00007ffe292b04b7:   45 8f 0f b7 08 c1 e9 0b 83 e9 02 0f 84 ae 01 00
0x00007ffe292b04c7:   00 83 e9 01 0f 84 67 01 00 00 83 e9 01 0f 84 ca
0x00007ffe292b04d7:   00 00 00 ba 00 78 00 00 83 e9 01 0f 84 b4 00 00
0x00007ffe292b04e7:   00 83 f9 07 b9 00 f8 00 00 0f 85 6a ff ff ff 45
0x00007ffe292b04f7:   84 f6 0f 84 61 ff ff ff 48 8b 06 48 8b ce 45 32
0x00007ffe292b0507:   f6 ff 90 e8 01 00 00 84 c0 0f 85 1b 01 00 00 48
0x00007ffe292b0517:   8d 45 87 c7 45 07 0c 00 00 00 48 8d 4d f7 48 89
0x00007ffe292b0527:   45 ff 48 89 5d f7 e8 8e aa 4a 00 48 8d 4d f7 e8
0x00007ffe292b0537:   a5 98 4a 00 48 8b d8 48 85 c0 0f 84 ea 00 00 00
0x00007ffe292b0547:   48 8b 10 48 8b c8 ff 52 10 84 c0 0f 84 d9 00 00
0x00007ffe292b0557:   00 48 8b 43 08 48 8b 48 08 48 8b 49 18 48 8b 89
0x00007ffe292b0567:   98 00 00 00 e8 c0 5b fc ff 84 c0 0f 85 b9 00 00
0x00007ffe292b0577:   00 48 8d 4d f7 e8 3f 98 4a 00 48 89 38 83 7d 0f
0x00007ffe292b0587:   00 0f 84 a3 00 00 00 48 8d 4d f7 e8 a9 94 4a 00
0x00007ffe292b0597:   e9 b0 fe ff ff 41 b6 01 e9 b4 fe ff ff 48 8b 1e
0x00007ffe292b05a7:   48 8d 4d 87 e8 c0 9e 4a 00 48 8b d0 48 8b ce ff
0x00007ffe292b05b7:   93 d0 01 00 00 48 8b c8 48 8b f8 48 8b 10 ff 12
0x00007ffe292b05c7:   48 8b c8 e8 71 43 fd ff 48 85 c0 74 5d 33 db 38
0x00007ffe292b05d7:   58 5d 48 0f 45 d8 48 85 db 74 4f 45 84 e4 75 2d
0x00007ffe292b05e7:   48 8b 03 48 8b cb ff 90 98 00 00 00 84 c0 74 1d
0x00007ffe292b05f7:   48 8b 03 48 8b cb ff 90 e8 01 00 00 84 c0 75 0d
0x00007ffe292b0607:   48 8b 43 68 48 8b 40 48 48 3b c3 74 1d 48 8b 06
0x00007ffe292b0617:   48 8b ce ff 90 e8 01 00 00 84 c0 48 8b cf 0f 94
0x00007ffe292b0627:   c2 e8 73 f1 ff ff 84 c0 74 3e 33 ff e9 14 fe ff
0x00007ffe292b0637:   ff 33 d2 8d 4a 20 e8 0e fe 4a 00 48 85 c0 74 0e 


Stack slot to memory mapping:
stack at sp + 0 slots: 0x0 is NULL
stack at sp + 1 slots: 0x00007ffe299b2fb0 jvm.dll
stack at sp + 2 slots: 0x000001aba3537790 is at entry_point+-592 in (nmethod*)0x000001aba3537790
Compiled method (c2)    2104  772   !   4       jdk.internal.loader.URLClassPath$JarLoader::getResource (65 bytes)
 total in heap  [0x000001aba3537790,0x000001aba35389f8] = 4712
 relocation     [0x000001aba35378d8,0x000001aba35379e0] = 264
 main code      [0x000001aba35379e0,0x000001aba35382d0] = 2288
 stub code      [0x000001aba35382d0,0x000001aba35383a8] = 216
 metadata       [0x000001aba35383a8,0x000001aba3538430] = 136
 scopes data    [0x000001aba3538430,0x000001aba3538670] = 576
 scopes pcs     [0x000001aba3538670,0x000001aba3538820] = 432
 dependencies   [0x000001aba3538820,0x000001aba3538838] = 24
 handler table  [0x000001aba3538838,0x000001aba35389e8] = 432
 nul chk table  [0x000001aba35389e8,0x000001aba35389f8] = 16
stack at sp + 3 slots: 0x0 is NULL
stack at sp + 4 slots: 0x000001abb7bea940 points into unknown readable memory: 0x000001abb7bea960 | 60 a9 be b7 ab 01 00 00
stack at sp + 5 slots: 0x000001abb7bead18 points into unknown readable memory: 0x8800050043b0cb6e | 6e cb b0 43 00 05 00 88
stack at sp + 6 slots: 0x0 is NULL
stack at sp + 7 slots: 0x000001aba3537960 is at entry_point+-128 in (nmethod*)0x000001aba3537790
Compiled method (c2)    2108  772   !   4       jdk.internal.loader.URLClassPath$JarLoader::getResource (65 bytes)
 total in heap  [0x000001aba3537790,0x000001aba35389f8] = 4712
 relocation     [0x000001aba35378d8,0x000001aba35379e0] = 264
 main code      [0x000001aba35379e0,0x000001aba35382d0] = 2288
 stub code      [0x000001aba35382d0,0x000001aba35383a8] = 216
 metadata       [0x000001aba35383a8,0x000001aba3538430] = 136
 scopes data    [0x000001aba3538430,0x000001aba3538670] = 576
 scopes pcs     [0x000001aba3538670,0x000001aba3538820] = 432
 dependencies   [0x000001aba3538820,0x000001aba3538838] = 24
 handler table  [0x000001aba3538838,0x000001aba35389e8] = 432
 nul chk table  [0x000001aba35389e8,0x000001aba35389f8] = 16


---------------  P R O C E S S  ---------------

Threads class SMR info:
_java_thread_list=0x000001abb8c79840, length=14, elements={
0x000001ab92196ed0, 0x000001abb367bff0, 0x000001abb3681c40, 0x000001abb3689e50,
0x000001abb368a3a0, 0x000001abb368a8f0, 0x000001abb368b390, 0x000001abb369bb50,
0x000001abb369c0e0, 0x000001abb368b8e0, 0x000001abb799a820, 0x000001abb368be30,
0x000001abb368c380, 0x000001abb8cb7970
}

Java Threads: ( => current thread )
  0x000001ab92196ed0 JavaThread "main" [_thread_blocked, id=496, stack(0x0000006059a00000,0x0000006059b00000)]
  0x000001abb367bff0 JavaThread "Reference Handler" daemon [_thread_blocked, id=3704, stack(0x000000605a100000,0x000000605a200000)]
  0x000001abb3681c40 JavaThread "Finalizer" daemon [_thread_blocked, id=17428, stack(0x000000605a200000,0x000000605a300000)]
  0x000001abb3689e50 JavaThread "Signal Dispatcher" daemon [_thread_blocked, id=7648, stack(0x000000605a300000,0x000000605a400000)]
  0x000001abb368a3a0 JavaThread "Attach Listener" daemon [_thread_blocked, id=19388, stack(0x000000605a400000,0x000000605a500000)]
  0x000001abb368a8f0 JavaThread "Service Thread" daemon [_thread_blocked, id=16888, stack(0x000000605a500000,0x000000605a600000)]
  0x000001abb368b390 JavaThread "Monitor Deflation Thread" daemon [_thread_blocked, id=16536, stack(0x000000605a600000,0x000000605a700000)]
  0x000001abb369bb50 JavaThread "C2 CompilerThread0" daemon [_thread_blocked, id=11224, stack(0x000000605a700000,0x000000605a800000)]
  0x000001abb369c0e0 JavaThread "C1 CompilerThread0" daemon [_thread_blocked, id=13396, stack(0x000000605a800000,0x000000605a900000)]
  0x000001abb368b8e0 JavaThread "Common-Cleaner" daemon [_thread_blocked, id=5964, stack(0x000000605a900000,0x000000605aa00000)]
  0x000001abb799a820 JavaThread "C2 CompilerThread1" daemon [_thread_blocked, id=17028, stack(0x000000605aa00000,0x000000605ab00000)]
  0x000001abb368be30 JavaThread "Monitor Ctrl-Break" daemon [_thread_in_native, id=7088, stack(0x000000605ab00000,0x000000605ac00000)]
  0x000001abb368c380 JavaThread "Notification Thread" daemon [_thread_blocked, id=18624, stack(0x000000605ac00000,0x000000605ad00000)]
  0x000001abb8cb7970 JavaThread "C2 CompilerThread2" daemon [_thread_blocked, id=16104, stack(0x000000605b300000,0x000000605b400000)]

Other Threads:
  0x000001abb365c550 VMThread "VM Thread" [stack: 0x000000605a000000,0x000000605a100000] [id=12484]
  0x000001abb7ca6f80 WatcherThread "VM Periodic Task Thread" [stack: 0x000000605ad00000,0x000000605ae00000] [id=13820]
  0x000001ab92204a10 WorkerThread "GC Thread#0" [stack: 0x0000006059b00000,0x0000006059c00000] [id=14480]
  0x000001abb82a96e0 WorkerThread "GC Thread#1" [stack: 0x000000605ae00000,0x000000605af00000] [id=3548]
  0x000001abb82a9c80 WorkerThread "GC Thread#2" [stack: 0x000000605af00000,0x000000605b000000] [id=16804]
  0x000001abb82a99b0 WorkerThread "GC Thread#3" [stack: 0x000000605b000000,0x000000605b100000] [id=10012]
  0x000001abb82a88d0 WorkerThread "GC Thread#4" [stack: 0x000000605b100000,0x000000605b200000] [id=16544]
=>0x000001abb82a9140 WorkerThread "GC Thread#5" [stack: 0x000000605b200000,0x000000605b300000] [id=15544]
  0x000001abb82a8600 WorkerThread "GC Thread#6" [stack: 0x000000605b400000,0x000000605b500000] [id=16712]
  0x000001abb82a8ba0 WorkerThread "GC Thread#7" [stack: 0x000000605b500000,0x000000605b600000] [id=18008]
  0x000001ab922177c0 ConcurrentGCThread "G1 Main Marker" [stack: 0x0000006059c00000,0x0000006059d00000] [id=18044]
  0x000001ab922188a0 WorkerThread "G1 Conc#0" [stack: 0x0000006059d00000,0x0000006059e00000] [id=1972]
  0x000001abb8ac5100 WorkerThread "G1 Conc#1" [stack: 0x000000605b600000,0x000000605b700000] [id=17860]
  0x000001abb351f540 ConcurrentGCThread "G1 Refine#0" [stack: 0x0000006059e00000,0x0000006059f00000] [id=15944]
  0x000001abb351fa00 ConcurrentGCThread "G1 Service" [stack: 0x0000006059f00000,0x000000605a000000] [id=12620]

Threads with active compile tasks:
C2 CompilerThread0     2109 3057       4       java.lang.invoke.MethodType$ConcurrentWeakInternSet::get (47 bytes)
C1 CompilerThread0     2109 3091       3       java.lang.invoke.MethodHandle::asFixedArity (23 bytes)
C2 CompilerThread1     2109 3066       4       java.lang.invoke.MethodType::methodType (69 bytes)
C2 CompilerThread2     2109 3049       4       java.lang.invoke.MethodType::makeImpl (109 bytes)

VM state: at safepoint (normal execution)

VM Mutex/Monitor currently owned by a thread:  ([mutex/lock_event])
[0x000001ab92193540] Threads_lock - owner thread: 0x000001abb365c550
[0x000001ab921916e0] Heap_lock - owner thread: 0x000001ab922177c0

Heap address: 0x0000000702a00000, size: 4054 MB, Compressed Oops mode: Zero based, Oop shift amount: 3

CDS archive(s) mapped at: [0x0000000800000000-0x0000000800c60000-0x0000000800c60000), size 12976128, SharedBaseAddress: 0x0000000800000000, ArchiveRelocationMode: 0.
Compressed class space mapped at: 0x0000000801000000-0x0000000841000000, reserved size: 1073741824
Narrow klass base: 0x0000000800000000, Narrow klass shift: 0, Narrow klass range: 0x100000000

GC Precious Log:
 CardTable entry size: 512
 Card Set container configuration: InlinePtr #cards 4 size 8 Array Of Cards #cards 16 size 48 Howl #buckets 8 coarsen threshold 3686 Howl Bitmap #cards 512 size 80 coarsen threshold 460 Card regions per heap region 1 cards per card region 4096
 CPUs: 8 total, 8 available
 Memory: 16211M
 Large Page Support: Disabled
 NUMA Support: Disabled
 Compressed Oops: Enabled (Zero based)
 Heap Region Size: 2M
 Heap Min Capacity: 8M
 Heap Initial Capacity: 254M
 Heap Max Capacity: 4054M
 Pre-touch: Disabled
 Parallel Workers: 8
 Concurrent Workers: 2
 Concurrent Refinement Workers: 8
 Periodic GC: Disabled

Heap:
 garbage-first heap   total 260096K, used 13288K [0x0000000702a00000, 0x0000000800000000)
  region size 2048K, 5 young (10240K), 4 survivors (8192K)
 Metaspace       used 21185K, committed 21568K, reserved 1114112K
  class space    used 2581K, committed 2752K, reserved 1048576K

Heap Regions: E=young(eden), S=young(survivor), O=old, HS=humongous(starts), HC=humongous(continues), CS=collection set, F=free, OA=open archive, CA=closed archive, TAMS=top-at-mark-start, PB=parsable bottom
|   0|0x0000000702a00000, 0x0000000702c00000, 0x0000000702c00000|100%| O|  |TAMS 0x0000000702c00000| PB 0x0000000702a00000| Untracked 
|   1|0x0000000702c00000, 0x0000000702e00000, 0x0000000702e00000|100%| O|  |TAMS 0x0000000702e00000| PB 0x0000000702c00000| Untracked 
|   2|0x0000000702e00000, 0x0000000703000000, 0x0000000703000000|100%| O|  |TAMS 0x0000000703000000| PB 0x0000000702e00000| Untracked 
|   3|0x0000000703000000, 0x00000007030b7000, 0x0000000703200000| 35%| O|  |TAMS 0x00000007030b7000| PB 0x0000000703000000| Untracked 
|   4|0x0000000703200000, 0x0000000703200000, 0x0000000703400000|  0%| F|  |TAMS 0x0000000703200000| PB 0x0000000703200000| Untracked 
|   5|0x0000000703400000, 0x0000000703400000, 0x0000000703600000|  0%| F|  |TAMS 0x0000000703400000| PB 0x0000000703400000| Untracked 
|   6|0x0000000703600000, 0x0000000703600000, 0x0000000703800000|  0%| F|  |TAMS 0x0000000703600000| PB 0x0000000703600000| Untracked 
|   7|0x0000000703800000, 0x0000000703800000, 0x0000000703a00000|  0%| F|  |TAMS 0x0000000703800000| PB 0x0000000703800000| Untracked 
|   8|0x0000000703a00000, 0x0000000703a00000, 0x0000000703c00000|  0%| F|  |TAMS 0x0000000703a00000| PB 0x0000000703a00000| Untracked 
|   9|0x0000000703c00000, 0x0000000703c00000, 0x0000000703e00000|  0%| F|  |TAMS 0x0000000703c00000| PB 0x0000000703c00000| Untracked 
|  10|0x0000000703e00000, 0x0000000703e00000, 0x0000000704000000|  0%| F|  |TAMS 0x0000000703e00000| PB 0x0000000703e00000| Untracked 
|  11|0x0000000704000000, 0x0000000704000000, 0x0000000704200000|  0%| F|  |TAMS 0x0000000704000000| PB 0x0000000704000000| Untracked 
|  12|0x0000000704200000, 0x0000000704200000, 0x0000000704400000|  0%| F|  |TAMS 0x0000000704200000| PB 0x0000000704200000| Untracked 
|  13|0x0000000704400000, 0x0000000704400000, 0x0000000704600000|  0%| F|  |TAMS 0x0000000704400000| PB 0x0000000704400000| Untracked 
|  14|0x0000000704600000, 0x0000000704600000, 0x0000000704800000|  0%| F|  |TAMS 0x0000000704600000| PB 0x0000000704600000| Untracked 
|  15|0x0000000704800000, 0x0000000704800000, 0x0000000704a00000|  0%| F|  |TAMS 0x0000000704800000| PB 0x0000000704800000| Untracked 
|  16|0x0000000704a00000, 0x0000000704a00000, 0x0000000704c00000|  0%| F|  |TAMS 0x0000000704a00000| PB 0x0000000704a00000| Untracked 
|  17|0x0000000704c00000, 0x0000000704c00000, 0x0000000704e00000|  0%| F|  |TAMS 0x0000000704c00000| PB 0x0000000704c00000| Untracked 
|  18|0x0000000704e00000, 0x0000000704e00000, 0x0000000705000000|  0%| F|  |TAMS 0x0000000704e00000| PB 0x0000000704e00000| Untracked 
|  19|0x0000000705000000, 0x0000000705000000, 0x0000000705200000|  0%| F|  |TAMS 0x0000000705000000| PB 0x0000000705000000| Untracked 
|  20|0x0000000705200000, 0x0000000705200000, 0x0000000705400000|  0%| F|  |TAMS 0x0000000705200000| PB 0x0000000705200000| Untracked 
|  21|0x0000000705400000, 0x0000000705400000, 0x0000000705600000|  0%| F|  |TAMS 0x0000000705400000| PB 0x0000000705400000| Untracked 
|  22|0x0000000705600000, 0x0000000705600000, 0x0000000705800000|  0%| F|  |TAMS 0x0000000705600000| PB 0x0000000705600000| Untracked 
|  23|0x0000000705800000, 0x0000000705800000, 0x0000000705a00000|  0%| F|  |TAMS 0x0000000705800000| PB 0x0000000705800000| Untracked 
|  24|0x0000000705a00000, 0x0000000705a00000, 0x0000000705c00000|  0%| F|  |TAMS 0x0000000705a00000| PB 0x0000000705a00000| Untracked 
|  25|0x0000000705c00000, 0x0000000705c00000, 0x0000000705e00000|  0%| F|  |TAMS 0x0000000705c00000| PB 0x0000000705c00000| Untracked 
|  26|0x0000000705e00000, 0x0000000705e00000, 0x0000000706000000|  0%| F|  |TAMS 0x0000000705e00000| PB 0x0000000705e00000| Untracked 
|  27|0x0000000706000000, 0x0000000706000000, 0x0000000706200000|  0%| F|  |TAMS 0x0000000706000000| PB 0x0000000706000000| Untracked 
|  28|0x0000000706200000, 0x0000000706200000, 0x0000000706400000|  0%| F|  |TAMS 0x0000000706200000| PB 0x0000000706200000| Untracked 
|  29|0x0000000706400000, 0x0000000706400000, 0x0000000706600000|  0%| F|  |TAMS 0x0000000706400000| PB 0x0000000706400000| Untracked 
|  30|0x0000000706600000, 0x0000000706600000, 0x0000000706800000|  0%| F|  |TAMS 0x0000000706600000| PB 0x0000000706600000| Untracked 
|  31|0x0000000706800000, 0x0000000706800000, 0x0000000706a00000|  0%| F|  |TAMS 0x0000000706800000| PB 0x0000000706800000| Untracked 
|  32|0x0000000706a00000, 0x0000000706a00000, 0x0000000706c00000|  0%| F|  |TAMS 0x0000000706a00000| PB 0x0000000706a00000| Untracked 
|  33|0x0000000706c00000, 0x0000000706c00000, 0x0000000706e00000|  0%| F|  |TAMS 0x0000000706c00000| PB 0x0000000706c00000| Untracked 
|  34|0x0000000706e00000, 0x0000000706e00000, 0x0000000707000000|  0%| F|  |TAMS 0x0000000706e00000| PB 0x0000000706e00000| Untracked 
|  35|0x0000000707000000, 0x0000000707000000, 0x0000000707200000|  0%| F|  |TAMS 0x0000000707000000| PB 0x0000000707000000| Untracked 
|  36|0x0000000707200000, 0x0000000707200000, 0x0000000707400000|  0%| F|  |TAMS 0x0000000707200000| PB 0x0000000707200000| Untracked 
|  37|0x0000000707400000, 0x0000000707400000, 0x0000000707600000|  0%| F|  |TAMS 0x0000000707400000| PB 0x0000000707400000| Untracked 
|  38|0x0000000707600000, 0x0000000707600000, 0x0000000707800000|  0%| F|  |TAMS 0x0000000707600000| PB 0x0000000707600000| Untracked 
|  39|0x0000000707800000, 0x0000000707800000, 0x0000000707a00000|  0%| F|  |TAMS 0x0000000707800000| PB 0x0000000707800000| Untracked 
|  40|0x0000000707a00000, 0x0000000707a00000, 0x0000000707c00000|  0%| F|  |TAMS 0x0000000707a00000| PB 0x0000000707a00000| Untracked 
|  41|0x0000000707c00000, 0x0000000707c00000, 0x0000000707e00000|  0%| F|  |TAMS 0x0000000707c00000| PB 0x0000000707c00000| Untracked 
|  42|0x0000000707e00000, 0x0000000707e00000, 0x0000000708000000|  0%| F|  |TAMS 0x0000000707e00000| PB 0x0000000707e00000| Untracked 
|  43|0x0000000708000000, 0x0000000708000000, 0x0000000708200000|  0%| F|  |TAMS 0x0000000708000000| PB 0x0000000708000000| Untracked 
|  44|0x0000000708200000, 0x0000000708200000, 0x0000000708400000|  0%| F|  |TAMS 0x0000000708200000| PB 0x0000000708200000| Untracked 
|  45|0x0000000708400000, 0x0000000708400000, 0x0000000708600000|  0%| F|  |TAMS 0x0000000708400000| PB 0x0000000708400000| Untracked 
|  46|0x0000000708600000, 0x0000000708600000, 0x0000000708800000|  0%| F|  |TAMS 0x0000000708600000| PB 0x0000000708600000| Untracked 
|  47|0x0000000708800000, 0x0000000708800000, 0x0000000708a00000|  0%| F|  |TAMS 0x0000000708800000| PB 0x0000000708800000| Untracked 
|  48|0x0000000708a00000, 0x0000000708a00000, 0x0000000708c00000|  0%| F|  |TAMS 0x0000000708a00000| PB 0x0000000708a00000| Untracked 
|  49|0x0000000708c00000, 0x0000000708c00000, 0x0000000708e00000|  0%| F|  |TAMS 0x0000000708c00000| PB 0x0000000708c00000| Untracked 
|  50|0x0000000708e00000, 0x0000000708e00000, 0x0000000709000000|  0%| F|  |TAMS 0x0000000708e00000| PB 0x0000000708e00000| Untracked 
|  51|0x0000000709000000, 0x0000000709000000, 0x0000000709200000|  0%| F|  |TAMS 0x0000000709000000| PB 0x0000000709000000| Untracked 
|  52|0x0000000709200000, 0x0000000709200000, 0x0000000709400000|  0%| F|  |TAMS 0x0000000709200000| PB 0x0000000709200000| Untracked 
|  53|0x0000000709400000, 0x0000000709400000, 0x0000000709600000|  0%| F|  |TAMS 0x0000000709400000| PB 0x0000000709400000| Untracked 
|  54|0x0000000709600000, 0x0000000709600000, 0x0000000709800000|  0%| F|  |TAMS 0x0000000709600000| PB 0x0000000709600000| Untracked 
|  55|0x0000000709800000, 0x0000000709800000, 0x0000000709a00000|  0%| F|  |TAMS 0x0000000709800000| PB 0x0000000709800000| Untracked 
|  56|0x0000000709a00000, 0x0000000709a00000, 0x0000000709c00000|  0%| F|  |TAMS 0x0000000709a00000| PB 0x0000000709a00000| Untracked 
|  57|0x0000000709c00000, 0x0000000709c00000, 0x0000000709e00000|  0%| F|  |TAMS 0x0000000709c00000| PB 0x0000000709c00000| Untracked 
|  58|0x0000000709e00000, 0x0000000709e00000, 0x000000070a000000|  0%| F|  |TAMS 0x0000000709e00000| PB 0x0000000709e00000| Untracked 
|  59|0x000000070a000000, 0x000000070a000000, 0x000000070a200000|  0%| F|  |TAMS 0x000000070a000000| PB 0x000000070a000000| Untracked 
|  60|0x000000070a200000, 0x000000070a200000, 0x000000070a400000|  0%| F|  |TAMS 0x000000070a200000| PB 0x000000070a200000| Untracked 
|  61|0x000000070a400000, 0x000000070a400000, 0x000000070a600000|  0%| F|  |TAMS 0x000000070a400000| PB 0x000000070a400000| Untracked 
|  62|0x000000070a600000, 0x000000070a600000, 0x000000070a800000|  0%| F|  |TAMS 0x000000070a600000| PB 0x000000070a600000| Untracked 
|  63|0x000000070a800000, 0x000000070a800000, 0x000000070aa00000|  0%| F|  |TAMS 0x000000070a800000| PB 0x000000070a800000| Untracked 
|  64|0x000000070aa00000, 0x000000070aa00000, 0x000000070ac00000|  0%| F|  |TAMS 0x000000070aa00000| PB 0x000000070aa00000| Untracked 
|  65|0x000000070ac00000, 0x000000070ac00000, 0x000000070ae00000|  0%| F|  |TAMS 0x000000070ac00000| PB 0x000000070ac00000| Untracked 
|  66|0x000000070ae00000, 0x000000070ae00000, 0x000000070b000000|  0%| F|  |TAMS 0x000000070ae00000| PB 0x000000070ae00000| Untracked 
|  67|0x000000070b000000, 0x000000070b000000, 0x000000070b200000|  0%| F|  |TAMS 0x000000070b000000| PB 0x000000070b000000| Untracked 
|  68|0x000000070b200000, 0x000000070b200000, 0x000000070b400000|  0%| F|  |TAMS 0x000000070b200000| PB 0x000000070b200000| Untracked 
|  69|0x000000070b400000, 0x000000070b400000, 0x000000070b600000|  0%| F|  |TAMS 0x000000070b400000| PB 0x000000070b400000| Untracked 
|  70|0x000000070b600000, 0x000000070b600000, 0x000000070b800000|  0%| F|  |TAMS 0x000000070b600000| PB 0x000000070b600000| Untracked 
|  71|0x000000070b800000, 0x000000070b800000, 0x000000070ba00000|  0%| F|  |TAMS 0x000000070b800000| PB 0x000000070b800000| Untracked 
|  72|0x000000070ba00000, 0x000000070ba00000, 0x000000070bc00000|  0%| F|  |TAMS 0x000000070ba00000| PB 0x000000070ba00000| Untracked 
|  73|0x000000070bc00000, 0x000000070bc00000, 0x000000070be00000|  0%| F|  |TAMS 0x000000070bc00000| PB 0x000000070bc00000| Untracked 
|  74|0x000000070be00000, 0x000000070be00000, 0x000000070c000000|  0%| F|  |TAMS 0x000000070be00000| PB 0x000000070be00000| Untracked 
|  75|0x000000070c000000, 0x000000070c000000, 0x000000070c200000|  0%| F|  |TAMS 0x000000070c000000| PB 0x000000070c000000| Untracked 
|  76|0x000000070c200000, 0x000000070c200000, 0x000000070c400000|  0%| F|  |TAMS 0x000000070c200000| PB 0x000000070c200000| Untracked 
|  77|0x000000070c400000, 0x000000070c400000, 0x000000070c600000|  0%| F|  |TAMS 0x000000070c400000| PB 0x000000070c400000| Untracked 
|  78|0x000000070c600000, 0x000000070c600000, 0x000000070c800000|  0%| F|  |TAMS 0x000000070c600000| PB 0x000000070c600000| Untracked 
|  79|0x000000070c800000, 0x000000070c800000, 0x000000070ca00000|  0%| F|  |TAMS 0x000000070c800000| PB 0x000000070c800000| Untracked 
|  80|0x000000070ca00000, 0x000000070ca00000, 0x000000070cc00000|  0%| F|  |TAMS 0x000000070ca00000| PB 0x000000070ca00000| Untracked 
|  81|0x000000070cc00000, 0x000000070cc00000, 0x000000070ce00000|  0%| F|  |TAMS 0x000000070cc00000| PB 0x000000070cc00000| Untracked 
|  82|0x000000070ce00000, 0x000000070ce00000, 0x000000070d000000|  0%| F|  |TAMS 0x000000070ce00000| PB 0x000000070ce00000| Untracked 
|  83|0x000000070d000000, 0x000000070d000000, 0x000000070d200000|  0%| F|  |TAMS 0x000000070d000000| PB 0x000000070d000000| Untracked 
|  84|0x000000070d200000, 0x000000070d200000, 0x000000070d400000|  0%| F|  |TAMS 0x000000070d200000| PB 0x000000070d200000| Untracked 
|  85|0x000000070d400000, 0x000000070d400000, 0x000000070d600000|  0%| F|  |TAMS 0x000000070d400000| PB 0x000000070d400000| Untracked 
|  86|0x000000070d600000, 0x000000070d600000, 0x000000070d800000|  0%| F|  |TAMS 0x000000070d600000| PB 0x000000070d600000| Untracked 
|  87|0x000000070d800000, 0x000000070d800000, 0x000000070da00000|  0%| F|  |TAMS 0x000000070d800000| PB 0x000000070d800000| Untracked 
|  88|0x000000070da00000, 0x000000070da00000, 0x000000070dc00000|  0%| F|  |TAMS 0x000000070da00000| PB 0x000000070da00000| Untracked 
|  89|0x000000070dc00000, 0x000000070dc00000, 0x000000070de00000|  0%| F|  |TAMS 0x000000070dc00000| PB 0x000000070dc00000| Untracked 
|  90|0x000000070de00000, 0x000000070de00000, 0x000000070e000000|  0%| F|  |TAMS 0x000000070de00000| PB 0x000000070de00000| Untracked 
|  91|0x000000070e000000, 0x000000070e000000, 0x000000070e200000|  0%| F|  |TAMS 0x000000070e000000| PB 0x000000070e000000| Untracked 
|  92|0x000000070e200000, 0x000000070e200000, 0x000000070e400000|  0%| F|  |TAMS 0x000000070e200000| PB 0x000000070e200000| Untracked 
|  93|0x000000070e400000, 0x000000070e400000, 0x000000070e600000|  0%| F|  |TAMS 0x000000070e400000| PB 0x000000070e400000| Untracked 
|  94|0x000000070e600000, 0x000000070e600000, 0x000000070e800000|  0%| F|  |TAMS 0x000000070e600000| PB 0x000000070e600000| Untracked 
|  95|0x000000070e800000, 0x000000070e800000, 0x000000070ea00000|  0%| F|  |TAMS 0x000000070e800000| PB 0x000000070e800000| Untracked 
|  96|0x000000070ea00000, 0x000000070ea00000, 0x000000070ec00000|  0%| F|  |TAMS 0x000000070ea00000| PB 0x000000070ea00000| Untracked 
|  97|0x000000070ec00000, 0x000000070ec43220, 0x000000070ee00000| 13%| S|CS|TAMS 0x000000070ec00000| PB 0x000000070ec00000| Complete 
|  98|0x000000070ee00000, 0x000000070f000000, 0x000000070f000000|100%| S|CS|TAMS 0x000000070ee00000| PB 0x000000070ee00000| Complete 
|  99|0x000000070f000000, 0x000000070f200000, 0x000000070f200000|100%| S|CS|TAMS 0x000000070f000000| PB 0x000000070f000000| Complete 
| 100|0x000000070f200000, 0x000000070f400000, 0x000000070f400000|100%| S|CS|TAMS 0x000000070f200000| PB 0x000000070f200000| Complete 
| 101|0x000000070f400000, 0x000000070f400000, 0x000000070f600000|  0%| F|  |TAMS 0x000000070f400000| PB 0x000000070f400000| Untracked 
| 102|0x000000070f600000, 0x000000070f600000, 0x000000070f800000|  0%| F|  |TAMS 0x000000070f600000| PB 0x000000070f600000| Untracked 
| 103|0x000000070f800000, 0x000000070f800000, 0x000000070fa00000|  0%| F|  |TAMS 0x000000070f800000| PB 0x000000070f800000| Untracked 
| 104|0x000000070fa00000, 0x000000070fa00000, 0x000000070fc00000|  0%| F|  |TAMS 0x000000070fa00000| PB 0x000000070fa00000| Untracked 
| 105|0x000000070fc00000, 0x000000070fc00000, 0x000000070fe00000|  0%| F|  |TAMS 0x000000070fc00000| PB 0x000000070fc00000| Untracked 
| 106|0x000000070fe00000, 0x000000070fe00000, 0x0000000710000000|  0%| F|  |TAMS 0x000000070fe00000| PB 0x000000070fe00000| Untracked 
| 107|0x0000000710000000, 0x0000000710000000, 0x0000000710200000|  0%| F|  |TAMS 0x0000000710000000| PB 0x0000000710000000| Untracked 
| 108|0x0000000710200000, 0x0000000710200000, 0x0000000710400000|  0%| F|  |TAMS 0x0000000710200000| PB 0x0000000710200000| Untracked 
| 109|0x0000000710400000, 0x0000000710400000, 0x0000000710600000|  0%| F|  |TAMS 0x0000000710400000| PB 0x0000000710400000| Untracked 
| 110|0x0000000710600000, 0x0000000710600000, 0x0000000710800000|  0%| F|  |TAMS 0x0000000710600000| PB 0x0000000710600000| Untracked 
| 111|0x0000000710800000, 0x0000000710800000, 0x0000000710a00000|  0%| F|  |TAMS 0x0000000710800000| PB 0x0000000710800000| Untracked 
| 112|0x0000000710a00000, 0x0000000710a00000, 0x0000000710c00000|  0%| F|  |TAMS 0x0000000710a00000| PB 0x0000000710a00000| Untracked 
| 113|0x0000000710c00000, 0x0000000710c00000, 0x0000000710e00000|  0%| F|  |TAMS 0x0000000710c00000| PB 0x0000000710c00000| Untracked 
| 114|0x0000000710e00000, 0x0000000710e00000, 0x0000000711000000|  0%| F|  |TAMS 0x0000000710e00000| PB 0x0000000710e00000| Untracked 
| 115|0x0000000711000000, 0x0000000711000000, 0x0000000711200000|  0%| F|  |TAMS 0x0000000711000000| PB 0x0000000711000000| Untracked 
| 116|0x0000000711200000, 0x0000000711200000, 0x0000000711400000|  0%| F|  |TAMS 0x0000000711200000| PB 0x0000000711200000| Untracked 
| 117|0x0000000711400000, 0x0000000711400000, 0x0000000711600000|  0%| F|  |TAMS 0x0000000711400000| PB 0x0000000711400000| Untracked 
| 118|0x0000000711600000, 0x0000000711600000, 0x0000000711800000|  0%| F|  |TAMS 0x0000000711600000| PB 0x0000000711600000| Untracked 
| 119|0x0000000711800000, 0x0000000711800000, 0x0000000711a00000|  0%| F|  |TAMS 0x0000000711800000| PB 0x0000000711800000| Untracked 
| 120|0x0000000711a00000, 0x0000000711a00000, 0x0000000711c00000|  0%| F|  |TAMS 0x0000000711a00000| PB 0x0000000711a00000| Untracked 
| 121|0x0000000711c00000, 0x0000000711c00000, 0x0000000711e00000|  0%| F|  |TAMS 0x0000000711c00000| PB 0x0000000711c00000| Untracked 
| 122|0x0000000711e00000, 0x0000000711e00000, 0x0000000712000000|  0%| F|  |TAMS 0x0000000711e00000| PB 0x0000000711e00000| Untracked 
| 123|0x0000000712000000, 0x0000000712000000, 0x0000000712200000|  0%| F|  |TAMS 0x0000000712000000| PB 0x0000000712000000| Untracked 
| 124|0x0000000712200000, 0x0000000712200000, 0x0000000712400000|  0%| F|  |TAMS 0x0000000712200000| PB 0x0000000712200000| Untracked 
| 125|0x0000000712400000, 0x0000000712400000, 0x0000000712600000|  0%| F|  |TAMS 0x0000000712400000| PB 0x0000000712400000| Untracked 
| 126|0x0000000712600000, 0x0000000712800000, 0x0000000712800000|100%| E|  |TAMS 0x0000000712600000| PB 0x0000000712600000| Complete 

Card table byte_map: [0x000001ababc80000,0x000001abac470000] _byte_map_base: 0x000001aba846b000

Marking Bits: (CMBitMap*) 0x000001ab92206f70
 Bits: [0x000001abacc60000, 0x000001abb0bb8000)

Polling page: 0x000001ab92260000

Metaspace:

Usage:
  Non-class:     18.17 MB used.
      Class:      2.52 MB used.
       Both:     20.69 MB used.

Virtual space:
  Non-class space:       64.00 MB reserved,      18.38 MB ( 29%) committed,  1 nodes.
      Class space:        1.00 GB reserved,       2.69 MB ( <1%) committed,  1 nodes.
             Both:        1.06 GB reserved,      21.06 MB (  2%) committed. 

Chunk freelists:
   Non-Class:  1.21 MB
       Class:  1.29 MB
        Both:  2.50 MB

MaxMetaspaceSize: unlimited
CompressedClassSpaceSize: 1.00 GB
Initial GC threshold: 21.00 MB
Current GC threshold: 21.31 MB
CDS: on
MetaspaceReclaimPolicy: balanced
 - commit_granule_bytes: 65536.
 - commit_granule_words: 8192.
 - virtual_space_node_default_size: 8388608.
 - enlarge_chunks_in_place: 1.
 - new_chunks_are_fully_committed: 0.
 - uncommit_free_chunks: 1.
 - use_allocation_guard: 0.


Internal statistics:

num_allocs_failed_limit: 3.
num_arena_births: 386.
num_arena_deaths: 0.
num_vsnodes_births: 2.
num_vsnodes_deaths: 0.
num_space_committed: 337.
num_space_uncommitted: 0.
num_chunks_returned_to_freelist: 3.
num_chunks_taken_from_freelist: 1131.
num_chunk_merges: 3.
num_chunk_splits: 773.
num_chunks_enlarged: 567.
num_inconsistent_stats: 0.

CodeHeap 'non-profiled nmethods': size=120000Kb used=1342Kb max_used=1342Kb free=118657Kb
 bounds [0x000001aba34f0000, 0x000001aba3760000, 0x000001abaaa20000]
CodeHeap 'profiled nmethods': size=120000Kb used=6173Kb max_used=6173Kb free=113826Kb
 bounds [0x000001ab9ba20000, 0x000001ab9c030000, 0x000001aba2f50000]
CodeHeap 'non-nmethods': size=5760Kb used=1474Kb max_used=1553Kb free=4285Kb
 bounds [0x000001aba2f50000, 0x000001aba31c0000, 0x000001aba34f0000]
 total_blobs=3592 nmethods=3085 adapters=416
 compilation: enabled
              stopped_count=0, restarted_count=0
 full_count=0

Compilation events (20 events):
Event: 2.063 Thread 0x000001abb369c0e0 3081       3       java.lang.ref.ReferenceQueue::remove0 (64 bytes)
Event: 2.063 Thread 0x000001abb369bb50 3057       4       java.lang.invoke.MethodType$ConcurrentWeakInternSet::get (47 bytes)
Event: 2.063 Thread 0x000001abb369c0e0 nmethod 3081 0x000001ab9c024610 code [0x000001ab9c024800, 0x000001ab9c024c88]
Event: 2.063 Thread 0x000001abb799a820 nmethod 3068 0x000001aba363eb10 code [0x000001aba363ec80, 0x000001aba363ed38]
Event: 2.063 Thread 0x000001abb369c0e0 3082       3       java.lang.invoke.MethodHandleNatives$CallSiteContext::run (5 bytes)
Event: 2.063 Thread 0x000001abb799a820 3048       4       java.lang.invoke.MethodTypeForm::canonicalize (74 bytes)
Event: 2.064 Thread 0x000001abb369c0e0 nmethod 3082 0x000001ab9c024e10 code [0x000001ab9c024fa0, 0x000001ab9c0250d0]
Event: 2.064 Thread 0x000001abb369c0e0 3076       3       java.lang.ref.ReferenceQueue::signal (10 bytes)
Event: 2.064 Thread 0x000001abb369c0e0 nmethod 3076 0x000001ab9c025190 code [0x000001ab9c025360, 0x000001ab9c025768]
Event: 2.064 Thread 0x000001abb369c0e0 3077       3       java.util.concurrent.locks.AbstractQueuedSynchronizer$ConditionObject::signalAll (34 bytes)
Event: 2.064 Thread 0x000001abb369c0e0 nmethod 3077 0x000001ab9c025910 code [0x000001ab9c025ac0, 0x000001ab9c025e10]
Event: 2.064 Thread 0x000001abb799a820 nmethod 3048 0x000001aba363f110 code [0x000001aba363f280, 0x000001aba363f348]
Event: 2.064 Thread 0x000001abb799a820 3066       4       java.lang.invoke.MethodType::methodType (69 bytes)
Event: 2.065 Thread 0x000001abb369c0e0 3088  s    3       java.lang.invoke.MethodTypeForm::setCachedLambdaForm (44 bytes)
Event: 2.066 Thread 0x000001abb369c0e0 nmethod 3088 0x000001ab9c025f90 code [0x000001ab9c026180, 0x000001ab9c026b00]
Event: 2.066 Thread 0x000001abb369c0e0 3089       3       java.util.Arrays::copyOfRange (11 bytes)
Event: 2.066 Thread 0x000001abb369c0e0 nmethod 3089 0x000001ab9c026d90 code [0x000001ab9c026f20, 0x000001ab9c027060]
Event: 2.067 Thread 0x000001abb369c0e0 3090       3       jdk.internal.org.objectweb.asm.ByteVector::putShort (52 bytes)
Event: 2.067 Thread 0x000001abb369c0e0 nmethod 3090 0x000001ab9c027110 code [0x000001ab9c0272a0, 0x000001ab9c0274b0]
Event: 2.067 Thread 0x000001abb369c0e0 3091       3       java.lang.invoke.MethodHandle::asFixedArity (23 bytes)

GC Heap History (6 events):
Event: 0.677 GC heap before
{Heap before GC invocations=0 (full 0):
 garbage-first heap   total 260096K, used 20480K [0x0000000702a00000, 0x0000000800000000)
  region size 2048K, 11 young (22528K), 0 survivors (0K)
 Metaspace       used 6036K, committed 6272K, reserved 1114112K
  class space    used 694K, committed 832K, reserved 1048576K
}
Event: 0.682 GC heap after
{Heap after GC invocations=1 (full 0):
 garbage-first heap   total 260096K, used 7393K [0x0000000702a00000, 0x0000000800000000)
  region size 2048K, 2 young (4096K), 2 survivors (4096K)
 Metaspace       used 6036K, committed 6272K, reserved 1114112K
  class space    used 694K, committed 832K, reserved 1048576K
}
Event: 1.102 GC heap before
{Heap before GC invocations=1 (full 0):
 garbage-first heap   total 260096K, used 34017K [0x0000000702a00000, 0x0000000800000000)
  region size 2048K, 15 young (30720K), 2 survivors (4096K)
 Metaspace       used 13052K, committed 13248K, reserved 1114112K
  class space    used 1536K, committed 1600K, reserved 1048576K
}
Event: 1.107 GC heap after
{Heap after GC invocations=2 (full 0):
 garbage-first heap   total 260096K, used 9476K [0x0000000702a00000, 0x0000000800000000)
  region size 2048K, 2 young (4096K), 2 survivors (4096K)
 Metaspace       used 13052K, committed 13248K, reserved 1114112K
  class space    used 1536K, committed 1600K, reserved 1048576K
}
Event: 2.053 GC heap before
{Heap before GC invocations=2 (full 0):
 garbage-first heap   total 260096K, used 56580K [0x0000000702a00000, 0x0000000800000000)
  region size 2048K, 26 young (53248K), 2 survivors (4096K)
 Metaspace       used 21150K, committed 21504K, reserved 1114112K
  class space    used 2574K, committed 2752K, reserved 1048576K
}
Event: 2.059 GC heap after
{Heap after GC invocations=3 (full 0):
 garbage-first heap   total 260096K, used 13288K [0x0000000702a00000, 0x0000000800000000)
  region size 2048K, 4 young (8192K), 4 survivors (8192K)
 Metaspace       used 21150K, committed 21504K, reserved 1114112K
  class space    used 2574K, committed 2752K, reserved 1048576K
}

Dll operation events (10 events):
Event: 0.010 Loaded shared library C:\Program Files\Java\jdk-20\bin\java.dll
Event: 0.024 Loaded shared library C:\Program Files\Java\jdk-20\bin\jsvml.dll
Event: 0.147 Loaded shared library C:\Program Files\Java\jdk-20\bin\zip.dll
Event: 0.150 Loaded shared library C:\Program Files\Java\jdk-20\bin\instrument.dll
Event: 0.155 Loaded shared library C:\Program Files\Java\jdk-20\bin\net.dll
Event: 0.157 Loaded shared library C:\Program Files\Java\jdk-20\bin\nio.dll
Event: 0.161 Loaded shared library C:\Program Files\Java\jdk-20\bin\zip.dll
Event: 0.253 Loaded shared library C:\Program Files\JetBrains\IntelliJ IDEA Community Edition 2023.2\bin\breakgen64.dll
Event: 0.263 Loaded shared library C:\Program Files\Java\jdk-20\bin\extnet.dll
Event: 0.295 Loaded shared library C:\Program Files\Java\jdk-20\bin\jimage.dll

Deoptimization events (20 events):
Event: 1.960 Thread 0x000001ab92196ed0 Uncommon trap: trap_request=0xffffffbe fr.pc=0x000001aba361af18 relative=0x0000000000001058
Event: 1.960 Thread 0x000001ab92196ed0 Uncommon trap: reason=profile_predicate action=maybe_recompile pc=0x000001aba361af18 method=org.springframework.core.annotation.MergedAnnotationsCollection.find(Ljava/lang/Object;Ljava/util/function/Predicate;Lorg/springframework/core/annotation/MergedAnn
Event: 1.960 Thread 0x000001ab92196ed0 DEOPT PACKING pc=0x000001aba361af18 sp=0x0000006059afe920
Event: 1.960 Thread 0x000001ab92196ed0 DEOPT UNPACKING pc=0x000001aba2fb9d22 sp=0x0000006059afe910 mode 2
Event: 1.985 Thread 0x000001ab92196ed0 Uncommon trap: trap_request=0xffffff45 fr.pc=0x000001aba360de14 relative=0x0000000000003094
Event: 1.985 Thread 0x000001ab92196ed0 Uncommon trap: reason=unstable_if action=reinterpret pc=0x000001aba360de14 method=org.springframework.beans.factory.support.AbstractBeanFactory.isTypeMatch(Ljava/lang/String;Lorg/springframework/core/ResolvableType;Z)Z @ 104 c2
Event: 1.985 Thread 0x000001ab92196ed0 DEOPT PACKING pc=0x000001aba360de14 sp=0x0000006059afee70
Event: 1.986 Thread 0x000001ab92196ed0 DEOPT UNPACKING pc=0x000001aba2fb9d22 sp=0x0000006059afee38 mode 2
Event: 2.021 Thread 0x000001ab92196ed0 Uncommon trap: trap_request=0xffffff45 fr.pc=0x000001aba3581c90 relative=0x0000000000001a70
Event: 2.021 Thread 0x000001ab92196ed0 Uncommon trap: reason=unstable_if action=reinterpret pc=0x000001aba3581c90 method=jdk.internal.org.objectweb.asm.Frame.execute(IILjdk/internal/org/objectweb/asm/Symbol;Ljdk/internal/org/objectweb/asm/SymbolTable;)V @ 1 c2
Event: 2.022 Thread 0x000001ab92196ed0 DEOPT PACKING pc=0x000001aba3581c90 sp=0x0000006059afd160
Event: 2.022 Thread 0x000001ab92196ed0 DEOPT UNPACKING pc=0x000001aba2fb9d22 sp=0x0000006059afd0f0 mode 2
Event: 2.026 Thread 0x000001ab92196ed0 Uncommon trap: trap_request=0xffffff45 fr.pc=0x000001aba35906e4 relative=0x0000000000000264
Event: 2.026 Thread 0x000001ab92196ed0 Uncommon trap: reason=unstable_if action=reinterpret pc=0x000001aba35906e4 method=jdk.internal.org.objectweb.asm.Frame.push(I)V @ 26 c2
Event: 2.026 Thread 0x000001ab92196ed0 DEOPT PACKING pc=0x000001aba35906e4 sp=0x0000006059afcf60
Event: 2.026 Thread 0x000001ab92196ed0 DEOPT UNPACKING pc=0x000001aba2fb9d22 sp=0x0000006059afcf18 mode 2
Event: 2.066 Thread 0x000001ab92196ed0 Uncommon trap: trap_request=0xffffff45 fr.pc=0x000001aba354d3fc relative=0x00000000000000fc
Event: 2.066 Thread 0x000001ab92196ed0 Uncommon trap: reason=unstable_if action=reinterpret pc=0x000001aba354d3fc method=jdk.internal.org.objectweb.asm.ByteVector.putShort(I)Ljdk/internal/org/objectweb/asm/ByteVector; @ 13 c2
Event: 2.066 Thread 0x000001ab92196ed0 DEOPT PACKING pc=0x000001aba354d3fc sp=0x0000006059afc4c0
Event: 2.066 Thread 0x000001ab92196ed0 DEOPT UNPACKING pc=0x000001aba2fb9d22 sp=0x0000006059afc448 mode 2

Classes loaded (20 events):
Event: 2.019 Loading class java/lang/invoke/MethodHandleImpl$Makers
Event: 2.019 Loading class java/lang/invoke/MethodHandleImpl$Makers done
Event: 2.019 Loading class java/lang/invoke/MethodHandleImpl$Makers$1
Event: 2.019 Loading class java/lang/invoke/MethodHandleImpl$Makers$1 done
Event: 2.019 Loading class java/lang/invoke/MethodHandleImpl$Makers$2
Event: 2.019 Loading class java/lang/invoke/MethodHandleImpl$Makers$2 done
Event: 2.019 Loading class java/lang/invoke/MethodHandleImpl$Makers$3
Event: 2.019 Loading class java/lang/invoke/MethodHandleImpl$Makers$3 done
Event: 2.028 Loading class java/lang/runtime/ObjectMethods$1
Event: 2.028 Loading class java/lang/runtime/ObjectMethods$1 done
Event: 2.033 Loading class java/lang/invoke/DirectMethodHandle$1
Event: 2.033 Loading class java/lang/invoke/DirectMethodHandle$1 done
Event: 2.035 Loading class java/util/concurrent/FutureTask
Event: 2.035 Loading class java/util/concurrent/RunnableFuture
Event: 2.035 Loading class java/util/concurrent/RunnableFuture done
Event: 2.035 Loading class java/util/concurrent/FutureTask done
Event: 2.035 Loading class java/util/concurrent/FutureTask$WaitNode
Event: 2.035 Loading class java/util/concurrent/FutureTask$WaitNode done
Event: 2.065 Loading class java/lang/invoke/MethodHandleImpl$CountingWrapper
Event: 2.065 Loading class java/lang/invoke/MethodHandleImpl$CountingWrapper done

Classes unloaded (0 events):
No events

Classes redefined (0 events):
No events

Internal exceptions (20 events):
Event: 1.217 Thread 0x000001abb85e4590 Exception <a 'java/lang/NoSuchMethodError'{0x0000000711efafd8}: 'java.lang.Object java.lang.invoke.DirectMethodHandle$Holder.invokeVirtual(java.lang.Object, java.lang.Object, java.lang.Object, java.lang.Object)'> (0x0000000711efafd8) 
thrown [s\open\src\hotspot\share\interpreter\linkResolver.cpp, line 773]
Event: 1.342 Thread 0x000001ab92196ed0 Exception <a 'java/lang/IncompatibleClassChangeError'{0x0000000711911440}: Found class java.lang.Object, but interface was expected> (0x0000000711911440) 
thrown [s\open\src\hotspot\share\interpreter\linkResolver.cpp, line 840]
Event: 2.018 Thread 0x000001ab92196ed0 Exception <a 'java/lang/NoSuchMethodError'{0x000000070f7997c0}: 'java.lang.Object java.lang.invoke.DirectMethodHandle$Holder.invokeStaticInit(java.lang.Object, java.lang.Object, java.lang.Object, java.lang.Object, java.lang.Object, java.lang.Object, java.lang.Object)'> (0x000000070f7997c0) 
thrown [s\open\src\hotspot\share\interpreter\linkResolver.cpp, line 773]
Event: 2.020 Thread 0x000001ab92196ed0 Exception <a 'java/lang/NoSuchMethodError'{0x000000070f7a33e0}: 'java.lang.Object java.lang.invoke.DirectMethodHandle$Holder.invokeStatic(java.lang.Object, java.lang.Object, int)'> (0x000000070f7a33e0) 
thrown [s\open\src\hotspot\share\interpreter\linkResolver.cpp, line 773]
Event: 2.021 Thread 0x000001ab92196ed0 Exception <a 'java/lang/NoSuchMethodError'{0x000000070f7b46b0}: 'void java.lang.invoke.DelegatingMethodHandle$Holder.delegate(java.lang.Object, java.lang.Object, int, java.lang.Object)'> (0x000000070f7b46b0) 
thrown [s\open\src\hotspot\share\interpreter\linkResolver.cpp, line 773]
Event: 2.026 Thread 0x000001ab92196ed0 Exception <a 'java/lang/NoSuchMethodError'{0x000000070f7e3c50}: 'java.lang.Object java.lang.invoke.Invokers$Holder.invoker(java.lang.Object, java.lang.Object, java.lang.Object, java.lang.Object, java.lang.Object, java.lang.Object, java.lang.Object, java.lang.Object, java.lang.Object, java.lang.Object, java.lang.Object, java.lang.Object, java.lang.Object, java.lang.Object)'> (0x000000070f7e3c50) 
thrown [s\open\src\hotspot\share\interpreter\linkResolver.cpp, line 773]
Event: 2.026 Thread 0x000001ab92196ed0 Exception <a 'java/lang/NoSuchMethodError'{0x000000070f7ee050}: 'java.lang.Object java.lang.invoke.DelegatingMethodHandle$Holder.delegate(java.lang.Object, java.lang.Object, java.lang.Object, java.lang.Object, java.lang.Object, java.lang.Object, java.lang.Object, java.lang.Object, java.lang.Object, java.lang.Object, java.lang.Object, java.lang.Object, java.lang.Object, java.lang.Object)'> (0x000000070f7ee050) 
thrown [s\open\src\hotspot\share\interpreter\linkResolver.cpp, line 773]
Event: 2.029 Thread 0x000001ab92196ed0 Exception <a 'java/lang/NoSuchMethodError'{0x000000070f7ff188}: 'int java.lang.invoke.DirectMethodHandle$Holder.invokeVirtual(java.lang.Object, java.lang.Object, java.lang.Object)'> (0x000000070f7ff188) 
thrown [s\open\src\hotspot\share\interpreter\linkResolver.cpp, line 773]
Event: 2.029 Thread 0x000001ab92196ed0 Exception <a 'java/lang/NoSuchMethodError'{0x000000070f402c68}: 'int java.lang.invoke.DirectMethodHandle$Holder.invokeVirtual(java.lang.Object, java.lang.Object)'> (0x000000070f402c68) 
thrown [s\open\src\hotspot\share\interpreter\linkResolver.cpp, line 773]
Event: 2.030 Thread 0x000001ab92196ed0 Exception <a 'java/lang/NoSuchMethodError'{0x000000070f406b50}: 'int java.lang.invoke.DirectMethodHandle$Holder.invokeStaticInit(java.lang.Object, int, int)'> (0x000000070f406b50) 
thrown [s\open\src\hotspot\share\interpreter\linkResolver.cpp, line 773]
Event: 2.030 Thread 0x000001ab92196ed0 Exception <a 'java/lang/NoSuchMethodError'{0x000000070f40de88}: 'int java.lang.invoke.DirectMethodHandle$Holder.invokeStaticInit(java.lang.Object, long, long)'> (0x000000070f40de88) 
thrown [s\open\src\hotspot\share\interpreter\linkResolver.cpp, line 773]
Event: 2.031 Thread 0x000001ab92196ed0 Exception <a 'java/lang/NoSuchMethodError'{0x000000070f4147a0}: 'int java.lang.invoke.DirectMethodHandle$Holder.invokeStaticInit(java.lang.Object, float, float)'> (0x000000070f4147a0) 
thrown [s\open\src\hotspot\share\interpreter\linkResolver.cpp, line 773]
Event: 2.032 Thread 0x000001ab92196ed0 Exception <a 'java/lang/NoSuchMethodError'{0x000000070f41b0b0}: 'int java.lang.invoke.DirectMethodHandle$Holder.invokeStaticInit(java.lang.Object, double, double)'> (0x000000070f41b0b0) 
thrown [s\open\src\hotspot\share\interpreter\linkResolver.cpp, line 773]
Event: 2.032 Thread 0x000001ab92196ed0 Exception <a 'java/lang/NoSuchMethodError'{0x000000070f41f418}: 'int java.lang.invoke.DirectMethodHandle$Holder.invokeStatic(java.lang.Object, long)'> (0x000000070f41f418) 
thrown [s\open\src\hotspot\share\interpreter\linkResolver.cpp, line 773]
Event: 2.034 Thread 0x000001ab92196ed0 Exception <a 'java/lang/NoSuchMethodError'{0x000000070f441688}: 'int java.lang.invoke.DirectMethodHandle$Holder.invokeSpecial(java.lang.Object, java.lang.Object, int)'> (0x000000070f441688) 
thrown [s\open\src\hotspot\share\interpreter\linkResolver.cpp, line 773]
Event: 2.035 Thread 0x000001ab92196ed0 Exception <a 'java/lang/NoSuchMethodError'{0x000000070f448ad8}: 'int java.lang.invoke.Invokers$Holder.linkToTargetMethod(java.lang.Object, java.lang.Object)'> (0x000000070f448ad8) 
thrown [s\open\src\hotspot\share\interpreter\linkResolver.cpp, line 773]
Event: 2.048 Thread 0x000001ab92196ed0 Exception <a 'java/lang/NoSuchMethodError'{0x000000070f4c8b10}: 'java.lang.Object java.lang.invoke.Invokers$Holder.invoke_MT(java.lang.Object, java.lang.Object, java.lang.Object, java.lang.Object, java.lang.Object, java.lang.Object, java.lang.Object, java.lang.Object, java.lang.Object, java.lang.Object)'> (0x000000070f4c8b10) 
thrown [s\open\src\hotspot\share\interpreter\linkResolver.cpp, line 773]
Event: 2.064 Thread 0x000001ab92196ed0 Exception <a 'java/lang/NoSuchMethodError'{0x0000000712614320}: 'java.lang.Object java.lang.invoke.DirectMethodHandle$Holder.invokeSpecial(java.lang.Object, java.lang.Object, int, java.lang.Object, java.lang.Object)'> (0x0000000712614320) 
thrown [s\open\src\hotspot\share\interpreter\linkResolver.cpp, line 773]
Event: 2.065 Thread 0x000001ab92196ed0 Exception <a 'java/lang/NoSuchMethodError'{0x0000000712617d50}: 'java.lang.Object java.lang.invoke.DelegatingMethodHandle$Holder.delegate(java.lang.Object, int, java.lang.Object, java.lang.Object)'> (0x0000000712617d50) 
thrown [s\open\src\hotspot\share\interpreter\linkResolver.cpp, line 773]
Event: 2.066 Thread 0x000001ab92196ed0 Exception <a 'java/lang/NoSuchMethodError'{0x0000000712627078}: 'int java.lang.invoke.Invokers$Holder.linkToTargetMethod(java.lang.Object, java.lang.Object, java.lang.Object)'> (0x0000000712627078) 
thrown [s\open\src\hotspot\share\interpreter\linkResolver.cpp, line 773]

VM Operations (20 events):
Event: 1.626 Executing VM operation: ICBufferFull done
Event: 1.786 Executing VM operation: HandshakeAllThreads
Event: 1.787 Executing VM operation: HandshakeAllThreads done
Event: 1.791 Executing VM operation: HandshakeAllThreads
Event: 1.791 Executing VM operation: HandshakeAllThreads done
Event: 1.792 Executing VM operation: HandshakeAllThreads
Event: 1.792 Executing VM operation: HandshakeAllThreads done
Event: 1.793 Executing VM operation: HandshakeAllThreads
Event: 1.793 Executing VM operation: HandshakeAllThreads done
Event: 1.848 Executing VM operation: ICBufferFull
Event: 1.848 Executing VM operation: ICBufferFull done
Event: 1.863 Executing VM operation: HandshakeAllThreads
Event: 1.863 Executing VM operation: HandshakeAllThreads done
Event: 2.020 Executing VM operation: HandshakeAllThreads
Event: 2.020 Executing VM operation: HandshakeAllThreads done
Event: 2.038 Executing VM operation: HandshakeAllThreads
Event: 2.038 Executing VM operation: HandshakeAllThreads done
Event: 2.052 Executing VM operation: CollectForMetadataAllocation
Event: 2.059 Executing VM operation: CollectForMetadataAllocation done
Event: 2.067 Executing VM operation: G1PauseRemark

Events (18 events):
Event: 0.024 Thread 0x000001ab92196ed0 Thread added: 0x000001ab92196ed0
Event: 0.041 Thread 0x000001abb367bff0 Thread added: 0x000001abb367bff0
Event: 0.041 Thread 0x000001abb3681c40 Thread added: 0x000001abb3681c40
Event: 0.041 Thread 0x000001abb3689e50 Thread added: 0x000001abb3689e50
Event: 0.042 Thread 0x000001abb368a3a0 Thread added: 0x000001abb368a3a0
Event: 0.042 Thread 0x000001abb368a8f0 Thread added: 0x000001abb368a8f0
Event: 0.042 Thread 0x000001abb368b390 Thread added: 0x000001abb368b390
Event: 0.042 Thread 0x000001abb369bb50 Thread added: 0x000001abb369bb50
Event: 0.042 Thread 0x000001abb369c0e0 Thread added: 0x000001abb369c0e0
Event: 0.126 Thread 0x000001abb368b8e0 Thread added: 0x000001abb368b8e0
Event: 0.189 Thread 0x000001abb799a820 Thread added: 0x000001abb799a820
Event: 0.254 Thread 0x000001abb368be30 Thread added: 0x000001abb368be30
Event: 0.254 Thread 0x000001abb368c380 Thread added: 0x000001abb368c380
Event: 0.872 Thread 0x000001abb85e4590 Thread added: 0x000001abb85e4590
Event: 1.220 Thread 0x000001abb85e4590 Thread exited: 0x000001abb85e4590
Event: 1.289 Thread 0x000001abb85e7010 Thread added: 0x000001abb85e7010
Event: 1.311 Thread 0x000001abb85e7010 Thread exited: 0x000001abb85e7010
Event: 1.728 Thread 0x000001abb8cb7970 Thread added: 0x000001abb8cb7970


Dynamic libraries:
0x00007ff645c90000 - 0x00007ff645ca0000 	C:\Program Files\Java\jdk-20\bin\java.exe
0x00007ffeb8c70000 - 0x00007ffeb8e68000 	C:\Windows\SYSTEM32\ntdll.dll
0x00007ffeb6d40000 - 0x00007ffeb6dff000 	C:\Windows\System32\KERNEL32.DLL
0x00007ffeb6710000 - 0x00007ffeb6a06000 	C:\Windows\System32\KERNELBASE.dll
0x00007ffeb64f0000 - 0x00007ffeb65f0000 	C:\Windows\System32\ucrtbase.dll
0x00007ffe5d0a0000 - 0x00007ffe5d0b9000 	C:\Program Files\Java\jdk-20\bin\jli.dll
0x00007ffe6d6f0000 - 0x00007ffe6d70b000 	C:\Program Files\Java\jdk-20\bin\VCRUNTIME140.dll
0x00007ffeb7610000 - 0x00007ffeb76bf000 	C:\Windows\System32\ADVAPI32.dll
0x00007ffeb8690000 - 0x00007ffeb872e000 	C:\Windows\System32\msvcrt.dll
0x00007ffeb8b90000 - 0x00007ffeb8c2c000 	C:\Windows\System32\sechost.dll
0x00007ffeb6e00000 - 0x00007ffeb6f26000 	C:\Windows\System32\RPCRT4.dll
0x00007ffeb7860000 - 0x00007ffeb79fd000 	C:\Windows\System32\USER32.dll
0x00007ffeb6c50000 - 0x00007ffeb6c72000 	C:\Windows\System32\win32u.dll
0x00007ffe99fe0000 - 0x00007ffe9a27a000 	C:\Windows\WinSxS\amd64_microsoft.windows.common-controls_6595b64144ccf1df_6.0.19041.1110_none_60b5254171f9507e\COMCTL32.dll
0x00007ffeb8a10000 - 0x00007ffeb8a3c000 	C:\Windows\System32\GDI32.dll
0x00007ffeb65f0000 - 0x00007ffeb6705000 	C:\Windows\System32\gdi32full.dll
0x00007ffeb6450000 - 0x00007ffeb64ed000 	C:\Windows\System32\msvcp_win.dll
0x00007ffeab950000 - 0x00007ffeab95a000 	C:\Windows\SYSTEM32\VERSION.dll
0x00007ffeb74b0000 - 0x00007ffeb74e0000 	C:\Windows\System32\IMM32.DLL
0x00007ffe8f200000 - 0x00007ffe8f20c000 	C:\Program Files\Java\jdk-20\bin\vcruntime140_1.dll
0x00007ffe5ac50000 - 0x00007ffe5acde000 	C:\Program Files\Java\jdk-20\bin\msvcp140.dll
0x00007ffe29050000 - 0x00007ffe29ce7000 	C:\Program Files\Java\jdk-20\bin\server\jvm.dll
0x00007ffeae270000 - 0x00007ffeae279000 	C:\Windows\SYSTEM32\WSOCK32.dll
0x00007ffea36c0000 - 0x00007ffea36e7000 	C:\Windows\SYSTEM32\WINMM.dll
0x00007ffeb8b20000 - 0x00007ffeb8b8b000 	C:\Windows\System32\WS2_32.dll
0x00007ffeb4b80000 - 0x00007ffeb4b92000 	C:\Windows\SYSTEM32\kernel.appcore.dll
0x00007ffe8f1b0000 - 0x00007ffe8f1ba000 	C:\Program Files\Java\jdk-20\bin\jimage.dll
0x00007ffeb40e0000 - 0x00007ffeb42c4000 	C:\Windows\SYSTEM32\DBGHELP.DLL
0x00007ffea22a0000 - 0x00007ffea22d4000 	C:\Windows\SYSTEM32\dbgcore.DLL
0x00007ffeb6350000 - 0x00007ffeb63d2000 	C:\Windows\System32\bcryptPrimitives.dll
0x00007ffeacf20000 - 0x00007ffeacf2e000 	C:\Program Files\Java\jdk-20\bin\instrument.dll
0x00007ffe5de60000 - 0x00007ffe5de86000 	C:\Program Files\Java\jdk-20\bin\java.dll
0x00007ffe30ed0000 - 0x00007ffe30fa7000 	C:\Program Files\Java\jdk-20\bin\jsvml.dll
0x00007ffeb7a00000 - 0x00007ffeb8144000 	C:\Windows\System32\SHELL32.dll
0x00007ffeb43d0000 - 0x00007ffeb4b63000 	C:\Windows\SYSTEM32\windows.storage.dll
0x00007ffeb6fe0000 - 0x00007ffeb7334000 	C:\Windows\System32\combase.dll
0x00007ffeb5d90000 - 0x00007ffeb5dbe000 	C:\Windows\SYSTEM32\Wldp.dll
0x00007ffeb77b0000 - 0x00007ffeb785d000 	C:\Windows\System32\SHCORE.dll
0x00007ffeb6ce0000 - 0x00007ffeb6d35000 	C:\Windows\System32\shlwapi.dll
0x00007ffeb6280000 - 0x00007ffeb62a5000 	C:\Windows\SYSTEM32\profapi.dll
0x00007ffe45620000 - 0x00007ffe45638000 	C:\Program Files\Java\jdk-20\bin\zip.dll
0x00007ffe45660000 - 0x00007ffe45673000 	C:\Program Files\Java\jdk-20\bin\net.dll
0x00007ffead5f0000 - 0x00007ffead6fa000 	C:\Windows\SYSTEM32\WINHTTP.dll
0x00007ffeb5af0000 - 0x00007ffeb5b5a000 	C:\Windows\system32\mswsock.dll
0x00007ffe45640000 - 0x00007ffe45656000 	C:\Program Files\Java\jdk-20\bin\nio.dll
0x00007ffe8f260000 - 0x00007ffe8f27a000 	C:\Program Files\JetBrains\IntelliJ IDEA Community Edition 2023.2\bin\breakgen64.dll
0x00007ffe8dbf0000 - 0x00007ffe8dbf7000 	C:\Program Files\Java\jdk-20\bin\extnet.dll

dbghelp: loaded successfully - version: 4.0.5 - missing functions: none
symbol engine: initialized successfully - sym options: 0x614 - pdb path: .;C:\Program Files\Java\jdk-20\bin;C:\Windows\SYSTEM32;C:\Windows\WinSxS\amd64_microsoft.windows.common-controls_6595b64144ccf1df_6.0.19041.1110_none_60b5254171f9507e;C:\Program Files\Java\jdk-20\bin\server;C:\Program Files\JetBrains\IntelliJ IDEA Community Edition 2023.2\bin

VM Arguments:
jvm_args: -javaagent:C:\Program Files\JetBrains\IntelliJ IDEA Community Edition 2023.2\lib\idea_rt.jar=57593:C:\Program Files\JetBrains\IntelliJ IDEA Community Edition 2023.2\bin -Dfile.encoding=UTF-8 -Dsun.stdout.encoding=UTF-8 -Dsun.stderr.encoding=UTF-8 
java_command: com.medicareplus.MediCarePlus.MediCarePlusApplication
java_class_path (initial): F:\projects\Medi care\hcpbackend\MediCarePlus\target\classes;C:\Users\kbath\.m2\repository\org\springframework\boot\spring-boot-starter-web\3.1.1\spring-boot-starter-web-3.1.1.jar;C:\Users\kbath\.m2\repository\org\springframework\boot\spring-boot-starter\3.1.1\spring-boot-starter-3.1.1.jar;C:\Users\kbath\.m2\repository\org\springframework\boot\spring-boot\3.1.1\spring-boot-3.1.1.jar;C:\Users\kbath\.m2\repository\org\springframework\boot\spring-boot-autoconfigure\3.1.1\spring-boot-autoconfigure-3.1.1.jar;C:\Users\kbath\.m2\repository\org\springframework\boot\spring-boot-starter-logging\3.1.1\spring-boot-starter-logging-3.1.1.jar;C:\Users\kbath\.m2\repository\ch\qos\logback\logback-classic\1.4.8\logback-classic-1.4.8.jar;C:\Users\kbath\.m2\repository\ch\qos\logback\logback-core\1.4.8\logback-core-1.4.8.jar;C:\Users\kbath\.m2\repository\org\apache\logging\log4j\log4j-to-slf4j\2.20.0\log4j-to-slf4j-2.20.0.jar;C:\Users\kbath\.m2\repository\org\apache\logging\log4j\log4j-api\2.20.0\log4j-api-2.20.0.jar;C:\Users\kbath\.m2\repository\org\slf4j\jul-to-slf4j\2.0.7\jul-to-slf4j-2.0.7.jar;C:\Users\kbath\.m2\repository\jakarta\annotation\jakarta.annotation-api\2.1.1\jakarta.annotation-api-2.1.1.jar;C:\Users\kbath\.m2\repository\org\yaml\snakeyaml\1.33\snakeyaml-1.33.jar;C:\Users\kbath\.m2\repository\org\springframework\boot\spring-boot-starter-json\3.1.1\spring-boot-starter-json-3.1.1.jar;C:\Users\kbath\.m2\repository\com\fasterxml\jackson\core\jackson-databind\2.15.2\jackson-databind-2.15.2.jar;C:\Users\kbath\.m2\repository\com\fasterxml\jackson\core\jackson-annotations\2.15.2\jackson-annotations-2.15.2.jar;C:\Users\kbath\.m2\repository\com\fasterxml\jackson\core\jackson-core\2.15.2\jackson-core-2.15.2.jar;C:\Users\kbath\.m2\repository\com\fasterxml\jackson\datatype\jackson-datatype-jdk8\2.15.2\jackson-datatype-jdk8-2.15.2.jar;C:\Users\kbath\.m2\repository\com\fasterxml\jackson\datatype\jackson-datatype-jsr310\2.15.2\jackson-datatype-jsr310-2.15.2.jar;C:\Users\kbath\.m2\repository\com\fasterxml\jackson\module\jackson-module-parameter-names\2.15.2\jackson-module-parameter-names-2.15.2.jar;C:\Users\kbath\.m2\repository\org\springframework\boot\spring-boot-starter-tomcat\3.1.1\spring-boot-starter-tomcat-3.1.1.jar;C:\Users\kbath\.m2\repository\org\apache\tomcat\embed\tomcat-embed-core\10.1.10\tomcat-embed-core-10.1.10.jar;C:\Users\kbath\.m2\repository\org\apache\tomcat\embed\tomcat-embed-el\10.1.10\tomcat-embed-el-10.1.10.jar;C:\Users\kbath\.m2\repository\org\apache\tomcat\embed\tomcat-embed-websocket\10.1.10\tomcat-embed-websocket-10.1.10.jar;C:\Users\kbath\.m2\repository\org\springframework\spring-web\6.0.10\spring-web-6.0.10.jar;C:\Users\kbath\.m2\repository\org\springframework\spring-beans\6.0.10\spring-beans-6.0.10.jar;C:\Users\kbath\.m2\repository\io\micrometer\micrometer-observation\1.11.1\micrometer-observation-1.11.1.jar;C:\Users\kbath\.m2\repository\io\micrometer\micrometer-commons\1.11.1\micrometer-commons-1.11.1.jar;C:\Users\kbath\.m2\repository\org\springframework\spring-webmvc\6.0.10\spring-webmvc-6.0.10.jar;C:\Users\kbath\.m2\repository\org\springframework\spring-context\6.0.10\spring-context-6.0.10.jar;C:\Users\kbath\.m2\repository\org\springframework\spring-expression\6.0.10\spring-expression-6.0.10.jar;C:\Users\kbath\.m2\repository\org\slf4j\slf4j-api\2.0.7\slf4j-api-2.0.7.jar;C:\Users\kbath\.m2\repository\jakarta\xml\bind\jakarta.xml.bind-api\4.0.0\jakarta.xml.bind-api-4.0.0.jar;C:\Users\kbath\.m2\repository\jakarta\activation\jakarta.activation-api\2.1.2\jakarta.activation-api-2.1.2.jar;C:\Users\kbath\.m2\repository\net\bytebuddy\byte-buddy\1.14.5\byte-buddy-1.14.5.jar;C:\Users\kbath\.m2\repository\org\springframework\spring-core\6.0.10\spring-core-6.0.10.jar;C:\Users\kbath\.m2\repository\org\springframework\spring-jcl\6.0.10\spring-jcl-6.0.10.jar;C:\Users\kbath\.m2\repository\org\springframework\boot\spring-boot-starter-data-jpa\3.1.1\spring-boot-starter-data-jpa-3.1.1.jar;C:\Users\kbath\.m2\repository\org\springframework\boot\spring-boot-starter-aop\3.1.1\spring-boot-starter-aop-3.1.1.jar;C:\Users\kbath\.m2\repository\org\aspectj\aspectjweaver\1.9.19\aspectjweaver-1.9.19.jar;C:\Users\kbath\.m2\repository\org\springframework\boot\spring-boot-starter-jdbc\3.1.1\spring-boot-starter-jdbc-3.1.1.jar;C:\Users\kbath\.m2\repository\com\zaxxer\HikariCP\5.0.1\HikariCP-5.0.1.jar;C:\Users\kbath\.m2\repository\org\springframework\spring-jdbc\6.0.10\spring-jdbc-6.0.10.jar;C:\Users\kbath\.m2\repository\org\hibernate\orm\hibernate-core\6.2.5.Final\hibernate-core-6.2.5.Final.jar;C:\Users\kbath\.m2\repository\jakarta\persistence\jakarta.persistence-api\3.1.0\jakarta.persistence-api-3.1.0.jar;C:\Users\kbath\.m2\repository\jakarta\transaction\jakarta.transaction-api\2.0.1\jakarta.transaction-api-2.0.1.jar;C:\Users\kbath\.m2\repository\org\jboss\logging\jboss-logging\3.5.1.Final\jboss-logging-3.5.1.Final.jar;C:\Users\kbath\.m2\repository\org\hibernate\common\hibernate-commons-annotations\6.0.6.Final\hibernate-commons-annotations-6.0.6.Final.jar;C:\Users\kbath\.m2\repository\io\smallrye\jandex\3.0.5\jandex-3.0.5.jar;C:\Users\kbath\.m2\repository\com\fasterxml\classmate\1.5.1\classmate-1.5.1.jar;C:\Users\kbath\.m2\repository\org\glassfish\jaxb\jaxb-runtime\4.0.3\jaxb-runtime-4.0.3.jar;C:\Users\kbath\.m2\repository\org\glassfish\jaxb\jaxb-core\4.0.3\jaxb-core-4.0.3.jar;C:\Users\kbath\.m2\repository\org\eclipse\angus\angus-activation\2.0.1\angus-activation-2.0.1.jar;C:\Users\kbath\.m2\repository\org\glassfish\jaxb\txw2\4.0.3\txw2-4.0.3.jar;C:\Users\kbath\.m2\repository\com\sun\istack\istack-commons-runtime\4.1.2\istack-commons-runtime-4.1.2.jar;C:\Users\kbath\.m2\repository\jakarta\inject\jakarta.inject-api\2.0.1\jakarta.inject-api-2.0.1.jar;C:\Users\kbath\.m2\repository\org\antlr\antlr4-runtime\4.10.1\antlr4-runtime-4.10.1.jar;C:\Users\kbath\.m2\repository\org\springframework\data\spring-data-jpa\3.1.1\spring-data-jpa-3.1.1.jar;C:\Users\kbath\.m2\repository\org\springframework\data\spring-data-commons\3.1.1\spring-data-commons-3.1.1.jar;C:\Users\kbath\.m2\repository\org\springframework\spring-orm\6.0.10\spring-orm-6.0.10.jar;C:\Users\kbath\.m2\repository\org\springframework\spring-tx\6.0.10\spring-tx-6.0.10.jar;C:\Users\kbath\.m2\repository\org\springframework\spring-aspects\6.0.10\spring-aspects-6.0.10.jar;C:\Users\kbath\.m2\repository\com\mysql\mysql-connector-j\8.0.33\mysql-connector-j-8.0.33.jar;C:\Users\kbath\.m2\repository\org\projectlombok\lombok\1.18.28\lombok-1.18.28.jar;C:\Users\kbath\.m2\repository\org\modelmapper\modelmapper\3.1.1\modelmapper-3.1.1.jar;C:\Users\kbath\.m2\repository\org\jetbrains\annotations\24.0.1\annotations-24.0.1.jar;C:\Users\kbath\.m2\repository\org\springframework\boot\spring-boot-starter-security\3.1.1\spring-boot-starter-security-3.1.1.jar;C:\Users\kbath\.m2\repository\org\springframework\spring-aop\6.0.10\spring-aop-6.0.10.jar;C:\Users\kbath\.m2\repository\org\springframework\security\spring-security-config\6.1.1\spring-security-config-6.1.1.jar;C:\Users\kbath\.m2\repository\org\springframework\security\spring-security-web\6.1.1\spring-security-web-6.1.1.jar;C:\Users\kbath\.m2\repository\org\springframework\security\spring-security-core\6.1.1\spring-security-core-6.1.1.jar;C:\Users\kbath\.m2\repository\org\springframework\security\spring-security-crypto\6.1.1\spring-security-crypto-6.1.1.jar
Launcher Type: SUN_STANDARD

[Global flags]
     intx CICompilerCount                          = 4                                         {product} {ergonomic}
     uint ConcGCThreads                            = 2                                         {product} {ergonomic}
     uint G1ConcRefinementThreads                  = 8                                         {product} {ergonomic}
   size_t G1HeapRegionSize                         = 2097152                                   {product} {ergonomic}
    uintx GCDrainStackTargetSize                   = 64                                        {product} {ergonomic}
   size_t InitialHeapSize                          = 266338304                                 {product} {ergonomic}
   size_t MarkStackSize                            = 4194304                                   {product} {ergonomic}
   size_t MaxHeapSize                              = 4250927104                                {product} {ergonomic}
   size_t MaxNewSize                               = 2550136832                                {product} {ergonomic}
   size_t MinHeapDeltaBytes                        = 2097152                                   {product} {ergonomic}
   size_t MinHeapSize                              = 8388608                                   {product} {ergonomic}
    uintx NonNMethodCodeHeapSize                   = 5839372                                {pd product} {ergonomic}
    uintx NonProfiledCodeHeapSize                  = 122909434                              {pd product} {ergonomic}
    uintx ProfiledCodeHeapSize                     = 122909434                              {pd product} {ergonomic}
    uintx ReservedCodeCacheSize                    = 251658240                              {pd product} {ergonomic}
     bool SegmentedCodeCache                       = true                                      {product} {ergonomic}
   size_t SoftMaxHeapSize                          = 4250927104                             {manageable} {ergonomic}
     bool UseCompressedClassPointers               = true                           {product lp64_product} {ergonomic}
     bool UseCompressedOops                        = true                           {product lp64_product} {ergonomic}
     bool UseG1GC                                  = true                                      {product} {ergonomic}
     bool UseLargePagesIndividualAllocation        = false                                  {pd product} {ergonomic}

Logging:
Log output configuration:
 #0: stdout all=warning uptime,level,tags foldmultilines=false
 #1: stderr all=off uptime,level,tags foldmultilines=false

Environment Variables:
PATH=C:\Program Files\Common Files\Oracle\Java\javapath;C:\Windows\system32;C:\Windows;C:\Windows\System32\Wbem;C:\Windows\System32\WindowsPowerShell\v1.0\;C:\Windows\System32\OpenSSH\;C:\Program Files\Git\cmd;C:\Program Files\nodejs\;C:\Users\kbath\AppData\Local\Programs\Python\Python311\Scripts\;C:\Users\kbath\AppData\Local\Programs\Python\Python311\;C:\Program Files\MySQL\MySQL Shell 8.0\bin\;C:\Users\kbath\AppData\Local\Microsoft\WindowsApps;C:\Users\kbath\AppData\Local\Programs\Microsoft VS Code\bin;C:\Users\kbath\AppData\Local\GitHubDesktop\bin;C:\Program Files\JetBrains\IntelliJ IDEA Community Edition 2023.2\bin;;C:\Users\kbath\AppData\Roaming\npm
USERNAME=kbath
OS=Windows_NT
PROCESSOR_IDENTIFIER=Intel64 Family 6 Model 158 Stepping 10, GenuineIntel
TMP=C:\Users\kbath\AppData\Local\Temp
TEMP=C:\Users\kbath\AppData\Local\Temp




---------------  S Y S T E M  ---------------

OS:
 Windows 10 , 64 bit Build 19041 (10.0.19041.3155)
OS uptime: 1 days 0:30 hours

CPU: total 8 (initial active 8) (4 cores per cpu, 2 threads per core) family 6 model 158 stepping 10 microcode 0xf0, cx8, cmov, fxsr, ht, mmx, 3dnowpref, sse, sse2, sse3, ssse3, sse4.1, sse4.2, popcnt, lzcnt, tsc, tscinvbit, avx, avx2, aes, erms, clmul, bmi1, bmi2, adx, fma, vzeroupper, clflush, clflushopt, rdtscp, f16c

Memory: 4k page, system-wide physical 16211M (5228M free)
TotalPageFile size 19681M (AvailPageFile size 2582M)
current process WorkingSet (physical memory assigned to process): 164M, peak: 166M
current process commit charge ("private bytes"): 402M, peak: 407M

vm_info: Java HotSpot(TM) 64-Bit Server VM (20+36-2344) for windows-amd64 JRE (20+36-2344), built on 2023-02-10T19:30:15Z by "mach5one" with MS VC++ 17.1 (VS2022)

END.
