#
# A fatal error has been detected by the Java Runtime Environment:
#
#  EXCEPTION_ACCESS_VIOLATION (0xc0000005) at pc=0x00007ffaa03a0547, pid=9812, tid=6352
#
# JRE version: Java(TM) SE Runtime Environment (20.0+36) (build 20+36-2344)
# Java VM: Java HotSpot(TM) 64-Bit Server VM (20+36-2344, mixed mode, sharing, tiered, compressed oops, compressed class ptrs, g1 gc, windows-amd64)
# Problematic frame:
# V  [jvm.dll+0x260547]
#
# No core dump will be written. Minidumps are not enabled by default on client versions of Windows
#
# If you would like to submit a bug report, please visit:
#   https://bugreport.java.com/bugreport/crash.jsp
#

---------------  S U M M A R Y ------------

Command Line: -javaagent:C:\Program Files\JetBrains\IntelliJ IDEA Community Edition 2023.2\lib\idea_rt.jar=51352:C:\Program Files\JetBrains\IntelliJ IDEA Community Edition 2023.2\bin -Dfile.encoding=UTF-8 -Dsun.stdout.encoding=UTF-8 -Dsun.stderr.encoding=UTF-8 com.medicareplus.MediCarePlus.MediCarePlusApplication

Host: Intel(R) Core(TM) i5-9300H CPU @ 2.40GHz, 8 cores, 15G,  Windows 10 , 64 bit Build 19041 (10.0.19041.3155)
Time: Mon Aug  7 01:41:06 2023 Sri Lanka Standard Time elapsed time: 1.906032 seconds (0d 0h 0m 1s)

---------------  T H R E A D  ---------------

Current thread (0x0000022acef22180):  WorkerThread "GC Thread#2" [stack: 0x000000ee35200000,0x000000ee35300000] [id=6352]

Stack: [0x000000ee35200000,0x000000ee35300000],  sp=0x000000ee352ff290,  free space=1020k
Native frames: (J=compiled Java code, j=interpreted, Vv=VM code, C=native code)
V  [jvm.dll+0x260547]
V  [jvm.dll+0x261a43]
V  [jvm.dll+0x691cdb]
V  [jvm.dll+0x6c6752]
V  [jvm.dll+0x35e313]
V  [jvm.dll+0x875777]
V  [jvm.dll+0x7f4906]
V  [jvm.dll+0x6ba5cb]
C  [ucrtbase.dll+0x21bb2]
C  [KERNEL32.DLL+0x17614]
C  [ntdll.dll+0x526b1]


siginfo: EXCEPTION_ACCESS_VIOLATION (0xc0000005), reading address 0x0000000000000800


Registers:
RAX=0x0000000000000800, RBX=0x0000000000000800, RCX=0x0000000000000000, RDX=0x0000000000000000
RSP=0x000000ee352ff290, RBP=0x000000ee352ff339, RSI=0x0000022ab2ecb110, RDI=0x0000000000000000
R8 =0x000000ee352ff301, R9 =0x0000000000000048, R10=0x00007ffaa0140000, R11=0x0000022ab2ecb316
R12=0x0000000000000000, R13=0x0000000000000000, R14=0x0000022acec3e100, R15=0x0000022acec3e1e0
RIP=0x00007ffaa03a0547, EFLAGS=0x0000000000010206


Register to memory mapping:

RIP=0x00007ffaa03a0547 jvm.dll
RAX=0x0000000000000800 is an unknown value
RBX=0x0000000000000800 is an unknown value
RCX=0x0 is NULL
RDX=0x0 is NULL
RSP=0x000000ee352ff290 points into unknown readable memory: 0x0000000000000000 | 00 00 00 00 00 00 00 00
RBP=0x000000ee352ff339 points into unknown readable memory: f2 2f 35 ee 00 00 00
RSI=0x0000022ab2ecb110 is at entry_point+-464 in (nmethod*)0x0000022ab2ecb110
Compiled method (c1)    1922 1223       3       java.lang.invoke.TypeConvertingMethodAdapter::cast (42 bytes)
 total in heap  [0x0000022ab2ecb110,0x0000022ab2ecb8a8] = 1944
 relocation     [0x0000022ab2ecb258,0x0000022ab2ecb2d8] = 128
 main code      [0x0000022ab2ecb2e0,0x0000022ab2ecb6d0] = 1008
 stub code      [0x0000022ab2ecb6d0,0x0000022ab2ecb738] = 104
 metadata       [0x0000022ab2ecb738,0x0000022ab2ecb750] = 24
 scopes data    [0x0000022ab2ecb750,0x0000022ab2ecb7d8] = 136
 scopes pcs     [0x0000022ab2ecb7d8,0x0000022ab2ecb888] = 176
 dependencies   [0x0000022ab2ecb888,0x0000022ab2ecb890] = 8
 nul chk table  [0x0000022ab2ecb890,0x0000022ab2ecb8a8] = 24
RDI=0x0 is NULL
R8 =0x000000ee352ff301 points into unknown readable memory: b2 ec b2 2a 02 00 00
R9 =0x0000000000000048 is an unknown value
R10=0x00007ffaa0140000 jvm.dll
R11=0x0000022ab2ecb316 is at entry_point+54 in (nmethod*)0x0000022ab2ecb110
Compiled method (c1)    1926 1223       3       java.lang.invoke.TypeConvertingMethodAdapter::cast (42 bytes)
 total in heap  [0x0000022ab2ecb110,0x0000022ab2ecb8a8] = 1944
 relocation     [0x0000022ab2ecb258,0x0000022ab2ecb2d8] = 128
 main code      [0x0000022ab2ecb2e0,0x0000022ab2ecb6d0] = 1008
 stub code      [0x0000022ab2ecb6d0,0x0000022ab2ecb738] = 104
 metadata       [0x0000022ab2ecb738,0x0000022ab2ecb750] = 24
 scopes data    [0x0000022ab2ecb750,0x0000022ab2ecb7d8] = 136
 scopes pcs     [0x0000022ab2ecb7d8,0x0000022ab2ecb888] = 176
 dependencies   [0x0000022ab2ecb888,0x0000022ab2ecb890] = 8
 nul chk table  [0x0000022ab2ecb890,0x0000022ab2ecb8a8] = 24
R12=0x0 is NULL
R13=0x0 is NULL
R14=0x0000022acec3e100 points into unknown readable memory: 0x6c432f64756f6c63 | 63 6c 6f 75 64 2f 43 6c
R15=0x0000022acec3e1e0 points into unknown readable memory: 0x0000000000000002 | 02 00 00 00 00 00 00 00


Top of Stack: (sp=0x000000ee352ff290)
0x000000ee352ff290:   0000000000000000 00007ffaa0aa2fb0
0x000000ee352ff2a0:   0000022ab2ecb110 0000000000000000
0x000000ee352ff2b0:   0000022aca1672f0 0000022aca1676c8
0x000000ee352ff2c0:   0000000000000000 0000022ab2ecb2c4
0x000000ee352ff2d0:   0000022ab2ecb2d8 0000022ab2ecb110
0x000000ee352ff2e0:   0000022ab2ecb715 0000022ab2ec005a
0x000000ee352ff2f0:   0000022ab2ecb2c0 000000ee352f0000
0x000000ee352ff300:   0000022ab2ecb2e0 0000022ab2ecb2e0
0x000000ee352ff310:   0000022ab2ecb6d0 0000022ab2ecb2e0
0x000000ee352ff320:   0000022ab2ecb6d0 0000022ab2ecb738
0x000000ee352ff330:   00007ffaa0aa2fb0 000000ee352ff2c0
0x000000ee352ff340:   000000ee0000000c 0000000000000000
0x000000ee352ff350:   0000022a00000000 000000ee352ff570
0x000000ee352ff360:   0000022aca1672e0 0000022acec3e1e0
0x000000ee352ff370:   0000000000000000 0000022aca1672f0
0x000000ee352ff380:   0000022aca1676c8 00000000000003d8
0x000000ee352ff390:   0000022ab2ecb110 00007ffaa03a1a43
0x000000ee352ff3a0:   0000022aca1672e0 0000022acf108400
0x000000ee352ff3b0:   0000000000000000 00000000000003d8
0x000000ee352ff3c0:   000000ee343fe620 0000000000000010
0x000000ee352ff3d0:   0000000000000010 0000000000000002
0x000000ee352ff3e0:   0000000000000000 0000000000000001
0x000000ee352ff3f0:   000000ee352ff570 00007ffaa07d1cdb
0x000000ee352ff400:   0000022ab2ecb110 0000022ab2ecb110
0x000000ee352ff410:   0000022aca1676c8 00000000000003d8
0x000000ee352ff420:   0000022aaac76601 000000ee343fed01
0x000000ee352ff430:   0000022aca1676c8 00007ffaa04e51ce
0x000000ee352ff440:   000000ee352ff470 000000ee343fed01
0x000000ee352ff450:   000000ee343fe6b0 0000374dd998ea98
0x000000ee352ff460:   0000000000000010 00007ffaa0806752
0x000000ee352ff470:   000000000002625a 0000000000000000
0x000000ee352ff480:   0000000000000002 00007ffaa093fa1e 

Instructions: (pc=0x00007ffaa03a0547)
0x00007ffaa03a0447:   4a 00 45 32 f6 48 8d 1d 5d 2b 70 00 ba 00 78 00
0x00007ffaa03a0457:   00 b9 00 f8 00 00 0f 1f 00 48 8b 45 8f 48 83 c0
0x00007ffaa03a0467:   02 48 89 45 8f 48 3b 45 97 0f 84 58 03 00 00 66
0x00007ffaa03a0477:   89 7d bf 0f b7 00 66 23 c1 66 3b c2 75 09 48 8d
0x00007ffaa03a0487:   4d 87 e8 52 91 4a 00 48 8b 45 8f 0f b7 10 48 8b
0x00007ffaa03a0497:   45 87 81 e2 ff 01 00 00 48 03 55 a7 48 89 55 a7
0x00007ffaa03a04a7:   48 85 c0 74 09 48 3b d0 0f 83 19 03 00 00 48 8b
0x00007ffaa03a04b7:   45 8f 0f b7 08 c1 e9 0b 83 e9 02 0f 84 ae 01 00
0x00007ffaa03a04c7:   00 83 e9 01 0f 84 67 01 00 00 83 e9 01 0f 84 ca
0x00007ffaa03a04d7:   00 00 00 ba 00 78 00 00 83 e9 01 0f 84 b4 00 00
0x00007ffaa03a04e7:   00 83 f9 07 b9 00 f8 00 00 0f 85 6a ff ff ff 45
0x00007ffaa03a04f7:   84 f6 0f 84 61 ff ff ff 48 8b 06 48 8b ce 45 32
0x00007ffaa03a0507:   f6 ff 90 e8 01 00 00 84 c0 0f 85 1b 01 00 00 48
0x00007ffaa03a0517:   8d 45 87 c7 45 07 0c 00 00 00 48 8d 4d f7 48 89
0x00007ffaa03a0527:   45 ff 48 89 5d f7 e8 8e aa 4a 00 48 8d 4d f7 e8
0x00007ffaa03a0537:   a5 98 4a 00 48 8b d8 48 85 c0 0f 84 ea 00 00 00
0x00007ffaa03a0547:   48 8b 10 48 8b c8 ff 52 10 84 c0 0f 84 d9 00 00
0x00007ffaa03a0557:   00 48 8b 43 08 48 8b 48 08 48 8b 49 18 48 8b 89
0x00007ffaa03a0567:   98 00 00 00 e8 c0 5b fc ff 84 c0 0f 85 b9 00 00
0x00007ffaa03a0577:   00 48 8d 4d f7 e8 3f 98 4a 00 48 89 38 83 7d 0f
0x00007ffaa03a0587:   00 0f 84 a3 00 00 00 48 8d 4d f7 e8 a9 94 4a 00
0x00007ffaa03a0597:   e9 b0 fe ff ff 41 b6 01 e9 b4 fe ff ff 48 8b 1e
0x00007ffaa03a05a7:   48 8d 4d 87 e8 c0 9e 4a 00 48 8b d0 48 8b ce ff
0x00007ffaa03a05b7:   93 d0 01 00 00 48 8b c8 48 8b f8 48 8b 10 ff 12
0x00007ffaa03a05c7:   48 8b c8 e8 71 43 fd ff 48 85 c0 74 5d 33 db 38
0x00007ffaa03a05d7:   58 5d 48 0f 45 d8 48 85 db 74 4f 45 84 e4 75 2d
0x00007ffaa03a05e7:   48 8b 03 48 8b cb ff 90 98 00 00 00 84 c0 74 1d
0x00007ffaa03a05f7:   48 8b 03 48 8b cb ff 90 e8 01 00 00 84 c0 75 0d
0x00007ffaa03a0607:   48 8b 43 68 48 8b 40 48 48 3b c3 74 1d 48 8b 06
0x00007ffaa03a0617:   48 8b ce ff 90 e8 01 00 00 84 c0 48 8b cf 0f 94
0x00007ffaa03a0627:   c2 e8 73 f1 ff ff 84 c0 74 3e 33 ff e9 14 fe ff
0x00007ffaa03a0637:   ff 33 d2 8d 4a 20 e8 0e fe 4a 00 48 85 c0 74 0e 


Stack slot to memory mapping:
stack at sp + 0 slots: 0x0 is NULL
stack at sp + 1 slots: 0x00007ffaa0aa2fb0 jvm.dll
stack at sp + 2 slots: 0x0000022ab2ecb110 is at entry_point+-464 in (nmethod*)0x0000022ab2ecb110
Compiled method (c1)    1933 1223       3       java.lang.invoke.TypeConvertingMethodAdapter::cast (42 bytes)
 total in heap  [0x0000022ab2ecb110,0x0000022ab2ecb8a8] = 1944
 relocation     [0x0000022ab2ecb258,0x0000022ab2ecb2d8] = 128
 main code      [0x0000022ab2ecb2e0,0x0000022ab2ecb6d0] = 1008
 stub code      [0x0000022ab2ecb6d0,0x0000022ab2ecb738] = 104
 metadata       [0x0000022ab2ecb738,0x0000022ab2ecb750] = 24
 scopes data    [0x0000022ab2ecb750,0x0000022ab2ecb7d8] = 136
 scopes pcs     [0x0000022ab2ecb7d8,0x0000022ab2ecb888] = 176
 dependencies   [0x0000022ab2ecb888,0x0000022ab2ecb890] = 8
 nul chk table  [0x0000022ab2ecb890,0x0000022ab2ecb8a8] = 24
stack at sp + 3 slots: 0x0 is NULL
stack at sp + 4 slots: 0x0000022aca1672f0 points into unknown readable memory: 0x0000022aca167310 | 10 73 16 ca 2a 02 00 00
stack at sp + 5 slots: 0x0000022aca1676c8 points into unknown readable memory: 0x880001008f428469 | 69 84 42 8f 00 01 00 88
stack at sp + 6 slots: 0x0 is NULL
stack at sp + 7 slots: 0x0000022ab2ecb2c4 is at entry_point+-28 in (nmethod*)0x0000022ab2ecb110
Compiled method (c1)    1937 1223       3       java.lang.invoke.TypeConvertingMethodAdapter::cast (42 bytes)
 total in heap  [0x0000022ab2ecb110,0x0000022ab2ecb8a8] = 1944
 relocation     [0x0000022ab2ecb258,0x0000022ab2ecb2d8] = 128
 main code      [0x0000022ab2ecb2e0,0x0000022ab2ecb6d0] = 1008
 stub code      [0x0000022ab2ecb6d0,0x0000022ab2ecb738] = 104
 metadata       [0x0000022ab2ecb738,0x0000022ab2ecb750] = 24
 scopes data    [0x0000022ab2ecb750,0x0000022ab2ecb7d8] = 136
 scopes pcs     [0x0000022ab2ecb7d8,0x0000022ab2ecb888] = 176
 dependencies   [0x0000022ab2ecb888,0x0000022ab2ecb890] = 8
 nul chk table  [0x0000022ab2ecb890,0x0000022ab2ecb8a8] = 24


---------------  P R O C E S S  ---------------

Threads class SMR info:
_java_thread_list=0x0000022acf4dbd60, length=14, elements={
0x0000022aaac06e40, 0x0000022aca14a210, 0x0000022aca14ad50, 0x0000022aca14cc00,
0x0000022aca14d740, 0x0000022aca1520a0, 0x0000022aca15da10, 0x0000022aca163b90,
0x0000022aca164510, 0x0000022aca119f70, 0x0000022ace745d70, 0x0000022ace75aca0,
0x0000022ace7e54b0, 0x0000022acfa70de0
}

Java Threads: ( => current thread )
  0x0000022aaac06e40 JavaThread "main" [_thread_blocked, id=12508, stack(0x000000ee33d00000,0x000000ee33e00000)]
  0x0000022aca14a210 JavaThread "Reference Handler" daemon [_thread_blocked, id=14376, stack(0x000000ee34400000,0x000000ee34500000)]
  0x0000022aca14ad50 JavaThread "Finalizer" daemon [_thread_blocked, id=5632, stack(0x000000ee34500000,0x000000ee34600000)]
  0x0000022aca14cc00 JavaThread "Signal Dispatcher" daemon [_thread_blocked, id=10148, stack(0x000000ee34600000,0x000000ee34700000)]
  0x0000022aca14d740 JavaThread "Attach Listener" daemon [_thread_blocked, id=13792, stack(0x000000ee34700000,0x000000ee34800000)]
  0x0000022aca1520a0 JavaThread "Service Thread" daemon [_thread_blocked, id=8388, stack(0x000000ee34800000,0x000000ee34900000)]
  0x0000022aca15da10 JavaThread "Monitor Deflation Thread" daemon [_thread_blocked, id=1092, stack(0x000000ee34900000,0x000000ee34a00000)]
  0x0000022aca163b90 JavaThread "C2 CompilerThread0" daemon [_thread_blocked, id=3020, stack(0x000000ee34a00000,0x000000ee34b00000)]
  0x0000022aca164510 JavaThread "C1 CompilerThread0" daemon [_thread_blocked, id=14524, stack(0x000000ee34b00000,0x000000ee34c00000)]
  0x0000022aca119f70 JavaThread "Common-Cleaner" daemon [_thread_blocked, id=12600, stack(0x000000ee34c00000,0x000000ee34d00000)]
  0x0000022ace745d70 JavaThread "C2 CompilerThread1" daemon [_thread_blocked, id=14900, stack(0x000000ee34d00000,0x000000ee34e00000)]
  0x0000022ace75aca0 JavaThread "Monitor Ctrl-Break" daemon [_thread_in_native, id=9444, stack(0x000000ee34e00000,0x000000ee34f00000)]
  0x0000022ace7e54b0 JavaThread "Notification Thread" daemon [_thread_blocked, id=14324, stack(0x000000ee34f00000,0x000000ee35000000)]
  0x0000022acfa70de0 JavaThread "C2 CompilerThread2" daemon [_thread_blocked, id=11428, stack(0x000000ee35600000,0x000000ee35700000)]

Other Threads:
  0x0000022aca130540 VMThread "VM Thread" [stack: 0x000000ee34300000,0x000000ee34400000] [id=8964]
  0x0000022ace75b1f0 WatcherThread "VM Periodic Task Thread" [stack: 0x000000ee35000000,0x000000ee35100000] [id=6288]
  0x0000022aaac75d10 WorkerThread "GC Thread#0" [stack: 0x000000ee33e00000,0x000000ee33f00000] [id=7116]
  0x0000022acee49050 WorkerThread "GC Thread#1" [stack: 0x000000ee35100000,0x000000ee35200000] [id=13428]
=>0x0000022acef22180 WorkerThread "GC Thread#2" [stack: 0x000000ee35200000,0x000000ee35300000] [id=6352]
  0x0000022acf107720 WorkerThread "GC Thread#3" [stack: 0x000000ee35300000,0x000000ee35400000] [id=2876]
  0x0000022acf107180 WorkerThread "GC Thread#4" [stack: 0x000000ee35400000,0x000000ee35500000] [id=3656]
  0x0000022acf107cc0 WorkerThread "GC Thread#5" [stack: 0x000000ee35500000,0x000000ee35600000] [id=13720]
  0x0000022acf106640 WorkerThread "GC Thread#6" [stack: 0x000000ee35700000,0x000000ee35800000] [id=13212]
  0x0000022acf106910 WorkerThread "GC Thread#7" [stack: 0x000000ee35800000,0x000000ee35900000] [id=15168]
  0x0000022aaac86b10 ConcurrentGCThread "G1 Main Marker" [stack: 0x000000ee33f00000,0x000000ee34000000] [id=12396]
  0x0000022aaac88cf0 WorkerThread "G1 Conc#0" [stack: 0x000000ee34000000,0x000000ee34100000] [id=5052]
  0x0000022acf1079f0 WorkerThread "G1 Conc#1" [stack: 0x000000ee35900000,0x000000ee35a00000] [id=6728]
  0x0000022aaacce990 ConcurrentGCThread "G1 Refine#0" [stack: 0x000000ee34100000,0x000000ee34200000] [id=11112]
  0x0000022ac9ff2550 ConcurrentGCThread "G1 Service" [stack: 0x000000ee34200000,0x000000ee34300000] [id=13040]

Threads with active compile tasks:
C2 CompilerThread0     1938 3062       4       java.lang.invoke.MethodType::makeImpl (109 bytes)
C1 CompilerThread0     1938 3102       3       java.lang.invoke.ClassSpecializer$SpeciesData::transformHelper (56 bytes)
C2 CompilerThread1     1938 3083       4       java.lang.invoke.MethodType$ConcurrentWeakInternSet::get (47 bytes)
C2 CompilerThread2     1938 3043       4       jdk.internal.org.objectweb.asm.MethodWriter::visitVarInsn (302 bytes)

VM state: at safepoint (normal execution)

VM Mutex/Monitor currently owned by a thread:  ([mutex/lock_event])
[0x0000022aaac006b0] Threads_lock - owner thread: 0x0000022aca130540
[0x0000022aaac00c50] Heap_lock - owner thread: 0x0000022aaac86b10

Heap address: 0x0000000702a00000, size: 4054 MB, Compressed Oops mode: Zero based, Oop shift amount: 3

CDS archive(s) mapped at: [0x0000000800000000-0x0000000800c60000-0x0000000800c60000), size 12976128, SharedBaseAddress: 0x0000000800000000, ArchiveRelocationMode: 0.
Compressed class space mapped at: 0x0000000801000000-0x0000000841000000, reserved size: 1073741824
Narrow klass base: 0x0000000800000000, Narrow klass shift: 0, Narrow klass range: 0x100000000

GC Precious Log:
 CardTable entry size: 512
 Card Set container configuration: InlinePtr #cards 4 size 8 Array Of Cards #cards 16 size 48 Howl #buckets 8 coarsen threshold 3686 Howl Bitmap #cards 512 size 80 coarsen threshold 460 Card regions per heap region 1 cards per card region 4096
 CPUs: 8 total, 8 available
 Memory: 16212M
 Large Page Support: Disabled
 NUMA Support: Disabled
 Compressed Oops: Enabled (Zero based)
 Heap Region Size: 2M
 Heap Min Capacity: 8M
 Heap Initial Capacity: 254M
 Heap Max Capacity: 4054M
 Pre-touch: Disabled
 Parallel Workers: 8
 Concurrent Workers: 2
 Concurrent Refinement Workers: 8
 Periodic GC: Disabled

Heap:
 garbage-first heap   total 260096K, used 13293K [0x0000000702a00000, 0x0000000800000000)
  region size 2048K, 5 young (10240K), 4 survivors (8192K)
 Metaspace       used 21199K, committed 21568K, reserved 1114112K
  class space    used 2581K, committed 2752K, reserved 1048576K

Heap Regions: E=young(eden), S=young(survivor), O=old, HS=humongous(starts), HC=humongous(continues), CS=collection set, F=free, OA=open archive, CA=closed archive, TAMS=top-at-mark-start, PB=parsable bottom
|   0|0x0000000702a00000, 0x0000000702c00000, 0x0000000702c00000|100%| O|  |TAMS 0x0000000702c00000| PB 0x0000000702a00000| Untracked 
|   1|0x0000000702c00000, 0x0000000702e00000, 0x0000000702e00000|100%| O|  |TAMS 0x0000000702e00000| PB 0x0000000702c00000| Untracked 
|   2|0x0000000702e00000, 0x0000000703000000, 0x0000000703000000|100%| O|  |TAMS 0x0000000703000000| PB 0x0000000702e00000| Untracked 
|   3|0x0000000703000000, 0x00000007030b9000, 0x0000000703200000| 36%| O|  |TAMS 0x00000007030b9000| PB 0x0000000703000000| Untracked 
|   4|0x0000000703200000, 0x0000000703200000, 0x0000000703400000|  0%| F|  |TAMS 0x0000000703200000| PB 0x0000000703200000| Untracked 
|   5|0x0000000703400000, 0x0000000703400000, 0x0000000703600000|  0%| F|  |TAMS 0x0000000703400000| PB 0x0000000703400000| Untracked 
|   6|0x0000000703600000, 0x0000000703600000, 0x0000000703800000|  0%| F|  |TAMS 0x0000000703600000| PB 0x0000000703600000| Untracked 
|   7|0x0000000703800000, 0x0000000703800000, 0x0000000703a00000|  0%| F|  |TAMS 0x0000000703800000| PB 0x0000000703800000| Untracked 
|   8|0x0000000703a00000, 0x0000000703a00000, 0x0000000703c00000|  0%| F|  |TAMS 0x0000000703a00000| PB 0x0000000703a00000| Untracked 
|   9|0x0000000703c00000, 0x0000000703c00000, 0x0000000703e00000|  0%| F|  |TAMS 0x0000000703c00000| PB 0x0000000703c00000| Untracked 
|  10|0x0000000703e00000, 0x0000000703e00000, 0x0000000704000000|  0%| F|  |TAMS 0x0000000703e00000| PB 0x0000000703e00000| Untracked 
|  11|0x0000000704000000, 0x0000000704000000, 0x0000000704200000|  0%| F|  |TAMS 0x0000000704000000| PB 0x0000000704000000| Untracked 
|  12|0x0000000704200000, 0x0000000704200000, 0x0000000704400000|  0%| F|  |TAMS 0x0000000704200000| PB 0x0000000704200000| Untracked 
|  13|0x0000000704400000, 0x0000000704400000, 0x0000000704600000|  0%| F|  |TAMS 0x0000000704400000| PB 0x0000000704400000| Untracked 
|  14|0x0000000704600000, 0x0000000704600000, 0x0000000704800000|  0%| F|  |TAMS 0x0000000704600000| PB 0x0000000704600000| Untracked 
|  15|0x0000000704800000, 0x0000000704800000, 0x0000000704a00000|  0%| F|  |TAMS 0x0000000704800000| PB 0x0000000704800000| Untracked 
|  16|0x0000000704a00000, 0x0000000704a00000, 0x0000000704c00000|  0%| F|  |TAMS 0x0000000704a00000| PB 0x0000000704a00000| Untracked 
|  17|0x0000000704c00000, 0x0000000704c00000, 0x0000000704e00000|  0%| F|  |TAMS 0x0000000704c00000| PB 0x0000000704c00000| Untracked 
|  18|0x0000000704e00000, 0x0000000704e00000, 0x0000000705000000|  0%| F|  |TAMS 0x0000000704e00000| PB 0x0000000704e00000| Untracked 
|  19|0x0000000705000000, 0x0000000705000000, 0x0000000705200000|  0%| F|  |TAMS 0x0000000705000000| PB 0x0000000705000000| Untracked 
|  20|0x0000000705200000, 0x0000000705200000, 0x0000000705400000|  0%| F|  |TAMS 0x0000000705200000| PB 0x0000000705200000| Untracked 
|  21|0x0000000705400000, 0x0000000705400000, 0x0000000705600000|  0%| F|  |TAMS 0x0000000705400000| PB 0x0000000705400000| Untracked 
|  22|0x0000000705600000, 0x0000000705600000, 0x0000000705800000|  0%| F|  |TAMS 0x0000000705600000| PB 0x0000000705600000| Untracked 
|  23|0x0000000705800000, 0x0000000705800000, 0x0000000705a00000|  0%| F|  |TAMS 0x0000000705800000| PB 0x0000000705800000| Untracked 
|  24|0x0000000705a00000, 0x0000000705a00000, 0x0000000705c00000|  0%| F|  |TAMS 0x0000000705a00000| PB 0x0000000705a00000| Untracked 
|  25|0x0000000705c00000, 0x0000000705c00000, 0x0000000705e00000|  0%| F|  |TAMS 0x0000000705c00000| PB 0x0000000705c00000| Untracked 
|  26|0x0000000705e00000, 0x0000000705e00000, 0x0000000706000000|  0%| F|  |TAMS 0x0000000705e00000| PB 0x0000000705e00000| Untracked 
|  27|0x0000000706000000, 0x0000000706000000, 0x0000000706200000|  0%| F|  |TAMS 0x0000000706000000| PB 0x0000000706000000| Untracked 
|  28|0x0000000706200000, 0x0000000706200000, 0x0000000706400000|  0%| F|  |TAMS 0x0000000706200000| PB 0x0000000706200000| Untracked 
|  29|0x0000000706400000, 0x0000000706400000, 0x0000000706600000|  0%| F|  |TAMS 0x0000000706400000| PB 0x0000000706400000| Untracked 
|  30|0x0000000706600000, 0x0000000706600000, 0x0000000706800000|  0%| F|  |TAMS 0x0000000706600000| PB 0x0000000706600000| Untracked 
|  31|0x0000000706800000, 0x0000000706800000, 0x0000000706a00000|  0%| F|  |TAMS 0x0000000706800000| PB 0x0000000706800000| Untracked 
|  32|0x0000000706a00000, 0x0000000706a00000, 0x0000000706c00000|  0%| F|  |TAMS 0x0000000706a00000| PB 0x0000000706a00000| Untracked 
|  33|0x0000000706c00000, 0x0000000706c00000, 0x0000000706e00000|  0%| F|  |TAMS 0x0000000706c00000| PB 0x0000000706c00000| Untracked 
|  34|0x0000000706e00000, 0x0000000706e00000, 0x0000000707000000|  0%| F|  |TAMS 0x0000000706e00000| PB 0x0000000706e00000| Untracked 
|  35|0x0000000707000000, 0x0000000707000000, 0x0000000707200000|  0%| F|  |TAMS 0x0000000707000000| PB 0x0000000707000000| Untracked 
|  36|0x0000000707200000, 0x0000000707200000, 0x0000000707400000|  0%| F|  |TAMS 0x0000000707200000| PB 0x0000000707200000| Untracked 
|  37|0x0000000707400000, 0x0000000707400000, 0x0000000707600000|  0%| F|  |TAMS 0x0000000707400000| PB 0x0000000707400000| Untracked 
|  38|0x0000000707600000, 0x0000000707600000, 0x0000000707800000|  0%| F|  |TAMS 0x0000000707600000| PB 0x0000000707600000| Untracked 
|  39|0x0000000707800000, 0x0000000707800000, 0x0000000707a00000|  0%| F|  |TAMS 0x0000000707800000| PB 0x0000000707800000| Untracked 
|  40|0x0000000707a00000, 0x0000000707a00000, 0x0000000707c00000|  0%| F|  |TAMS 0x0000000707a00000| PB 0x0000000707a00000| Untracked 
|  41|0x0000000707c00000, 0x0000000707c00000, 0x0000000707e00000|  0%| F|  |TAMS 0x0000000707c00000| PB 0x0000000707c00000| Untracked 
|  42|0x0000000707e00000, 0x0000000707e00000, 0x0000000708000000|  0%| F|  |TAMS 0x0000000707e00000| PB 0x0000000707e00000| Untracked 
|  43|0x0000000708000000, 0x0000000708000000, 0x0000000708200000|  0%| F|  |TAMS 0x0000000708000000| PB 0x0000000708000000| Untracked 
|  44|0x0000000708200000, 0x0000000708200000, 0x0000000708400000|  0%| F|  |TAMS 0x0000000708200000| PB 0x0000000708200000| Untracked 
|  45|0x0000000708400000, 0x0000000708400000, 0x0000000708600000|  0%| F|  |TAMS 0x0000000708400000| PB 0x0000000708400000| Untracked 
|  46|0x0000000708600000, 0x0000000708600000, 0x0000000708800000|  0%| F|  |TAMS 0x0000000708600000| PB 0x0000000708600000| Untracked 
|  47|0x0000000708800000, 0x0000000708800000, 0x0000000708a00000|  0%| F|  |TAMS 0x0000000708800000| PB 0x0000000708800000| Untracked 
|  48|0x0000000708a00000, 0x0000000708a00000, 0x0000000708c00000|  0%| F|  |TAMS 0x0000000708a00000| PB 0x0000000708a00000| Untracked 
|  49|0x0000000708c00000, 0x0000000708c00000, 0x0000000708e00000|  0%| F|  |TAMS 0x0000000708c00000| PB 0x0000000708c00000| Untracked 
|  50|0x0000000708e00000, 0x0000000708e00000, 0x0000000709000000|  0%| F|  |TAMS 0x0000000708e00000| PB 0x0000000708e00000| Untracked 
|  51|0x0000000709000000, 0x0000000709000000, 0x0000000709200000|  0%| F|  |TAMS 0x0000000709000000| PB 0x0000000709000000| Untracked 
|  52|0x0000000709200000, 0x0000000709200000, 0x0000000709400000|  0%| F|  |TAMS 0x0000000709200000| PB 0x0000000709200000| Untracked 
|  53|0x0000000709400000, 0x0000000709400000, 0x0000000709600000|  0%| F|  |TAMS 0x0000000709400000| PB 0x0000000709400000| Untracked 
|  54|0x0000000709600000, 0x0000000709600000, 0x0000000709800000|  0%| F|  |TAMS 0x0000000709600000| PB 0x0000000709600000| Untracked 
|  55|0x0000000709800000, 0x0000000709800000, 0x0000000709a00000|  0%| F|  |TAMS 0x0000000709800000| PB 0x0000000709800000| Untracked 
|  56|0x0000000709a00000, 0x0000000709a00000, 0x0000000709c00000|  0%| F|  |TAMS 0x0000000709a00000| PB 0x0000000709a00000| Untracked 
|  57|0x0000000709c00000, 0x0000000709c00000, 0x0000000709e00000|  0%| F|  |TAMS 0x0000000709c00000| PB 0x0000000709c00000| Untracked 
|  58|0x0000000709e00000, 0x0000000709e00000, 0x000000070a000000|  0%| F|  |TAMS 0x0000000709e00000| PB 0x0000000709e00000| Untracked 
|  59|0x000000070a000000, 0x000000070a000000, 0x000000070a200000|  0%| F|  |TAMS 0x000000070a000000| PB 0x000000070a000000| Untracked 
|  60|0x000000070a200000, 0x000000070a200000, 0x000000070a400000|  0%| F|  |TAMS 0x000000070a200000| PB 0x000000070a200000| Untracked 
|  61|0x000000070a400000, 0x000000070a400000, 0x000000070a600000|  0%| F|  |TAMS 0x000000070a400000| PB 0x000000070a400000| Untracked 
|  62|0x000000070a600000, 0x000000070a600000, 0x000000070a800000|  0%| F|  |TAMS 0x000000070a600000| PB 0x000000070a600000| Untracked 
|  63|0x000000070a800000, 0x000000070a800000, 0x000000070aa00000|  0%| F|  |TAMS 0x000000070a800000| PB 0x000000070a800000| Untracked 
|  64|0x000000070aa00000, 0x000000070aa00000, 0x000000070ac00000|  0%| F|  |TAMS 0x000000070aa00000| PB 0x000000070aa00000| Untracked 
|  65|0x000000070ac00000, 0x000000070ac00000, 0x000000070ae00000|  0%| F|  |TAMS 0x000000070ac00000| PB 0x000000070ac00000| Untracked 
|  66|0x000000070ae00000, 0x000000070ae00000, 0x000000070b000000|  0%| F|  |TAMS 0x000000070ae00000| PB 0x000000070ae00000| Untracked 
|  67|0x000000070b000000, 0x000000070b000000, 0x000000070b200000|  0%| F|  |TAMS 0x000000070b000000| PB 0x000000070b000000| Untracked 
|  68|0x000000070b200000, 0x000000070b200000, 0x000000070b400000|  0%| F|  |TAMS 0x000000070b200000| PB 0x000000070b200000| Untracked 
|  69|0x000000070b400000, 0x000000070b400000, 0x000000070b600000|  0%| F|  |TAMS 0x000000070b400000| PB 0x000000070b400000| Untracked 
|  70|0x000000070b600000, 0x000000070b600000, 0x000000070b800000|  0%| F|  |TAMS 0x000000070b600000| PB 0x000000070b600000| Untracked 
|  71|0x000000070b800000, 0x000000070b800000, 0x000000070ba00000|  0%| F|  |TAMS 0x000000070b800000| PB 0x000000070b800000| Untracked 
|  72|0x000000070ba00000, 0x000000070ba00000, 0x000000070bc00000|  0%| F|  |TAMS 0x000000070ba00000| PB 0x000000070ba00000| Untracked 
|  73|0x000000070bc00000, 0x000000070bc00000, 0x000000070be00000|  0%| F|  |TAMS 0x000000070bc00000| PB 0x000000070bc00000| Untracked 
|  74|0x000000070be00000, 0x000000070be00000, 0x000000070c000000|  0%| F|  |TAMS 0x000000070be00000| PB 0x000000070be00000| Untracked 
|  75|0x000000070c000000, 0x000000070c000000, 0x000000070c200000|  0%| F|  |TAMS 0x000000070c000000| PB 0x000000070c000000| Untracked 
|  76|0x000000070c200000, 0x000000070c200000, 0x000000070c400000|  0%| F|  |TAMS 0x000000070c200000| PB 0x000000070c200000| Untracked 
|  77|0x000000070c400000, 0x000000070c400000, 0x000000070c600000|  0%| F|  |TAMS 0x000000070c400000| PB 0x000000070c400000| Untracked 
|  78|0x000000070c600000, 0x000000070c600000, 0x000000070c800000|  0%| F|  |TAMS 0x000000070c600000| PB 0x000000070c600000| Untracked 
|  79|0x000000070c800000, 0x000000070c800000, 0x000000070ca00000|  0%| F|  |TAMS 0x000000070c800000| PB 0x000000070c800000| Untracked 
|  80|0x000000070ca00000, 0x000000070ca00000, 0x000000070cc00000|  0%| F|  |TAMS 0x000000070ca00000| PB 0x000000070ca00000| Untracked 
|  81|0x000000070cc00000, 0x000000070cc00000, 0x000000070ce00000|  0%| F|  |TAMS 0x000000070cc00000| PB 0x000000070cc00000| Untracked 
|  82|0x000000070ce00000, 0x000000070ce00000, 0x000000070d000000|  0%| F|  |TAMS 0x000000070ce00000| PB 0x000000070ce00000| Untracked 
|  83|0x000000070d000000, 0x000000070d000000, 0x000000070d200000|  0%| F|  |TAMS 0x000000070d000000| PB 0x000000070d000000| Untracked 
|  84|0x000000070d200000, 0x000000070d200000, 0x000000070d400000|  0%| F|  |TAMS 0x000000070d200000| PB 0x000000070d200000| Untracked 
|  85|0x000000070d400000, 0x000000070d400000, 0x000000070d600000|  0%| F|  |TAMS 0x000000070d400000| PB 0x000000070d400000| Untracked 
|  86|0x000000070d600000, 0x000000070d600000, 0x000000070d800000|  0%| F|  |TAMS 0x000000070d600000| PB 0x000000070d600000| Untracked 
|  87|0x000000070d800000, 0x000000070d800000, 0x000000070da00000|  0%| F|  |TAMS 0x000000070d800000| PB 0x000000070d800000| Untracked 
|  88|0x000000070da00000, 0x000000070da00000, 0x000000070dc00000|  0%| F|  |TAMS 0x000000070da00000| PB 0x000000070da00000| Untracked 
|  89|0x000000070dc00000, 0x000000070dc00000, 0x000000070de00000|  0%| F|  |TAMS 0x000000070dc00000| PB 0x000000070dc00000| Untracked 
|  90|0x000000070de00000, 0x000000070de00000, 0x000000070e000000|  0%| F|  |TAMS 0x000000070de00000| PB 0x000000070de00000| Untracked 
|  91|0x000000070e000000, 0x000000070e000000, 0x000000070e200000|  0%| F|  |TAMS 0x000000070e000000| PB 0x000000070e000000| Untracked 
|  92|0x000000070e200000, 0x000000070e200000, 0x000000070e400000|  0%| F|  |TAMS 0x000000070e200000| PB 0x000000070e200000| Untracked 
|  93|0x000000070e400000, 0x000000070e400000, 0x000000070e600000|  0%| F|  |TAMS 0x000000070e400000| PB 0x000000070e400000| Untracked 
|  94|0x000000070e600000, 0x000000070e600000, 0x000000070e800000|  0%| F|  |TAMS 0x000000070e600000| PB 0x000000070e600000| Untracked 
|  95|0x000000070e800000, 0x000000070e800000, 0x000000070ea00000|  0%| F|  |TAMS 0x000000070e800000| PB 0x000000070e800000| Untracked 
|  96|0x000000070ea00000, 0x000000070ea00000, 0x000000070ec00000|  0%| F|  |TAMS 0x000000070ea00000| PB 0x000000070ea00000| Untracked 
|  97|0x000000070ec00000, 0x000000070ec42640, 0x000000070ee00000| 12%| S|CS|TAMS 0x000000070ec00000| PB 0x000000070ec00000| Complete 
|  98|0x000000070ee00000, 0x000000070f000000, 0x000000070f000000|100%| S|CS|TAMS 0x000000070ee00000| PB 0x000000070ee00000| Complete 
|  99|0x000000070f000000, 0x000000070f200000, 0x000000070f200000|100%| S|CS|TAMS 0x000000070f000000| PB 0x000000070f000000| Complete 
| 100|0x000000070f200000, 0x000000070f400000, 0x000000070f400000|100%| S|CS|TAMS 0x000000070f200000| PB 0x000000070f200000| Complete 
| 101|0x000000070f400000, 0x000000070f400000, 0x000000070f600000|  0%| F|  |TAMS 0x000000070f400000| PB 0x000000070f400000| Untracked 
| 102|0x000000070f600000, 0x000000070f600000, 0x000000070f800000|  0%| F|  |TAMS 0x000000070f600000| PB 0x000000070f600000| Untracked 
| 103|0x000000070f800000, 0x000000070f800000, 0x000000070fa00000|  0%| F|  |TAMS 0x000000070f800000| PB 0x000000070f800000| Untracked 
| 104|0x000000070fa00000, 0x000000070fa00000, 0x000000070fc00000|  0%| F|  |TAMS 0x000000070fa00000| PB 0x000000070fa00000| Untracked 
| 105|0x000000070fc00000, 0x000000070fc00000, 0x000000070fe00000|  0%| F|  |TAMS 0x000000070fc00000| PB 0x000000070fc00000| Untracked 
| 106|0x000000070fe00000, 0x000000070fe00000, 0x0000000710000000|  0%| F|  |TAMS 0x000000070fe00000| PB 0x000000070fe00000| Untracked 
| 107|0x0000000710000000, 0x0000000710000000, 0x0000000710200000|  0%| F|  |TAMS 0x0000000710000000| PB 0x0000000710000000| Untracked 
| 108|0x0000000710200000, 0x0000000710200000, 0x0000000710400000|  0%| F|  |TAMS 0x0000000710200000| PB 0x0000000710200000| Untracked 
| 109|0x0000000710400000, 0x0000000710400000, 0x0000000710600000|  0%| F|  |TAMS 0x0000000710400000| PB 0x0000000710400000| Untracked 
| 110|0x0000000710600000, 0x0000000710600000, 0x0000000710800000|  0%| F|  |TAMS 0x0000000710600000| PB 0x0000000710600000| Untracked 
| 111|0x0000000710800000, 0x0000000710800000, 0x0000000710a00000|  0%| F|  |TAMS 0x0000000710800000| PB 0x0000000710800000| Untracked 
| 112|0x0000000710a00000, 0x0000000710a00000, 0x0000000710c00000|  0%| F|  |TAMS 0x0000000710a00000| PB 0x0000000710a00000| Untracked 
| 113|0x0000000710c00000, 0x0000000710c00000, 0x0000000710e00000|  0%| F|  |TAMS 0x0000000710c00000| PB 0x0000000710c00000| Untracked 
| 114|0x0000000710e00000, 0x0000000710e00000, 0x0000000711000000|  0%| F|  |TAMS 0x0000000710e00000| PB 0x0000000710e00000| Untracked 
| 115|0x0000000711000000, 0x0000000711000000, 0x0000000711200000|  0%| F|  |TAMS 0x0000000711000000| PB 0x0000000711000000| Untracked 
| 116|0x0000000711200000, 0x0000000711200000, 0x0000000711400000|  0%| F|  |TAMS 0x0000000711200000| PB 0x0000000711200000| Untracked 
| 117|0x0000000711400000, 0x0000000711400000, 0x0000000711600000|  0%| F|  |TAMS 0x0000000711400000| PB 0x0000000711400000| Untracked 
| 118|0x0000000711600000, 0x0000000711600000, 0x0000000711800000|  0%| F|  |TAMS 0x0000000711600000| PB 0x0000000711600000| Untracked 
| 119|0x0000000711800000, 0x0000000711800000, 0x0000000711a00000|  0%| F|  |TAMS 0x0000000711800000| PB 0x0000000711800000| Untracked 
| 120|0x0000000711a00000, 0x0000000711a00000, 0x0000000711c00000|  0%| F|  |TAMS 0x0000000711a00000| PB 0x0000000711a00000| Untracked 
| 121|0x0000000711c00000, 0x0000000711c00000, 0x0000000711e00000|  0%| F|  |TAMS 0x0000000711c00000| PB 0x0000000711c00000| Untracked 
| 122|0x0000000711e00000, 0x0000000711e00000, 0x0000000712000000|  0%| F|  |TAMS 0x0000000711e00000| PB 0x0000000711e00000| Untracked 
| 123|0x0000000712000000, 0x0000000712000000, 0x0000000712200000|  0%| F|  |TAMS 0x0000000712000000| PB 0x0000000712000000| Untracked 
| 124|0x0000000712200000, 0x0000000712200000, 0x0000000712400000|  0%| F|  |TAMS 0x0000000712200000| PB 0x0000000712200000| Untracked 
| 125|0x0000000712400000, 0x0000000712400000, 0x0000000712600000|  0%| F|  |TAMS 0x0000000712400000| PB 0x0000000712400000| Untracked 
| 126|0x0000000712600000, 0x0000000712800000, 0x0000000712800000|100%| E|  |TAMS 0x0000000712600000| PB 0x0000000712600000| Complete 

Card table byte_map: [0x0000022ac27e0000,0x0000022ac2fd0000] _byte_map_base: 0x0000022abefcb000

Marking Bits: (CMBitMap*) 0x0000022aaac76340
 Bits: [0x0000022ac37c0000, 0x0000022ac7718000)

Polling page: 0x0000022aaa3d0000

Metaspace:

Usage:
  Non-class:     18.18 MB used.
      Class:      2.52 MB used.
       Both:     20.70 MB used.

Virtual space:
  Non-class space:       64.00 MB reserved,      18.38 MB ( 29%) committed,  1 nodes.
      Class space:        1.00 GB reserved,       2.69 MB ( <1%) committed,  1 nodes.
             Both:        1.06 GB reserved,      21.06 MB (  2%) committed. 

Chunk freelists:
   Non-Class:  1.21 MB
       Class:  1.29 MB
        Both:  2.50 MB

MaxMetaspaceSize: unlimited
CompressedClassSpaceSize: 1.00 GB
Initial GC threshold: 21.00 MB
Current GC threshold: 21.31 MB
CDS: on
MetaspaceReclaimPolicy: balanced
 - commit_granule_bytes: 65536.
 - commit_granule_words: 8192.
 - virtual_space_node_default_size: 8388608.
 - enlarge_chunks_in_place: 1.
 - new_chunks_are_fully_committed: 0.
 - uncommit_free_chunks: 1.
 - use_allocation_guard: 0.


Internal statistics:

num_allocs_failed_limit: 3.
num_arena_births: 386.
num_arena_deaths: 0.
num_vsnodes_births: 2.
num_vsnodes_deaths: 0.
num_space_committed: 337.
num_space_uncommitted: 0.
num_chunks_returned_to_freelist: 3.
num_chunks_taken_from_freelist: 1120.
num_chunk_merges: 3.
num_chunk_splits: 777.
num_chunks_enlarged: 570.
num_inconsistent_stats: 0.

CodeHeap 'non-profiled nmethods': size=120000Kb used=1344Kb max_used=1344Kb free=118655Kb
 bounds [0x0000022aba790000, 0x0000022abaa00000, 0x0000022ac1cc0000]
CodeHeap 'profiled nmethods': size=120000Kb used=6285Kb max_used=6285Kb free=113714Kb
 bounds [0x0000022ab2cc0000, 0x0000022ab32f0000, 0x0000022aba1f0000]
CodeHeap 'non-nmethods': size=5760Kb used=1474Kb max_used=1554Kb free=4285Kb
 bounds [0x0000022aba1f0000, 0x0000022aba460000, 0x0000022aba790000]
 total_blobs=3605 nmethods=3098 adapters=416
 compilation: enabled
              stopped_count=0, restarted_count=0
 full_count=0

Compilation events (20 events):
Event: 1.888 Thread 0x0000022aca164510 3090   !   3       java.lang.ref.ReferenceQueue::remove (61 bytes)
Event: 1.889 Thread 0x0000022ace745d70 nmethod 3050 0x0000022aba8dd810 code [0x0000022aba8dda00, 0x0000022aba8debd0]
Event: 1.889 Thread 0x0000022aca164510 nmethod 3090 0x0000022ab32dfd10 code [0x0000022ab32dff60, 0x0000022ab32e0b18]
Event: 1.889 Thread 0x0000022aca164510 3091       3       java.lang.ref.ReferenceQueue::remove0 (64 bytes)
Event: 1.890 Thread 0x0000022aca164510 nmethod 3091 0x0000022ab32e0f10 code [0x0000022ab32e1100, 0x0000022ab32e1588]
Event: 1.891 Thread 0x0000022aca164510 3092       3       java.lang.invoke.MethodHandleNatives$CallSiteContext::run (5 bytes)
Event: 1.891 Thread 0x0000022aca164510 nmethod 3092 0x0000022ab32e1710 code [0x0000022ab32e18a0, 0x0000022ab32e19d0]
Event: 1.891 Thread 0x0000022ace745d70 3083       4       java.lang.invoke.MethodType$ConcurrentWeakInternSet::get (47 bytes)
Event: 1.891 Thread 0x0000022acfa70de0 3065       4       java.lang.invoke.MethodTypeForm::canonicalize (74 bytes)
Event: 1.892 Thread 0x0000022acfa70de0 nmethod 3065 0x0000022aba8e0090 code [0x0000022aba8e0200, 0x0000022aba8e02c8]
Event: 1.892 Thread 0x0000022acfa70de0 3043       4       jdk.internal.org.objectweb.asm.MethodWriter::visitVarInsn (302 bytes)
Event: 1.893 Thread 0x0000022aca164510 3098  s    3       java.lang.invoke.MethodTypeForm::setCachedLambdaForm (44 bytes)
Event: 1.893 Thread 0x0000022aca164510 nmethod 3098 0x0000022ab32e1a90 code [0x0000022ab32e1c80, 0x0000022ab32e2600]
Event: 1.894 Thread 0x0000022aca164510 3099       3       java.util.Arrays::copyOfRange (11 bytes)
Event: 1.894 Thread 0x0000022aca164510 nmethod 3099 0x0000022ab32e2890 code [0x0000022ab32e2a20, 0x0000022ab32e2b60]
Event: 1.895 Thread 0x0000022aca164510 3100       3       jdk.internal.org.objectweb.asm.ByteVector::putShort (52 bytes)
Event: 1.895 Thread 0x0000022aca164510 nmethod 3100 0x0000022ab32e2c10 code [0x0000022ab32e2da0, 0x0000022ab32e2fb0]
Event: 1.895 Thread 0x0000022aca164510 3101       3       java.lang.invoke.MethodHandle::asFixedArity (23 bytes)
Event: 1.895 Thread 0x0000022aca164510 nmethod 3101 0x0000022ab32e3110 code [0x0000022ab32e32a0, 0x0000022ab32e33c0]
Event: 1.896 Thread 0x0000022aca164510 3102       3       java.lang.invoke.ClassSpecializer$SpeciesData::transformHelper (56 bytes)

GC Heap History (6 events):
Event: 0.596 GC heap before
{Heap before GC invocations=0 (full 0):
 garbage-first heap   total 260096K, used 20480K [0x0000000702a00000, 0x0000000800000000)
  region size 2048K, 11 young (22528K), 0 survivors (0K)
 Metaspace       used 6041K, committed 6272K, reserved 1114112K
  class space    used 694K, committed 832K, reserved 1048576K
}
Event: 0.601 GC heap after
{Heap after GC invocations=1 (full 0):
 garbage-first heap   total 260096K, used 7014K [0x0000000702a00000, 0x0000000800000000)
  region size 2048K, 2 young (4096K), 2 survivors (4096K)
 Metaspace       used 6041K, committed 6272K, reserved 1114112K
  class space    used 694K, committed 832K, reserved 1048576K
}
Event: 0.996 GC heap before
{Heap before GC invocations=1 (full 0):
 garbage-first heap   total 260096K, used 33638K [0x0000000702a00000, 0x0000000800000000)
  region size 2048K, 15 young (30720K), 2 survivors (4096K)
 Metaspace       used 13018K, committed 13312K, reserved 1114112K
  class space    used 1543K, committed 1664K, reserved 1048576K
}
Event: 1.000 GC heap after
{Heap after GC invocations=2 (full 0):
 garbage-first heap   total 260096K, used 9437K [0x0000000702a00000, 0x0000000800000000)
  region size 2048K, 2 young (4096K), 2 survivors (4096K)
 Metaspace       used 13018K, committed 13312K, reserved 1114112K
  class space    used 1543K, committed 1664K, reserved 1048576K
}
Event: 1.882 GC heap before
{Heap before GC invocations=2 (full 0):
 garbage-first heap   total 260096K, used 56541K [0x0000000702a00000, 0x0000000800000000)
  region size 2048K, 26 young (53248K), 2 survivors (4096K)
 Metaspace       used 21162K, committed 21504K, reserved 1114112K
  class space    used 2573K, committed 2688K, reserved 1048576K
}
Event: 1.887 GC heap after
{Heap after GC invocations=3 (full 0):
 garbage-first heap   total 260096K, used 13293K [0x0000000702a00000, 0x0000000800000000)
  region size 2048K, 4 young (8192K), 4 survivors (8192K)
 Metaspace       used 21162K, committed 21504K, reserved 1114112K
  class space    used 2573K, committed 2688K, reserved 1048576K
}

Dll operation events (10 events):
Event: 0.008 Loaded shared library C:\Program Files\Java\jdk-20\bin\java.dll
Event: 0.021 Loaded shared library C:\Program Files\Java\jdk-20\bin\jsvml.dll
Event: 0.105 Loaded shared library C:\Program Files\Java\jdk-20\bin\zip.dll
Event: 0.107 Loaded shared library C:\Program Files\Java\jdk-20\bin\instrument.dll
Event: 0.111 Loaded shared library C:\Program Files\Java\jdk-20\bin\net.dll
Event: 0.113 Loaded shared library C:\Program Files\Java\jdk-20\bin\nio.dll
Event: 0.116 Loaded shared library C:\Program Files\Java\jdk-20\bin\zip.dll
Event: 0.190 Loaded shared library C:\Program Files\JetBrains\IntelliJ IDEA Community Edition 2023.2\bin\breakgen64.dll
Event: 0.197 Loaded shared library C:\Program Files\Java\jdk-20\bin\extnet.dll
Event: 0.226 Loaded shared library C:\Program Files\Java\jdk-20\bin\jimage.dll

Deoptimization events (20 events):
Event: 1.804 Thread 0x0000022aaac06e40 Uncommon trap: trap_request=0xffffffbe fr.pc=0x0000022aba8bc018 relative=0x0000000000001058
Event: 1.804 Thread 0x0000022aaac06e40 Uncommon trap: reason=profile_predicate action=maybe_recompile pc=0x0000022aba8bc018 method=org.springframework.core.annotation.MergedAnnotationsCollection.find(Ljava/lang/Object;Ljava/util/function/Predicate;Lorg/springframework/core/annotation/MergedAnn
Event: 1.804 Thread 0x0000022aaac06e40 DEOPT PACKING pc=0x0000022aba8bc018 sp=0x000000ee33dfe5a0
Event: 1.804 Thread 0x0000022aaac06e40 DEOPT UNPACKING pc=0x0000022aba259d22 sp=0x000000ee33dfe590 mode 2
Event: 1.827 Thread 0x0000022aaac06e40 Uncommon trap: trap_request=0xffffff45 fr.pc=0x0000022aba8aa3cc relative=0x0000000000002c0c
Event: 1.827 Thread 0x0000022aaac06e40 Uncommon trap: reason=unstable_if action=reinterpret pc=0x0000022aba8aa3cc method=org.springframework.beans.factory.support.AbstractBeanFactory.isTypeMatch(Ljava/lang/String;Lorg/springframework/core/ResolvableType;Z)Z @ 104 c2
Event: 1.827 Thread 0x0000022aaac06e40 DEOPT PACKING pc=0x0000022aba8aa3cc sp=0x000000ee33dfeaf0
Event: 1.827 Thread 0x0000022aaac06e40 DEOPT UNPACKING pc=0x0000022aba259d22 sp=0x000000ee33dfeab8 mode 2
Event: 1.852 Thread 0x0000022aaac06e40 Uncommon trap: trap_request=0xffffff45 fr.pc=0x0000022aba820090 relative=0x0000000000001a70
Event: 1.852 Thread 0x0000022aaac06e40 Uncommon trap: reason=unstable_if action=reinterpret pc=0x0000022aba820090 method=jdk.internal.org.objectweb.asm.Frame.execute(IILjdk/internal/org/objectweb/asm/Symbol;Ljdk/internal/org/objectweb/asm/SymbolTable;)V @ 1 c2
Event: 1.852 Thread 0x0000022aaac06e40 DEOPT PACKING pc=0x0000022aba820090 sp=0x000000ee33dfcde0
Event: 1.852 Thread 0x0000022aaac06e40 DEOPT UNPACKING pc=0x0000022aba259d22 sp=0x000000ee33dfcd70 mode 2
Event: 1.856 Thread 0x0000022aaac06e40 Uncommon trap: trap_request=0xffffff45 fr.pc=0x0000022aba82cd64 relative=0x0000000000000264
Event: 1.856 Thread 0x0000022aaac06e40 Uncommon trap: reason=unstable_if action=reinterpret pc=0x0000022aba82cd64 method=jdk.internal.org.objectweb.asm.Frame.push(I)V @ 26 c2
Event: 1.856 Thread 0x0000022aaac06e40 DEOPT PACKING pc=0x0000022aba82cd64 sp=0x000000ee33dfcbe0
Event: 1.856 Thread 0x0000022aaac06e40 DEOPT UNPACKING pc=0x0000022aba259d22 sp=0x000000ee33dfcb98 mode 2
Event: 1.894 Thread 0x0000022aaac06e40 Uncommon trap: trap_request=0xffffff45 fr.pc=0x0000022aba7e98fc relative=0x00000000000000fc
Event: 1.894 Thread 0x0000022aaac06e40 Uncommon trap: reason=unstable_if action=reinterpret pc=0x0000022aba7e98fc method=jdk.internal.org.objectweb.asm.ByteVector.putShort(I)Ljdk/internal/org/objectweb/asm/ByteVector; @ 13 c2
Event: 1.894 Thread 0x0000022aaac06e40 DEOPT PACKING pc=0x0000022aba7e98fc sp=0x000000ee33dfc140
Event: 1.894 Thread 0x0000022aaac06e40 DEOPT UNPACKING pc=0x0000022aba259d22 sp=0x000000ee33dfc0c8 mode 2

Classes loaded (20 events):
Event: 1.850 Loading class java/lang/invoke/MethodHandleImpl$Makers
Event: 1.850 Loading class java/lang/invoke/MethodHandleImpl$Makers done
Event: 1.850 Loading class java/lang/invoke/MethodHandleImpl$Makers$1
Event: 1.850 Loading class java/lang/invoke/MethodHandleImpl$Makers$1 done
Event: 1.850 Loading class java/lang/invoke/MethodHandleImpl$Makers$2
Event: 1.850 Loading class java/lang/invoke/MethodHandleImpl$Makers$2 done
Event: 1.850 Loading class java/lang/invoke/MethodHandleImpl$Makers$3
Event: 1.850 Loading class java/lang/invoke/MethodHandleImpl$Makers$3 done
Event: 1.859 Loading class java/lang/runtime/ObjectMethods$1
Event: 1.859 Loading class java/lang/runtime/ObjectMethods$1 done
Event: 1.863 Loading class java/lang/invoke/DirectMethodHandle$1
Event: 1.863 Loading class java/lang/invoke/DirectMethodHandle$1 done
Event: 1.866 Loading class java/util/concurrent/FutureTask
Event: 1.866 Loading class java/util/concurrent/RunnableFuture
Event: 1.866 Loading class java/util/concurrent/RunnableFuture done
Event: 1.866 Loading class java/util/concurrent/FutureTask done
Event: 1.866 Loading class java/util/concurrent/FutureTask$WaitNode
Event: 1.866 Loading class java/util/concurrent/FutureTask$WaitNode done
Event: 1.893 Loading class java/lang/invoke/MethodHandleImpl$CountingWrapper
Event: 1.893 Loading class java/lang/invoke/MethodHandleImpl$CountingWrapper done

Classes unloaded (0 events):
No events

Classes redefined (0 events):
No events

Internal exceptions (20 events):
Event: 1.100 Thread 0x0000022acf1ea5f0 Exception <a 'java/lang/NoSuchMethodError'{0x0000000711fc4140}: 'java.lang.Object java.lang.invoke.DirectMethodHandle$Holder.invokeVirtual(java.lang.Object, java.lang.Object, java.lang.Object, java.lang.Object)'> (0x0000000711fc4140) 
thrown [s\open\src\hotspot\share\interpreter\linkResolver.cpp, line 773]
Event: 1.199 Thread 0x0000022aaac06e40 Exception <a 'java/lang/IncompatibleClassChangeError'{0x0000000711937278}: Found class java.lang.Object, but interface was expected> (0x0000000711937278) 
thrown [s\open\src\hotspot\share\interpreter\linkResolver.cpp, line 840]
Event: 1.849 Thread 0x0000022aaac06e40 Exception <a 'java/lang/NoSuchMethodError'{0x000000070f793578}: 'java.lang.Object java.lang.invoke.DirectMethodHandle$Holder.invokeStaticInit(java.lang.Object, java.lang.Object, java.lang.Object, java.lang.Object, java.lang.Object, java.lang.Object, java.lang.Object)'> (0x000000070f793578) 
thrown [s\open\src\hotspot\share\interpreter\linkResolver.cpp, line 773]
Event: 1.851 Thread 0x0000022aaac06e40 Exception <a 'java/lang/NoSuchMethodError'{0x000000070f79d198}: 'java.lang.Object java.lang.invoke.DirectMethodHandle$Holder.invokeStatic(java.lang.Object, java.lang.Object, int)'> (0x000000070f79d198) 
thrown [s\open\src\hotspot\share\interpreter\linkResolver.cpp, line 773]
Event: 1.852 Thread 0x0000022aaac06e40 Exception <a 'java/lang/NoSuchMethodError'{0x000000070f7ae468}: 'void java.lang.invoke.DelegatingMethodHandle$Holder.delegate(java.lang.Object, java.lang.Object, int, java.lang.Object)'> (0x000000070f7ae468) 
thrown [s\open\src\hotspot\share\interpreter\linkResolver.cpp, line 773]
Event: 1.856 Thread 0x0000022aaac06e40 Exception <a 'java/lang/NoSuchMethodError'{0x000000070f7de508}: 'java.lang.Object java.lang.invoke.Invokers$Holder.invoker(java.lang.Object, java.lang.Object, java.lang.Object, java.lang.Object, java.lang.Object, java.lang.Object, java.lang.Object, java.lang.Object, java.lang.Object, java.lang.Object, java.lang.Object, java.lang.Object, java.lang.Object, java.lang.Object)'> (0x000000070f7de508) 
thrown [s\open\src\hotspot\share\interpreter\linkResolver.cpp, line 773]
Event: 1.857 Thread 0x0000022aaac06e40 Exception <a 'java/lang/NoSuchMethodError'{0x000000070f7e8908}: 'java.lang.Object java.lang.invoke.DelegatingMethodHandle$Holder.delegate(java.lang.Object, java.lang.Object, java.lang.Object, java.lang.Object, java.lang.Object, java.lang.Object, java.lang.Object, java.lang.Object, java.lang.Object, java.lang.Object, java.lang.Object, java.lang.Object, java.lang.Object, java.lang.Object)'> (0x000000070f7e8908) 
thrown [s\open\src\hotspot\share\interpreter\linkResolver.cpp, line 773]
Event: 1.859 Thread 0x0000022aaac06e40 Exception <a 'java/lang/NoSuchMethodError'{0x000000070f7f9a40}: 'int java.lang.invoke.DirectMethodHandle$Holder.invokeVirtual(java.lang.Object, java.lang.Object, java.lang.Object)'> (0x000000070f7f9a40) 
thrown [s\open\src\hotspot\share\interpreter\linkResolver.cpp, line 773]
Event: 1.860 Thread 0x0000022aaac06e40 Exception <a 'java/lang/NoSuchMethodError'{0x000000070f7fd090}: 'int java.lang.invoke.DirectMethodHandle$Holder.invokeVirtual(java.lang.Object, java.lang.Object)'> (0x000000070f7fd090) 
thrown [s\open\src\hotspot\share\interpreter\linkResolver.cpp, line 773]
Event: 1.860 Thread 0x0000022aaac06e40 Exception <a 'java/lang/NoSuchMethodError'{0x000000070f401608}: 'int java.lang.invoke.DirectMethodHandle$Holder.invokeStaticInit(java.lang.Object, int, int)'> (0x000000070f401608) 
thrown [s\open\src\hotspot\share\interpreter\linkResolver.cpp, line 773]
Event: 1.861 Thread 0x0000022aaac06e40 Exception <a 'java/lang/NoSuchMethodError'{0x000000070f408940}: 'int java.lang.invoke.DirectMethodHandle$Holder.invokeStaticInit(java.lang.Object, long, long)'> (0x000000070f408940) 
thrown [s\open\src\hotspot\share\interpreter\linkResolver.cpp, line 773]
Event: 1.861 Thread 0x0000022aaac06e40 Exception <a 'java/lang/NoSuchMethodError'{0x000000070f40f258}: 'int java.lang.invoke.DirectMethodHandle$Holder.invokeStaticInit(java.lang.Object, float, float)'> (0x000000070f40f258) 
thrown [s\open\src\hotspot\share\interpreter\linkResolver.cpp, line 773]
Event: 1.862 Thread 0x0000022aaac06e40 Exception <a 'java/lang/NoSuchMethodError'{0x000000070f415b68}: 'int java.lang.invoke.DirectMethodHandle$Holder.invokeStaticInit(java.lang.Object, double, double)'> (0x000000070f415b68) 
thrown [s\open\src\hotspot\share\interpreter\linkResolver.cpp, line 773]
Event: 1.862 Thread 0x0000022aaac06e40 Exception <a 'java/lang/NoSuchMethodError'{0x000000070f419ed0}: 'int java.lang.invoke.DirectMethodHandle$Holder.invokeStatic(java.lang.Object, long)'> (0x000000070f419ed0) 
thrown [s\open\src\hotspot\share\interpreter\linkResolver.cpp, line 773]
Event: 1.865 Thread 0x0000022aaac06e40 Exception <a 'java/lang/NoSuchMethodError'{0x000000070f43c140}: 'int java.lang.invoke.DirectMethodHandle$Holder.invokeSpecial(java.lang.Object, java.lang.Object, int)'> (0x000000070f43c140) 
thrown [s\open\src\hotspot\share\interpreter\linkResolver.cpp, line 773]
Event: 1.865 Thread 0x0000022aaac06e40 Exception <a 'java/lang/NoSuchMethodError'{0x000000070f443590}: 'int java.lang.invoke.Invokers$Holder.linkToTargetMethod(java.lang.Object, java.lang.Object)'> (0x000000070f443590) 
thrown [s\open\src\hotspot\share\interpreter\linkResolver.cpp, line 773]
Event: 1.878 Thread 0x0000022aaac06e40 Exception <a 'java/lang/NoSuchMethodError'{0x000000070f4c49e0}: 'java.lang.Object java.lang.invoke.Invokers$Holder.invoke_MT(java.lang.Object, java.lang.Object, java.lang.Object, java.lang.Object, java.lang.Object, java.lang.Object, java.lang.Object, java.lang.Object, java.lang.Object, java.lang.Object)'> (0x000000070f4c49e0) 
thrown [s\open\src\hotspot\share\interpreter\linkResolver.cpp, line 773]
Event: 1.892 Thread 0x0000022aaac06e40 Exception <a 'java/lang/NoSuchMethodError'{0x0000000712614320}: 'java.lang.Object java.lang.invoke.DirectMethodHandle$Holder.invokeSpecial(java.lang.Object, java.lang.Object, int, java.lang.Object, java.lang.Object)'> (0x0000000712614320) 
thrown [s\open\src\hotspot\share\interpreter\linkResolver.cpp, line 773]
Event: 1.892 Thread 0x0000022aaac06e40 Exception <a 'java/lang/NoSuchMethodError'{0x0000000712617d50}: 'java.lang.Object java.lang.invoke.DelegatingMethodHandle$Holder.delegate(java.lang.Object, int, java.lang.Object, java.lang.Object)'> (0x0000000712617d50) 
thrown [s\open\src\hotspot\share\interpreter\linkResolver.cpp, line 773]
Event: 1.895 Thread 0x0000022aaac06e40 Exception <a 'java/lang/NoSuchMethodError'{0x0000000712627078}: 'int java.lang.invoke.Invokers$Holder.linkToTargetMethod(java.lang.Object, java.lang.Object, java.lang.Object)'> (0x0000000712627078) 
thrown [s\open\src\hotspot\share\interpreter\linkResolver.cpp, line 773]

VM Operations (20 events):
Event: 1.521 Executing VM operation: ICBufferFull done
Event: 1.650 Executing VM operation: HandshakeAllThreads
Event: 1.650 Executing VM operation: HandshakeAllThreads done
Event: 1.650 Executing VM operation: HandshakeAllThreads
Event: 1.650 Executing VM operation: HandshakeAllThreads done
Event: 1.655 Executing VM operation: HandshakeAllThreads
Event: 1.655 Executing VM operation: HandshakeAllThreads done
Event: 1.656 Executing VM operation: HandshakeAllThreads
Event: 1.656 Executing VM operation: HandshakeAllThreads done
Event: 1.715 Executing VM operation: HandshakeAllThreads
Event: 1.715 Executing VM operation: HandshakeAllThreads done
Event: 1.801 Executing VM operation: ICBufferFull
Event: 1.801 Executing VM operation: ICBufferFull done
Event: 1.851 Executing VM operation: HandshakeAllThreads
Event: 1.851 Executing VM operation: HandshakeAllThreads done
Event: 1.868 Executing VM operation: HandshakeAllThreads
Event: 1.868 Executing VM operation: HandshakeAllThreads done
Event: 1.882 Executing VM operation: CollectForMetadataAllocation
Event: 1.887 Executing VM operation: CollectForMetadataAllocation done
Event: 1.896 Executing VM operation: G1PauseRemark

Events (18 events):
Event: 0.021 Thread 0x0000022aaac06e40 Thread added: 0x0000022aaac06e40
Event: 0.033 Thread 0x0000022aca14a210 Thread added: 0x0000022aca14a210
Event: 0.033 Thread 0x0000022aca14ad50 Thread added: 0x0000022aca14ad50
Event: 0.034 Thread 0x0000022aca14cc00 Thread added: 0x0000022aca14cc00
Event: 0.034 Thread 0x0000022aca14d740 Thread added: 0x0000022aca14d740
Event: 0.034 Thread 0x0000022aca1520a0 Thread added: 0x0000022aca1520a0
Event: 0.034 Thread 0x0000022aca15da10 Thread added: 0x0000022aca15da10
Event: 0.034 Thread 0x0000022aca163b90 Thread added: 0x0000022aca163b90
Event: 0.034 Thread 0x0000022aca164510 Thread added: 0x0000022aca164510
Event: 0.088 Thread 0x0000022aca119f70 Thread added: 0x0000022aca119f70
Event: 0.143 Thread 0x0000022ace745d70 Thread added: 0x0000022ace745d70
Event: 0.191 Thread 0x0000022ace75aca0 Thread added: 0x0000022ace75aca0
Event: 0.191 Thread 0x0000022ace7e54b0 Thread added: 0x0000022ace7e54b0
Event: 0.791 Thread 0x0000022acf1ea5f0 Thread added: 0x0000022acf1ea5f0
Event: 1.103 Thread 0x0000022acf1ea5f0 Thread exited: 0x0000022acf1ea5f0
Event: 1.157 Thread 0x0000022acf425d10 Thread added: 0x0000022acf425d10
Event: 1.173 Thread 0x0000022acf425d10 Thread exited: 0x0000022acf425d10
Event: 1.312 Thread 0x0000022acfa70de0 Thread added: 0x0000022acfa70de0


Dynamic libraries:
0x00007ff6e33b0000 - 0x00007ff6e33c0000 	C:\Program Files\Java\jdk-20\bin\java.exe
0x00007ffaeef10000 - 0x00007ffaef108000 	C:\Windows\SYSTEM32\ntdll.dll
0x00007ffaedb80000 - 0x00007ffaedc3f000 	C:\Windows\System32\KERNEL32.DLL
0x00007ffaeca40000 - 0x00007ffaecd36000 	C:\Windows\System32\KERNELBASE.dll
0x00007ffaec6a0000 - 0x00007ffaec7a0000 	C:\Windows\System32\ucrtbase.dll
0x00007ffae4560000 - 0x00007ffae457b000 	C:\Program Files\Java\jdk-20\bin\VCRUNTIME140.dll
0x00007ffae4540000 - 0x00007ffae4559000 	C:\Program Files\Java\jdk-20\bin\jli.dll
0x00007ffaee880000 - 0x00007ffaee92f000 	C:\Windows\System32\ADVAPI32.dll
0x00007ffaeecc0000 - 0x00007ffaeed5e000 	C:\Windows\System32\msvcrt.dll
0x00007ffaeed60000 - 0x00007ffaeedfc000 	C:\Windows\System32\sechost.dll
0x00007ffaed4c0000 - 0x00007ffaed5e6000 	C:\Windows\System32\RPCRT4.dll
0x00007ffaedc50000 - 0x00007ffaedded000 	C:\Windows\System32\USER32.dll
0x00007ffaecd40000 - 0x00007ffaecd62000 	C:\Windows\System32\win32u.dll
0x00007ffad2340000 - 0x00007ffad25da000 	C:\Windows\WinSxS\amd64_microsoft.windows.common-controls_6595b64144ccf1df_6.0.19041.1110_none_60b5254171f9507e\COMCTL32.dll
0x00007ffaeea70000 - 0x00007ffaeea9c000 	C:\Windows\System32\GDI32.dll
0x00007ffaec880000 - 0x00007ffaec995000 	C:\Windows\System32\gdi32full.dll
0x00007ffaec9a0000 - 0x00007ffaeca3d000 	C:\Windows\System32\msvcp_win.dll
0x00007ffae0750000 - 0x00007ffae075a000 	C:\Windows\SYSTEM32\VERSION.dll
0x00007ffaecf70000 - 0x00007ffaecfa0000 	C:\Windows\System32\IMM32.DLL
0x00007ffae4530000 - 0x00007ffae453c000 	C:\Program Files\Java\jdk-20\bin\vcruntime140_1.dll
0x00007ffae2e10000 - 0x00007ffae2e9e000 	C:\Program Files\Java\jdk-20\bin\msvcp140.dll
0x00007ffaa0140000 - 0x00007ffaa0dd7000 	C:\Program Files\Java\jdk-20\bin\server\jvm.dll
0x00007ffad7130000 - 0x00007ffad7157000 	C:\Windows\SYSTEM32\WINMM.dll
0x00007ffae34a0000 - 0x00007ffae34a9000 	C:\Windows\SYSTEM32\WSOCK32.dll
0x00007ffaeec50000 - 0x00007ffaeecbb000 	C:\Windows\System32\WS2_32.dll
0x00007ffaeae20000 - 0x00007ffaeae32000 	C:\Windows\SYSTEM32\kernel.appcore.dll
0x00007ffae3470000 - 0x00007ffae347a000 	C:\Program Files\Java\jdk-20\bin\jimage.dll
0x00007ffaea380000 - 0x00007ffaea564000 	C:\Windows\SYSTEM32\DBGHELP.DLL
0x00007ffada0d0000 - 0x00007ffada104000 	C:\Windows\SYSTEM32\dbgcore.DLL
0x00007ffaec7f0000 - 0x00007ffaec872000 	C:\Windows\System32\bcryptPrimitives.dll
0x00007ffae2c30000 - 0x00007ffae2c3e000 	C:\Program Files\Java\jdk-20\bin\instrument.dll
0x00007ffae2de0000 - 0x00007ffae2e06000 	C:\Program Files\Java\jdk-20\bin\java.dll
0x00007ffae2d00000 - 0x00007ffae2dd7000 	C:\Program Files\Java\jdk-20\bin\jsvml.dll
0x00007ffaedfd0000 - 0x00007ffaee714000 	C:\Windows\System32\SHELL32.dll
0x00007ffaea670000 - 0x00007ffaeae03000 	C:\Windows\SYSTEM32\windows.storage.dll
0x00007ffaed810000 - 0x00007ffaedb64000 	C:\Windows\System32\combase.dll
0x00007ffaec030000 - 0x00007ffaec05e000 	C:\Windows\SYSTEM32\Wldp.dll
0x00007ffaed410000 - 0x00007ffaed4bd000 	C:\Windows\System32\SHCORE.dll
0x00007ffaee740000 - 0x00007ffaee795000 	C:\Windows\System32\shlwapi.dll
0x00007ffaec520000 - 0x00007ffaec545000 	C:\Windows\SYSTEM32\profapi.dll
0x00007ffae2ca0000 - 0x00007ffae2cb8000 	C:\Program Files\Java\jdk-20\bin\zip.dll
0x00007ffae2ce0000 - 0x00007ffae2cf3000 	C:\Program Files\Java\jdk-20\bin\net.dll
0x00007ffae38a0000 - 0x00007ffae39aa000 	C:\Windows\SYSTEM32\WINHTTP.dll
0x00007ffaebd90000 - 0x00007ffaebdfa000 	C:\Windows\system32\mswsock.dll
0x00007ffae2cc0000 - 0x00007ffae2cd6000 	C:\Program Files\Java\jdk-20\bin\nio.dll
0x00007ffae2bd0000 - 0x00007ffae2bea000 	C:\Program Files\JetBrains\IntelliJ IDEA Community Edition 2023.2\bin\breakgen64.dll
0x00007ffae2c50000 - 0x00007ffae2c57000 	C:\Program Files\Java\jdk-20\bin\extnet.dll

dbghelp: loaded successfully - version: 4.0.5 - missing functions: none
symbol engine: initialized successfully - sym options: 0x614 - pdb path: .;C:\Program Files\Java\jdk-20\bin;C:\Windows\SYSTEM32;C:\Windows\WinSxS\amd64_microsoft.windows.common-controls_6595b64144ccf1df_6.0.19041.1110_none_60b5254171f9507e;C:\Program Files\Java\jdk-20\bin\server;C:\Program Files\JetBrains\IntelliJ IDEA Community Edition 2023.2\bin

VM Arguments:
jvm_args: -javaagent:C:\Program Files\JetBrains\IntelliJ IDEA Community Edition 2023.2\lib\idea_rt.jar=51352:C:\Program Files\JetBrains\IntelliJ IDEA Community Edition 2023.2\bin -Dfile.encoding=UTF-8 -Dsun.stdout.encoding=UTF-8 -Dsun.stderr.encoding=UTF-8 
java_command: com.medicareplus.MediCarePlus.MediCarePlusApplication
java_class_path (initial): F:\projects\Medi care\hcpbackend\MediCarePlus\target\classes;C:\Users\kbath\.m2\repository\org\springframework\boot\spring-boot-starter-web\3.1.1\spring-boot-starter-web-3.1.1.jar;C:\Users\kbath\.m2\repository\org\springframework\boot\spring-boot-starter\3.1.1\spring-boot-starter-3.1.1.jar;C:\Users\kbath\.m2\repository\org\springframework\boot\spring-boot\3.1.1\spring-boot-3.1.1.jar;C:\Users\kbath\.m2\repository\org\springframework\boot\spring-boot-autoconfigure\3.1.1\spring-boot-autoconfigure-3.1.1.jar;C:\Users\kbath\.m2\repository\org\springframework\boot\spring-boot-starter-logging\3.1.1\spring-boot-starter-logging-3.1.1.jar;C:\Users\kbath\.m2\repository\ch\qos\logback\logback-classic\1.4.8\logback-classic-1.4.8.jar;C:\Users\kbath\.m2\repository\ch\qos\logback\logback-core\1.4.8\logback-core-1.4.8.jar;C:\Users\kbath\.m2\repository\org\apache\logging\log4j\log4j-to-slf4j\2.20.0\log4j-to-slf4j-2.20.0.jar;C:\Users\kbath\.m2\repository\org\apache\logging\log4j\log4j-api\2.20.0\log4j-api-2.20.0.jar;C:\Users\kbath\.m2\repository\org\slf4j\jul-to-slf4j\2.0.7\jul-to-slf4j-2.0.7.jar;C:\Users\kbath\.m2\repository\jakarta\annotation\jakarta.annotation-api\2.1.1\jakarta.annotation-api-2.1.1.jar;C:\Users\kbath\.m2\repository\org\yaml\snakeyaml\1.33\snakeyaml-1.33.jar;C:\Users\kbath\.m2\repository\org\springframework\boot\spring-boot-starter-json\3.1.1\spring-boot-starter-json-3.1.1.jar;C:\Users\kbath\.m2\repository\com\fasterxml\jackson\core\jackson-databind\2.15.2\jackson-databind-2.15.2.jar;C:\Users\kbath\.m2\repository\com\fasterxml\jackson\core\jackson-annotations\2.15.2\jackson-annotations-2.15.2.jar;C:\Users\kbath\.m2\repository\com\fasterxml\jackson\core\jackson-core\2.15.2\jackson-core-2.15.2.jar;C:\Users\kbath\.m2\repository\com\fasterxml\jackson\datatype\jackson-datatype-jdk8\2.15.2\jackson-datatype-jdk8-2.15.2.jar;C:\Users\kbath\.m2\repository\com\fasterxml\jackson\datatype\jackson-datatype-jsr310\2.15.2\jackson-datatype-jsr310-2.15.2.jar;C:\Users\kbath\.m2\repository\com\fasterxml\jackson\module\jackson-module-parameter-names\2.15.2\jackson-module-parameter-names-2.15.2.jar;C:\Users\kbath\.m2\repository\org\springframework\boot\spring-boot-starter-tomcat\3.1.1\spring-boot-starter-tomcat-3.1.1.jar;C:\Users\kbath\.m2\repository\org\apache\tomcat\embed\tomcat-embed-core\10.1.10\tomcat-embed-core-10.1.10.jar;C:\Users\kbath\.m2\repository\org\apache\tomcat\embed\tomcat-embed-el\10.1.10\tomcat-embed-el-10.1.10.jar;C:\Users\kbath\.m2\repository\org\apache\tomcat\embed\tomcat-embed-websocket\10.1.10\tomcat-embed-websocket-10.1.10.jar;C:\Users\kbath\.m2\repository\org\springframework\spring-web\6.0.10\spring-web-6.0.10.jar;C:\Users\kbath\.m2\repository\org\springframework\spring-beans\6.0.10\spring-beans-6.0.10.jar;C:\Users\kbath\.m2\repository\io\micrometer\micrometer-observation\1.11.1\micrometer-observation-1.11.1.jar;C:\Users\kbath\.m2\repository\io\micrometer\micrometer-commons\1.11.1\micrometer-commons-1.11.1.jar;C:\Users\kbath\.m2\repository\org\springframework\spring-webmvc\6.0.10\spring-webmvc-6.0.10.jar;C:\Users\kbath\.m2\repository\org\springframework\spring-context\6.0.10\spring-context-6.0.10.jar;C:\Users\kbath\.m2\repository\org\springframework\spring-expression\6.0.10\spring-expression-6.0.10.jar;C:\Users\kbath\.m2\repository\org\slf4j\slf4j-api\2.0.7\slf4j-api-2.0.7.jar;C:\Users\kbath\.m2\repository\jakarta\xml\bind\jakarta.xml.bind-api\4.0.0\jakarta.xml.bind-api-4.0.0.jar;C:\Users\kbath\.m2\repository\jakarta\activation\jakarta.activation-api\2.1.2\jakarta.activation-api-2.1.2.jar;C:\Users\kbath\.m2\repository\net\bytebuddy\byte-buddy\1.14.5\byte-buddy-1.14.5.jar;C:\Users\kbath\.m2\repository\org\springframework\spring-core\6.0.10\spring-core-6.0.10.jar;C:\Users\kbath\.m2\repository\org\springframework\spring-jcl\6.0.10\spring-jcl-6.0.10.jar;C:\Users\kbath\.m2\repository\org\springframework\boot\spring-boot-starter-data-jpa\3.1.1\spring-boot-starter-data-jpa-3.1.1.jar;C:\Users\kbath\.m2\repository\org\springframework\boot\spring-boot-starter-aop\3.1.1\spring-boot-starter-aop-3.1.1.jar;C:\Users\kbath\.m2\repository\org\aspectj\aspectjweaver\1.9.19\aspectjweaver-1.9.19.jar;C:\Users\kbath\.m2\repository\org\springframework\boot\spring-boot-starter-jdbc\3.1.1\spring-boot-starter-jdbc-3.1.1.jar;C:\Users\kbath\.m2\repository\com\zaxxer\HikariCP\5.0.1\HikariCP-5.0.1.jar;C:\Users\kbath\.m2\repository\org\springframework\spring-jdbc\6.0.10\spring-jdbc-6.0.10.jar;C:\Users\kbath\.m2\repository\org\hibernate\orm\hibernate-core\6.2.5.Final\hibernate-core-6.2.5.Final.jar;C:\Users\kbath\.m2\repository\jakarta\persistence\jakarta.persistence-api\3.1.0\jakarta.persistence-api-3.1.0.jar;C:\Users\kbath\.m2\repository\jakarta\transaction\jakarta.transaction-api\2.0.1\jakarta.transaction-api-2.0.1.jar;C:\Users\kbath\.m2\repository\org\jboss\logging\jboss-logging\3.5.1.Final\jboss-logging-3.5.1.Final.jar;C:\Users\kbath\.m2\repository\org\hibernate\common\hibernate-commons-annotations\6.0.6.Final\hibernate-commons-annotations-6.0.6.Final.jar;C:\Users\kbath\.m2\repository\io\smallrye\jandex\3.0.5\jandex-3.0.5.jar;C:\Users\kbath\.m2\repository\com\fasterxml\classmate\1.5.1\classmate-1.5.1.jar;C:\Users\kbath\.m2\repository\org\glassfish\jaxb\jaxb-runtime\4.0.3\jaxb-runtime-4.0.3.jar;C:\Users\kbath\.m2\repository\org\glassfish\jaxb\jaxb-core\4.0.3\jaxb-core-4.0.3.jar;C:\Users\kbath\.m2\repository\org\eclipse\angus\angus-activation\2.0.1\angus-activation-2.0.1.jar;C:\Users\kbath\.m2\repository\org\glassfish\jaxb\txw2\4.0.3\txw2-4.0.3.jar;C:\Users\kbath\.m2\repository\com\sun\istack\istack-commons-runtime\4.1.2\istack-commons-runtime-4.1.2.jar;C:\Users\kbath\.m2\repository\jakarta\inject\jakarta.inject-api\2.0.1\jakarta.inject-api-2.0.1.jar;C:\Users\kbath\.m2\repository\org\antlr\antlr4-runtime\4.10.1\antlr4-runtime-4.10.1.jar;C:\Users\kbath\.m2\repository\org\springframework\data\spring-data-jpa\3.1.1\spring-data-jpa-3.1.1.jar;C:\Users\kbath\.m2\repository\org\springframework\data\spring-data-commons\3.1.1\spring-data-commons-3.1.1.jar;C:\Users\kbath\.m2\repository\org\springframework\spring-orm\6.0.10\spring-orm-6.0.10.jar;C:\Users\kbath\.m2\repository\org\springframework\spring-tx\6.0.10\spring-tx-6.0.10.jar;C:\Users\kbath\.m2\repository\org\springframework\spring-aspects\6.0.10\spring-aspects-6.0.10.jar;C:\Users\kbath\.m2\repository\com\mysql\mysql-connector-j\8.0.33\mysql-connector-j-8.0.33.jar;C:\Users\kbath\.m2\repository\org\projectlombok\lombok\1.18.28\lombok-1.18.28.jar;C:\Users\kbath\.m2\repository\org\modelmapper\modelmapper\3.1.1\modelmapper-3.1.1.jar;C:\Users\kbath\.m2\repository\org\jetbrains\annotations\24.0.1\annotations-24.0.1.jar;C:\Users\kbath\.m2\repository\org\springframework\boot\spring-boot-starter-security\3.1.1\spring-boot-starter-security-3.1.1.jar;C:\Users\kbath\.m2\repository\org\springframework\spring-aop\6.0.10\spring-aop-6.0.10.jar;C:\Users\kbath\.m2\repository\org\springframework\security\spring-security-config\6.1.1\spring-security-config-6.1.1.jar;C:\Users\kbath\.m2\repository\org\springframework\security\spring-security-web\6.1.1\spring-security-web-6.1.1.jar;C:\Users\kbath\.m2\repository\org\springframework\security\spring-security-core\6.1.1\spring-security-core-6.1.1.jar;C:\Users\kbath\.m2\repository\org\springframework\security\spring-security-crypto\6.1.1\spring-security-crypto-6.1.1.jar
Launcher Type: SUN_STANDARD

[Global flags]
     intx CICompilerCount                          = 4                                         {product} {ergonomic}
     uint ConcGCThreads                            = 2                                         {product} {ergonomic}
     uint G1ConcRefinementThreads                  = 8                                         {product} {ergonomic}
   size_t G1HeapRegionSize                         = 2097152                                   {product} {ergonomic}
    uintx GCDrainStackTargetSize                   = 64                                        {product} {ergonomic}
   size_t InitialHeapSize                          = 266338304                                 {product} {ergonomic}
   size_t MarkStackSize                            = 4194304                                   {product} {ergonomic}
   size_t MaxHeapSize                              = 4250927104                                {product} {ergonomic}
   size_t MaxNewSize                               = 2550136832                                {product} {ergonomic}
   size_t MinHeapDeltaBytes                        = 2097152                                   {product} {ergonomic}
   size_t MinHeapSize                              = 8388608                                   {product} {ergonomic}
    uintx NonNMethodCodeHeapSize                   = 5839372                                {pd product} {ergonomic}
    uintx NonProfiledCodeHeapSize                  = 122909434                              {pd product} {ergonomic}
    uintx ProfiledCodeHeapSize                     = 122909434                              {pd product} {ergonomic}
    uintx ReservedCodeCacheSize                    = 251658240                              {pd product} {ergonomic}
     bool SegmentedCodeCache                       = true                                      {product} {ergonomic}
   size_t SoftMaxHeapSize                          = 4250927104                             {manageable} {ergonomic}
     bool UseCompressedClassPointers               = true                           {product lp64_product} {ergonomic}
     bool UseCompressedOops                        = true                           {product lp64_product} {ergonomic}
     bool UseG1GC                                  = true                                      {product} {ergonomic}
     bool UseLargePagesIndividualAllocation        = false                                  {pd product} {ergonomic}

Logging:
Log output configuration:
 #0: stdout all=warning uptime,level,tags foldmultilines=false
 #1: stderr all=off uptime,level,tags foldmultilines=false

Environment Variables:
PATH=C:\Program Files\Common Files\Oracle\Java\javapath;C:\Windows\system32;C:\Windows;C:\Windows\System32\Wbem;C:\Windows\System32\WindowsPowerShell\v1.0\;C:\Windows\System32\OpenSSH\;C:\Program Files\Git\cmd;C:\Program Files\MySQL\MySQL Shell 8.0\bin\;C:\Users\kbath\AppData\Local\Microsoft\WindowsApps;C:\Users\kbath\AppData\Local\Programs\Microsoft VS Code\bin;C:\Users\kbath\AppData\Local\GitHubDesktop\bin;C:\Program Files\JetBrains\IntelliJ IDEA Community Edition 2023.2\bin;
USERNAME=kbath
OS=Windows_NT
PROCESSOR_IDENTIFIER=Intel64 Family 6 Model 158 Stepping 10, GenuineIntel
TMP=C:\Users\kbath\AppData\Local\Temp
TEMP=C:\Users\kbath\AppData\Local\Temp




---------------  S Y S T E M  ---------------

OS:
 Windows 10 , 64 bit Build 19041 (10.0.19041.3155)
OS uptime: 1 days 5:10 hours

CPU: total 8 (initial active 8) (4 cores per cpu, 2 threads per core) family 6 model 158 stepping 10 microcode 0xf0, cx8, cmov, fxsr, ht, mmx, 3dnowpref, sse, sse2, sse3, ssse3, sse4.1, sse4.2, popcnt, lzcnt, tsc, tscinvbit, avx, avx2, aes, erms, clmul, bmi1, bmi2, adx, fma, vzeroupper, clflush, clflushopt, rdtscp, f16c

Memory: 4k page, system-wide physical 16212M (6727M free)
TotalPageFile size 18644M (AvailPageFile size 5919M)
current process WorkingSet (physical memory assigned to process): 163M, peak: 165M
current process commit charge ("private bytes"): 401M, peak: 406M

vm_info: Java HotSpot(TM) 64-Bit Server VM (20+36-2344) for windows-amd64 JRE (20+36-2344), built on 2023-02-10T19:30:15Z by "mach5one" with MS VC++ 17.1 (VS2022)

END.
